[17/Jul/2026:07:49:22 +00:00: profiler/info] -=- Tungsten Initializing -=-
[17/Jul/2026:07:49:22 +00:00: profiler/info] Android system property: ro.board.platform = canoe
[17/Jul/2026:07:49:22 +00:00: profiler/info] Android system property: ro.boot.hardware = qcom
[17/Jul/2026:07:49:22 +00:00: profiler/info] Android system property: ro.boot.hardware.platform = 
[17/Jul/2026:07:49:22 +00:00: profiler/info] Android system property: ro.system.build.id = BQ2A.251217.002-BP2A.250705.008
[17/Jul/2026:07:49:22 +00:00: profiler/info] Android system property: ro.system.build.version.release = 16
[17/Jul/2026:07:49:22 +00:00: profiler/info] Android system property: ro.hardware = qcom
[17/Jul/2026:07:49:22 +00:00: profiler/info] Android system property: ro.hardware.chipname = 
[17/Jul/2026:07:49:22 +00:00: profiler/info] Android system property: ro.product.board = canoe
[17/Jul/2026:07:49:22 +00:00: profiler/info] Android system property: ro.product.brand = qti
[17/Jul/2026:07:49:22 +00:00: profiler/info] Android system property: ro.product.device = canoe
[17/Jul/2026:07:49:22 +00:00: profiler/info] Android system property: ro.product.build.fingerprint = qti/qssi_64/qssi_64:16/BQ2A.251217.002-BP2A.250705.008/eng.lnxbui:userdebug/test-keys
[17/Jul/2026:07:49:22 +00:00: profiler/info] Android system property: ro.product.manufacturer = QUALCOMM
[17/Jul/2026:07:49:22 +00:00: profiler/info] Android system property: ro.product.model = Canoe for arm64
[17/Jul/2026:07:49:22 +00:00: profiler/info] Android system property: ro.product.name = canoe
[17/Jul/2026:07:49:22 +00:00: profiler/info] Android system property: ro.soc.manufacturer = QTI
[17/Jul/2026:07:49:22 +00:00: profiler/info] Android system property: ro.soc.model = SM8850
[17/Jul/2026:07:49:22 +00:00: profiler/info] [tflite] Loaded OpenCL library with dlopen.
[17/Jul/2026:07:49:22 +00:00: profiler/info] OpenCL Version: OpenCL C 3.0 Adreno(TM) 840
[17/Jul/2026:07:49:22 +00:00: profiler/info] Detected Qualcomm SOC=SM8850. SOC Model=87, Hexagon arch=81, supports QNN=true, unsigned PDs=true, fp16=true, QNN flavor=default.
[17/Jul/2026:07:49:22 +00:00: profiler/info] This device type has up to 1 HTP cores but this may not reflect the current device's configuration.
[17/Jul/2026:07:49:22 +00:00: profiler/info] -=- Tungsten running task: compiling -=-
[17/Jul/2026:00:49:22 -07:00: profiler/info] [job_id: jp84r0rz5] [model.bin] Status Successfully Compiled with t = 0 us and usage: before = 0.0 kB; peakBefore = 0.0 kB; mallocUnusedBefore = 0.0 kB; after = 0.0 kB; peakAfter = 0.0 kB; mallocUnusedAfter = 0.0 kB; increase = 0.0-0.0 kB; peak = 0.0-0.0 kB
[17/Jul/2026:00:49:22 -07:00: profiler/info] [job_id: jp84r0rz5] [model.bin] Saving results to /data/local/tmp/tungsten/files/Results/job_jp84r0rz5/job_jp84r0rz5_results.bin
[17/Jul/2026:00:49:22 -07:00: profiler/debug] [job_id: jp84r0rz5] [model.bin] Feature 'mel' has 1 batches.
[17/Jul/2026:00:49:22 -07:00: profiler/debug] [job_id: jp84r0rz5] [model.bin] Found asset Models/flatbuffers_data.bin in /data/user/0/ai.tetra.tungsten/cache/tungsten.assets/Models/flatbuffers_data.bin.
[17/Jul/2026:07:49:23 +00:00: profiler/info] -=- Tungsten running task: loading -=-
[17/Jul/2026:00:49:23 -07:00: profiler/info] [job_id: jp84r0rz5] [model.bin] Loading previously saved results in /data/local/tmp/tungsten/files/Results/job_jp84r0rz5/job_jp84r0rz5_results.bin
[17/Jul/2026:00:49:23 -07:00: profiler/debug] [job_id: jp84r0rz5] [model.bin] Feature 'mel' has 1 batches.
[17/Jul/2026:00:49:23 -07:00: profiler/debug] [job_id: jp84r0rz5] [model.bin] Found asset Models/flatbuffers_data.bin in /data/user/0/ai.tetra.tungsten/cache/tungsten.assets/Models/flatbuffers_data.bin.
[17/Jul/2026:00:49:23 -07:00: profiler/debug] [job_id: jp84r0rz5] [model.bin] Feature 'mel' has 1 batches.
[17/Jul/2026:00:49:23 -07:00: profiler/debug] [job_id: jp84r0rz5] [model.bin] Feature 'mel' has 1 batches.
[17/Jul/2026:00:49:23 -07:00: profiler/debug] [job_id: jp84r0rz5] [model.bin] Feature 'mel' has 1 batches.
[17/Jul/2026:00:49:23 -07:00: profiler/info] [job_id: jp84r0rz5] [model.bin] Loading QNN model Models/model.bin.
[17/Jul/2026:00:49:23 -07:00: profiler/info] [job_id: jp84r0rz5] [model.bin] Malloc VM size before: 44196.0 kB, allocated: 37262.0 kB, slack: 6934.0 kB.
[17/Jul/2026:00:49:23 -07:00: profiler/info] [job_id: jp84r0rz5] [model.bin] Current memory baseline range: 130786.0-137720.0 kB.
[17/Jul/2026:00:49:23 -07:00: profiler/debug] [job_id: jp84r0rz5] [model.bin] Found QNN interface provider with API version 2.34.
[17/Jul/2026:00:49:23 -07:00: profiler/info] [job_id: jp84r0rz5] [model.bin] QnnDsp <W> Initializing HtpProvider
[17/Jul/2026:00:49:23 -07:00: profiler/info] [job_id: jp84r0rz5] [model.bin] Loaded QNN backend from /data/user/0/ai.tetra.tungsten/cache/tungsten.lib/qnn_sdk/default/2.45.0/aarch64-android/libQnnHtp.so (version 5.45.0; core API 2.34.0; build ID v2.45.0.260326154327)
[17/Jul/2026:00:49:23 -07:00: profiler/debug] [job_id: jp84r0rz5] [model.bin] Asset model.bin not found in /data/user/0/ai.tetra.tungsten/cache/tungsten.assets/Models/model.bin.
[17/Jul/2026:00:49:23 -07:00: profiler/debug] [job_id: jp84r0rz5] [model.bin] Found asset Models/model.bin in /data/local/tmp/tungsten/files/Models/model.bin.
[17/Jul/2026:00:49:23 -07:00: profiler/debug] [job_id: jp84r0rz5] [model.bin] Asset model.bin not found in /data/user/0/ai.tetra.tungsten/cache/tungsten.assets/Models/model.bin.
[17/Jul/2026:00:49:23 -07:00: profiler/debug] [job_id: jp84r0rz5] [model.bin] Found asset Models/model.bin in /data/local/tmp/tungsten/files/Models/model.bin.
[17/Jul/2026:00:49:23 -07:00: profiler/info] [job_id: jp84r0rz5] [model.bin] Loaded /data/user/0/ai.tetra.tungsten/cache/tungsten.lib/qnn_sdk/default/2.45.0/aarch64-android/libQnnSystem.so, with version 1.9.0.
[17/Jul/2026:00:49:23 -07:00: profiler/info] [job_id: jp84r0rz5] [model.bin] Loaded QNN context binary with build id=v2.45.0.260326154327, for soc '' with 1 cores.
[17/Jul/2026:00:49:23 -07:00: profiler/debug] [job_id: jp84r0rz5] [model.bin] [adsprpc] vendor/qcom/proprietary/adsprpc/src/fastrpc_context.c:370: fastrpc_context_table_init done
[17/Jul/2026:00:49:23 -07:00: profiler/debug] [job_id: jp84r0rz5] [model.bin] [adsprpc] vendor/qcom/proprietary/adsprpc/src/fastrpc_domains.c:256: fastrpc_sysfs_watcher_init done watcher thread tid 500214760704
[17/Jul/2026:00:49:23 -07:00: profiler/debug] [job_id: jp84r0rz5] [model.bin] [adsprpc] vendor/qcom/proprietary/adsprpc/src/rpcmem_android.c:211: set up allocator 0xb4000075d3454450 for DMA buf heap system, ION heap system, heap mask 0x2000000, flags 0x1, legacy flags 0x1
[17/Jul/2026:00:49:23 -07:00: profiler/debug] [job_id: jp84r0rz5] [model.bin] [adsprpc] vendor/qcom/proprietary/adsprpc/src/fastrpc_config.c:437: Reading configuration file: ai.tetra.tungsten.debugconfig
[17/Jul/2026:00:49:23 -07:00: profiler/debug] [job_id: jp84r0rz5] [model.bin] [adsprpc] vendor/qcom/proprietary/adsprpc/src/fastrpc_domains.c:164: fastrpc_sysfs_watcher_thread starting
[17/Jul/2026:00:49:23 -07:00: profiler/debug] [job_id: jp84r0rz5] [model.bin] [adsprpc] vendor/qcom/proprietary/adsprpc/src/fastrpc_config.c:468: fastrpc_config_init: Couldn't find file ai.tetra.tungsten.debugconfig, errno (No such file or directory) at /data/user/0/ai.tetra.tungsten/cache/tungsten.lib/qnn_sdk/default/2.45.0/aarch64-android, /vendor/lib64/rfs/dsp, /vendor/lib/rfsa/adsp, /vendor/dsp
[17/Jul/2026:00:49:23 -07:00: profiler/debug] [job_id: jp84r0rz5] [model.bin] [adsprpc] vendor/qcom/proprietary/adsprpc/src/fastrpc_apps_user.c:7618: fastrpc_apps_user_init done  with default domain:3 and &fastrpc_trace:0x75000ec6b4
[17/Jul/2026:00:49:23 -07:00: profiler/debug] [job_id: jp84r0rz5] [model.bin] [adsprpc] vendor/qcom/proprietary/adsprpc/src/fastrpc_apps_user.c:7752: multidsplib_env_init: libcdsprpc.so loaded
[17/Jul/2026:00:49:23 -07:00: profiler/debug] [job_id: jp84r0rz5] [model.bin] [adsprpc] vendor/qcom/proprietary/adsprpc/src/fastrpc_apps_user.c:4393:Warning: remote_handle_control: Non-domain usage of FastRPC will be deprecated, use domains to offload to DSP using FastRPC
[17/Jul/2026:00:49:23 -07:00: profiler/info] [job_id: jp84r0rz5] [model.bin] [adsprpc] vendor/qcom/proprietary/adsprpc/src/fastrpc_apps_user.c:4386: Error 0xe: remote_handle_control_domain failed for request ID 2 on domain 100000 (errno No such file or directory)
[17/Jul/2026:00:49:23 -07:00: profiler/debug] [job_id: jp84r0rz5] [model.bin] [adsprpc] vendor/qcom/proprietary/adsprpc/src/fastrpc_apps_user.c:6015: close_device_node: closed dev 150 on domain 3
[17/Jul/2026:00:49:23 -07:00: profiler/info] [job_id: jp84r0rz5] [model.bin] [adsprpc] vendor/qcom/proprietary/adsprpc/src/fastrpc_apps_user.c:4410: Error 0xe: remote_handle_control failed for request ID 2 (errno Success) (user err 0xe)
[17/Jul/2026:00:49:23 -07:00: profiler/debug] [job_id: jp84r0rz5] [model.bin] [adsprpc] vendor/qcom/proprietary/adsprpc/src/fastrpc_apps_user.c:4393:Warning: remote_handle_control: Non-domain usage of FastRPC will be deprecated, use domains to offload to DSP using FastRPC
[17/Jul/2026:00:49:23 -07:00: profiler/debug] [job_id: jp84r0rz5] [model.bin] [adsprpc] vendor/qcom/proprietary/adsprpc/src/fastrpc_apps_user.c:6015: close_device_node: closed dev 150 on domain 3
[17/Jul/2026:00:49:23 -07:00: profiler/debug] [job_id: jp84r0rz5] [model.bin] [adsprpc] vendor/qcom/proprietary/adsprpc/src/fastrpc_apps_user.c:4875: remote_session_control Unsigned PD enable 1 request for domain 100000
[17/Jul/2026:00:49:23 -07:00: profiler/debug] [job_id: jp84r0rz5] [model.bin] [adsprpc] vendor/qcom/proprietary/adsprpc/src/fastrpc_apps_user.c:4850: remote_session_control DSP info request for domain 100000, thread priority -1, stack size 17408
[17/Jul/2026:00:49:23 -07:00: profiler/debug] [job_id: jp84r0rz5] [model.bin] [adsprpc] vendor/qcom/proprietary/adsprpc/src/fastrpc_apps_user.c:6015: close_device_node: closed dev 150 on domain 3
[17/Jul/2026:00:49:23 -07:00: profiler/debug] [job_id: jp84r0rz5] [model.bin] [adsprpc] vendor/qcom/proprietary/adsprpc/src/fastrpc_apps_user.c:3385: WARNING: get_handle_priority_from_uri: libQnnHtpV81Skel.so lib opened handle without priority token
[17/Jul/2026:00:49:23 -07:00: profiler/debug] [job_id: jp84r0rz5] [model.bin] [adsprpc] vendor/qcom/proprietary/adsprpc/src/fastrpc_apps_user.c:6015: close_device_node: closed dev 150 on domain 3
[17/Jul/2026:00:49:23 -07:00: profiler/debug] [job_id: jp84r0rz5] [model.bin] [adsprpc] vendor/qcom/proprietary/adsprpc/src/fastrpc_apps_user.c:6185: Successfully opened /vendor/dsp/cdsp/fastrpc_shell_unsigned_3, domain 3
[17/Jul/2026:00:49:23 -07:00: profiler/debug] [job_id: jp84r0rz5] [model.bin] [adsprpc] vendor/qcom/proprietary/adsprpc/src/rpcmem_android.c:651: rpcmem_dma_alloc: DMA buffer allocation completed for heap system, size 1451100, flags 0x80000000, fd:152, time 20 us
[17/Jul/2026:00:49:23 -07:00: profiler/debug] [job_id: jp84r0rz5] [model.bin] [adsprpc] vendor/qcom/proprietary/adsprpc/src/rpcmem_android.c:651: rpcmem_dma_alloc: DMA buffer allocation completed for heap system, size 4096, flags 0x1, fd:153, time 10 us
[17/Jul/2026:00:49:23 -07:00: profiler/debug] [job_id: jp84r0rz5] [model.bin] [adsprpc] vendor/qcom/proprietary/adsprpc/src/rpcmem_android.c:651: rpcmem_dma_alloc: DMA buffer allocation completed for heap system, size 4096, flags 0x1, fd:154, time 8 us
[17/Jul/2026:00:49:23 -07:00: profiler/debug] [job_id: jp84r0rz5] [model.bin] [adsprpc] vendor/qcom/proprietary/adsprpc/src/fastrpc_apps_user.c:6298: Created user PD on domain 100000, dbg_trace 0x0, enabled attr=> RPC timeout:10000, Dbg Mode:Y, CRC:N, Unsigned:Y, Signed:N, Adapt QOS:N, PD dump: (Config:N, Dbg:N), Perf: (Kernel:N, DSP:N), Iregion:N, QTF:N, UAF:N userPD initmem len:0x500000, Log pkt: N
[17/Jul/2026:00:49:23 -07:00: profiler/debug] [job_id: jp84r0rz5] [model.bin] [adsprpc] vendor/qcom/proprietary/adsprpc/src/fastrpc_apps_user.c:1935: Successfully set remote user thread priority to 192 and stack size to 17408 for domain 100000
[17/Jul/2026:00:49:23 -07:00: profiler/debug] [job_id: jp84r0rz5] [model.bin] [adsprpc] vendor/qcom/proprietary/adsprpc/src/listener_android.c:121: listener thread starting
[17/Jul/2026:00:49:23 -07:00: profiler/debug] [job_id: jp84r0rz5] [model.bin] [adsprpc] vendor/qcom/proprietary/adsprpc/src/rpcmem_android.c:651: rpcmem_dma_alloc: DMA buffer allocation completed for heap system, size 1048576, flags 0x1, fd:152, time 32 us
[17/Jul/2026:00:49:23 -07:00: profiler/debug] [job_id: jp84r0rz5] [model.bin] [adsprpc] vendor/qcom/proprietary/adsprpc/src/fastrpc_apps_user.c:7188: persist_buf_init allocation done for persist_buf 0x7476ef8000 size 1048576
[17/Jul/2026:00:49:23 -07:00: profiler/debug] [job_id: jp84r0rz5] [model.bin] [adsprpc] vendor/qcom/proprietary/adsprpc/src/fastrpc_apps_user.c:7198: persist_buf_init mapping done for persist_buf 0x7476ef8000 fd 152 of size 1048576 on domain 100000
[17/Jul/2026:00:49:23 -07:00: profiler/debug] [job_id: jp84r0rz5] [model.bin] [adsprpc] vendor/qcom/proprietary/adsprpc/src/fastrpc_apps_user.c:7260: open_dev : panic error codes sent successfully
[17/Jul/2026:00:49:23 -07:00: profiler/debug] [job_id: jp84r0rz5] [model.bin] [adsprpc] vendor/qcom/proprietary/adsprpc/src/fastrpc_perf.c:292: fastrpc_perf_init: enabled systrace 0x0 and RPC traces (kernel 0, dsp 0) with frequency 1000
[17/Jul/2026:00:49:23 -07:00: profiler/debug] [job_id: jp84r0rz5] [model.bin] [adsprpc] vendor/qcom/proprietary/adsprpc/src/log_config.c:429: file_watcher_thread starting for domain 100000
[17/Jul/2026:00:49:23 -07:00: profiler/debug] [job_id: jp84r0rz5] [model.bin] [adsprpc] vendor/qcom/proprietary/adsprpc/src/rpcmem_android.c:651: rpcmem_dma_alloc: DMA buffer allocation completed for heap system, size 4096, flags 0x0, fd:160, time 23 us
[17/Jul/2026:00:49:23 -07:00: profiler/debug] [job_id: jp84r0rz5] [model.bin] [adsprpc] vendor/qcom/proprietary/adsprpc/src/rpcmem_android.c:651: rpcmem_dma_alloc: DMA buffer allocation completed for heap system, size 4096, flags 0x0, fd:161, time 13 us
[17/Jul/2026:00:49:23 -07:00: profiler/debug] [job_id: jp84r0rz5] [model.bin] [adsprpc] vendor/qcom/proprietary/adsprpc/src/mod_table.c:696: open_mod_table_open_from_static: reverse module apps_mem opened with handle 0xedf98 (idx 0)
[17/Jul/2026:00:49:23 -07:00: profiler/debug] [job_id: jp84r0rz5] [model.bin] [adsprpc] vendor/qcom/proprietary/adsprpc/src/mod_table.c:696: open_mod_table_open_from_static: reverse module apps_std opened with handle 0xee098 (idx 1)
[17/Jul/2026:00:49:23 -07:00: profiler/debug] [job_id: jp84r0rz5] [model.bin] [adsprpc] vendor/qcom/proprietary/adsprpc/src/rpcmem_android.c:651: rpcmem_dma_alloc: DMA buffer allocation completed for heap system, size 262144, flags 0x80000000, fd:162, time 31 us
[17/Jul/2026:00:49:23 -07:00: profiler/info] [job_id: jp84r0rz5] [model.bin] [adsprpc] vendor/qcom/proprietary/adsprpc/src/apps_std_imp.c:377: Error 0x2: apps_std_fopen_fd failed for /data/user/0/ai.tetra.tungsten/cache/tungsten.lib/qnn_sdk/default/2.45.0/aarch64-android/cdsp/./libQnnHtpV81Skel.so (No such file or directory)
[17/Jul/2026:00:49:23 -07:00: profiler/debug] [job_id: jp84r0rz5] [model.bin] [adsprpc] vendor/qcom/proprietary/adsprpc/src/rpcmem_android.c:651: rpcmem_dma_alloc: DMA buffer allocation completed for heap system, size 11788496, flags 0x80000000, fd:164, time 29 us
[17/Jul/2026:00:49:23 -07:00: profiler/info] [job_id: jp84r0rz5] [model.bin] [adsprpc] vendor/qcom/proprietary/adsprpc/src/log_config.c:223:Enabled adspmsgd with mask 8
[17/Jul/2026:00:49:23 -07:00: profiler/debug] [job_id: jp84r0rz5] [model.bin] [adsprpc] vendor/qcom/proprietary/adsprpc/src/log_config.c:449:file_watcher_thread: Couldn't find file ai.tetra.tungsten.farf, errno (No such file or directory) at ;/vendor/lib64/rfs/dsp;/vendor/lib/rfsa/adsp;/vendor/lib/rfsa/dsp;/vendor/dsp;
[17/Jul/2026:00:49:23 -07:00: profiler/debug] [job_id: jp84r0rz5] [model.bin] [adsprpc] vendor/qcom/proprietary/adsprpc/src/apps_std_imp.c:369: apps_std_fopen_fd done for /data/user/0/ai.tetra.tungsten/cache/tungsten.lib/qnn_sdk/default/2.45.0/aarch64-android/./libQnnHtpV81Skel.so with fsize:11788496       fopen:6us, fstat:1us, read:1315us,       rpc_alloc:68us, mmap:278us fd 0xa4 error_code 0x0
[17/Jul/2026:00:49:23 -07:00: profiler/debug] [job_id: jp84r0rz5] [model.bin] [adsprpc] vendor/qcom/proprietary/adsprpc/src/apps_std_imp.c:1236: Successfully opened file /data/user/0/ai.tetra.tungsten/cache/tungsten.lib/qnn_sdk/default/2.45.0/aarch64-android/./libQnnHtpV81Skel.so
[17/Jul/2026:00:49:23 -07:00: profiler/debug] [job_id: jp84r0rz5] [model.bin] [adsprpc] vendor/qcom/proprietary/adsprpc/src/rpcmem_android.c:651: rpcmem_dma_alloc: DMA buffer allocation completed for heap system, size 11796480, flags 0xa0000000, fd:165, time 11 us
[17/Jul/2026:00:49:23 -07:00: profiler/debug] [job_id: jp84r0rz5] [model.bin] [adsprpc] vendor/qcom/proprietary/adsprpc/src/rpcmem_android.c:651: rpcmem_dma_alloc: DMA buffer allocation completed for heap system, size 1048576, flags 0xa0000000, fd:163, time 21 us
[17/Jul/2026:00:49:23 -07:00: profiler/debug] [job_id: jp84r0rz5] [model.bin] [adsprpc] vendor/qcom/proprietary/adsprpc/src/fastrpc_apps_user.c:3491: remote_handle64_open: opened handle 0xb4000076434ecaf0 (remote 0x2ccbf0) for file:///libQnnHtpV81Skel.so?qnn_skel_handle_invoke&_modver=1.0&_dom=cdsp on domain 100000 (spawn time 19346 us, load time 33285 us), refs 1
[17/Jul/2026:00:49:23 -07:00: profiler/debug] [job_id: jp84r0rz5] [model.bin] [adsprpc] vendor/qcom/proprietary/adsprpc/src/rpcmem_android.c:651: rpcmem_dma_alloc: DMA buffer allocation completed for heap system, size 8, flags 0x1, fd:164, time 18 us
[17/Jul/2026:00:49:23 -07:00: profiler/debug] [job_id: jp84r0rz5] [model.bin] [adsprpc] vendor/qcom/proprietary/adsprpc/src/rpcmem_android.c:651: rpcmem_dma_alloc: DMA buffer allocation completed for heap system, size 136, flags 0x1, fd:166, time 10 us
[17/Jul/2026:00:49:23 -07:00: profiler/debug] [job_id: jp84r0rz5] [model.bin] [adsprpc] vendor/qcom/proprietary/adsprpc/src/rpcmem_android.c:651: rpcmem_dma_alloc: DMA buffer allocation completed for heap system, size 16, flags 0x1, fd:164, time 10 us
[17/Jul/2026:00:49:23 -07:00: profiler/debug] [job_id: jp84r0rz5] [model.bin] [adsprpc] vendor/qcom/proprietary/adsprpc/src/rpcmem_android.c:651: rpcmem_dma_alloc: DMA buffer allocation completed for heap system, size 8, flags 0x1, fd:166, time 10 us
[17/Jul/2026:00:49:23 -07:00: profiler/debug] [job_id: jp84r0rz5] [model.bin] [adsprpc] vendor/qcom/proprietary/adsprpc/src/rpcmem_android.c:651: rpcmem_dma_alloc: DMA buffer allocation completed for heap system, size 56, flags 0x1, fd:164, time 19 us
[17/Jul/2026:00:49:23 -07:00: profiler/debug] [job_id: jp84r0rz5] [model.bin] [adsprpc] vendor/qcom/proprietary/adsprpc/src/fastrpc_apps_user.c:3385: WARNING: get_handle_priority_from_uri: libdspqueue_rpc_skel.so lib opened handle without priority token
[17/Jul/2026:00:49:23 -07:00: profiler/debug] [job_id: jp84r0rz5] [model.bin] [adsprpc] vendor/qcom/proprietary/adsprpc/src/fastrpc_apps_user.c:3491: remote_handle64_open: opened handle 0xb4000076434edb30 (remote 0x2cd860) for file:///libdspqueue_rpc_skel.so?dspqueue_rpc_skel_handle_invoke&_modver=1.0&_dom=nsp1000&_session=0 on domain 100000 (spawn time 1 us, load time 303 us), refs 2
[17/Jul/2026:00:49:23 -07:00: profiler/debug] [job_id: jp84r0rz5] [model.bin] [adsprpc] vendor/qcom/proprietary/adsprpc/src/fastrpc_notif.c:138: fastrpc_notif_domain_init: FastRPC notification worker thread launched
[17/Jul/2026:00:49:23 -07:00: profiler/debug] [job_id: jp84r0rz5] [model.bin] [adsprpc] vendor/qcom/proprietary/adsprpc/src/fastrpc_apps_user.c:5077: remote_session_control Register PD status notification request for domain 100000
[17/Jul/2026:00:49:23 -07:00: profiler/debug] [job_id: jp84r0rz5] [model.bin] [adsprpc] vendor/qcom/proprietary/adsprpc/src/fastrpc_apps_user.c:3955: get_remote_notif_response: received status notification 0 for domain 1000, session 0 (effec dom 100000)
[17/Jul/2026:00:49:23 -07:00: profiler/debug] [job_id: jp84r0rz5] [model.bin] [adsprpc] vendor/qcom/proprietary/adsprpc/src/rpcmem_android.c:651: rpcmem_dma_alloc: DMA buffer allocation completed for heap system, size 1024, flags 0x40000001, fd:166, time 20 us
[17/Jul/2026:00:49:23 -07:00: profiler/debug] [job_id: jp84r0rz5] [model.bin] [adsprpc] vendor/qcom/proprietary/adsprpc/src/rpcmem_android.c:651: rpcmem_dma_alloc: DMA buffer allocation completed for heap system, size 1792, flags 0x40000001, fd:167, time 4 us
[17/Jul/2026:00:49:23 -07:00: profiler/debug] [job_id: jp84r0rz5] [model.bin] [adsprpc] vendor/qcom/proprietary/adsprpc/src/dspqueue/dspqueue_cpu.c:683: dspqueue is using version: 403034, flags: 2, driver signalling: 3, wait count: 1
[17/Jul/2026:00:49:23 -07:00: profiler/debug] [job_id: jp84r0rz5] [model.bin] [adsprpc] vendor/qcom/proprietary/adsprpc/src/dspqueue/dspqueue_cpu.c:715: dspqueue_create: created Queue 0, 0xb4000077b3443460, DSP 0x00000000 for domain 100000
[17/Jul/2026:00:49:23 -07:00: profiler/debug] [job_id: jp84r0rz5] [model.bin] Creating context from binary with 0 configurations set.
[17/Jul/2026:00:49:23 -07:00: profiler/info] [job_id: jp84r0rz5] [model.bin] QnnDsp <W> m_CFBCallbackInfoObj is not initialized, return emptyList
[17/Jul/2026:00:49:23 -07:00: profiler/debug] [job_id: jp84r0rz5] [model.bin] [adsprpc] vendor/qcom/proprietary/adsprpc/src/rpcmem_android.c:651: rpcmem_dma_alloc: DMA buffer allocation completed for heap system, size 41216, flags 0x1, fd:168, time 15 us
[17/Jul/2026:00:49:23 -07:00: profiler/debug] [job_id: jp84r0rz5] [model.bin] [adsprpc] vendor/qcom/proprietary/adsprpc/src/rpcmem_android.c:651: rpcmem_dma_alloc: DMA buffer allocation completed for heap system, size 82048, flags 0x1, fd:169, time 14 us
[17/Jul/2026:00:49:23 -07:00: profiler/debug] [job_id: jp84r0rz5] [model.bin] [adsprpc] vendor/qcom/proprietary/adsprpc/src/rpcmem_android.c:651: rpcmem_dma_alloc: DMA buffer allocation completed for heap system, size 134242240, flags 0x1, fd:170, time 26 us
[17/Jul/2026:00:49:23 -07:00: profiler/debug] [job_id: jp84r0rz5] [model.bin] [adsprpc] vendor/qcom/proprietary/adsprpc/src/rpcmem_android.c:651: rpcmem_dma_alloc: DMA buffer allocation completed for heap system, size 72, flags 0x1, fd:171, time 11 us
[17/Jul/2026:00:49:23 -07:00: profiler/debug] [job_id: jp84r0rz5] [model.bin] [adsprpc] vendor/qcom/proprietary/adsprpc/src/fastrpc_apps_user.c:4393:Warning: remote_handle_control: Non-domain usage of FastRPC will be deprecated, use domains to offload to DSP using FastRPC
[17/Jul/2026:00:49:23 -07:00: profiler/debug] [job_id: jp84r0rz5] [model.bin] [adsprpc] vendor/qcom/proprietary/adsprpc/src/fastrpc_apps_user.c:4393:Warning: remote_handle_control: Non-domain usage of FastRPC will be deprecated, use domains to offload to DSP using FastRPC
[17/Jul/2026:00:49:23 -07:00: profiler/debug] [job_id: jp84r0rz5] [model.bin] [adsprpc] vendor/qcom/proprietary/adsprpc/src/rpcmem_android.c:651: rpcmem_dma_alloc: DMA buffer allocation completed for heap system, size 230686720, flags 0x1, fd:172, time 1169 us
[17/Jul/2026:00:49:23 -07:00: profiler/debug] [job_id: jp84r0rz5] [model.bin] [adsprpc] vendor/qcom/proprietary/adsprpc/src/fastrpc_apps_user.c:4393:Warning: remote_handle_control: Non-domain usage of FastRPC will be deprecated, use domains to offload to DSP using FastRPC
[17/Jul/2026:00:49:23 -07:00: profiler/debug] [job_id: jp84r0rz5] [model.bin] [adsprpc] vendor/qcom/proprietary/adsprpc/src/rpcmem_android.c:651: rpcmem_dma_alloc: DMA buffer allocation completed for heap system, size 872816, flags 0x1, fd:174, time 48 us
[17/Jul/2026:00:49:23 -07:00: profiler/debug] [job_id: jp84r0rz5] [model.bin] [adsprpc] vendor/qcom/proprietary/adsprpc/src/rpcmem_android.c:651: rpcmem_dma_alloc: DMA buffer allocation completed for heap system, size 40, flags 0x1, fd:175, time 11 us
[17/Jul/2026:00:49:23 -07:00: profiler/debug] [job_id: jp84r0rz5] [model.bin] [adsprpc] vendor/qcom/proprietary/adsprpc/src/fastrpc_apps_user.c:4393:Warning: remote_handle_control: Non-domain usage of FastRPC will be deprecated, use domains to offload to DSP using FastRPC
[17/Jul/2026:00:49:23 -07:00: profiler/debug] [job_id: jp84r0rz5] [model.bin] [adsprpc] vendor/qcom/proprietary/adsprpc/src/rpcmem_android.c:651: rpcmem_dma_alloc: DMA buffer allocation completed for heap system, size 33554432, flags 0xa0000000, fd:176, time 14 us
[17/Jul/2026:00:49:23 -07:00: profiler/debug] [job_id: jp84r0rz5] [model.bin] [adsprpc] vendor/qcom/proprietary/adsprpc/src/rpcmem_android.c:651: rpcmem_dma_alloc: DMA buffer allocation completed for heap system, size 48, flags 0x1, fd:173, time 48 us
[17/Jul/2026:00:49:23 -07:00: profiler/info] [job_id: jp84r0rz5] [model.bin] Loaded graph graph_5in6krf3.
[17/Jul/2026:00:49:23 -07:00: profiler/info] [job_id: jp84r0rz5] [model.bin] Malloc VM size after: 44804.0 kB, allocated: 38620.7 kB, slack: 6183.3 kB.
[17/Jul/2026:00:49:23 -07:00: profiler/info] [job_id: jp84r0rz5] [model.bin] Status Successfully Loaded Cold with t = 126555 us and usage: before = 137720.0 kB; peakBefore = 137720.0 kB; mallocUnusedBefore = 6934.0 kB; after = 138800.0 kB; peakAfter = 138788.0 kB; mallocUnusedAfter = 6183.3 kB; increase = 0.0-1830.8 kB; peak = 1068.0-8002.0 kB
[17/Jul/2026:00:49:23 -07:00: profiler/info] [job_id: jp84r0rz5] [model.bin] Saving results to /data/local/tmp/tungsten/files/Results/job_jp84r0rz5/job_jp84r0rz5_results.bin
[17/Jul/2026:00:49:23 -07:00: profiler/debug] [job_id: jp84r0rz5] [model.bin] Feature 'mel' has 1 batches.
[17/Jul/2026:00:49:23 -07:00: profiler/info] QnnDsp <W> m_CFBCallbackInfoObj is not initialized, return emptyList
[17/Jul/2026:00:49:23 -07:00: profiler/info] [adsprpc] vendor/qcom/proprietary/adsprpc/src/adspmsgd.c:104::error: 0x8000040d: AEE_SUCCESS == (nErr = adspmsgd_adsp1_wait(handle, &bytesToRead))
[17/Jul/2026:00:49:23 -07:00: profiler/info] [adsprpc] vendor/qcom/proprietary/adsprpc/src/adspmsgd.c:114:Error 0x8000040d: adspmsgd_reader thread of domain 100000 for handle 0x434ec9b0 exiting (errno Success)
[17/Jul/2026:07:49:23 +00:00: profiler/info] -=- Tungsten running task: loading -=-
[17/Jul/2026:00:49:23 -07:00: profiler/info] [job_id: jp84r0rz5] [model.bin] Loading previously saved results in /data/local/tmp/tungsten/files/Results/job_jp84r0rz5/job_jp84r0rz5_results.bin
[17/Jul/2026:00:49:23 -07:00: profiler/debug] [job_id: jp84r0rz5] [model.bin] Feature 'mel' has 1 batches.
[17/Jul/2026:00:49:23 -07:00: profiler/debug] [job_id: jp84r0rz5] [model.bin] Found asset Models/flatbuffers_data.bin in /data/user/0/ai.tetra.tungsten/cache/tungsten.assets/Models/flatbuffers_data.bin.
[17/Jul/2026:00:49:23 -07:00: profiler/debug] [job_id: jp84r0rz5] [model.bin] Feature 'mel' has 1 batches.
[17/Jul/2026:00:49:23 -07:00: profiler/debug] [job_id: jp84r0rz5] [model.bin] Feature 'mel' has 1 batches.
[17/Jul/2026:00:49:23 -07:00: profiler/debug] [job_id: jp84r0rz5] [model.bin] Feature 'mel' has 1 batches.
[17/Jul/2026:00:49:23 -07:00: profiler/info] [job_id: jp84r0rz5] [model.bin] Loading QNN model Models/model.bin.
[17/Jul/2026:00:49:23 -07:00: profiler/info] [job_id: jp84r0rz5] [model.bin] Malloc VM size before: 26952.0 kB, allocated: 16128.0 kB, slack: 10824.0 kB.
[17/Jul/2026:00:49:23 -07:00: profiler/info] [job_id: jp84r0rz5] [model.bin] Current memory baseline range: 71244.0-82068.0 kB.
[17/Jul/2026:00:49:23 -07:00: profiler/debug] [job_id: jp84r0rz5] [model.bin] Found QNN interface provider with API version 2.34.
[17/Jul/2026:00:49:23 -07:00: profiler/info] [job_id: jp84r0rz5] [model.bin] QnnDsp <W> Initializing HtpProvider
[17/Jul/2026:00:49:23 -07:00: profiler/info] [job_id: jp84r0rz5] [model.bin] Loaded QNN backend from /data/user/0/ai.tetra.tungsten/cache/tungsten.lib/qnn_sdk/default/2.45.0/aarch64-android/libQnnHtp.so (version 5.45.0; core API 2.34.0; build ID v2.45.0.260326154327)
[17/Jul/2026:00:49:23 -07:00: profiler/debug] [job_id: jp84r0rz5] [model.bin] Asset model.bin not found in /data/user/0/ai.tetra.tungsten/cache/tungsten.assets/Models/model.bin.
[17/Jul/2026:00:49:23 -07:00: profiler/debug] [job_id: jp84r0rz5] [model.bin] Found asset Models/model.bin in /data/local/tmp/tungsten/files/Models/model.bin.
[17/Jul/2026:00:49:23 -07:00: profiler/debug] [job_id: jp84r0rz5] [model.bin] Asset model.bin not found in /data/user/0/ai.tetra.tungsten/cache/tungsten.assets/Models/model.bin.
[17/Jul/2026:00:49:23 -07:00: profiler/debug] [job_id: jp84r0rz5] [model.bin] Found asset Models/model.bin in /data/local/tmp/tungsten/files/Models/model.bin.
[17/Jul/2026:00:49:23 -07:00: profiler/info] [job_id: jp84r0rz5] [model.bin] Loaded /data/user/0/ai.tetra.tungsten/cache/tungsten.lib/qnn_sdk/default/2.45.0/aarch64-android/libQnnSystem.so, with version 1.9.0.
[17/Jul/2026:00:49:23 -07:00: profiler/info] [job_id: jp84r0rz5] [model.bin] Loaded QNN context binary with build id=v2.45.0.260326154327, for soc '' with 1 cores.
[17/Jul/2026:00:49:23 -07:00: profiler/debug] [job_id: jp84r0rz5] [model.bin] [adsprpc] vendor/qcom/proprietary/adsprpc/src/fastrpc_context.c:370: fastrpc_context_table_init done
[17/Jul/2026:00:49:23 -07:00: profiler/debug] [job_id: jp84r0rz5] [model.bin] [adsprpc] vendor/qcom/proprietary/adsprpc/src/fastrpc_domains.c:256: fastrpc_sysfs_watcher_init done watcher thread tid 505335145728
[17/Jul/2026:00:49:23 -07:00: profiler/debug] [job_id: jp84r0rz5] [model.bin] [adsprpc] vendor/qcom/proprietary/adsprpc/src/fastrpc_domains.c:164: fastrpc_sysfs_watcher_thread starting
[17/Jul/2026:00:49:23 -07:00: profiler/debug] [job_id: jp84r0rz5] [model.bin] [adsprpc] vendor/qcom/proprietary/adsprpc/src/rpcmem_android.c:211: set up allocator 0xb4000075d345b7d0 for DMA buf heap system, ION heap system, heap mask 0x2000000, flags 0x1, legacy flags 0x1
[17/Jul/2026:00:49:23 -07:00: profiler/debug] [job_id: jp84r0rz5] [model.bin] [adsprpc] vendor/qcom/proprietary/adsprpc/src/fastrpc_config.c:437: Reading configuration file: ai.tetra.tungsten.debugconfig
[17/Jul/2026:00:49:23 -07:00: profiler/debug] [job_id: jp84r0rz5] [model.bin] [adsprpc] vendor/qcom/proprietary/adsprpc/src/fastrpc_config.c:468: fastrpc_config_init: Couldn't find file ai.tetra.tungsten.debugconfig, errno (No such file or directory) at /data/user/0/ai.tetra.tungsten/cache/tungsten.lib/qnn_sdk/default/2.45.0/aarch64-android, /vendor/lib64/rfs/dsp, /vendor/lib/rfsa/adsp, /vendor/dsp
[17/Jul/2026:00:49:23 -07:00: profiler/debug] [job_id: jp84r0rz5] [model.bin] [adsprpc] vendor/qcom/proprietary/adsprpc/src/fastrpc_apps_user.c:7618: fastrpc_apps_user_init done  with default domain:3 and &fastrpc_trace:0x75a8bb96b4
[17/Jul/2026:00:49:23 -07:00: profiler/debug] [job_id: jp84r0rz5] [model.bin] [adsprpc] vendor/qcom/proprietary/adsprpc/src/fastrpc_apps_user.c:7752: multidsplib_env_init: libcdsprpc.so loaded
[17/Jul/2026:00:49:23 -07:00: profiler/debug] [job_id: jp84r0rz5] [model.bin] [adsprpc] vendor/qcom/proprietary/adsprpc/src/fastrpc_apps_user.c:4393:Warning: remote_handle_control: Non-domain usage of FastRPC will be deprecated, use domains to offload to DSP using FastRPC
[17/Jul/2026:00:49:23 -07:00: profiler/info] [job_id: jp84r0rz5] [model.bin] [adsprpc] vendor/qcom/proprietary/adsprpc/src/fastrpc_apps_user.c:4386: Error 0xe: remote_handle_control_domain failed for request ID 2 on domain 100000 (errno No such file or directory)
[17/Jul/2026:00:49:23 -07:00: profiler/debug] [job_id: jp84r0rz5] [model.bin] [adsprpc] vendor/qcom/proprietary/adsprpc/src/fastrpc_apps_user.c:6015: close_device_node: closed dev 143 on domain 3
[17/Jul/2026:00:49:23 -07:00: profiler/info] [job_id: jp84r0rz5] [model.bin] [adsprpc] vendor/qcom/proprietary/adsprpc/src/fastrpc_apps_user.c:4410: Error 0xe: remote_handle_control failed for request ID 2 (errno Success) (user err 0xe)
[17/Jul/2026:00:49:23 -07:00: profiler/debug] [job_id: jp84r0rz5] [model.bin] [adsprpc] vendor/qcom/proprietary/adsprpc/src/fastrpc_apps_user.c:4393:Warning: remote_handle_control: Non-domain usage of FastRPC will be deprecated, use domains to offload to DSP using FastRPC
[17/Jul/2026:00:49:23 -07:00: profiler/debug] [job_id: jp84r0rz5] [model.bin] [adsprpc] vendor/qcom/proprietary/adsprpc/src/fastrpc_apps_user.c:6015: close_device_node: closed dev 143 on domain 3
[17/Jul/2026:00:49:23 -07:00: profiler/debug] [job_id: jp84r0rz5] [model.bin] [adsprpc] vendor/qcom/proprietary/adsprpc/src/fastrpc_apps_user.c:4875: remote_session_control Unsigned PD enable 1 request for domain 100000
[17/Jul/2026:00:49:23 -07:00: profiler/debug] [job_id: jp84r0rz5] [model.bin] [adsprpc] vendor/qcom/proprietary/adsprpc/src/fastrpc_apps_user.c:4850: remote_session_control DSP info request for domain 100000, thread priority -1, stack size 17408
[17/Jul/2026:00:49:23 -07:00: profiler/debug] [job_id: jp84r0rz5] [model.bin] [adsprpc] vendor/qcom/proprietary/adsprpc/src/fastrpc_apps_user.c:6015: close_device_node: closed dev 143 on domain 3
[17/Jul/2026:00:49:23 -07:00: profiler/debug] [job_id: jp84r0rz5] [model.bin] [adsprpc] vendor/qcom/proprietary/adsprpc/src/fastrpc_apps_user.c:3385: WARNING: get_handle_priority_from_uri: libQnnHtpV81Skel.so lib opened handle without priority token
[17/Jul/2026:00:49:23 -07:00: profiler/debug] [job_id: jp84r0rz5] [model.bin] [adsprpc] vendor/qcom/proprietary/adsprpc/src/fastrpc_apps_user.c:6015: close_device_node: closed dev 143 on domain 3
[17/Jul/2026:00:49:23 -07:00: profiler/debug] [job_id: jp84r0rz5] [model.bin] [adsprpc] vendor/qcom/proprietary/adsprpc/src/fastrpc_apps_user.c:6185: Successfully opened /vendor/dsp/cdsp/fastrpc_shell_unsigned_3, domain 3
[17/Jul/2026:00:49:23 -07:00: profiler/debug] [job_id: jp84r0rz5] [model.bin] [adsprpc] vendor/qcom/proprietary/adsprpc/src/rpcmem_android.c:651: rpcmem_dma_alloc: DMA buffer allocation completed for heap system, size 1451100, flags 0x80000000, fd:146, time 16 us
[17/Jul/2026:00:49:23 -07:00: profiler/debug] [job_id: jp84r0rz5] [model.bin] [adsprpc] vendor/qcom/proprietary/adsprpc/src/rpcmem_android.c:651: rpcmem_dma_alloc: DMA buffer allocation completed for heap system, size 4096, flags 0x1, fd:150, time 17 us
[17/Jul/2026:00:49:23 -07:00: profiler/debug] [job_id: jp84r0rz5] [model.bin] [adsprpc] vendor/qcom/proprietary/adsprpc/src/rpcmem_android.c:651: rpcmem_dma_alloc: DMA buffer allocation completed for heap system, size 4096, flags 0x1, fd:151, time 14 us
[17/Jul/2026:00:49:23 -07:00: profiler/debug] [job_id: jp84r0rz5] [model.bin] [adsprpc] vendor/qcom/proprietary/adsprpc/src/fastrpc_apps_user.c:6298: Created user PD on domain 100000, dbg_trace 0x0, enabled attr=> RPC timeout:10000, Dbg Mode:Y, CRC:N, Unsigned:Y, Signed:N, Adapt QOS:N, PD dump: (Config:N, Dbg:N), Perf: (Kernel:N, DSP:N), Iregion:N, QTF:N, UAF:N userPD initmem len:0x500000, Log pkt: N
[17/Jul/2026:00:49:23 -07:00: profiler/debug] [job_id: jp84r0rz5] [model.bin] [adsprpc] vendor/qcom/proprietary/adsprpc/src/fastrpc_apps_user.c:1935: Successfully set remote user thread priority to 192 and stack size to 17408 for domain 100000
[17/Jul/2026:00:49:23 -07:00: profiler/debug] [job_id: jp84r0rz5] [model.bin] [adsprpc] vendor/qcom/proprietary/adsprpc/src/listener_android.c:121: listener thread starting
[17/Jul/2026:00:49:23 -07:00: profiler/debug] [job_id: jp84r0rz5] [model.bin] [adsprpc] vendor/qcom/proprietary/adsprpc/src/rpcmem_android.c:651: rpcmem_dma_alloc: DMA buffer allocation completed for heap system, size 1048576, flags 0x1, fd:146, time 21 us
[17/Jul/2026:00:49:23 -07:00: profiler/debug] [job_id: jp84r0rz5] [model.bin] [adsprpc] vendor/qcom/proprietary/adsprpc/src/fastrpc_apps_user.c:7188: persist_buf_init allocation done for persist_buf 0x75a5802000 size 1048576
[17/Jul/2026:00:49:23 -07:00: profiler/debug] [job_id: jp84r0rz5] [model.bin] [adsprpc] vendor/qcom/proprietary/adsprpc/src/fastrpc_apps_user.c:7198: persist_buf_init mapping done for persist_buf 0x75a5802000 fd 146 of size 1048576 on domain 100000
[17/Jul/2026:00:49:23 -07:00: profiler/debug] [job_id: jp84r0rz5] [model.bin] [adsprpc] vendor/qcom/proprietary/adsprpc/src/fastrpc_apps_user.c:7260: open_dev : panic error codes sent successfully
[17/Jul/2026:00:49:23 -07:00: profiler/debug] [job_id: jp84r0rz5] [model.bin] [adsprpc] vendor/qcom/proprietary/adsprpc/src/fastrpc_perf.c:292: fastrpc_perf_init: enabled systrace 0x0 and RPC traces (kernel 0, dsp 0) with frequency 1000
[17/Jul/2026:00:49:23 -07:00: profiler/debug] [job_id: jp84r0rz5] [model.bin] [adsprpc] vendor/qcom/proprietary/adsprpc/src/log_config.c:429: file_watcher_thread starting for domain 100000
[17/Jul/2026:00:49:23 -07:00: profiler/debug] [job_id: jp84r0rz5] [model.bin] [adsprpc] vendor/qcom/proprietary/adsprpc/src/rpcmem_android.c:651: rpcmem_dma_alloc: DMA buffer allocation completed for heap system, size 4096, flags 0x0, fd:154, time 19 us
[17/Jul/2026:00:49:23 -07:00: profiler/debug] [job_id: jp84r0rz5] [model.bin] [adsprpc] vendor/qcom/proprietary/adsprpc/src/rpcmem_android.c:651: rpcmem_dma_alloc: DMA buffer allocation completed for heap system, size 4096, flags 0x0, fd:158, time 13 us
[17/Jul/2026:00:49:23 -07:00: profiler/debug] [job_id: jp84r0rz5] [model.bin] [adsprpc] vendor/qcom/proprietary/adsprpc/src/mod_table.c:696: open_mod_table_open_from_static: reverse module apps_mem opened with handle 0xa8bbaf98 (idx 0)
[17/Jul/2026:00:49:23 -07:00: profiler/debug] [job_id: jp84r0rz5] [model.bin] [adsprpc] vendor/qcom/proprietary/adsprpc/src/mod_table.c:696: open_mod_table_open_from_static: reverse module apps_std opened with handle 0xa8bbb098 (idx 1)
[17/Jul/2026:00:49:23 -07:00: profiler/debug] [job_id: jp84r0rz5] [model.bin] [adsprpc] vendor/qcom/proprietary/adsprpc/src/rpcmem_android.c:651: rpcmem_dma_alloc: DMA buffer allocation completed for heap system, size 262144, flags 0x80000000, fd:159, time 14 us
[17/Jul/2026:00:49:23 -07:00: profiler/info] [job_id: jp84r0rz5] [model.bin] [adsprpc] vendor/qcom/proprietary/adsprpc/src/apps_std_imp.c:377: Error 0x2: apps_std_fopen_fd failed for /data/user/0/ai.tetra.tungsten/cache/tungsten.lib/qnn_sdk/default/2.45.0/aarch64-android/cdsp/./libQnnHtpV81Skel.so (No such file or directory)
[17/Jul/2026:00:49:23 -07:00: profiler/debug] [job_id: jp84r0rz5] [model.bin] [adsprpc] vendor/qcom/proprietary/adsprpc/src/rpcmem_android.c:651: rpcmem_dma_alloc: DMA buffer allocation completed for heap system, size 11788496, flags 0x80000000, fd:161, time 17 us
[17/Jul/2026:00:49:23 -07:00: profiler/info] [job_id: jp84r0rz5] [model.bin] [adsprpc] vendor/qcom/proprietary/adsprpc/src/log_config.c:223:Enabled adspmsgd with mask 8
[17/Jul/2026:00:49:23 -07:00: profiler/debug] [job_id: jp84r0rz5] [model.bin] [adsprpc] vendor/qcom/proprietary/adsprpc/src/log_config.c:449:file_watcher_thread: Couldn't find file ai.tetra.tungsten.farf, errno (No such file or directory) at ;/vendor/lib64/rfs/dsp;/vendor/lib/rfsa/adsp;/vendor/lib/rfsa/dsp;/vendor/dsp;
[17/Jul/2026:00:49:23 -07:00: profiler/debug] [job_id: jp84r0rz5] [model.bin] [adsprpc] vendor/qcom/proprietary/adsprpc/src/apps_std_imp.c:369: apps_std_fopen_fd done for /data/user/0/ai.tetra.tungsten/cache/tungsten.lib/qnn_sdk/default/2.45.0/aarch64-android/./libQnnHtpV81Skel.so with fsize:11788496       fopen:6us, fstat:1us, read:1257us,       rpc_alloc:50us, mmap:274us fd 0xa1 error_code 0x0
[17/Jul/2026:00:49:23 -07:00: profiler/debug] [job_id: jp84r0rz5] [model.bin] [adsprpc] vendor/qcom/proprietary/adsprpc/src/apps_std_imp.c:1236: Successfully opened file /data/user/0/ai.tetra.tungsten/cache/tungsten.lib/qnn_sdk/default/2.45.0/aarch64-android/./libQnnHtpV81Skel.so
[17/Jul/2026:00:49:23 -07:00: profiler/debug] [job_id: jp84r0rz5] [model.bin] [adsprpc] vendor/qcom/proprietary/adsprpc/src/rpcmem_android.c:651: rpcmem_dma_alloc: DMA buffer allocation completed for heap system, size 11796480, flags 0xa0000000, fd:162, time 14 us
[17/Jul/2026:00:49:23 -07:00: profiler/debug] [job_id: jp84r0rz5] [model.bin] [adsprpc] vendor/qcom/proprietary/adsprpc/src/rpcmem_android.c:651: rpcmem_dma_alloc: DMA buffer allocation completed for heap system, size 1048576, flags 0xa0000000, fd:160, time 26 us
[17/Jul/2026:00:49:23 -07:00: profiler/debug] [job_id: jp84r0rz5] [model.bin] [adsprpc] vendor/qcom/proprietary/adsprpc/src/fastrpc_apps_user.c:3491: remote_handle64_open: opened handle 0xb40000764342dec0 (remote 0x2ccbf0) for file:///libQnnHtpV81Skel.so?qnn_skel_handle_invoke&_modver=1.0&_dom=cdsp on domain 100000 (spawn time 19264 us, load time 32899 us), refs 1
[17/Jul/2026:00:49:23 -07:00: profiler/debug] [job_id: jp84r0rz5] [model.bin] [adsprpc] vendor/qcom/proprietary/adsprpc/src/rpcmem_android.c:651: rpcmem_dma_alloc: DMA buffer allocation completed for heap system, size 8, flags 0x1, fd:161, time 18 us
[17/Jul/2026:00:49:23 -07:00: profiler/debug] [job_id: jp84r0rz5] [model.bin] [adsprpc] vendor/qcom/proprietary/adsprpc/src/rpcmem_android.c:651: rpcmem_dma_alloc: DMA buffer allocation completed for heap system, size 136, flags 0x1, fd:163, time 13 us
[17/Jul/2026:00:49:23 -07:00: profiler/debug] [job_id: jp84r0rz5] [model.bin] [adsprpc] vendor/qcom/proprietary/adsprpc/src/rpcmem_android.c:651: rpcmem_dma_alloc: DMA buffer allocation completed for heap system, size 16, flags 0x1, fd:161, time 17 us
[17/Jul/2026:00:49:23 -07:00: profiler/debug] [job_id: jp84r0rz5] [model.bin] [adsprpc] vendor/qcom/proprietary/adsprpc/src/rpcmem_android.c:651: rpcmem_dma_alloc: DMA buffer allocation completed for heap system, size 8, flags 0x1, fd:163, time 11 us
[17/Jul/2026:00:49:23 -07:00: profiler/debug] [job_id: jp84r0rz5] [model.bin] [adsprpc] vendor/qcom/proprietary/adsprpc/src/rpcmem_android.c:651: rpcmem_dma_alloc: DMA buffer allocation completed for heap system, size 56, flags 0x1, fd:161, time 11 us
[17/Jul/2026:00:49:23 -07:00: profiler/debug] [job_id: jp84r0rz5] [model.bin] [adsprpc] vendor/qcom/proprietary/adsprpc/src/fastrpc_apps_user.c:3385: WARNING: get_handle_priority_from_uri: libdspqueue_rpc_skel.so lib opened handle without priority token
[17/Jul/2026:00:49:23 -07:00: profiler/debug] [job_id: jp84r0rz5] [model.bin] [adsprpc] vendor/qcom/proprietary/adsprpc/src/fastrpc_apps_user.c:3491: remote_handle64_open: opened handle 0xb40000764342f9f0 (remote 0x2cd860) for file:///libdspqueue_rpc_skel.so?dspqueue_rpc_skel_handle_invoke&_modver=1.0&_dom=nsp1000&_session=0 on domain 100000 (spawn time 0 us, load time 294 us), refs 2
[17/Jul/2026:00:49:23 -07:00: profiler/debug] [job_id: jp84r0rz5] [model.bin] [adsprpc] vendor/qcom/proprietary/adsprpc/src/fastrpc_notif.c:138: fastrpc_notif_domain_init: FastRPC notification worker thread launched
[17/Jul/2026:00:49:23 -07:00: profiler/debug] [job_id: jp84r0rz5] [model.bin] [adsprpc] vendor/qcom/proprietary/adsprpc/src/fastrpc_apps_user.c:5077: remote_session_control Register PD status notification request for domain 100000
[17/Jul/2026:00:49:23 -07:00: profiler/debug] [job_id: jp84r0rz5] [model.bin] [adsprpc] vendor/qcom/proprietary/adsprpc/src/rpcmem_android.c:651: rpcmem_dma_alloc: DMA buffer allocation completed for heap system, size 1024, flags 0x40000001, fd:163, time 11 us
[17/Jul/2026:00:49:23 -07:00: profiler/debug] [job_id: jp84r0rz5] [model.bin] [adsprpc] vendor/qcom/proprietary/adsprpc/src/fastrpc_apps_user.c:3955: get_remote_notif_response: received status notification 0 for domain 1000, session 0 (effec dom 100000)
[17/Jul/2026:00:49:23 -07:00: profiler/debug] [job_id: jp84r0rz5] [model.bin] [adsprpc] vendor/qcom/proprietary/adsprpc/src/rpcmem_android.c:651: rpcmem_dma_alloc: DMA buffer allocation completed for heap system, size 1792, flags 0x40000001, fd:164, time 11 us
[17/Jul/2026:00:49:23 -07:00: profiler/debug] [job_id: jp84r0rz5] [model.bin] [adsprpc] vendor/qcom/proprietary/adsprpc/src/dspqueue/dspqueue_cpu.c:683: dspqueue is using version: -1464666534, flags: 2, driver signalling: 3, wait count: 1
[17/Jul/2026:00:49:23 -07:00: profiler/debug] [job_id: jp84r0rz5] [model.bin] [adsprpc] vendor/qcom/proprietary/adsprpc/src/dspqueue/dspqueue_cpu.c:715: dspqueue_create: created Queue 0, 0xb4000077b3443da0, DSP 0x00000000 for domain 100000
[17/Jul/2026:00:49:23 -07:00: profiler/debug] [job_id: jp84r0rz5] [model.bin] Creating context from binary with 0 configurations set.
[17/Jul/2026:00:49:23 -07:00: profiler/info] [job_id: jp84r0rz5] [model.bin] QnnDsp <W> m_CFBCallbackInfoObj is not initialized, return emptyList
[17/Jul/2026:00:49:23 -07:00: profiler/debug] [job_id: jp84r0rz5] [model.bin] [adsprpc] vendor/qcom/proprietary/adsprpc/src/rpcmem_android.c:651: rpcmem_dma_alloc: DMA buffer allocation completed for heap system, size 41216, flags 0x1, fd:165, time 12 us
[17/Jul/2026:00:49:23 -07:00: profiler/debug] [job_id: jp84r0rz5] [model.bin] [adsprpc] vendor/qcom/proprietary/adsprpc/src/rpcmem_android.c:651: rpcmem_dma_alloc: DMA buffer allocation completed for heap system, size 82048, flags 0x1, fd:166, time 4 us
[17/Jul/2026:00:49:23 -07:00: profiler/debug] [job_id: jp84r0rz5] [model.bin] [adsprpc] vendor/qcom/proprietary/adsprpc/src/rpcmem_android.c:651: rpcmem_dma_alloc: DMA buffer allocation completed for heap system, size 24488, flags 0x1, fd:167, time 4 us
[17/Jul/2026:00:49:23 -07:00: profiler/debug] [job_id: jp84r0rz5] [model.bin] [adsprpc] vendor/qcom/proprietary/adsprpc/src/rpcmem_android.c:651: rpcmem_dma_alloc: DMA buffer allocation completed for heap system, size 72, flags 0x1, fd:168, time 12 us
[17/Jul/2026:00:49:23 -07:00: profiler/debug] [job_id: jp84r0rz5] [model.bin] [adsprpc] vendor/qcom/proprietary/adsprpc/src/fastrpc_apps_user.c:4393:Warning: remote_handle_control: Non-domain usage of FastRPC will be deprecated, use domains to offload to DSP using FastRPC
[17/Jul/2026:00:49:23 -07:00: profiler/debug] [job_id: jp84r0rz5] [model.bin] [adsprpc] vendor/qcom/proprietary/adsprpc/src/fastrpc_apps_user.c:4393:Warning: remote_handle_control: Non-domain usage of FastRPC will be deprecated, use domains to offload to DSP using FastRPC
[17/Jul/2026:00:49:23 -07:00: profiler/debug] [job_id: jp84r0rz5] [model.bin] [adsprpc] vendor/qcom/proprietary/adsprpc/src/rpcmem_android.c:651: rpcmem_dma_alloc: DMA buffer allocation completed for heap system, size 230686720, flags 0x1, fd:169, time 36 us
[17/Jul/2026:00:49:23 -07:00: profiler/debug] [job_id: jp84r0rz5] [model.bin] [adsprpc] vendor/qcom/proprietary/adsprpc/src/fastrpc_apps_user.c:4393:Warning: remote_handle_control: Non-domain usage of FastRPC will be deprecated, use domains to offload to DSP using FastRPC
[17/Jul/2026:00:49:23 -07:00: profiler/debug] [job_id: jp84r0rz5] [model.bin] [adsprpc] vendor/qcom/proprietary/adsprpc/src/rpcmem_android.c:651: rpcmem_dma_alloc: DMA buffer allocation completed for heap system, size 872816, flags 0x1, fd:170, time 49 us
[17/Jul/2026:00:49:23 -07:00: profiler/debug] [job_id: jp84r0rz5] [model.bin] [adsprpc] vendor/qcom/proprietary/adsprpc/src/rpcmem_android.c:651: rpcmem_dma_alloc: DMA buffer allocation completed for heap system, size 40, flags 0x1, fd:171, time 11 us
[17/Jul/2026:00:49:23 -07:00: profiler/debug] [job_id: jp84r0rz5] [model.bin] [adsprpc] vendor/qcom/proprietary/adsprpc/src/fastrpc_apps_user.c:4393:Warning: remote_handle_control: Non-domain usage of FastRPC will be deprecated, use domains to offload to DSP using FastRPC
[17/Jul/2026:00:49:23 -07:00: profiler/debug] [job_id: jp84r0rz5] [model.bin] [adsprpc] vendor/qcom/proprietary/adsprpc/src/rpcmem_android.c:651: rpcmem_dma_alloc: DMA buffer allocation completed for heap system, size 33554432, flags 0xa0000000, fd:172, time 27 us
[17/Jul/2026:00:49:23 -07:00: profiler/debug] [job_id: jp84r0rz5] [model.bin] [adsprpc] vendor/qcom/proprietary/adsprpc/src/rpcmem_android.c:651: rpcmem_dma_alloc: DMA buffer allocation completed for heap system, size 48, flags 0x1, fd:170, time 9 us
[17/Jul/2026:00:49:23 -07:00: profiler/info] [job_id: jp84r0rz5] [model.bin] Loaded graph graph_5in6krf3.
[17/Jul/2026:00:49:23 -07:00: profiler/info] [job_id: jp84r0rz5] [model.bin] Malloc VM size after: 27304.0 kB, allocated: 17434.5 kB, slack: 9869.5 kB.
[17/Jul/2026:00:49:23 -07:00: profiler/info] [job_id: jp84r0rz5] [model.bin] Status Successfully Loaded Warm with t = 120418 us and usage: before = 82068.0 kB; peakBefore = 82068.0 kB; mallocUnusedBefore = 10824.0 kB; after = 83120.0 kB; peakAfter = 83036.0 kB; mallocUnusedAfter = 9869.5 kB; increase = 0.0-2006.5 kB; peak = 968.0-11792.0 kB
[17/Jul/2026:00:49:23 -07:00: profiler/info] [job_id: jp84r0rz5] [model.bin] Saving results to /data/local/tmp/tungsten/files/Results/job_jp84r0rz5/job_jp84r0rz5_results.bin
[17/Jul/2026:00:49:23 -07:00: profiler/debug] [job_id: jp84r0rz5] [model.bin] Feature 'mel' has 1 batches.
[17/Jul/2026:00:49:23 -07:00: profiler/info] QnnDsp <W> m_CFBCallbackInfoObj is not initialized, return emptyList
[17/Jul/2026:00:49:23 -07:00: profiler/info] [adsprpc] vendor/qcom/proprietary/adsprpc/src/adspmsgd.c:104::error: 0x8000040d: AEE_SUCCESS == (nErr = adspmsgd_adsp1_wait(handle, &bytesToRead))
[17/Jul/2026:00:49:23 -07:00: profiler/info] [adsprpc] vendor/qcom/proprietary/adsprpc/src/adspmsgd.c:114:Error 0x8000040d: adspmsgd_reader thread of domain 100000 for handle 0x4342e0a0 exiting (errno Success)
[17/Jul/2026:07:49:24 +00:00: profiler/info] -=- Tungsten running task: performing inference -=-
[17/Jul/2026:00:49:24 -07:00: profiler/info] [job_id: jp84r0rz5] [model.bin] Loading previously saved results in /data/local/tmp/tungsten/files/Results/job_jp84r0rz5/job_jp84r0rz5_results.bin
[17/Jul/2026:00:49:24 -07:00: profiler/debug] [job_id: jp84r0rz5] [model.bin] Feature 'mel' has 1 batches.
[17/Jul/2026:00:49:24 -07:00: profiler/debug] [job_id: jp84r0rz5] [model.bin] Found asset Models/flatbuffers_data.bin in /data/user/0/ai.tetra.tungsten/cache/tungsten.assets/Models/flatbuffers_data.bin.
[17/Jul/2026:00:49:24 -07:00: profiler/debug] [job_id: jp84r0rz5] [model.bin] Feature 'mel' has 1 batches.
[17/Jul/2026:00:49:24 -07:00: profiler/debug] [job_id: jp84r0rz5] [model.bin] Feature 'mel' has 1 batches.
[17/Jul/2026:00:49:24 -07:00: profiler/debug] [job_id: jp84r0rz5] [model.bin] Feature 'mel' has 1 batches.
[17/Jul/2026:00:49:24 -07:00: profiler/debug] [job_id: jp84r0rz5] [model.bin] Starting validation
[17/Jul/2026:00:49:24 -07:00: profiler/info] [job_id: jp84r0rz5] [model.bin] Loading QNN model Models/model.bin.
[17/Jul/2026:00:49:24 -07:00: profiler/info] [job_id: jp84r0rz5] [model.bin] Malloc VM size before: 45220.0 kB, allocated: 34709.7 kB, slack: 10510.3 kB.
[17/Jul/2026:00:49:24 -07:00: profiler/info] [job_id: jp84r0rz5] [model.bin] Current memory baseline range: 108829.7-119340.0 kB.
[17/Jul/2026:00:49:24 -07:00: profiler/debug] [job_id: jp84r0rz5] [model.bin] Found QNN interface provider with API version 2.34.
[17/Jul/2026:00:49:24 -07:00: profiler/info] [job_id: jp84r0rz5] [model.bin] QnnDsp <W> Initializing HtpProvider
[17/Jul/2026:00:49:24 -07:00: profiler/info] [job_id: jp84r0rz5] [model.bin] Loaded QNN backend from /data/user/0/ai.tetra.tungsten/cache/tungsten.lib/qnn_sdk/default/2.45.0/aarch64-android/libQnnHtp.so (version 5.45.0; core API 2.34.0; build ID v2.45.0.260326154327)
[17/Jul/2026:00:49:24 -07:00: profiler/debug] [job_id: jp84r0rz5] [model.bin] Asset model.bin not found in /data/user/0/ai.tetra.tungsten/cache/tungsten.assets/Models/model.bin.
[17/Jul/2026:00:49:24 -07:00: profiler/debug] [job_id: jp84r0rz5] [model.bin] Found asset Models/model.bin in /data/local/tmp/tungsten/files/Models/model.bin.
[17/Jul/2026:00:49:24 -07:00: profiler/debug] [job_id: jp84r0rz5] [model.bin] Asset model.bin not found in /data/user/0/ai.tetra.tungsten/cache/tungsten.assets/Models/model.bin.
[17/Jul/2026:00:49:24 -07:00: profiler/debug] [job_id: jp84r0rz5] [model.bin] Found asset Models/model.bin in /data/local/tmp/tungsten/files/Models/model.bin.
[17/Jul/2026:00:49:24 -07:00: profiler/info] [job_id: jp84r0rz5] [model.bin] Loaded /data/user/0/ai.tetra.tungsten/cache/tungsten.lib/qnn_sdk/default/2.45.0/aarch64-android/libQnnSystem.so, with version 1.9.0.
[17/Jul/2026:00:49:24 -07:00: profiler/info] [job_id: jp84r0rz5] [model.bin] Loaded QNN context binary with build id=v2.45.0.260326154327, for soc '' with 1 cores.
[17/Jul/2026:00:49:24 -07:00: profiler/debug] [job_id: jp84r0rz5] [model.bin] [adsprpc] vendor/qcom/proprietary/adsprpc/src/fastrpc_context.c:370: fastrpc_context_table_init done
[17/Jul/2026:00:49:24 -07:00: profiler/debug] [job_id: jp84r0rz5] [model.bin] [adsprpc] vendor/qcom/proprietary/adsprpc/src/fastrpc_domains.c:256: fastrpc_sysfs_watcher_init done watcher thread tid 505335301376
[17/Jul/2026:00:49:24 -07:00: profiler/debug] [job_id: jp84r0rz5] [model.bin] [adsprpc] vendor/qcom/proprietary/adsprpc/src/rpcmem_android.c:211: set up allocator 0xb4000075d3460310 for DMA buf heap system, ION heap system, heap mask 0x2000000, flags 0x1, legacy flags 0x1
[17/Jul/2026:00:49:24 -07:00: profiler/debug] [job_id: jp84r0rz5] [model.bin] [adsprpc] vendor/qcom/proprietary/adsprpc/src/fastrpc_config.c:437: Reading configuration file: ai.tetra.tungsten.debugconfig
[17/Jul/2026:00:49:24 -07:00: profiler/debug] [job_id: jp84r0rz5] [model.bin] [adsprpc] vendor/qcom/proprietary/adsprpc/src/fastrpc_domains.c:164: fastrpc_sysfs_watcher_thread starting
[17/Jul/2026:00:49:24 -07:00: profiler/debug] [job_id: jp84r0rz5] [model.bin] [adsprpc] vendor/qcom/proprietary/adsprpc/src/fastrpc_config.c:468: fastrpc_config_init: Couldn't find file ai.tetra.tungsten.debugconfig, errno (No such file or directory) at /data/user/0/ai.tetra.tungsten/cache/tungsten.lib/qnn_sdk/default/2.45.0/aarch64-android, /vendor/lib64/rfs/dsp, /vendor/lib/rfsa/adsp, /vendor/dsp
[17/Jul/2026:00:49:24 -07:00: profiler/debug] [job_id: jp84r0rz5] [model.bin] [adsprpc] vendor/qcom/proprietary/adsprpc/src/fastrpc_apps_user.c:7618: fastrpc_apps_user_init done  with default domain:3 and &fastrpc_trace:0x75a85e46b4
[17/Jul/2026:00:49:24 -07:00: profiler/debug] [job_id: jp84r0rz5] [model.bin] [adsprpc] vendor/qcom/proprietary/adsprpc/src/fastrpc_apps_user.c:7752: multidsplib_env_init: libcdsprpc.so loaded
[17/Jul/2026:00:49:24 -07:00: profiler/debug] [job_id: jp84r0rz5] [model.bin] [adsprpc] vendor/qcom/proprietary/adsprpc/src/fastrpc_apps_user.c:4393:Warning: remote_handle_control: Non-domain usage of FastRPC will be deprecated, use domains to offload to DSP using FastRPC
[17/Jul/2026:00:49:24 -07:00: profiler/info] [job_id: jp84r0rz5] [model.bin] [adsprpc] vendor/qcom/proprietary/adsprpc/src/fastrpc_apps_user.c:4386: Error 0xe: remote_handle_control_domain failed for request ID 2 on domain 100000 (errno No such file or directory)
[17/Jul/2026:00:49:24 -07:00: profiler/debug] [job_id: jp84r0rz5] [model.bin] [adsprpc] vendor/qcom/proprietary/adsprpc/src/fastrpc_apps_user.c:6015: close_device_node: closed dev 146 on domain 3
[17/Jul/2026:00:49:24 -07:00: profiler/info] [job_id: jp84r0rz5] [model.bin] [adsprpc] vendor/qcom/proprietary/adsprpc/src/fastrpc_apps_user.c:4410: Error 0xe: remote_handle_control failed for request ID 2 (errno Success) (user err 0xe)
[17/Jul/2026:00:49:24 -07:00: profiler/debug] [job_id: jp84r0rz5] [model.bin] [adsprpc] vendor/qcom/proprietary/adsprpc/src/fastrpc_apps_user.c:4393:Warning: remote_handle_control: Non-domain usage of FastRPC will be deprecated, use domains to offload to DSP using FastRPC
[17/Jul/2026:00:49:24 -07:00: profiler/debug] [job_id: jp84r0rz5] [model.bin] [adsprpc] vendor/qcom/proprietary/adsprpc/src/fastrpc_apps_user.c:6015: close_device_node: closed dev 146 on domain 3
[17/Jul/2026:00:49:24 -07:00: profiler/debug] [job_id: jp84r0rz5] [model.bin] [adsprpc] vendor/qcom/proprietary/adsprpc/src/fastrpc_apps_user.c:4875: remote_session_control Unsigned PD enable 1 request for domain 100000
[17/Jul/2026:00:49:24 -07:00: profiler/debug] [job_id: jp84r0rz5] [model.bin] [adsprpc] vendor/qcom/proprietary/adsprpc/src/fastrpc_apps_user.c:4850: remote_session_control DSP info request for domain 100000, thread priority -1, stack size 17408
[17/Jul/2026:00:49:24 -07:00: profiler/debug] [job_id: jp84r0rz5] [model.bin] [adsprpc] vendor/qcom/proprietary/adsprpc/src/fastrpc_apps_user.c:6015: close_device_node: closed dev 146 on domain 3
[17/Jul/2026:00:49:24 -07:00: profiler/debug] [job_id: jp84r0rz5] [model.bin] [adsprpc] vendor/qcom/proprietary/adsprpc/src/fastrpc_apps_user.c:3385: WARNING: get_handle_priority_from_uri: libQnnHtpV81Skel.so lib opened handle without priority token
[17/Jul/2026:00:49:24 -07:00: profiler/debug] [job_id: jp84r0rz5] [model.bin] [adsprpc] vendor/qcom/proprietary/adsprpc/src/fastrpc_apps_user.c:6015: close_device_node: closed dev 146 on domain 3
[17/Jul/2026:00:49:24 -07:00: profiler/debug] [job_id: jp84r0rz5] [model.bin] [adsprpc] vendor/qcom/proprietary/adsprpc/src/fastrpc_apps_user.c:6185: Successfully opened /vendor/dsp/cdsp/fastrpc_shell_unsigned_3, domain 3
[17/Jul/2026:00:49:24 -07:00: profiler/debug] [job_id: jp84r0rz5] [model.bin] [adsprpc] vendor/qcom/proprietary/adsprpc/src/rpcmem_android.c:651: rpcmem_dma_alloc: DMA buffer allocation completed for heap system, size 1451100, flags 0x80000000, fd:148, time 9 us
[17/Jul/2026:00:49:24 -07:00: profiler/debug] [job_id: jp84r0rz5] [model.bin] [adsprpc] vendor/qcom/proprietary/adsprpc/src/rpcmem_android.c:651: rpcmem_dma_alloc: DMA buffer allocation completed for heap system, size 4096, flags 0x1, fd:150, time 5 us
[17/Jul/2026:00:49:24 -07:00: profiler/debug] [job_id: jp84r0rz5] [model.bin] [adsprpc] vendor/qcom/proprietary/adsprpc/src/rpcmem_android.c:651: rpcmem_dma_alloc: DMA buffer allocation completed for heap system, size 4096, flags 0x1, fd:151, time 4 us
[17/Jul/2026:00:49:24 -07:00: profiler/debug] [job_id: jp84r0rz5] [model.bin] [adsprpc] vendor/qcom/proprietary/adsprpc/src/fastrpc_apps_user.c:6298: Created user PD on domain 100000, dbg_trace 0x0, enabled attr=> RPC timeout:10000, Dbg Mode:Y, CRC:N, Unsigned:Y, Signed:N, Adapt QOS:N, PD dump: (Config:N, Dbg:N), Perf: (Kernel:N, DSP:N), Iregion:N, QTF:N, UAF:N userPD initmem len:0x500000, Log pkt: N
[17/Jul/2026:00:49:24 -07:00: profiler/debug] [job_id: jp84r0rz5] [model.bin] [adsprpc] vendor/qcom/proprietary/adsprpc/src/fastrpc_apps_user.c:1935: Successfully set remote user thread priority to 192 and stack size to 17408 for domain 100000
[17/Jul/2026:00:49:24 -07:00: profiler/debug] [job_id: jp84r0rz5] [model.bin] [adsprpc] vendor/qcom/proprietary/adsprpc/src/listener_android.c:121: listener thread starting
[17/Jul/2026:00:49:24 -07:00: profiler/debug] [job_id: jp84r0rz5] [model.bin] [adsprpc] vendor/qcom/proprietary/adsprpc/src/rpcmem_android.c:651: rpcmem_dma_alloc: DMA buffer allocation completed for heap system, size 1048576, flags 0x1, fd:148, time 32 us
[17/Jul/2026:00:49:24 -07:00: profiler/debug] [job_id: jp84r0rz5] [model.bin] [adsprpc] vendor/qcom/proprietary/adsprpc/src/fastrpc_apps_user.c:7188: persist_buf_init allocation done for persist_buf 0x75a5dfc000 size 1048576
[17/Jul/2026:00:49:24 -07:00: profiler/debug] [job_id: jp84r0rz5] [model.bin] [adsprpc] vendor/qcom/proprietary/adsprpc/src/fastrpc_apps_user.c:7198: persist_buf_init mapping done for persist_buf 0x75a5dfc000 fd 148 of size 1048576 on domain 100000
[17/Jul/2026:00:49:24 -07:00: profiler/debug] [job_id: jp84r0rz5] [model.bin] [adsprpc] vendor/qcom/proprietary/adsprpc/src/fastrpc_apps_user.c:7260: open_dev : panic error codes sent successfully
[17/Jul/2026:00:49:24 -07:00: profiler/debug] [job_id: jp84r0rz5] [model.bin] [adsprpc] vendor/qcom/proprietary/adsprpc/src/fastrpc_perf.c:292: fastrpc_perf_init: enabled systrace 0x0 and RPC traces (kernel 0, dsp 0) with frequency 1000
[17/Jul/2026:00:49:24 -07:00: profiler/debug] [job_id: jp84r0rz5] [model.bin] [adsprpc] vendor/qcom/proprietary/adsprpc/src/log_config.c:429: file_watcher_thread starting for domain 100000
[17/Jul/2026:00:49:24 -07:00: profiler/debug] [job_id: jp84r0rz5] [model.bin] [adsprpc] vendor/qcom/proprietary/adsprpc/src/rpcmem_android.c:651: rpcmem_dma_alloc: DMA buffer allocation completed for heap system, size 4096, flags 0x0, fd:154, time 10 us
[17/Jul/2026:00:49:24 -07:00: profiler/debug] [job_id: jp84r0rz5] [model.bin] [adsprpc] vendor/qcom/proprietary/adsprpc/src/rpcmem_android.c:651: rpcmem_dma_alloc: DMA buffer allocation completed for heap system, size 4096, flags 0x0, fd:158, time 47 us
[17/Jul/2026:00:49:24 -07:00: profiler/debug] [job_id: jp84r0rz5] [model.bin] [adsprpc] vendor/qcom/proprietary/adsprpc/src/mod_table.c:696: open_mod_table_open_from_static: reverse module apps_mem opened with handle 0xa85e5f98 (idx 0)
[17/Jul/2026:00:49:24 -07:00: profiler/debug] [job_id: jp84r0rz5] [model.bin] [adsprpc] vendor/qcom/proprietary/adsprpc/src/mod_table.c:696: open_mod_table_open_from_static: reverse module apps_std opened with handle 0xa85e6098 (idx 1)
[17/Jul/2026:00:49:24 -07:00: profiler/debug] [job_id: jp84r0rz5] [model.bin] [adsprpc] vendor/qcom/proprietary/adsprpc/src/rpcmem_android.c:651: rpcmem_dma_alloc: DMA buffer allocation completed for heap system, size 262144, flags 0x80000000, fd:159, time 11 us
[17/Jul/2026:00:49:24 -07:00: profiler/info] [job_id: jp84r0rz5] [model.bin] [adsprpc] vendor/qcom/proprietary/adsprpc/src/apps_std_imp.c:377: Error 0x2: apps_std_fopen_fd failed for /data/user/0/ai.tetra.tungsten/cache/tungsten.lib/qnn_sdk/default/2.45.0/aarch64-android/cdsp/./libQnnHtpV81Skel.so (No such file or directory)
[17/Jul/2026:00:49:24 -07:00: profiler/debug] [job_id: jp84r0rz5] [model.bin] [adsprpc] vendor/qcom/proprietary/adsprpc/src/rpcmem_android.c:651: rpcmem_dma_alloc: DMA buffer allocation completed for heap system, size 11788496, flags 0x80000000, fd:161, time 24 us
[17/Jul/2026:00:49:24 -07:00: profiler/info] [job_id: jp84r0rz5] [model.bin] [adsprpc] vendor/qcom/proprietary/adsprpc/src/log_config.c:223:Enabled adspmsgd with mask 8
[17/Jul/2026:00:49:24 -07:00: profiler/debug] [job_id: jp84r0rz5] [model.bin] [adsprpc] vendor/qcom/proprietary/adsprpc/src/log_config.c:449:file_watcher_thread: Couldn't find file ai.tetra.tungsten.farf, errno (No such file or directory) at ;/vendor/lib64/rfs/dsp;/vendor/lib/rfsa/adsp;/vendor/lib/rfsa/dsp;/vendor/dsp;
[17/Jul/2026:00:49:24 -07:00: profiler/debug] [job_id: jp84r0rz5] [model.bin] [adsprpc] vendor/qcom/proprietary/adsprpc/src/apps_std_imp.c:369: apps_std_fopen_fd done for /data/user/0/ai.tetra.tungsten/cache/tungsten.lib/qnn_sdk/default/2.45.0/aarch64-android/./libQnnHtpV81Skel.so with fsize:11788496       fopen:12us, fstat:2us, read:1474us,       rpc_alloc:94us, mmap:284us fd 0xa1 error_code 0x0
[17/Jul/2026:00:49:24 -07:00: profiler/debug] [job_id: jp84r0rz5] [model.bin] [adsprpc] vendor/qcom/proprietary/adsprpc/src/apps_std_imp.c:1236: Successfully opened file /data/user/0/ai.tetra.tungsten/cache/tungsten.lib/qnn_sdk/default/2.45.0/aarch64-android/./libQnnHtpV81Skel.so
[17/Jul/2026:00:49:24 -07:00: profiler/debug] [job_id: jp84r0rz5] [model.bin] [adsprpc] vendor/qcom/proprietary/adsprpc/src/rpcmem_android.c:651: rpcmem_dma_alloc: DMA buffer allocation completed for heap system, size 11796480, flags 0xa0000000, fd:162, time 20 us
[17/Jul/2026:00:49:24 -07:00: profiler/debug] [job_id: jp84r0rz5] [model.bin] [adsprpc] vendor/qcom/proprietary/adsprpc/src/rpcmem_android.c:651: rpcmem_dma_alloc: DMA buffer allocation completed for heap system, size 1048576, flags 0xa0000000, fd:160, time 16 us
[17/Jul/2026:00:49:24 -07:00: profiler/debug] [job_id: jp84r0rz5] [model.bin] [adsprpc] vendor/qcom/proprietary/adsprpc/src/fastrpc_apps_user.c:3491: remote_handle64_open: opened handle 0xb400007643442e10 (remote 0x2ccbf0) for file:///libQnnHtpV81Skel.so?qnn_skel_handle_invoke&_modver=1.0&_dom=cdsp on domain 100000 (spawn time 19063 us, load time 38860 us), refs 1
[17/Jul/2026:00:49:24 -07:00: profiler/debug] [job_id: jp84r0rz5] [model.bin] [adsprpc] vendor/qcom/proprietary/adsprpc/src/rpcmem_android.c:651: rpcmem_dma_alloc: DMA buffer allocation completed for heap system, size 8, flags 0x1, fd:161, time 10 us
[17/Jul/2026:00:49:24 -07:00: profiler/debug] [job_id: jp84r0rz5] [model.bin] [adsprpc] vendor/qcom/proprietary/adsprpc/src/rpcmem_android.c:651: rpcmem_dma_alloc: DMA buffer allocation completed for heap system, size 136, flags 0x1, fd:163, time 5 us
[17/Jul/2026:00:49:24 -07:00: profiler/debug] [job_id: jp84r0rz5] [model.bin] [adsprpc] vendor/qcom/proprietary/adsprpc/src/rpcmem_android.c:651: rpcmem_dma_alloc: DMA buffer allocation completed for heap system, size 16, flags 0x1, fd:161, time 8 us
[17/Jul/2026:00:49:24 -07:00: profiler/debug] [job_id: jp84r0rz5] [model.bin] [adsprpc] vendor/qcom/proprietary/adsprpc/src/rpcmem_android.c:651: rpcmem_dma_alloc: DMA buffer allocation completed for heap system, size 8, flags 0x1, fd:163, time 22 us
[17/Jul/2026:00:49:24 -07:00: profiler/debug] [job_id: jp84r0rz5] [model.bin] [adsprpc] vendor/qcom/proprietary/adsprpc/src/rpcmem_android.c:651: rpcmem_dma_alloc: DMA buffer allocation completed for heap system, size 56, flags 0x1, fd:161, time 15 us
[17/Jul/2026:00:49:24 -07:00: profiler/debug] [job_id: jp84r0rz5] [model.bin] [adsprpc] vendor/qcom/proprietary/adsprpc/src/fastrpc_apps_user.c:3385: WARNING: get_handle_priority_from_uri: libdspqueue_rpc_skel.so lib opened handle without priority token
[17/Jul/2026:00:49:24 -07:00: profiler/debug] [job_id: jp84r0rz5] [model.bin] [adsprpc] vendor/qcom/proprietary/adsprpc/src/fastrpc_apps_user.c:3491: remote_handle64_open: opened handle 0xb400007643443b80 (remote 0x2cd860) for file:///libdspqueue_rpc_skel.so?dspqueue_rpc_skel_handle_invoke&_modver=1.0&_dom=nsp1000&_session=0 on domain 100000 (spawn time 0 us, load time 300 us), refs 2
[17/Jul/2026:00:49:24 -07:00: profiler/debug] [job_id: jp84r0rz5] [model.bin] [adsprpc] vendor/qcom/proprietary/adsprpc/src/fastrpc_notif.c:138: fastrpc_notif_domain_init: FastRPC notification worker thread launched
[17/Jul/2026:00:49:24 -07:00: profiler/debug] [job_id: jp84r0rz5] [model.bin] [adsprpc] vendor/qcom/proprietary/adsprpc/src/fastrpc_apps_user.c:5077: remote_session_control Register PD status notification request for domain 100000
[17/Jul/2026:00:49:24 -07:00: profiler/debug] [job_id: jp84r0rz5] [model.bin] [adsprpc] vendor/qcom/proprietary/adsprpc/src/fastrpc_apps_user.c:3955: get_remote_notif_response: received status notification 0 for domain 1000, session 0 (effec dom 100000)
[17/Jul/2026:00:49:24 -07:00: profiler/debug] [job_id: jp84r0rz5] [model.bin] [adsprpc] vendor/qcom/proprietary/adsprpc/src/rpcmem_android.c:651: rpcmem_dma_alloc: DMA buffer allocation completed for heap system, size 1024, flags 0x40000001, fd:163, time 12 us
[17/Jul/2026:00:49:24 -07:00: profiler/debug] [job_id: jp84r0rz5] [model.bin] [adsprpc] vendor/qcom/proprietary/adsprpc/src/rpcmem_android.c:651: rpcmem_dma_alloc: DMA buffer allocation completed for heap system, size 1792, flags 0x40000001, fd:164, time 13 us
[17/Jul/2026:00:49:24 -07:00: profiler/debug] [job_id: jp84r0rz5] [model.bin] [adsprpc] vendor/qcom/proprietary/adsprpc/src/dspqueue/dspqueue_cpu.c:683: dspqueue is using version: -1470781862, flags: 2, driver signalling: 3, wait count: 1
[17/Jul/2026:00:49:24 -07:00: profiler/debug] [job_id: jp84r0rz5] [model.bin] [adsprpc] vendor/qcom/proprietary/adsprpc/src/dspqueue/dspqueue_cpu.c:715: dspqueue_create: created Queue 0, 0xb4000077b3423e90, DSP 0x00000000 for domain 100000
[17/Jul/2026:00:49:24 -07:00: profiler/debug] [job_id: jp84r0rz5] [model.bin] Creating context from binary with 0 configurations set.
[17/Jul/2026:00:49:24 -07:00: profiler/info] [job_id: jp84r0rz5] [model.bin] QnnDsp <W> m_CFBCallbackInfoObj is not initialized, return emptyList
[17/Jul/2026:00:49:24 -07:00: profiler/debug] [job_id: jp84r0rz5] [model.bin] [adsprpc] vendor/qcom/proprietary/adsprpc/src/rpcmem_android.c:651: rpcmem_dma_alloc: DMA buffer allocation completed for heap system, size 41216, flags 0x1, fd:165, time 8 us
[17/Jul/2026:00:49:24 -07:00: profiler/debug] [job_id: jp84r0rz5] [model.bin] [adsprpc] vendor/qcom/proprietary/adsprpc/src/rpcmem_android.c:651: rpcmem_dma_alloc: DMA buffer allocation completed for heap system, size 82048, flags 0x1, fd:166, time 12 us
[17/Jul/2026:00:49:24 -07:00: profiler/debug] [job_id: jp84r0rz5] [model.bin] [adsprpc] vendor/qcom/proprietary/adsprpc/src/rpcmem_android.c:651: rpcmem_dma_alloc: DMA buffer allocation completed for heap system, size 24488, flags 0x1, fd:167, time 17 us
[17/Jul/2026:00:49:24 -07:00: profiler/debug] [job_id: jp84r0rz5] [model.bin] [adsprpc] vendor/qcom/proprietary/adsprpc/src/rpcmem_android.c:651: rpcmem_dma_alloc: DMA buffer allocation completed for heap system, size 72, flags 0x1, fd:168, time 4 us
[17/Jul/2026:00:49:24 -07:00: profiler/debug] [job_id: jp84r0rz5] [model.bin] [adsprpc] vendor/qcom/proprietary/adsprpc/src/fastrpc_apps_user.c:4393:Warning: remote_handle_control: Non-domain usage of FastRPC will be deprecated, use domains to offload to DSP using FastRPC
[17/Jul/2026:00:49:24 -07:00: profiler/debug] [job_id: jp84r0rz5] [model.bin] [adsprpc] vendor/qcom/proprietary/adsprpc/src/fastrpc_apps_user.c:4393:Warning: remote_handle_control: Non-domain usage of FastRPC will be deprecated, use domains to offload to DSP using FastRPC
[17/Jul/2026:00:49:24 -07:00: profiler/debug] [job_id: jp84r0rz5] [model.bin] [adsprpc] vendor/qcom/proprietary/adsprpc/src/rpcmem_android.c:651: rpcmem_dma_alloc: DMA buffer allocation completed for heap system, size 230686720, flags 0x1, fd:169, time 34 us
[17/Jul/2026:00:49:24 -07:00: profiler/debug] [job_id: jp84r0rz5] [model.bin] [adsprpc] vendor/qcom/proprietary/adsprpc/src/fastrpc_apps_user.c:4393:Warning: remote_handle_control: Non-domain usage of FastRPC will be deprecated, use domains to offload to DSP using FastRPC
[17/Jul/2026:00:49:24 -07:00: profiler/debug] [job_id: jp84r0rz5] [model.bin] [adsprpc] vendor/qcom/proprietary/adsprpc/src/rpcmem_android.c:651: rpcmem_dma_alloc: DMA buffer allocation completed for heap system, size 872816, flags 0x1, fd:171, time 37 us
[17/Jul/2026:00:49:24 -07:00: profiler/debug] [job_id: jp84r0rz5] [model.bin] [adsprpc] vendor/qcom/proprietary/adsprpc/src/rpcmem_android.c:651: rpcmem_dma_alloc: DMA buffer allocation completed for heap system, size 40, flags 0x1, fd:172, time 10 us
[17/Jul/2026:00:49:24 -07:00: profiler/debug] [job_id: jp84r0rz5] [model.bin] [adsprpc] vendor/qcom/proprietary/adsprpc/src/fastrpc_apps_user.c:4393:Warning: remote_handle_control: Non-domain usage of FastRPC will be deprecated, use domains to offload to DSP using FastRPC
[17/Jul/2026:00:49:24 -07:00: profiler/debug] [job_id: jp84r0rz5] [model.bin] [adsprpc] vendor/qcom/proprietary/adsprpc/src/rpcmem_android.c:651: rpcmem_dma_alloc: DMA buffer allocation completed for heap system, size 33554432, flags 0xa0000000, fd:173, time 16 us
[17/Jul/2026:00:49:24 -07:00: profiler/debug] [job_id: jp84r0rz5] [model.bin] [adsprpc] vendor/qcom/proprietary/adsprpc/src/rpcmem_android.c:651: rpcmem_dma_alloc: DMA buffer allocation completed for heap system, size 48, flags 0x1, fd:170, time 51 us
[17/Jul/2026:00:49:24 -07:00: profiler/info] [job_id: jp84r0rz5] [model.bin] Loaded graph graph_5in6krf3.
[17/Jul/2026:00:49:24 -07:00: profiler/info] [job_id: jp84r0rz5] [model.bin] Malloc VM size after: 45316.0 kB, allocated: 36092.3 kB, slack: 9223.7 kB.
[17/Jul/2026:00:49:24 -07:00: profiler/info] [job_id: jp84r0rz5] [model.bin] Status Successfully Loaded Warm with t = 129339 us and usage: before = 119340.0 kB; peakBefore = 119340.0 kB; mallocUnusedBefore = 10510.3 kB; after = 120164.0 kB; peakAfter = 120156.0 kB; mallocUnusedAfter = 9223.7 kB; increase = 0.0-2110.6 kB; peak = 816.0-11326.3 kB
[17/Jul/2026:00:49:24 -07:00: profiler/debug] [job_id: jp84r0rz5] [model.bin] Feature 'mel' has 1 batches.
[17/Jul/2026:00:49:24 -07:00: profiler/info] [job_id: jp84r0rz5] [model.bin] Applying performance mode Burst to device 0, core 0.
[17/Jul/2026:00:49:24 -07:00: profiler/debug] [job_id: jp84r0rz5] [model.bin] [adsprpc] vendor/qcom/proprietary/adsprpc/src/fastrpc_latency.c:98: fastrpc_latency_thread_handler started for QoS with activity window 100 ms
[17/Jul/2026:00:49:24 -07:00: profiler/debug] [job_id: jp84r0rz5] [model.bin] [adsprpc] vendor/qcom/proprietary/adsprpc/src/fastrpc_apps_user.c:4325: remote_handle_control_domain: requested QOS 1, latency 100 for domain 100000 handle 0xb400007643442e10
[17/Jul/2026:00:49:24 -07:00: profiler/debug] [job_id: jp84r0rz5] [model.bin] [adsprpc] vendor/qcom/proprietary/adsprpc/src/fastrpc_apps_user.c:3753: manage_poll_qos: poll mode updated to 3 for domain 100000, handle 0xb400007643442e10 for timeout 9999
[17/Jul/2026:00:49:24 -07:00: profiler/debug] [job_id: jp84r0rz5] [model.bin] [adsprpc] vendor/qcom/proprietary/adsprpc/src/fastrpc_apps_user.c:4325: remote_handle_control_domain: requested QOS 3, latency 9999 for domain 100000 handle 0xb400007643442e10
[17/Jul/2026:00:49:24 -07:00: profiler/info] [job_id: jp84r0rz5] [model.bin] Malloc VM size before: 45316.0 kB, allocated: 36095.3 kB, slack: 9220.7 kB.
[17/Jul/2026:00:49:24 -07:00: profiler/info] [job_id: jp84r0rz5] [model.bin] Current memory baseline range: 110959.3-120180.0 kB.
[17/Jul/2026:00:49:24 -07:00: profiler/info] [job_id: jp84r0rz5] [model.bin] Malloc VM size after: 45448.0 kB, allocated: 36224.0 kB, slack: 9224.0 kB.
[17/Jul/2026:00:49:24 -07:00: profiler/info] [job_id: jp84r0rz5] [model.bin] Successfully ran model for 1 iterations across 1 batches in 0.004 sec.
[17/Jul/2026:00:49:24 -07:00: profiler/info] [job_id: jp84r0rz5] [model.bin] Status Successfully Performed Validation with t = 4456 us and usage: before = 120180.0 kB; peakBefore = 120180.0 kB; mallocUnusedBefore = 9220.7 kB; after = 120296.0 kB; peakAfter = 120196.0 kB; mallocUnusedAfter = 9224.0 kB; increase = 0.0-112.6 kB; peak = 16.0-9236.7 kB
[17/Jul/2026:00:49:24 -07:00: profiler/info] [job_id: jp84r0rz5] [model.bin] Saving results to /data/local/tmp/tungsten/files/Results/job_jp84r0rz5/job_jp84r0rz5_results.bin
[17/Jul/2026:00:49:24 -07:00: profiler/debug] [job_id: jp84r0rz5] [model.bin] Feature 'mel' has 1 batches.
[17/Jul/2026:00:49:24 -07:00: profiler/debug] [job_id: jp84r0rz5] [model.bin] Feature 'output_0' has 1 batches.
[17/Jul/2026:00:49:24 -07:00: profiler/info] QnnDsp <W> m_CFBCallbackInfoObj is not initialized, return emptyList
[17/Jul/2026:00:49:24 -07:00: profiler/info] [adsprpc] vendor/qcom/proprietary/adsprpc/src/adspmsgd.c:104::error: 0x8000040d: AEE_SUCCESS == (nErr = adspmsgd_adsp1_wait(handle, &bytesToRead))
[17/Jul/2026:00:49:24 -07:00: profiler/info] [adsprpc] vendor/qcom/proprietary/adsprpc/src/adspmsgd.c:114:Error 0x8000040d: adspmsgd_reader thread of domain 100000 for handle 0x43444760 exiting (errno Success)
[17/Jul/2026:07:49:24 +00:00: profiler/info] -=- Tungsten running task: performing inference by layer -=-
[17/Jul/2026:00:49:24 -07:00: profiler/info] [job_id: jp84r0rz5] [model.bin] Loading previously saved results in /data/local/tmp/tungsten/files/Results/job_jp84r0rz5/job_jp84r0rz5_results.bin
[17/Jul/2026:00:49:24 -07:00: profiler/debug] [job_id: jp84r0rz5] [model.bin] Feature 'mel' has 1 batches.
[17/Jul/2026:00:49:24 -07:00: profiler/debug] [job_id: jp84r0rz5] [model.bin] Found asset Models/flatbuffers_data.bin in /data/user/0/ai.tetra.tungsten/cache/tungsten.assets/Models/flatbuffers_data.bin.
[17/Jul/2026:00:49:24 -07:00: profiler/debug] [job_id: jp84r0rz5] [model.bin] Feature 'mel' has 1 batches.
[17/Jul/2026:00:49:24 -07:00: profiler/debug] [job_id: jp84r0rz5] [model.bin] Feature 'mel' has 1 batches.
[17/Jul/2026:00:49:24 -07:00: profiler/debug] [job_id: jp84r0rz5] [model.bin] Feature 'mel' has 1 batches.
[17/Jul/2026:00:49:24 -07:00: profiler/debug] [job_id: jp84r0rz5] [model.bin] Starting profiler
[17/Jul/2026:00:49:24 -07:00: profiler/info] [job_id: jp84r0rz5] [model.bin] Loading QNN model Models/model.bin.
[17/Jul/2026:00:49:24 -07:00: profiler/info] [job_id: jp84r0rz5] [model.bin] Malloc VM size before: 64000.0 kB, allocated: 53461.8 kB, slack: 10538.2 kB.
[17/Jul/2026:00:49:24 -07:00: profiler/info] [job_id: jp84r0rz5] [model.bin] Current memory baseline range: 127925.8-138464.0 kB.
[17/Jul/2026:00:49:24 -07:00: profiler/debug] [job_id: jp84r0rz5] [model.bin] Found QNN interface provider with API version 2.34.
[17/Jul/2026:00:49:24 -07:00: profiler/info] [job_id: jp84r0rz5] [model.bin] QnnDsp <W> Initializing HtpProvider
[17/Jul/2026:00:49:24 -07:00: profiler/info] [job_id: jp84r0rz5] [model.bin] Loaded QNN backend from /data/user/0/ai.tetra.tungsten/cache/tungsten.lib/qnn_sdk/default/2.45.0/aarch64-android/libQnnHtp.so (version 5.45.0; core API 2.34.0; build ID v2.45.0.260326154327)
[17/Jul/2026:00:49:24 -07:00: profiler/debug] [job_id: jp84r0rz5] [model.bin] Asset model.bin not found in /data/user/0/ai.tetra.tungsten/cache/tungsten.assets/Models/model.bin.
[17/Jul/2026:00:49:24 -07:00: profiler/debug] [job_id: jp84r0rz5] [model.bin] Found asset Models/model.bin in /data/local/tmp/tungsten/files/Models/model.bin.
[17/Jul/2026:00:49:24 -07:00: profiler/debug] [job_id: jp84r0rz5] [model.bin] Asset model.bin not found in /data/user/0/ai.tetra.tungsten/cache/tungsten.assets/Models/model.bin.
[17/Jul/2026:00:49:24 -07:00: profiler/debug] [job_id: jp84r0rz5] [model.bin] Found asset Models/model.bin in /data/local/tmp/tungsten/files/Models/model.bin.
[17/Jul/2026:00:49:24 -07:00: profiler/info] [job_id: jp84r0rz5] [model.bin] Loaded /data/user/0/ai.tetra.tungsten/cache/tungsten.lib/qnn_sdk/default/2.45.0/aarch64-android/libQnnSystem.so, with version 1.9.0.
[17/Jul/2026:00:49:24 -07:00: profiler/info] [job_id: jp84r0rz5] [model.bin] Loaded QNN context binary with build id=v2.45.0.260326154327, for soc '' with 1 cores.
[17/Jul/2026:00:49:24 -07:00: profiler/debug] [job_id: jp84r0rz5] [model.bin] [adsprpc] vendor/qcom/proprietary/adsprpc/src/fastrpc_context.c:370: fastrpc_context_table_init done
[17/Jul/2026:00:49:24 -07:00: profiler/debug] [job_id: jp84r0rz5] [model.bin] [adsprpc] vendor/qcom/proprietary/adsprpc/src/fastrpc_domains.c:256: fastrpc_sysfs_watcher_init done watcher thread tid 505312937216
[17/Jul/2026:00:49:24 -07:00: profiler/debug] [job_id: jp84r0rz5] [model.bin] [adsprpc] vendor/qcom/proprietary/adsprpc/src/rpcmem_android.c:211: set up allocator 0xb4000075d3467150 for DMA buf heap system, ION heap system, heap mask 0x2000000, flags 0x1, legacy flags 0x1
[17/Jul/2026:00:49:24 -07:00: profiler/debug] [job_id: jp84r0rz5] [model.bin] [adsprpc] vendor/qcom/proprietary/adsprpc/src/fastrpc_config.c:437: Reading configuration file: ai.tetra.tungsten.debugconfig
[17/Jul/2026:00:49:24 -07:00: profiler/debug] [job_id: jp84r0rz5] [model.bin] [adsprpc] vendor/qcom/proprietary/adsprpc/src/fastrpc_domains.c:164: fastrpc_sysfs_watcher_thread starting
[17/Jul/2026:00:49:24 -07:00: profiler/debug] [job_id: jp84r0rz5] [model.bin] [adsprpc] vendor/qcom/proprietary/adsprpc/src/fastrpc_config.c:468: fastrpc_config_init: Couldn't find file ai.tetra.tungsten.debugconfig, errno (No such file or directory) at /data/user/0/ai.tetra.tungsten/cache/tungsten.lib/qnn_sdk/default/2.45.0/aarch64-android, /vendor/lib64/rfs/dsp, /vendor/lib/rfsa/adsp, /vendor/dsp
[17/Jul/2026:00:49:24 -07:00: profiler/debug] [job_id: jp84r0rz5] [model.bin] [adsprpc] vendor/qcom/proprietary/adsprpc/src/fastrpc_apps_user.c:7618: fastrpc_apps_user_init done  with default domain:3 and &fastrpc_trace:0x75a8ce46b4
[17/Jul/2026:00:49:24 -07:00: profiler/debug] [job_id: jp84r0rz5] [model.bin] [adsprpc] vendor/qcom/proprietary/adsprpc/src/fastrpc_apps_user.c:7752: multidsplib_env_init: libcdsprpc.so loaded
[17/Jul/2026:00:49:24 -07:00: profiler/debug] [job_id: jp84r0rz5] [model.bin] [adsprpc] vendor/qcom/proprietary/adsprpc/src/fastrpc_apps_user.c:4393:Warning: remote_handle_control: Non-domain usage of FastRPC will be deprecated, use domains to offload to DSP using FastRPC
[17/Jul/2026:00:49:24 -07:00: profiler/info] [job_id: jp84r0rz5] [model.bin] [adsprpc] vendor/qcom/proprietary/adsprpc/src/fastrpc_apps_user.c:4386: Error 0xe: remote_handle_control_domain failed for request ID 2 on domain 100000 (errno No such file or directory)
[17/Jul/2026:00:49:24 -07:00: profiler/debug] [job_id: jp84r0rz5] [model.bin] [adsprpc] vendor/qcom/proprietary/adsprpc/src/fastrpc_apps_user.c:6015: close_device_node: closed dev 146 on domain 3
[17/Jul/2026:00:49:24 -07:00: profiler/info] [job_id: jp84r0rz5] [model.bin] [adsprpc] vendor/qcom/proprietary/adsprpc/src/fastrpc_apps_user.c:4410: Error 0xe: remote_handle_control failed for request ID 2 (errno Success) (user err 0xe)
[17/Jul/2026:00:49:24 -07:00: profiler/debug] [job_id: jp84r0rz5] [model.bin] [adsprpc] vendor/qcom/proprietary/adsprpc/src/fastrpc_apps_user.c:4393:Warning: remote_handle_control: Non-domain usage of FastRPC will be deprecated, use domains to offload to DSP using FastRPC
[17/Jul/2026:00:49:24 -07:00: profiler/debug] [job_id: jp84r0rz5] [model.bin] [adsprpc] vendor/qcom/proprietary/adsprpc/src/fastrpc_apps_user.c:6015: close_device_node: closed dev 146 on domain 3
[17/Jul/2026:00:49:24 -07:00: profiler/debug] [job_id: jp84r0rz5] [model.bin] [adsprpc] vendor/qcom/proprietary/adsprpc/src/fastrpc_apps_user.c:4875: remote_session_control Unsigned PD enable 1 request for domain 100000
[17/Jul/2026:00:49:24 -07:00: profiler/debug] [job_id: jp84r0rz5] [model.bin] [adsprpc] vendor/qcom/proprietary/adsprpc/src/fastrpc_apps_user.c:4850: remote_session_control DSP info request for domain 100000, thread priority -1, stack size 17408
[17/Jul/2026:00:49:24 -07:00: profiler/debug] [job_id: jp84r0rz5] [model.bin] [adsprpc] vendor/qcom/proprietary/adsprpc/src/fastrpc_apps_user.c:6015: close_device_node: closed dev 146 on domain 3
[17/Jul/2026:00:49:24 -07:00: profiler/debug] [job_id: jp84r0rz5] [model.bin] [adsprpc] vendor/qcom/proprietary/adsprpc/src/fastrpc_apps_user.c:3385: WARNING: get_handle_priority_from_uri: libQnnHtpV81Skel.so lib opened handle without priority token
[17/Jul/2026:00:49:24 -07:00: profiler/debug] [job_id: jp84r0rz5] [model.bin] [adsprpc] vendor/qcom/proprietary/adsprpc/src/fastrpc_apps_user.c:6015: close_device_node: closed dev 146 on domain 3
[17/Jul/2026:00:49:24 -07:00: profiler/debug] [job_id: jp84r0rz5] [model.bin] [adsprpc] vendor/qcom/proprietary/adsprpc/src/fastrpc_apps_user.c:6185: Successfully opened /vendor/dsp/cdsp/fastrpc_shell_unsigned_3, domain 3
[17/Jul/2026:00:49:24 -07:00: profiler/debug] [job_id: jp84r0rz5] [model.bin] [adsprpc] vendor/qcom/proprietary/adsprpc/src/rpcmem_android.c:651: rpcmem_dma_alloc: DMA buffer allocation completed for heap system, size 1451100, flags 0x80000000, fd:148, time 21 us
[17/Jul/2026:00:49:24 -07:00: profiler/debug] [job_id: jp84r0rz5] [model.bin] [adsprpc] vendor/qcom/proprietary/adsprpc/src/rpcmem_android.c:651: rpcmem_dma_alloc: DMA buffer allocation completed for heap system, size 4096, flags 0x1, fd:150, time 10 us
[17/Jul/2026:00:49:24 -07:00: profiler/debug] [job_id: jp84r0rz5] [model.bin] [adsprpc] vendor/qcom/proprietary/adsprpc/src/rpcmem_android.c:651: rpcmem_dma_alloc: DMA buffer allocation completed for heap system, size 4096, flags 0x1, fd:151, time 8 us
[17/Jul/2026:00:49:24 -07:00: profiler/debug] [job_id: jp84r0rz5] [model.bin] [adsprpc] vendor/qcom/proprietary/adsprpc/src/fastrpc_apps_user.c:6298: Created user PD on domain 100000, dbg_trace 0x0, enabled attr=> RPC timeout:10000, Dbg Mode:Y, CRC:N, Unsigned:Y, Signed:N, Adapt QOS:N, PD dump: (Config:N, Dbg:N), Perf: (Kernel:N, DSP:N), Iregion:N, QTF:N, UAF:N userPD initmem len:0x500000, Log pkt: N
[17/Jul/2026:00:49:24 -07:00: profiler/debug] [job_id: jp84r0rz5] [model.bin] [adsprpc] vendor/qcom/proprietary/adsprpc/src/fastrpc_apps_user.c:1935: Successfully set remote user thread priority to 192 and stack size to 17408 for domain 100000
[17/Jul/2026:00:49:24 -07:00: profiler/debug] [job_id: jp84r0rz5] [model.bin] [adsprpc] vendor/qcom/proprietary/adsprpc/src/listener_android.c:121: listener thread starting
[17/Jul/2026:00:49:24 -07:00: profiler/debug] [job_id: jp84r0rz5] [model.bin] [adsprpc] vendor/qcom/proprietary/adsprpc/src/rpcmem_android.c:651: rpcmem_dma_alloc: DMA buffer allocation completed for heap system, size 1048576, flags 0x1, fd:148, time 13 us
[17/Jul/2026:00:49:24 -07:00: profiler/debug] [job_id: jp84r0rz5] [model.bin] [adsprpc] vendor/qcom/proprietary/adsprpc/src/fastrpc_apps_user.c:7188: persist_buf_init allocation done for persist_buf 0x75a6cf8000 size 1048576
[17/Jul/2026:00:49:24 -07:00: profiler/debug] [job_id: jp84r0rz5] [model.bin] [adsprpc] vendor/qcom/proprietary/adsprpc/src/fastrpc_apps_user.c:7198: persist_buf_init mapping done for persist_buf 0x75a6cf8000 fd 148 of size 1048576 on domain 100000
[17/Jul/2026:00:49:24 -07:00: profiler/debug] [job_id: jp84r0rz5] [model.bin] [adsprpc] vendor/qcom/proprietary/adsprpc/src/fastrpc_apps_user.c:7260: open_dev : panic error codes sent successfully
[17/Jul/2026:00:49:24 -07:00: profiler/debug] [job_id: jp84r0rz5] [model.bin] [adsprpc] vendor/qcom/proprietary/adsprpc/src/fastrpc_perf.c:292: fastrpc_perf_init: enabled systrace 0x0 and RPC traces (kernel 0, dsp 0) with frequency 1000
[17/Jul/2026:00:49:24 -07:00: profiler/debug] [job_id: jp84r0rz5] [model.bin] [adsprpc] vendor/qcom/proprietary/adsprpc/src/log_config.c:429: file_watcher_thread starting for domain 100000
[17/Jul/2026:00:49:24 -07:00: profiler/debug] [job_id: jp84r0rz5] [model.bin] [adsprpc] vendor/qcom/proprietary/adsprpc/src/rpcmem_android.c:651: rpcmem_dma_alloc: DMA buffer allocation completed for heap system, size 4096, flags 0x0, fd:158, time 18 us
[17/Jul/2026:00:49:24 -07:00: profiler/debug] [job_id: jp84r0rz5] [model.bin] [adsprpc] vendor/qcom/proprietary/adsprpc/src/rpcmem_android.c:651: rpcmem_dma_alloc: DMA buffer allocation completed for heap system, size 4096, flags 0x0, fd:159, time 19 us
[17/Jul/2026:00:49:24 -07:00: profiler/debug] [job_id: jp84r0rz5] [model.bin] [adsprpc] vendor/qcom/proprietary/adsprpc/src/mod_table.c:696: open_mod_table_open_from_static: reverse module apps_mem opened with handle 0xa8ce5f98 (idx 0)
[17/Jul/2026:00:49:24 -07:00: profiler/debug] [job_id: jp84r0rz5] [model.bin] [adsprpc] vendor/qcom/proprietary/adsprpc/src/mod_table.c:696: open_mod_table_open_from_static: reverse module apps_std opened with handle 0xa8ce6098 (idx 1)
[17/Jul/2026:00:49:24 -07:00: profiler/debug] [job_id: jp84r0rz5] [model.bin] [adsprpc] vendor/qcom/proprietary/adsprpc/src/rpcmem_android.c:651: rpcmem_dma_alloc: DMA buffer allocation completed for heap system, size 262144, flags 0x80000000, fd:160, time 11 us
[17/Jul/2026:00:49:24 -07:00: profiler/info] [job_id: jp84r0rz5] [model.bin] [adsprpc] vendor/qcom/proprietary/adsprpc/src/apps_std_imp.c:377: Error 0x2: apps_std_fopen_fd failed for /data/user/0/ai.tetra.tungsten/cache/tungsten.lib/qnn_sdk/default/2.45.0/aarch64-android/cdsp/./libQnnHtpV81Skel.so (No such file or directory)
[17/Jul/2026:00:49:24 -07:00: profiler/debug] [job_id: jp84r0rz5] [model.bin] [adsprpc] vendor/qcom/proprietary/adsprpc/src/rpcmem_android.c:651: rpcmem_dma_alloc: DMA buffer allocation completed for heap system, size 11788496, flags 0x80000000, fd:162, time 16 us
[17/Jul/2026:00:49:24 -07:00: profiler/info] [job_id: jp84r0rz5] [model.bin] [adsprpc] vendor/qcom/proprietary/adsprpc/src/log_config.c:223:Enabled adspmsgd with mask 8
[17/Jul/2026:00:49:24 -07:00: profiler/debug] [job_id: jp84r0rz5] [model.bin] [adsprpc] vendor/qcom/proprietary/adsprpc/src/log_config.c:449:file_watcher_thread: Couldn't find file ai.tetra.tungsten.farf, errno (No such file or directory) at ;/vendor/lib64/rfs/dsp;/vendor/lib/rfsa/adsp;/vendor/lib/rfsa/dsp;/vendor/dsp;
[17/Jul/2026:00:49:24 -07:00: profiler/debug] [job_id: jp84r0rz5] [model.bin] [adsprpc] vendor/qcom/proprietary/adsprpc/src/apps_std_imp.c:369: apps_std_fopen_fd done for /data/user/0/ai.tetra.tungsten/cache/tungsten.lib/qnn_sdk/default/2.45.0/aarch64-android/./libQnnHtpV81Skel.so with fsize:11788496       fopen:6us, fstat:2us, read:1244us,       rpc_alloc:54us, mmap:287us fd 0xa2 error_code 0x0
[17/Jul/2026:00:49:24 -07:00: profiler/debug] [job_id: jp84r0rz5] [model.bin] [adsprpc] vendor/qcom/proprietary/adsprpc/src/apps_std_imp.c:1236: Successfully opened file /data/user/0/ai.tetra.tungsten/cache/tungsten.lib/qnn_sdk/default/2.45.0/aarch64-android/./libQnnHtpV81Skel.so
[17/Jul/2026:00:49:24 -07:00: profiler/debug] [job_id: jp84r0rz5] [model.bin] [adsprpc] vendor/qcom/proprietary/adsprpc/src/rpcmem_android.c:651: rpcmem_dma_alloc: DMA buffer allocation completed for heap system, size 11796480, flags 0xa0000000, fd:163, time 18 us
[17/Jul/2026:00:49:24 -07:00: profiler/debug] [job_id: jp84r0rz5] [model.bin] [adsprpc] vendor/qcom/proprietary/adsprpc/src/rpcmem_android.c:651: rpcmem_dma_alloc: DMA buffer allocation completed for heap system, size 1048576, flags 0xa0000000, fd:161, time 32 us
[17/Jul/2026:00:49:24 -07:00: profiler/debug] [job_id: jp84r0rz5] [model.bin] [adsprpc] vendor/qcom/proprietary/adsprpc/src/fastrpc_apps_user.c:3491: remote_handle64_open: opened handle 0xb400007643448270 (remote 0x2cc960) for file:///libQnnHtpV81Skel.so?qnn_skel_handle_invoke&_modver=1.0&_dom=cdsp on domain 100000 (spawn time 18964 us, load time 38628 us), refs 1
[17/Jul/2026:00:49:24 -07:00: profiler/debug] [job_id: jp84r0rz5] [model.bin] [adsprpc] vendor/qcom/proprietary/adsprpc/src/rpcmem_android.c:651: rpcmem_dma_alloc: DMA buffer allocation completed for heap system, size 8, flags 0x1, fd:162, time 10 us
[17/Jul/2026:00:49:24 -07:00: profiler/debug] [job_id: jp84r0rz5] [model.bin] [adsprpc] vendor/qcom/proprietary/adsprpc/src/rpcmem_android.c:651: rpcmem_dma_alloc: DMA buffer allocation completed for heap system, size 136, flags 0x1, fd:164, time 13 us
[17/Jul/2026:00:49:24 -07:00: profiler/debug] [job_id: jp84r0rz5] [model.bin] [adsprpc] vendor/qcom/proprietary/adsprpc/src/rpcmem_android.c:651: rpcmem_dma_alloc: DMA buffer allocation completed for heap system, size 16, flags 0x1, fd:162, time 10 us
[17/Jul/2026:00:49:24 -07:00: profiler/debug] [job_id: jp84r0rz5] [model.bin] [adsprpc] vendor/qcom/proprietary/adsprpc/src/rpcmem_android.c:651: rpcmem_dma_alloc: DMA buffer allocation completed for heap system, size 8, flags 0x1, fd:164, time 10 us
[17/Jul/2026:00:49:24 -07:00: profiler/debug] [job_id: jp84r0rz5] [model.bin] [adsprpc] vendor/qcom/proprietary/adsprpc/src/rpcmem_android.c:651: rpcmem_dma_alloc: DMA buffer allocation completed for heap system, size 56, flags 0x1, fd:162, time 12 us
[17/Jul/2026:00:49:24 -07:00: profiler/debug] [job_id: jp84r0rz5] [model.bin] [adsprpc] vendor/qcom/proprietary/adsprpc/src/fastrpc_apps_user.c:3385: WARNING: get_handle_priority_from_uri: libdspqueue_rpc_skel.so lib opened handle without priority token
[17/Jul/2026:00:49:24 -07:00: profiler/debug] [job_id: jp84r0rz5] [model.bin] [adsprpc] vendor/qcom/proprietary/adsprpc/src/fastrpc_apps_user.c:3491: remote_handle64_open: opened handle 0xb4000076434304e0 (remote 0x2cd860) for file:///libdspqueue_rpc_skel.so?dspqueue_rpc_skel_handle_invoke&_modver=1.0&_dom=nsp1000&_session=0 on domain 100000 (spawn time 1 us, load time 306 us), refs 2
[17/Jul/2026:00:49:24 -07:00: profiler/debug] [job_id: jp84r0rz5] [model.bin] [adsprpc] vendor/qcom/proprietary/adsprpc/src/fastrpc_notif.c:138: fastrpc_notif_domain_init: FastRPC notification worker thread launched
[17/Jul/2026:00:49:24 -07:00: profiler/debug] [job_id: jp84r0rz5] [model.bin] [adsprpc] vendor/qcom/proprietary/adsprpc/src/fastrpc_apps_user.c:5077: remote_session_control Register PD status notification request for domain 100000
[17/Jul/2026:00:49:24 -07:00: profiler/debug] [job_id: jp84r0rz5] [model.bin] [adsprpc] vendor/qcom/proprietary/adsprpc/src/rpcmem_android.c:651: rpcmem_dma_alloc: DMA buffer allocation completed for heap system, size 1024, flags 0x40000001, fd:164, time 11 us
[17/Jul/2026:00:49:24 -07:00: profiler/debug] [job_id: jp84r0rz5] [model.bin] [adsprpc] vendor/qcom/proprietary/adsprpc/src/fastrpc_apps_user.c:3955: get_remote_notif_response: received status notification 0 for domain 1000, session 0 (effec dom 100000)
[17/Jul/2026:00:49:24 -07:00: profiler/debug] [job_id: jp84r0rz5] [model.bin] [adsprpc] vendor/qcom/proprietary/adsprpc/src/rpcmem_android.c:651: rpcmem_dma_alloc: DMA buffer allocation completed for heap system, size 1792, flags 0x40000001, fd:165, time 4 us
[17/Jul/2026:00:49:24 -07:00: profiler/debug] [job_id: jp84r0rz5] [model.bin] [adsprpc] vendor/qcom/proprietary/adsprpc/src/dspqueue/dspqueue_cpu.c:683: dspqueue is using version: -1463441830, flags: 2, driver signalling: 3, wait count: 1
[17/Jul/2026:00:49:24 -07:00: profiler/debug] [job_id: jp84r0rz5] [model.bin] [adsprpc] vendor/qcom/proprietary/adsprpc/src/dspqueue/dspqueue_cpu.c:715: dspqueue_create: created Queue 0, 0xb4000077b34436b0, DSP 0x00000000 for domain 100000
[17/Jul/2026:00:49:24 -07:00: profiler/debug] [job_id: jp84r0rz5] [model.bin] Creating context from binary with 0 configurations set.
[17/Jul/2026:00:49:24 -07:00: profiler/info] [job_id: jp84r0rz5] [model.bin] QnnDsp <W> m_CFBCallbackInfoObj is not initialized, return emptyList
[17/Jul/2026:00:49:24 -07:00: profiler/debug] [job_id: jp84r0rz5] [model.bin] [adsprpc] vendor/qcom/proprietary/adsprpc/src/rpcmem_android.c:651: rpcmem_dma_alloc: DMA buffer allocation completed for heap system, size 41216, flags 0x1, fd:166, time 21 us
[17/Jul/2026:00:49:24 -07:00: profiler/debug] [job_id: jp84r0rz5] [model.bin] [adsprpc] vendor/qcom/proprietary/adsprpc/src/rpcmem_android.c:651: rpcmem_dma_alloc: DMA buffer allocation completed for heap system, size 82048, flags 0x1, fd:167, time 13 us
[17/Jul/2026:00:49:24 -07:00: profiler/debug] [job_id: jp84r0rz5] [model.bin] [adsprpc] vendor/qcom/proprietary/adsprpc/src/rpcmem_android.c:651: rpcmem_dma_alloc: DMA buffer allocation completed for heap system, size 134242240, flags 0x1, fd:168, time 28 us
[17/Jul/2026:00:49:24 -07:00: profiler/debug] [job_id: jp84r0rz5] [model.bin] [adsprpc] vendor/qcom/proprietary/adsprpc/src/rpcmem_android.c:651: rpcmem_dma_alloc: DMA buffer allocation completed for heap system, size 72, flags 0x1, fd:169, time 11 us
[17/Jul/2026:00:49:24 -07:00: profiler/debug] [job_id: jp84r0rz5] [model.bin] [adsprpc] vendor/qcom/proprietary/adsprpc/src/fastrpc_apps_user.c:4393:Warning: remote_handle_control: Non-domain usage of FastRPC will be deprecated, use domains to offload to DSP using FastRPC
[17/Jul/2026:00:49:24 -07:00: profiler/debug] [job_id: jp84r0rz5] [model.bin] [adsprpc] vendor/qcom/proprietary/adsprpc/src/fastrpc_apps_user.c:4393:Warning: remote_handle_control: Non-domain usage of FastRPC will be deprecated, use domains to offload to DSP using FastRPC
[17/Jul/2026:00:49:24 -07:00: profiler/debug] [job_id: jp84r0rz5] [model.bin] [adsprpc] vendor/qcom/proprietary/adsprpc/src/rpcmem_android.c:651: rpcmem_dma_alloc: DMA buffer allocation completed for heap system, size 230686720, flags 0x1, fd:170, time 35 us
[17/Jul/2026:00:49:24 -07:00: profiler/debug] [job_id: jp84r0rz5] [model.bin] [adsprpc] vendor/qcom/proprietary/adsprpc/src/fastrpc_apps_user.c:4393:Warning: remote_handle_control: Non-domain usage of FastRPC will be deprecated, use domains to offload to DSP using FastRPC
[17/Jul/2026:00:49:24 -07:00: profiler/debug] [job_id: jp84r0rz5] [model.bin] [adsprpc] vendor/qcom/proprietary/adsprpc/src/rpcmem_android.c:651: rpcmem_dma_alloc: DMA buffer allocation completed for heap system, size 872816, flags 0x1, fd:171, time 41 us
[17/Jul/2026:00:49:24 -07:00: profiler/debug] [job_id: jp84r0rz5] [model.bin] [adsprpc] vendor/qcom/proprietary/adsprpc/src/rpcmem_android.c:651: rpcmem_dma_alloc: DMA buffer allocation completed for heap system, size 40, flags 0x1, fd:172, time 10 us
[17/Jul/2026:00:49:24 -07:00: profiler/debug] [job_id: jp84r0rz5] [model.bin] [adsprpc] vendor/qcom/proprietary/adsprpc/src/fastrpc_apps_user.c:4393:Warning: remote_handle_control: Non-domain usage of FastRPC will be deprecated, use domains to offload to DSP using FastRPC
[17/Jul/2026:00:49:24 -07:00: profiler/debug] [job_id: jp84r0rz5] [model.bin] [adsprpc] vendor/qcom/proprietary/adsprpc/src/rpcmem_android.c:651: rpcmem_dma_alloc: DMA buffer allocation completed for heap system, size 33554432, flags 0xa0000000, fd:173, time 29 us
[17/Jul/2026:00:49:24 -07:00: profiler/debug] [job_id: jp84r0rz5] [model.bin] [adsprpc] vendor/qcom/proprietary/adsprpc/src/rpcmem_android.c:651: rpcmem_dma_alloc: DMA buffer allocation completed for heap system, size 48, flags 0x1, fd:171, time 14 us
[17/Jul/2026:00:49:24 -07:00: profiler/info] [job_id: jp84r0rz5] [model.bin] Loaded graph graph_5in6krf3.
[17/Jul/2026:00:49:24 -07:00: profiler/info] [job_id: jp84r0rz5] [model.bin] Malloc VM size after: 64352.0 kB, allocated: 54754.7 kB, slack: 9597.3 kB.
[17/Jul/2026:00:49:24 -07:00: profiler/info] [job_id: jp84r0rz5] [model.bin] Status Successfully Loaded Warm with t = 127200 us and usage: before = 138464.0 kB; peakBefore = 138464.0 kB; mallocUnusedBefore = 10538.2 kB; after = 139212.0 kB; peakAfter = 139212.0 kB; mallocUnusedAfter = 9597.3 kB; increase = 0.0-1689.0 kB; peak = 748.0-11286.2 kB
[17/Jul/2026:00:49:24 -07:00: profiler/info] [job_id: jp84r0rz5] [model.bin] Status Successfully Performed Inference By Layer with t = 0 us and usage: before = 0.0 kB; peakBefore = 0.0 kB; mallocUnusedBefore = 0.0 kB; after = 0.0 kB; peakAfter = 0.0 kB; mallocUnusedAfter = 0.0 kB; increase = 0.0-0.0 kB; peak = 0.0-0.0 kB
[17/Jul/2026:00:49:24 -07:00: profiler/info] [job_id: jp84r0rz5] [model.bin] Saving results to /data/local/tmp/tungsten/files/Results/job_jp84r0rz5/job_jp84r0rz5_results.bin
[17/Jul/2026:00:49:24 -07:00: profiler/debug] [job_id: jp84r0rz5] [model.bin] Feature 'mel' has 1 batches.
[17/Jul/2026:00:49:24 -07:00: profiler/debug] [job_id: jp84r0rz5] [model.bin] Feature 'output_0' has 1 batches.
[17/Jul/2026:00:49:24 -07:00: profiler/info] QnnDsp <W> m_CFBCallbackInfoObj is not initialized, return emptyList
[17/Jul/2026:00:49:24 -07:00: profiler/info] [adsprpc] vendor/qcom/proprietary/adsprpc/src/adspmsgd.c:104::error: 0x8000040d: AEE_SUCCESS == (nErr = adspmsgd_adsp1_wait(handle, &bytesToRead))
[17/Jul/2026:00:49:24 -07:00: profiler/info] [adsprpc] vendor/qcom/proprietary/adsprpc/src/adspmsgd.c:114:Error 0x8000040d: adspmsgd_reader thread of domain 100000 for handle 0x43448b30 exiting (errno Success)
