[2026-07-17T07:30:33.238+00:00] [INFO] Compiling model ID mq2zg7zlq
[2026-07-17T07:30:33.238+00:00] [INFO] [compile-pre-compile] Memory: 1.1GiB / 40.0GiB (3%) | working_set: 635.3MiB | peak: 1.1GiB
[2026-07-17T07:30:38.571+00:00] [INFO] 
| /usr/lib/python3.12/copyreg.py:99: FutureWarning: `isinstance(treespec, LeafSpec)` is deprecated, use `isinstance(treespec, TreeSpec) and treespec.is_leaf()` instead.
|   return cls.__new__(cls, *args)
| [torch.onnx] Run decompositions...
| [torch.onnx] Run decompositions... ✅
| [torch.onnx] Translate the graph into ONNX...
| [torch.onnx] Translate the graph into ONNX... ✅
| {"task_name": null, "celery_task_id": null, "handler_name": null, "job_id": null, "attempt_number": null, "asctime": "17/Jul/2026:07:30:38.445044 +0000", "name": "onnx_ir.passes.common.unused_removal", "process": 1, "levelname": "INFO", "message": "No unused functions to remove"}
| {"task_name": null, "celery_task_id": null, "handler_name": null, "job_id": null, "attempt_number": null, "asctime": "17/Jul/2026:07:30:38.465420 +0000", "name": "onnx_ir.passes.common.unused_removal", "process": 1, "levelname": "INFO", "message": "Removed 25 unused nodes"}
| {"task_name": null, "celery_task_id": null, "handler_name": null, "job_id": null, "attempt_number": null, "asctime": "17/Jul/2026:07:30:38.466891 +0000", "name": "onnx_ir.passes.common.unused_removal", "process": 1, "levelname": "INFO", "message": "No unused functions to remove"}

[2026-07-17T07:30:39.456+00:00] [INFO] -=- Converting ONNX graph: decompose GeLU layers -=-
[2026-07-17T07:30:39.484+00:00] [INFO] Applying ONNX IR shape inference
[2026-07-17T07:30:39.649+00:00] [INFO] Applying ONNX IR rewriter with rules
[2026-07-17T07:30:41.392+00:00] [INFO] Ran 47 passes, 16 triggered
[2026-07-17T07:30:41.392+00:00] [INFO] Passes triggered:
[2026-07-17T07:30:41.433+00:00] [INFO] +----------------------------------------+----------+
[2026-07-17T07:30:41.433+00:00] [INFO] | Pass Name                              | Triggers |
[2026-07-17T07:30:41.433+00:00] [INFO] +----------------------------------------+----------+
[2026-07-17T07:30:41.433+00:00] [INFO] | OverrideFoldConstantsPass              |        2 |
[2026-07-17T07:30:41.433+00:00] [INFO] | RewriteRule                            |        2 |
[2026-07-17T07:30:41.433+00:00] [INFO] | ReshapeReshape                         |        1 |
[2026-07-17T07:30:41.433+00:00] [INFO] | TransposeTranspose                     |        1 |
[2026-07-17T07:30:41.433+00:00] [INFO] | RemoveOptionalBiasFromConv             |        1 |
[2026-07-17T07:30:41.433+00:00] [INFO] | DistributeMulOverMatMulConstantScalars |        1 |
[2026-07-17T07:30:41.433+00:00] [INFO] | ConvertTransposeToReshape              |        1 |
[2026-07-17T07:30:41.433+00:00] [INFO] | ReshapeTransposeReshapeTail            |        1 |
[2026-07-17T07:30:41.433+00:00] [INFO] | FuseSiblingSlicesToSplitPass           |        1 |
[2026-07-17T07:30:41.433+00:00] [INFO] | RemoveUnusedNodesPass                  |        1 |
[2026-07-17T07:30:41.433+00:00] [INFO] | ShapeInferencePass                     |        1 |
[2026-07-17T07:30:41.433+00:00] [INFO] | ReshapeUnsqueeze                       |        1 |
[2026-07-17T07:30:41.433+00:00] [INFO] | LiftConstantsToInitializersPass        |        1 |
[2026-07-17T07:30:41.434+00:00] [INFO] | DeduplicateInitializersPass            |        1 |
[2026-07-17T07:30:41.434+00:00] [INFO] +----------------------------------------+----------+
[2026-07-17T07:30:41.434+00:00] [INFO] Model metrics comparison:
[2026-07-17T07:30:41.435+00:00] [INFO] +-----------------+----------+----------+----------+
[2026-07-17T07:30:41.435+00:00] [INFO] | Metric          |   Before |    After |    Delta |
[2026-07-17T07:30:41.435+00:00] [INFO] +-----------------+----------+----------+----------+
[2026-07-17T07:30:41.435+00:00] [INFO] | Op count        |     1410 |      394 |    -1016 |
[2026-07-17T07:30:41.435+00:00] [INFO] | Model size      | 171.7MiB | 171.6MiB | -90.5KiB |
[2026-07-17T07:30:41.435+00:00] [INFO] | Add             |       51 |       50 |       -1 |
[2026-07-17T07:30:41.435+00:00] [INFO] | And             |        1 |        0 |       -1 |
[2026-07-17T07:30:41.435+00:00] [INFO] | Cast            |      170 |        0 |     -170 |
[2026-07-17T07:30:41.435+00:00] [INFO] | CastLike        |       13 |        0 |      -13 |
[2026-07-17T07:30:41.435+00:00] [INFO] | Concat          |       39 |        6 |      -33 |
[2026-07-17T07:30:41.435+00:00] [INFO] | Constant        |      413 |        0 |     -413 |
[2026-07-17T07:30:41.435+00:00] [INFO] | Conv            |        5 |        5 |       +0 |
[2026-07-17T07:30:41.435+00:00] [INFO] | Cos             |        1 |        0 |       -1 |
[2026-07-17T07:30:41.435+00:00] [INFO] | Expand          |       18 |        6 |      -12 |
[2026-07-17T07:30:41.436+00:00] [INFO] | Gather          |        1 |        1 |       +0 |
[2026-07-17T07:30:41.436+00:00] [INFO] | GatherND        |        1 |        1 |       +0 |
[2026-07-17T07:30:41.436+00:00] [INFO] | Greater         |        1 |        0 |       -1 |
[2026-07-17T07:30:41.436+00:00] [INFO] | Identity        |        7 |        0 |       -7 |
[2026-07-17T07:30:41.436+00:00] [INFO] | IsNaN           |        3 |        3 |       +0 |
[2026-07-17T07:30:41.436+00:00] [INFO] | LessOrEqual     |        1 |        0 |       -1 |
[2026-07-17T07:30:41.436+00:00] [INFO] | MatMul          |       54 |       53 |       -1 |
[2026-07-17T07:30:41.436+00:00] [INFO] | Max             |        1 |        0 |       -1 |
[2026-07-17T07:30:41.436+00:00] [INFO] | Mul             |       94 |      110 |      +16 |
[2026-07-17T07:30:41.436+00:00] [INFO] | Neg             |        6 |        6 |       +0 |
[2026-07-17T07:30:41.436+00:00] [INFO] | Pow             |       23 |        0 |      -23 |
[2026-07-17T07:30:41.436+00:00] [INFO] | Range           |        4 |        0 |       -4 |
[2026-07-17T07:30:41.436+00:00] [INFO] | Reciprocal      |       23 |       23 |       +0 |
[2026-07-17T07:30:41.436+00:00] [INFO] | ReduceMean      |       24 |       24 |       +0 |
[2026-07-17T07:30:41.436+00:00] [INFO] | Reshape         |      213 |       20 |     -193 |
[2026-07-17T07:30:41.436+00:00] [INFO] | SequenceAt      |       17 |        0 |      -17 |
[2026-07-17T07:30:41.436+00:00] [INFO] | Shape           |        9 |        0 |       -9 |
[2026-07-17T07:30:41.436+00:00] [INFO] | Sigmoid         |        8 |        8 |       +0 |
[2026-07-17T07:30:41.436+00:00] [INFO] | Sin             |        1 |        0 |       -1 |
[2026-07-17T07:30:41.436+00:00] [INFO] | Slice           |       64 |        5 |      -59 |
[2026-07-17T07:30:41.436+00:00] [INFO] | Softmax         |        3 |        3 |       +0 |
[2026-07-17T07:30:41.436+00:00] [INFO] | Split           |        0 |       12 |      +12 |
[2026-07-17T07:30:41.436+00:00] [INFO] | SplitToSequence |        6 |        0 |       -6 |
[2026-07-17T07:30:41.436+00:00] [INFO] | Sqrt            |       29 |       23 |       -6 |
[2026-07-17T07:30:41.436+00:00] [INFO] | Sub             |        1 |        0 |       -1 |
[2026-07-17T07:30:41.437+00:00] [INFO] | Transpose       |       78 |       26 |      -52 |
[2026-07-17T07:30:41.437+00:00] [INFO] | Unsqueeze       |       21 |        6 |      -15 |
[2026-07-17T07:30:41.437+00:00] [INFO] | Where           |        6 |        3 |       -3 |
[2026-07-17T07:30:41.437+00:00] [INFO] +-----------------+----------+----------+----------+
[2026-07-17T07:30:41.437+00:00] [INFO] ONNX IR rewriter with rules applied
[2026-07-17T07:30:48.703+00:00] [INFO] Saving model
[2026-07-17T07:30:48.938+00:00] [INFO] Uploading asset to https://tetrahub-qprod-userdata.s3.amazonaws.com/models/mn09w6jxn_Vrcki2P1vGzm6TfO.onnx.zip?uploadId=dFBEbCclm2XSc5PYDdHRqsFLssw1a5BLn0qeVadc4Q7lbxBV74xnOtfP04jjHpuTN3pPjWSqzqPHs0j5IXq9yNEZXTfCj5hZXP3a0Primk0PHPo744B6uXljuYMO.l2y&partNumber=1&AWSAccessKeyId=AKIAY25OF7UJ6NPOUTRI&Signature=kKcqgTc8jWh
[2026-07-17T07:30:50.499+00:00] [INFO] Successfully uploaded asset with response status: 200
[2026-07-17T07:30:51.536+00:00] [INFO] Uploading asset to https://tetrahub-qprod-userdata.s3-accelerate.amazonaws.com/
[2026-07-17T07:30:51.683+00:00] [INFO] Successfully uploaded asset with response status: 204
[2026-07-17T07:30:51.683+00:00] [INFO] Successfully computed visualization graph for mn09w6jxn
[2026-07-17T07:30:51.700+00:00] [INFO] =================================== Run compile_to_qnn_dlc =================================== 
[2026-07-17T07:30:51.701+00:00] [INFO] Applying ONNX IR rewriter with rules
[2026-07-17T07:30:58.877+00:00] [INFO] Ran 914 passes, 371 triggered
[2026-07-17T07:30:58.877+00:00] [INFO] Passes triggered:
[2026-07-17T07:30:58.877+00:00] [INFO] +---------------------------------+----------+
[2026-07-17T07:30:58.877+00:00] [INFO] | Pass Name                       | Triggers |
[2026-07-17T07:30:58.877+00:00] [INFO] +---------------------------------+----------+
[2026-07-17T07:30:58.877+00:00] [INFO] | RewriteSplit2ToSlices           |       75 |
[2026-07-17T07:30:58.877+00:00] [INFO] | RewriteSplit3ToSlices           |       71 |
[2026-07-17T07:30:58.878+00:00] [INFO] | FuseSiblingSlicesToSplitPass    |       74 |
[2026-07-17T07:30:58.878+00:00] [INFO] | RemoveUnusedNodesPass           |       75 |
[2026-07-17T07:30:58.878+00:00] [INFO] | ShapeInferencePass              |       74 |
[2026-07-17T07:30:58.878+00:00] [INFO] | LiftConstantsToInitializersPass |        1 |
[2026-07-17T07:30:58.878+00:00] [INFO] | DeduplicateInitializersPass     |        1 |
[2026-07-17T07:30:58.878+00:00] [INFO] +---------------------------------+----------+
[2026-07-17T07:30:58.879+00:00] [INFO] Model metrics comparison:
[2026-07-17T07:30:58.879+00:00] [INFO] +------------+----------+----------+---------+
[2026-07-17T07:30:58.879+00:00] [INFO] | Metric     |   Before |    After |   Delta |
[2026-07-17T07:30:58.879+00:00] [INFO] +------------+----------+----------+---------+
[2026-07-17T07:30:58.879+00:00] [INFO] | Op count   |      394 |      411 |     +17 |
[2026-07-17T07:30:58.879+00:00] [INFO] | Model size | 171.6MiB | 171.6MiB | +1.7KiB |
[2026-07-17T07:30:58.879+00:00] [INFO] | Add        |       50 |       50 |      +0 |
[2026-07-17T07:30:58.879+00:00] [INFO] | Concat     |        6 |        6 |      +0 |
[2026-07-17T07:30:58.879+00:00] [INFO] | Conv       |        5 |        5 |      +0 |
[2026-07-17T07:30:58.879+00:00] [INFO] | Expand     |        6 |        6 |      +0 |
[2026-07-17T07:30:58.879+00:00] [INFO] | Gather     |        1 |        1 |      +0 |
[2026-07-17T07:30:58.880+00:00] [INFO] | GatherND   |        1 |        1 |      +0 |
[2026-07-17T07:30:58.880+00:00] [INFO] | IsNaN      |        3 |        3 |      +0 |
[2026-07-17T07:30:58.880+00:00] [INFO] | MatMul     |       53 |       53 |      +0 |
[2026-07-17T07:30:58.880+00:00] [INFO] | Mul        |      110 |      110 |      +0 |
[2026-07-17T07:30:58.880+00:00] [INFO] | Neg        |        6 |        6 |      +0 |
[2026-07-17T07:30:58.880+00:00] [INFO] | Reciprocal |       23 |       23 |      +0 |
[2026-07-17T07:30:58.880+00:00] [INFO] | ReduceMean |       24 |       24 |      +0 |
[2026-07-17T07:30:58.880+00:00] [INFO] | Reshape    |       20 |       20 |      +0 |
[2026-07-17T07:30:58.880+00:00] [INFO] | Sigmoid    |        8 |        8 |      +0 |
[2026-07-17T07:30:58.880+00:00] [INFO] | Slice      |        5 |       34 |     +29 |
[2026-07-17T07:30:58.880+00:00] [INFO] | Softmax    |        3 |        3 |      +0 |
[2026-07-17T07:30:58.880+00:00] [INFO] | Split      |       12 |        0 |     -12 |
[2026-07-17T07:30:58.880+00:00] [INFO] | Sqrt       |       23 |       23 |      +0 |
[2026-07-17T07:30:58.880+00:00] [INFO] | Transpose  |       26 |       26 |      +0 |
[2026-07-17T07:30:58.880+00:00] [INFO] | Unsqueeze  |        6 |        6 |      +0 |
[2026-07-17T07:30:58.880+00:00] [INFO] | Where      |        3 |        3 |      +0 |
[2026-07-17T07:30:58.880+00:00] [INFO] +------------+----------+----------+---------+
[2026-07-17T07:30:58.880+00:00] [INFO] ONNX IR rewriter with rules applied
[2026-07-17T07:30:59.252+00:00] [INFO] -=- ONNX to QNN DLC (qairt-converter) -=-
[2026-07-17T07:30:59.252+00:00] [INFO] Running /tetra/qairt_env/default/2.45.0/bin/python3 /qairt_sdk/default/2.45.0/bin/x86_64-linux-clang/qairt-converter --input_network /tmp/tmp6i0jrcof/tmpkf0vrky0.onnx --output_path /tmp/tmp6i0jrcof/graph_fr2s9hwt.dlc --preserve_io_datatype output_0 output_1 --preserve_io_datatype output_0 output_1 --preserve_onnx_output_order --onnx_skip_simplification
[2026-07-17T07:30:59.913+00:00] [INFO] 2026-07-17 07:30:59,912 - 278 - INFO - INFO_INITIALIZATION_SUCCESS: 
[2026-07-17T07:31:00.088+00:00] [INFO] 2026-07-17 07:31:00,088 - 283 - WARNING - Unable to register converter supported Operation [Inverse:Version 1] with your Onnx installation. Converter will bail if Model contains this Op.
[2026-07-17T07:31:00.094+00:00] [INFO] 2026-07-17 07:31:00,094 - 283 - WARNING - Unable to register converter supported Operation [RMSNormalization:Version 23] with your Onnx installation. Converter will bail if Model contains this Op.
[2026-07-17T07:31:00.100+00:00] [INFO] 2026-07-17 07:31:00,100 - 283 - WARNING - Unable to register converter supported Operation [RotaryEmbedding:Version 23] with your Onnx installation. Converter will bail if Model contains this Op.
[2026-07-17T07:31:00.262+00:00] [INFO] 2026-07-17 07:31:00,262 - 283 - WARNING - --desired_input_shape and -d are deprecated. Use --source_model_input_shape or -s for achieving this functionality
[2026-07-17T07:31:00.262+00:00] [INFO] 2026-07-17 07:31:00,262 - 278 - INFO - Input shape info 
[2026-07-17T07:31:00.268+00:00] [INFO] 2026-07-17 07:31:00,268 - 283 - WARNING - Skipping Native checker in Defer Loading and ONNX Simplification not invoked
[2026-07-17T07:31:00.299+00:00] [INFO] 2026-07-17 07:31:00,299 - 283 - WARNING - WARNING_OP_VERSION_NOT_SUPPORTED: Operation Reciprocal Not Supported. Expected operator version: [1, 6], instead got version: [13]
[2026-07-17T07:31:00.319+00:00] [INFO] 2026-07-17 07:31:00,319 - 283 - WARNING - WARNING_OP_VERSION_NOT_SUPPORTED: Operation Reciprocal Not Supported. Expected operator version: [1, 6], instead got version: [13]
[2026-07-17T07:31:00.330+00:00] [INFO] 2026-07-17 07:31:00,330 - 283 - WARNING - WARNING_OP_VERSION_NOT_SUPPORTED: Operation Reciprocal Not Supported. Expected operator version: [1, 6], instead got version: [13]
[2026-07-17T07:31:00.348+00:00] [INFO] 2026-07-17 07:31:00,348 - 283 - WARNING - WARNING_OP_VERSION_NOT_SUPPORTED: Operation Reciprocal Not Supported. Expected operator version: [1, 6], instead got version: [13]
[2026-07-17T07:31:00.359+00:00] [INFO] 2026-07-17 07:31:00,359 - 283 - WARNING - WARNING_OP_VERSION_NOT_SUPPORTED: Operation Reciprocal Not Supported. Expected operator version: [1, 6], instead got version: [13]
[2026-07-17T07:31:00.367+00:00] [INFO] 2026-07-17 07:31:00,367 - 283 - WARNING - WARNING_OP_VERSION_NOT_SUPPORTED: Operation Reciprocal Not Supported. Expected operator version: [1, 6], instead got version: [13]
[2026-07-17T07:31:00.376+00:00] [INFO] 2026-07-17 07:31:00,376 - 283 - WARNING - WARNING_OP_VERSION_NOT_SUPPORTED: Operation Reciprocal Not Supported. Expected operator version: [1, 6], instead got version: [13]
[2026-07-17T07:31:00.417+00:00] [INFO] 2026-07-17 07:31:00,417 - 283 - WARNING - WARNING_OP_VERSION_NOT_SUPPORTED: Operation Reciprocal Not Supported. Expected operator version: [1, 6], instead got version: [13]
[2026-07-17T07:31:00.428+00:00] [INFO] 2026-07-17 07:31:00,428 - 283 - WARNING - WARNING_OP_VERSION_NOT_SUPPORTED: Operation Reciprocal Not Supported. Expected operator version: [1, 6], instead got version: [13]
[2026-07-17T07:31:00.446+00:00] [INFO] 2026-07-17 07:31:00,446 - 283 - WARNING - WARNING_OP_VERSION_NOT_SUPPORTED: Operation Reciprocal Not Supported. Expected operator version: [1, 6], instead got version: [13]
[2026-07-17T07:31:00.457+00:00] [INFO] 2026-07-17 07:31:00,457 - 283 - WARNING - WARNING_OP_VERSION_NOT_SUPPORTED: Operation Reciprocal Not Supported. Expected operator version: [1, 6], instead got version: [13]
[2026-07-17T07:31:00.465+00:00] [INFO] 2026-07-17 07:31:00,465 - 283 - WARNING - WARNING_OP_VERSION_NOT_SUPPORTED: Operation Reciprocal Not Supported. Expected operator version: [1, 6], instead got version: [13]
[2026-07-17T07:31:00.474+00:00] [INFO] 2026-07-17 07:31:00,474 - 283 - WARNING - WARNING_OP_VERSION_NOT_SUPPORTED: Operation Reciprocal Not Supported. Expected operator version: [1, 6], instead got version: [13]
[2026-07-17T07:31:00.514+00:00] [INFO] 2026-07-17 07:31:00,514 - 283 - WARNING - WARNING_OP_VERSION_NOT_SUPPORTED: Operation Reciprocal Not Supported. Expected operator version: [1, 6], instead got version: [13]
[2026-07-17T07:31:00.525+00:00] [INFO] 2026-07-17 07:31:00,524 - 283 - WARNING - WARNING_OP_VERSION_NOT_SUPPORTED: Operation Reciprocal Not Supported. Expected operator version: [1, 6], instead got version: [13]
[2026-07-17T07:31:00.543+00:00] [INFO] 2026-07-17 07:31:00,543 - 283 - WARNING - WARNING_OP_VERSION_NOT_SUPPORTED: Operation Reciprocal Not Supported. Expected operator version: [1, 6], instead got version: [13]
[2026-07-17T07:31:00.554+00:00] [INFO] 2026-07-17 07:31:00,554 - 283 - WARNING - WARNING_OP_VERSION_NOT_SUPPORTED: Operation Reciprocal Not Supported. Expected operator version: [1, 6], instead got version: [13]
[2026-07-17T07:31:00.561+00:00] [INFO] 2026-07-17 07:31:00,561 - 283 - WARNING - WARNING_OP_VERSION_NOT_SUPPORTED: Operation Reciprocal Not Supported. Expected operator version: [1, 6], instead got version: [13]
[2026-07-17T07:31:00.571+00:00] [INFO] 2026-07-17 07:31:00,571 - 283 - WARNING - WARNING_OP_VERSION_NOT_SUPPORTED: Operation Reciprocal Not Supported. Expected operator version: [1, 6], instead got version: [13]
[2026-07-17T07:31:00.610+00:00] [INFO] 2026-07-17 07:31:00,610 - 283 - WARNING - WARNING_OP_VERSION_NOT_SUPPORTED: Operation Reciprocal Not Supported. Expected operator version: [1, 6], instead got version: [13]
[2026-07-17T07:31:00.621+00:00] [INFO] 2026-07-17 07:31:00,621 - 283 - WARNING - WARNING_OP_VERSION_NOT_SUPPORTED: Operation Reciprocal Not Supported. Expected operator version: [1, 6], instead got version: [13]
[2026-07-17T07:31:00.639+00:00] [INFO] 2026-07-17 07:31:00,639 - 283 - WARNING - WARNING_OP_VERSION_NOT_SUPPORTED: Operation Reciprocal Not Supported. Expected operator version: [1, 6], instead got version: [13]
[2026-07-17T07:31:00.650+00:00] [INFO] 2026-07-17 07:31:00,650 - 283 - WARNING - WARNING_OP_VERSION_NOT_SUPPORTED: Operation Reciprocal Not Supported. Expected operator version: [1, 6], instead got version: [13]
[2026-07-17T07:31:00.714+00:00] [INFO] 2026-07-17 07:31:00,714 - 283 - WARNING - Unused Input nodes found: []
[2026-07-17T07:31:03.486+00:00] [INFO] 2026-07-17 07:31:03,485 - 278 - INFO - INFO_INITIALIZATION_SUCCESS: 
[2026-07-17T07:31:03.600+00:00] [INFO] handleReshapeOp: Squash Reshape Op: node_Slice_4076_identity due to IdentityOp. Input shape: IrTensorShape(dims = [1,641,24] , dy_axes=[]), shape after IrTensorShape(dims = [1,641,24] , dy_axes=[])
[2026-07-17T07:31:03.600+00:00] [INFO] handleReshapeOp: Squash Reshape Op: node_Slice_4073_identity due to IdentityOp. Input shape: IrTensorShape(dims = [1,641,24] , dy_axes=[]), shape after IrTensorShape(dims = [1,641,24] , dy_axes=[])
[2026-07-17T07:31:03.603+00:00] [INFO] reEvalMacsParams: Re-evaluated graph statistics after IrOptimizer optimization passes:
[2026-07-17T07:31:03.603+00:00] [INFO] reEvalMacsParams: Total MACs: 38530080
[2026-07-17T07:31:03.603+00:00] [INFO] reEvalMacsParams: Total Params Count: 36571394
[2026-07-17T07:31:03.931+00:00] [INFO] 2026-07-17 07:31:03,931 - 278 - INFO - INFO_CONVERSION_SUCCESS: Conversion completed successfully
[2026-07-17T07:31:04.253+00:00] [INFO] 2026-07-17 07:31:04,253 - 278 - INFO - INFO_WRITE_SUCCESS: 
[2026-07-17T07:31:04.343+00:00] [INFO] -=- Generating .json file from .dlc model (qairt-dlc-to-json) -=-
[2026-07-17T07:31:04.343+00:00] [INFO] Running /qairt_sdk/default/2.45.0/bin/x86_64-linux-clang/qairt-dlc-to-json -i /tmp/tmpu5too3zy.dlc -o /tmp/tmpioz9aaje.json
[2026-07-17T07:31:04.486+00:00] [INFO] Model Json saved at: /tmp/tmpioz9aaje.json
[2026-07-17T07:31:04.530+00:00] [INFO] -=- Generating .json file from .dlc model (qairt-dlc-to-json) -=-
[2026-07-17T07:31:04.530+00:00] [INFO] Running /qairt_sdk/default/2.45.0/bin/x86_64-linux-clang/qairt-dlc-to-json -i /tmp/tmpu5too3zy.dlc -o /tmp/tmp7aupfkj2.json
[2026-07-17T07:31:04.662+00:00] [INFO] Model Json saved at: /tmp/tmp7aupfkj2.json
[2026-07-17T07:31:04.686+00:00] [INFO] Saving model
[2026-07-17T07:31:04.939+00:00] [INFO] Uploading asset to https://tetrahub-qprod-userdata.s3.amazonaws.com/models/mq2zkx1lq_Wn8I3Kfj1LApM8WW.dlc?uploadId=keQ7rk_14oDZtzMzAP15X0fq8kA8Hz9QvsJIHUMCVong1oKNGYkqCd1onIPvfCHw8JqGyjVFH_IF2VLSGf_YvWcRXGAPnk3hoDPE0rNDBD90V8EEeNifTXzTcz0a0Knx&partNumber=1&AWSAccessKeyId=AKIAY25OF7UJ6NPOUTRI&Signature=fd1y3sayOGHshMaF
[2026-07-17T07:31:06.587+00:00] [INFO] Successfully uploaded asset with response status: 200
[2026-07-17T07:31:06.976+00:00] [INFO] -=- Generating .json file from .dlc model (qairt-dlc-to-json) -=-
[2026-07-17T07:31:06.977+00:00] [INFO] Running /qairt_sdk/default/2.45.0/bin/x86_64-linux-clang/qairt-dlc-to-json -i /tmp/tmpu5too3zy.dlc -o /tmp/tmpvx3xt88u.json
[2026-07-17T07:31:07.115+00:00] [INFO] Model Json saved at: /tmp/tmpvx3xt88u.json
[2026-07-17T07:31:07.331+00:00] [INFO] Uploading asset to https://tetrahub-qprod-userdata.s3-accelerate.amazonaws.com/
[2026-07-17T07:31:07.449+00:00] [INFO] Successfully uploaded asset with response status: 204
[2026-07-17T07:31:07.450+00:00] [INFO] Successfully computed visualization graph for mq2zkx1lq
[2026-07-17T07:31:07.450+00:00] [INFO] Graph name: graph_fr2s9hwt
[2026-07-17T07:31:07.451+00:00] [INFO] -=- QNN DLC models to QNN Context Binary (qnn-context-binary-generator) -=-
[2026-07-17T07:31:07.451+00:00] [INFO] Contents of HTP Settings: {'context': {'weight_sharing_enabled': False}, 'devices': [{'device_id': 0, 'dsp_arch': 'v81', 'soc_model': 87}], 'graphs': [{'fp16_relaxed_precision': 1, 'vtcm_mb': 0, 'O': 3.0, 'graph_names': ['graph_fr2s9hwt']}]}
[2026-07-17T07:31:07.451+00:00] [INFO] Contents of HTP Config file used: {'context_configs': {'enable_graphs': ['graph_fr2s9hwt']}, 'graph_configs': [{'graph_name': 'graph_fr2s9hwt'}], 'backend_extensions': {'shared_library_path': 'libQnnHtpNetRunExtensions.so', 'config_file_path': '/tmp/tmpo0v2gpmi/htp_setting.json'}}
[2026-07-17T07:31:07.451+00:00] [INFO] -=- Generating .json file from .dlc model (qairt-dlc-to-json) -=-
[2026-07-17T07:31:07.451+00:00] [INFO] Running /qairt_sdk/default/2.45.0/bin/x86_64-linux-clang/qairt-dlc-to-json -i /tmp/tmpu5too3zy.dlc -o /tmp/tmpgowqmdc8.json
[2026-07-17T07:31:07.585+00:00] [INFO] Model Json saved at: /tmp/tmpgowqmdc8.json
[2026-07-17T07:31:07.609+00:00] [INFO] Running /qairt_sdk/default/2.45.0/bin/x86_64-linux-clang/qnn-context-binary-generator --backend /qairt_sdk/default/2.45.0/lib/x86_64-linux-clang/libQnnHtp.so --dlc_path /tmp/tmpu5too3zy.dlc --output_dir /tmp/tmpo0v2gpmi --binary_file qnn_model --config_file /tmp/tmpo0v2gpmi/htp_context.json --profiling_level detailed --profiling_option optrace
[2026-07-17T07:31:07.611+00:00] [INFO] qnn-context-binary-generator pid:33
[2026-07-17T07:31:07.799+00:00] [INFO]  <W> Initializing HtpProvider
[2026-07-17T07:31:07.799+00:00] [INFO] Starting stage: Graph Preparation Initializing
[2026-07-17T07:31:07.799+00:00] [INFO] Completed stage: Graph Preparation Initializing (200 us)
[2026-07-17T07:31:07.799+00:00] [INFO] Starting stage: Graph Optimizations
[2026-07-17T07:31:08.663+00:00] [INFO] Completed stage: Graph Optimizations (864116 us)
[2026-07-17T07:31:08.664+00:00] [INFO] Starting stage: Post Graph Optimization
[2026-07-17T07:31:08.674+00:00] [INFO] Completed stage: Post Graph Optimization (10909 us)
[2026-07-17T07:31:08.749+00:00] [INFO] Starting stage: Graph Sequencing for Target
[2026-07-17T07:31:09.814+00:00] [INFO] Completed stage: Graph Sequencing for Target (1065209 us)
[2026-07-17T07:31:09.815+00:00] [INFO] Starting stage: VTCM Allocation
[2026-07-17T07:31:09.831+00:00] [INFO] Completed stage: VTCM Allocation (16495 us)
[2026-07-17T07:31:09.831+00:00] [INFO] Starting stage: Parallelization Optimization
[2026-07-17T07:31:10.038+00:00] [INFO] Completed stage: Parallelization Optimization (207160 us)
[2026-07-17T07:31:10.040+00:00] [INFO] Starting stage: Finalizing Graph Sequence
[2026-07-17T07:31:10.041+00:00] [INFO] ====== DDR bandwidth summary ======
[2026-07-17T07:31:10.042+00:00] [INFO] spill_bytes=0
[2026-07-17T07:31:10.042+00:00] [INFO] fill_bytes=0
[2026-07-17T07:31:10.042+00:00] [INFO] write_total_bytes=73984
[2026-07-17T07:31:10.042+00:00] [INFO] read_total_bytes=90103808
[2026-07-17T07:31:10.068+00:00] [INFO] Completed stage: Finalizing Graph Sequence (27351 us)
[2026-07-17T07:31:10.068+00:00] [INFO] Starting stage: Completion
[2026-07-17T07:31:10.068+00:00] [INFO] Completed stage: Completion (303 us)
[2026-07-17T07:31:10.329+00:00] [INFO] -=- Getting JSON file for context binary model (qnn-context-binary-utility) -=-
[2026-07-17T07:31:10.329+00:00] [INFO] Running /qairt_sdk/default/2.45.0/bin/x86_64-linux-clang/qnn-context-binary-utility --context_binary /tmp/tmpaa0agfvm/model.bin --json_file /tmp/tmp9m6sjwrn.json
[2026-07-17T07:31:10.383+00:00] [INFO] Saving model
[2026-07-17T07:31:10.684+00:00] [INFO] Uploading asset to https://tetrahub-qprod-userdata.s3.amazonaws.com/models/mq8xozd3n_1xT0sBNXCIfJ72Hy.bin?uploadId=Tlwj9eOdQEf1Sg.otj3AcA1fRKHox8Q.NrLSjlZ3_PtjZN09sThjpZ14BqODSq1kOtL3rOfE3Zes84pr42kzu1H2D5GvkdcM_awHELP1dxg7oljmrCND0i2zXWJ7nsKS&partNumber=1&AWSAccessKeyId=AKIAY25OF7UJ6NPOUTRI&Signature=LbzaEdk5TdgnZ0DI
[2026-07-17T07:31:11.566+00:00] [INFO] Successfully uploaded asset with response status: 200
[2026-07-17T07:31:11.893+00:00] [INFO] Uploading qnn schematic: default
[2026-07-17T07:31:12.578+00:00] [INFO] Uploading asset to https://tetrahub-qprod-userdata.s3-accelerate.amazonaws.com/
[2026-07-17T07:31:12.702+00:00] [INFO] Successfully uploaded asset with response status: 204
[2026-07-17T07:31:12.703+00:00] [INFO] Successfully computed visualization graph for mq8xozd3n
[2026-07-17T07:31:12.712+00:00] [INFO] -=- Compilation completed -=-
[2026-07-17T07:31:12.713+00:00] [INFO] [compile-post-compile] Memory: 1.7GiB / 40.0GiB (4%) | working_set: 1.5GiB | peak: 2.5GiB
