[2026-07-17T07:29:33.226+00:00] [INFO] Compiling model ID mqpy88xjq
[2026-07-17T07:29:33.226+00:00] [INFO] [compile-pre-compile] Memory: 1013.8MiB / 40.0GiB (2%) | working_set: 633.0MiB | peak: 1013.8MiB
[2026-07-17T07:29:36.545+00:00] [INFO] 
| /usr/lib/python3.12/copyreg.py:99: FutureWarning: `isinstance(treespec, LeafSpec)` is deprecated, use `isinstance(treespec, TreeSpec) and treespec.is_leaf()` instead.
|   return cls.__new__(cls, *args)
| [torch.onnx] Run decompositions...
| [torch.onnx] Run decompositions... ✅
| [torch.onnx] Translate the graph into ONNX...
| [torch.onnx] Translate the graph into ONNX... ✅
| {"task_name": null, "celery_task_id": null, "handler_name": null, "job_id": null, "attempt_number": null, "asctime": "17/Jul/2026:07:29:36.430794 +0000", "name": "onnx_ir.passes.common.unused_removal", "process": 1, "levelname": "INFO", "message": "No unused functions to remove"}
| {"task_name": null, "celery_task_id": null, "handler_name": null, "job_id": null, "attempt_number": null, "asctime": "17/Jul/2026:07:29:36.437845 +0000", "name": "onnx_ir.passes.common.unused_removal", "process": 1, "levelname": "INFO", "message": "Removed 8 unused nodes"}
| {"task_name": null, "celery_task_id": null, "handler_name": null, "job_id": null, "attempt_number": null, "asctime": "17/Jul/2026:07:29:36.438447 +0000", "name": "onnx_ir.passes.common.unused_removal", "process": 1, "levelname": "INFO", "message": "No unused functions to remove"}

[2026-07-17T07:29:37.674+00:00] [INFO] -=- Converting ONNX graph: decompose GeLU layers -=-
[2026-07-17T07:29:37.683+00:00] [INFO] Applying ONNX IR shape inference
[2026-07-17T07:29:37.836+00:00] [INFO] Applying ONNX IR rewriter with rules
[2026-07-17T07:29:38.412+00:00] [INFO] Ran 42 passes, 11 triggered
[2026-07-17T07:29:38.413+00:00] [INFO] Passes triggered:
[2026-07-17T07:29:38.454+00:00] [INFO] +---------------------------------+----------+
[2026-07-17T07:29:38.454+00:00] [INFO] | Pass Name                       | Triggers |
[2026-07-17T07:29:38.454+00:00] [INFO] +---------------------------------+----------+
[2026-07-17T07:29:38.454+00:00] [INFO] | OverrideFoldConstantsPass       |        2 |
[2026-07-17T07:29:38.454+00:00] [INFO] | RewriteRule                     |        2 |
[2026-07-17T07:29:38.454+00:00] [INFO] | ConvertTransposeToReshape       |        1 |
[2026-07-17T07:29:38.454+00:00] [INFO] | FuseSiblingSlicesToSplitPass    |        1 |
[2026-07-17T07:29:38.454+00:00] [INFO] | RemoveUnusedNodesPass           |        1 |
[2026-07-17T07:29:38.454+00:00] [INFO] | ShapeInferencePass              |        1 |
[2026-07-17T07:29:38.454+00:00] [INFO] | ReshapeReshape                  |        1 |
[2026-07-17T07:29:38.454+00:00] [INFO] | LiftConstantsToInitializersPass |        1 |
[2026-07-17T07:29:38.454+00:00] [INFO] | DeduplicateInitializersPass     |        1 |
[2026-07-17T07:29:38.454+00:00] [INFO] +---------------------------------+----------+
[2026-07-17T07:29:38.455+00:00] [INFO] Model metrics comparison:
[2026-07-17T07:29:38.455+00:00] [INFO] +------------+----------+----------+----------+
[2026-07-17T07:29:38.455+00:00] [INFO] | Metric     |   Before |    After |    Delta |
[2026-07-17T07:29:38.456+00:00] [INFO] +------------+----------+----------+----------+
[2026-07-17T07:29:38.456+00:00] [INFO] | Op count   |      435 |       76 |     -359 |
[2026-07-17T07:29:38.456+00:00] [INFO] | Model size | 232.1MiB | 232.0MiB | -34.8KiB |
[2026-07-17T07:29:38.456+00:00] [INFO] | Add        |        9 |        9 |       +0 |
[2026-07-17T07:29:38.456+00:00] [INFO] | Cast       |       62 |        0 |      -62 |
[2026-07-17T07:29:38.456+00:00] [INFO] | Concat     |       12 |        4 |       -8 |
[2026-07-17T07:29:38.456+00:00] [INFO] | Constant   |      184 |        0 |     -184 |
[2026-07-17T07:29:38.456+00:00] [INFO] | Expand     |        2 |        2 |       +0 |
[2026-07-17T07:29:38.456+00:00] [INFO] | Identity   |        3 |        0 |       -3 |
[2026-07-17T07:29:38.456+00:00] [INFO] | MatMul     |        9 |        9 |       +0 |
[2026-07-17T07:29:38.456+00:00] [INFO] | Mul        |       15 |       19 |       +4 |
[2026-07-17T07:29:38.456+00:00] [INFO] | Neg        |        2 |        2 |       +0 |
[2026-07-17T07:29:38.456+00:00] [INFO] | Pow        |        4 |        0 |       -4 |
[2026-07-17T07:29:38.456+00:00] [INFO] | Reciprocal |        4 |        4 |       +0 |
[2026-07-17T07:29:38.456+00:00] [INFO] | ReduceMean |        4 |        4 |       +0 |
[2026-07-17T07:29:38.456+00:00] [INFO] | Reshape    |       71 |        8 |      -63 |
[2026-07-17T07:29:38.456+00:00] [INFO] | Sigmoid    |        1 |        1 |       +0 |
[2026-07-17T07:29:38.456+00:00] [INFO] | Slice      |       32 |        4 |      -28 |
[2026-07-17T07:29:38.456+00:00] [INFO] | Softmax    |        1 |        1 |       +0 |
[2026-07-17T07:29:38.456+00:00] [INFO] | Split      |        0 |        2 |       +2 |
[2026-07-17T07:29:38.456+00:00] [INFO] | Sqrt       |        4 |        4 |       +0 |
[2026-07-17T07:29:38.456+00:00] [INFO] | Transpose  |       12 |        1 |      -11 |
[2026-07-17T07:29:38.456+00:00] [INFO] | Unsqueeze  |        4 |        2 |       -2 |
[2026-07-17T07:29:38.457+00:00] [INFO] +------------+----------+----------+----------+
[2026-07-17T07:29:38.457+00:00] [INFO] ONNX IR rewriter with rules applied
[2026-07-17T07:29:45.588+00:00] [INFO] Saving model
[2026-07-17T07:29:46.228+00:00] [INFO] Uploading asset to https://tetrahub-qprod-userdata.s3.amazonaws.com/models/mn09w6xxn_1zqAQxB3OIyxiOda.onnx.zip?uploadId=_0lQHU5c0j9152STksBpv1DcKoTYHivo1L.FPljTVT_jB4T2wAjVln01IBtyQ.MqDxvhu2vYsEWFsLXyq0yHGxmQanHmxMpYt.96gXHgO9Q5CeSKe__nikoyhRChGwNo&partNumber=1&AWSAccessKeyId=AKIAY25OF7UJ6NPOUTRI&Signature=8rjhx4R5K%2
[2026-07-17T07:29:47.410+00:00] [INFO] Successfully uploaded asset with response status: 200
[2026-07-17T07:29:48.126+00:00] [INFO] Uploading asset to https://tetrahub-qprod-userdata.s3-accelerate.amazonaws.com/
[2026-07-17T07:29:48.276+00:00] [INFO] Successfully uploaded asset with response status: 204
[2026-07-17T07:29:48.277+00:00] [INFO] Successfully computed visualization graph for mn09w6xxn
[2026-07-17T07:29:48.312+00:00] [INFO] =================================== Run compile_to_qnn_dlc =================================== 
[2026-07-17T07:29:48.312+00:00] [INFO] Applying ONNX IR rewriter with rules
[2026-07-17T07:29:48.605+00:00] [INFO] Ran 194 passes, 64 triggered
[2026-07-17T07:29:48.606+00:00] [INFO] Passes triggered:
[2026-07-17T07:29:48.606+00:00] [INFO] +---------------------------------+----------+
[2026-07-17T07:29:48.606+00:00] [INFO] | Pass Name                       | Triggers |
[2026-07-17T07:29:48.606+00:00] [INFO] +---------------------------------+----------+
[2026-07-17T07:29:48.606+00:00] [INFO] | RewriteSplit2ToSlices           |       16 |
[2026-07-17T07:29:48.606+00:00] [INFO] | FuseSiblingSlicesToSplitPass    |       15 |
[2026-07-17T07:29:48.606+00:00] [INFO] | RemoveUnusedNodesPass           |       16 |
[2026-07-17T07:29:48.606+00:00] [INFO] | ShapeInferencePass              |       15 |
[2026-07-17T07:29:48.606+00:00] [INFO] | LiftConstantsToInitializersPass |        1 |
[2026-07-17T07:29:48.606+00:00] [INFO] | DeduplicateInitializersPass     |        1 |
[2026-07-17T07:29:48.606+00:00] [INFO] +---------------------------------+----------+
[2026-07-17T07:29:48.606+00:00] [INFO] Model metrics comparison:
[2026-07-17T07:29:48.607+00:00] [INFO] +------------+----------+----------+---------+
[2026-07-17T07:29:48.607+00:00] [INFO] | Metric     |   Before |    After |   Delta |
[2026-07-17T07:29:48.607+00:00] [INFO] +------------+----------+----------+---------+
[2026-07-17T07:29:48.607+00:00] [INFO] | Op count   |       76 |       78 |      +2 |
[2026-07-17T07:29:48.607+00:00] [INFO] | Model size | 232.0MiB | 232.0MiB | +208.0B |
[2026-07-17T07:29:48.607+00:00] [INFO] | Add        |        9 |        9 |      +0 |
[2026-07-17T07:29:48.607+00:00] [INFO] | Concat     |        4 |        4 |      +0 |
[2026-07-17T07:29:48.607+00:00] [INFO] | Expand     |        2 |        2 |      +0 |
[2026-07-17T07:29:48.607+00:00] [INFO] | MatMul     |        9 |        9 |      +0 |
[2026-07-17T07:29:48.607+00:00] [INFO] | Mul        |       19 |       19 |      +0 |
[2026-07-17T07:29:48.607+00:00] [INFO] | Neg        |        2 |        2 |      +0 |
[2026-07-17T07:29:48.607+00:00] [INFO] | Reciprocal |        4 |        4 |      +0 |
[2026-07-17T07:29:48.607+00:00] [INFO] | ReduceMean |        4 |        4 |      +0 |
[2026-07-17T07:29:48.607+00:00] [INFO] | Reshape    |        8 |        8 |      +0 |
[2026-07-17T07:29:48.607+00:00] [INFO] | Sigmoid    |        1 |        1 |      +0 |
[2026-07-17T07:29:48.607+00:00] [INFO] | Slice      |        4 |        8 |      +4 |
[2026-07-17T07:29:48.608+00:00] [INFO] | Softmax    |        1 |        1 |      +0 |
[2026-07-17T07:29:48.608+00:00] [INFO] | Split      |        2 |        0 |      -2 |
[2026-07-17T07:29:48.608+00:00] [INFO] | Sqrt       |        4 |        4 |      +0 |
[2026-07-17T07:29:48.608+00:00] [INFO] | Transpose  |        1 |        1 |      +0 |
[2026-07-17T07:29:48.608+00:00] [INFO] | Unsqueeze  |        2 |        2 |      +0 |
[2026-07-17T07:29:48.608+00:00] [INFO] +------------+----------+----------+---------+
[2026-07-17T07:29:48.608+00:00] [INFO] ONNX IR rewriter with rules applied
[2026-07-17T07:29:49.302+00:00] [INFO] -=- ONNX to QNN DLC (qairt-converter) -=-
[2026-07-17T07:29:49.302+00:00] [INFO] Running /tetra/qairt_env/default/2.45.0/bin/python3 /qairt_sdk/default/2.45.0/bin/x86_64-linux-clang/qairt-converter --input_network /tmp/tmp8cc76t6o/tmpr2e9cksz.onnx --output_path /tmp/tmp8cc76t6o/graph_gbizb0b6.dlc --preserve_io_datatype hidden_states key_cache value_cache output_0 output_1 output_2 --preserve_io_datatype hidden_states key_cache value_cache output_0 output_1 output_2 --preserve_onnx_output_order --onnx_skip_simplification
[2026-07-17T07:29:49.961+00:00] [INFO] 2026-07-17 07:29:49,961 - 278 - INFO - INFO_INITIALIZATION_SUCCESS: 
[2026-07-17T07:29:50.140+00:00] [INFO] 2026-07-17 07:29:50,139 - 283 - WARNING - Unable to register converter supported Operation [Inverse:Version 1] with your Onnx installation. Converter will bail if Model contains this Op.
[2026-07-17T07:29:50.146+00:00] [INFO] 2026-07-17 07:29:50,146 - 283 - WARNING - Unable to register converter supported Operation [RMSNormalization:Version 23] with your Onnx installation. Converter will bail if Model contains this Op.
[2026-07-17T07:29:50.152+00:00] [INFO] 2026-07-17 07:29:50,152 - 283 - WARNING - Unable to register converter supported Operation [RotaryEmbedding:Version 23] with your Onnx installation. Converter will bail if Model contains this Op.
[2026-07-17T07:29:50.313+00:00] [INFO] 2026-07-17 07:29:50,313 - 283 - WARNING - --desired_input_shape and -d are deprecated. Use --source_model_input_shape or -s for achieving this functionality
[2026-07-17T07:29:50.313+00:00] [INFO] 2026-07-17 07:29:50,313 - 278 - INFO - Input shape info 
[2026-07-17T07:29:50.315+00:00] [INFO] 2026-07-17 07:29:50,315 - 283 - WARNING - Skipping Native checker in Defer Loading and ONNX Simplification not invoked
[2026-07-17T07:29:50.320+00:00] [INFO] 2026-07-17 07:29:50,320 - 283 - WARNING - WARNING_OP_VERSION_NOT_SUPPORTED: Operation Reciprocal Not Supported. Expected operator version: [1, 6], instead got version: [13]
[2026-07-17T07:29:50.328+00:00] [INFO] 2026-07-17 07:29:50,328 - 283 - WARNING - WARNING_OP_VERSION_NOT_SUPPORTED: Operation Reciprocal Not Supported. Expected operator version: [1, 6], instead got version: [13]
[2026-07-17T07:29:50.341+00:00] [INFO] 2026-07-17 07:29:50,340 - 283 - WARNING - WARNING_OP_VERSION_NOT_SUPPORTED: Operation Reciprocal Not Supported. Expected operator version: [1, 6], instead got version: [13]
[2026-07-17T07:29:50.384+00:00] [INFO] 2026-07-17 07:29:50,384 - 283 - WARNING - WARNING_OP_VERSION_NOT_SUPPORTED: Operation Reciprocal Not Supported. Expected operator version: [1, 6], instead got version: [13]
[2026-07-17T07:29:50.403+00:00] [INFO] 2026-07-17 07:29:50,403 - 283 - WARNING - Unused Input nodes found: []
[2026-07-17T07:29:51.435+00:00] [INFO] 2026-07-17 07:29:51,435 - 278 - INFO - INFO_INITIALIZATION_SUCCESS: 
[2026-07-17T07:29:51.455+00:00] [INFO] handleReshapeOp: Squash Reshape Op: node_add_8_identity due to IdentityOp. Input shape: IrTensorShape(dims = [1,1,2048] , dy_axes=[]), shape after IrTensorShape(dims = [1,1,2048] , dy_axes=[])
[2026-07-17T07:29:51.456+00:00] [INFO] reEvalMacsParams: Re-evaluated graph statistics after IrOptimizer optimization passes:
[2026-07-17T07:29:51.456+00:00] [INFO] reEvalMacsParams: Total MACs: 60944896
[2026-07-17T07:29:51.456+00:00] [INFO] reEvalMacsParams: Total Params Count: 60817408
[2026-07-17T07:29:51.890+00:00] [INFO] 2026-07-17 07:29:51,889 - 278 - INFO - INFO_CONVERSION_SUCCESS: Conversion completed successfully
[2026-07-17T07:29:52.589+00:00] [INFO] 2026-07-17 07:29:52,588 - 278 - INFO - INFO_WRITE_SUCCESS: 
[2026-07-17T07:29:52.691+00:00] [INFO] -=- Generating .json file from .dlc model (qairt-dlc-to-json) -=-
[2026-07-17T07:29:52.691+00:00] [INFO] Running /qairt_sdk/default/2.45.0/bin/x86_64-linux-clang/qairt-dlc-to-json -i /tmp/tmp804_q_sh.dlc -o /tmp/tmp5rc9zun8.json
[2026-07-17T07:29:52.826+00:00] [INFO] Model Json saved at: /tmp/tmp5rc9zun8.json
[2026-07-17T07:29:52.851+00:00] [INFO] -=- Generating .json file from .dlc model (qairt-dlc-to-json) -=-
[2026-07-17T07:29:52.851+00:00] [INFO] Running /qairt_sdk/default/2.45.0/bin/x86_64-linux-clang/qairt-dlc-to-json -i /tmp/tmp804_q_sh.dlc -o /tmp/tmp9vidbmxh.json
[2026-07-17T07:29:52.976+00:00] [INFO] Model Json saved at: /tmp/tmp9vidbmxh.json
[2026-07-17T07:29:52.999+00:00] [INFO] Saving model
[2026-07-17T07:29:53.253+00:00] [INFO] Uploading asset to https://tetrahub-qprod-userdata.s3.amazonaws.com/models/mq8xozk3n_iCzflY5k8PNnwcWf.dlc?uploadId=2ep19S5DjltQY6n8_4IOJrEFXgLkIC9bFafI1CK_vqNZyJQ9UicVRUx2D7nFW4LQzosLDmDBHfAIGfsPe8qnI4j6ut60m8yqeDUNZzpIrILqjyOJm7k3LHfT0JH2O7bd&partNumber=1&AWSAccessKeyId=AKIAY25OF7UJ6NPOUTRI&Signature=Fwk17yGaSqsoQ8G6
[2026-07-17T07:29:55.515+00:00] [INFO] Successfully uploaded asset with response status: 200
[2026-07-17T07:29:55.832+00:00] [INFO] -=- Generating .json file from .dlc model (qairt-dlc-to-json) -=-
[2026-07-17T07:29:55.832+00:00] [INFO] Running /qairt_sdk/default/2.45.0/bin/x86_64-linux-clang/qairt-dlc-to-json -i /tmp/tmp804_q_sh.dlc -o /tmp/tmptzldlg3g.json
[2026-07-17T07:29:55.962+00:00] [INFO] Model Json saved at: /tmp/tmptzldlg3g.json
[2026-07-17T07:29:56.161+00:00] [INFO] Uploading asset to https://tetrahub-qprod-userdata.s3-accelerate.amazonaws.com/
[2026-07-17T07:29:56.303+00:00] [INFO] Successfully uploaded asset with response status: 204
[2026-07-17T07:29:56.304+00:00] [INFO] Successfully computed visualization graph for mq8xozk3n
[2026-07-17T07:29:56.305+00:00] [INFO] Graph name: graph_gbizb0b6
[2026-07-17T07:29:56.305+00:00] [INFO] -=- QNN DLC models to QNN Context Binary (qnn-context-binary-generator) -=-
[2026-07-17T07:29:56.306+00:00] [INFO] Contents of HTP Settings: {'context': {'weight_sharing_enabled': False}, 'devices': [{'device_id': 0, 'dsp_arch': 'v81', 'soc_model': 87}], 'graphs': [{'fp16_relaxed_precision': 1, 'vtcm_mb': 0, 'O': 3.0, 'graph_names': ['graph_gbizb0b6']}]}
[2026-07-17T07:29:56.306+00:00] [INFO] Contents of HTP Config file used: {'context_configs': {'enable_graphs': ['graph_gbizb0b6']}, 'graph_configs': [{'graph_name': 'graph_gbizb0b6'}], 'backend_extensions': {'shared_library_path': 'libQnnHtpNetRunExtensions.so', 'config_file_path': '/tmp/tmp9ri8akbb/htp_setting.json'}}
[2026-07-17T07:29:56.306+00:00] [INFO] -=- Generating .json file from .dlc model (qairt-dlc-to-json) -=-
[2026-07-17T07:29:56.306+00:00] [INFO] Running /qairt_sdk/default/2.45.0/bin/x86_64-linux-clang/qairt-dlc-to-json -i /tmp/tmp804_q_sh.dlc -o /tmp/tmpuztfhe7e.json
[2026-07-17T07:29:56.449+00:00] [INFO] Model Json saved at: /tmp/tmpuztfhe7e.json
[2026-07-17T07:29:56.460+00:00] [INFO] Running /qairt_sdk/default/2.45.0/bin/x86_64-linux-clang/qnn-context-binary-generator --backend /qairt_sdk/default/2.45.0/lib/x86_64-linux-clang/libQnnHtp.so --dlc_path /tmp/tmp804_q_sh.dlc --output_dir /tmp/tmp9ri8akbb --binary_file qnn_model --config_file /tmp/tmp9ri8akbb/htp_context.json --profiling_level detailed --profiling_option optrace
[2026-07-17T07:29:56.462+00:00] [INFO] qnn-context-binary-generator pid:33
[2026-07-17T07:29:56.685+00:00] [INFO]  <W> Initializing HtpProvider
[2026-07-17T07:29:56.685+00:00] [INFO] Starting stage: Graph Preparation Initializing
[2026-07-17T07:29:56.685+00:00] [INFO] Completed stage: Graph Preparation Initializing (219 us)
[2026-07-17T07:29:56.685+00:00] [INFO] Starting stage: Graph Optimizations
[2026-07-17T07:29:57.530+00:00] [INFO] Completed stage: Graph Optimizations (845348 us)
[2026-07-17T07:29:57.531+00:00] [INFO] Starting stage: Post Graph Optimization
[2026-07-17T07:29:57.537+00:00] [INFO] Completed stage: Post Graph Optimization (6871 us)
[2026-07-17T07:29:57.572+00:00] [INFO] Starting stage: Graph Sequencing for Target
[2026-07-17T07:29:57.855+00:00] [INFO] Completed stage: Graph Sequencing for Target (283056 us)
[2026-07-17T07:29:57.855+00:00] [INFO] Starting stage: VTCM Allocation
[2026-07-17T07:29:57.860+00:00] [INFO] Completed stage: VTCM Allocation (5518 us)
[2026-07-17T07:29:57.860+00:00] [INFO] Starting stage: Parallelization Optimization
[2026-07-17T07:29:58.118+00:00] [INFO] Completed stage: Parallelization Optimization (257839 us)
[2026-07-17T07:29:58.119+00:00] [INFO] Starting stage: Finalizing Graph Sequence
[2026-07-17T07:29:58.120+00:00] [INFO] ====== DDR bandwidth summary ======
[2026-07-17T07:29:58.120+00:00] [INFO] spill_bytes=0
[2026-07-17T07:29:58.120+00:00] [INFO] fill_bytes=0
[2026-07-17T07:29:58.120+00:00] [INFO] write_total_bytes=196608
[2026-07-17T07:29:58.121+00:00] [INFO] read_total_bytes=121741312
[2026-07-17T07:29:58.143+00:00] [INFO] Completed stage: Finalizing Graph Sequence (24849 us)
[2026-07-17T07:29:58.144+00:00] [INFO] Starting stage: Completion
[2026-07-17T07:29:58.144+00:00] [INFO] Completed stage: Completion (261 us)
[2026-07-17T07:29:58.512+00:00] [INFO] -=- Getting JSON file for context binary model (qnn-context-binary-utility) -=-
[2026-07-17T07:29:58.512+00:00] [INFO] Running /qairt_sdk/default/2.45.0/bin/x86_64-linux-clang/qnn-context-binary-utility --context_binary /tmp/tmpijol1fy6/model.bin --json_file /tmp/tmpcaj3atvq.json
[2026-07-17T07:29:58.582+00:00] [INFO] Saving model
[2026-07-17T07:29:58.894+00:00] [INFO] Uploading asset to https://tetrahub-qprod-userdata.s3.amazonaws.com/models/mnw1o3erq_kPBhHLDjQ7kUrzJM.bin?uploadId=HS_azEdaW.x.lx_fM5KzcY9BECTJprKf4YUD5nGycVNIHCWk1Dw9iYt1DoHBuPNPGToH7dLkHAxMiy9haGgl7.FGR7d.eTcPmlJ39zPk4PlwtvH5mGaxG2DeveHhRA2i&partNumber=1&AWSAccessKeyId=AKIAY25OF7UJ6NPOUTRI&Signature=J9t%2BZ8pMn1ECv9
[2026-07-17T07:30:00.063+00:00] [INFO] Successfully uploaded asset with response status: 200
[2026-07-17T07:30:00.631+00:00] [INFO] Uploading qnn schematic: default
[2026-07-17T07:30:01.185+00:00] [INFO] Uploading asset to https://tetrahub-qprod-userdata.s3-accelerate.amazonaws.com/
[2026-07-17T07:30:01.314+00:00] [INFO] Successfully uploaded asset with response status: 204
[2026-07-17T07:30:01.315+00:00] [INFO] Successfully computed visualization graph for mnw1o3erq
[2026-07-17T07:30:01.330+00:00] [INFO] -=- Compilation completed -=-
[2026-07-17T07:30:01.331+00:00] [INFO] [compile-post-compile] Memory: 1.8GiB / 40.0GiB (4%) | working_set: 1.6GiB | peak: 2.9GiB
