[17/Jul/2026:07:52:56 +00:00: profiler/info] -=- Tungsten Initializing -=-
[17/Jul/2026:07:52:56 +00:00: profiler/info] Android system property: ro.board.platform = canoe
[17/Jul/2026:07:52:56 +00:00: profiler/info] Android system property: ro.boot.hardware = qcom
[17/Jul/2026:07:52:56 +00:00: profiler/info] Android system property: ro.boot.hardware.platform = 
[17/Jul/2026:07:52:56 +00:00: profiler/info] Android system property: ro.system.build.id = BQ2A.251217.002-BP2A.250705.008
[17/Jul/2026:07:52:56 +00:00: profiler/info] Android system property: ro.system.build.version.release = 16
[17/Jul/2026:07:52:56 +00:00: profiler/info] Android system property: ro.hardware = qcom
[17/Jul/2026:07:52:56 +00:00: profiler/info] Android system property: ro.hardware.chipname = 
[17/Jul/2026:07:52:56 +00:00: profiler/info] Android system property: ro.product.board = canoe
[17/Jul/2026:07:52:56 +00:00: profiler/info] Android system property: ro.product.brand = qti
[17/Jul/2026:07:52:56 +00:00: profiler/info] Android system property: ro.product.device = canoe
[17/Jul/2026:07:52:56 +00:00: profiler/info] Android system property: ro.product.build.fingerprint = qti/qssi_64/qssi_64:16/BQ2A.251217.002-BP2A.250705.008/eng.lnxbui:userdebug/test-keys
[17/Jul/2026:07:52:56 +00:00: profiler/info] Android system property: ro.product.manufacturer = QUALCOMM
[17/Jul/2026:07:52:56 +00:00: profiler/info] Android system property: ro.product.model = Canoe for arm64
[17/Jul/2026:07:52:56 +00:00: profiler/info] Android system property: ro.product.name = canoe
[17/Jul/2026:07:52:56 +00:00: profiler/info] Android system property: ro.soc.manufacturer = QTI
[17/Jul/2026:07:52:56 +00:00: profiler/info] Android system property: ro.soc.model = SM8850
[17/Jul/2026:07:52:56 +00:00: profiler/info] [tflite] Loaded OpenCL library with dlopen.
[17/Jul/2026:07:52:56 +00:00: profiler/info] OpenCL Version: OpenCL C 3.0 Adreno(TM) 840
[17/Jul/2026:07:52:56 +00:00: profiler/info] Detected Qualcomm SOC=SM8850. SOC Model=87, Hexagon arch=81, supports QNN=true, unsigned PDs=true, fp16=true, QNN flavor=default.
[17/Jul/2026:07:52:56 +00:00: profiler/info] This device type has up to 1 HTP cores but this may not reflect the current device's configuration.
[17/Jul/2026:07:52:56 +00:00: profiler/info] -=- Tungsten running task: compiling -=-
[17/Jul/2026:00:52:56 -07:00: profiler/info] [job_id: j5qm1e17g] [model.bin] Status Successfully Compiled with t = 0 us and usage: before = 0.0 kB; peakBefore = 0.0 kB; mallocUnusedBefore = 0.0 kB; after = 0.0 kB; peakAfter = 0.0 kB; mallocUnusedAfter = 0.0 kB; increase = 0.0-0.0 kB; peak = 0.0-0.0 kB
[17/Jul/2026:00:52:56 -07:00: profiler/info] [job_id: j5qm1e17g] [model.bin] Saving results to /data/local/tmp/tungsten/files/Results/job_j5qm1e17g/job_j5qm1e17g_results.bin
[17/Jul/2026:00:52:56 -07:00: profiler/debug] [job_id: j5qm1e17g] [model.bin] Feature 'hidden_states' has 1 batches.
[17/Jul/2026:00:52:56 -07:00: profiler/debug] [job_id: j5qm1e17g] [model.bin] Found asset Models/flatbuffers_data.bin in /data/user/0/ai.tetra.tungsten/cache/tungsten.assets/Models/flatbuffers_data.bin.
[17/Jul/2026:07:52:56 +00:00: profiler/info] -=- Tungsten running task: loading -=-
[17/Jul/2026:00:52:56 -07:00: profiler/info] [job_id: j5qm1e17g] [model.bin] Loading previously saved results in /data/local/tmp/tungsten/files/Results/job_j5qm1e17g/job_j5qm1e17g_results.bin
[17/Jul/2026:00:52:56 -07:00: profiler/debug] [job_id: j5qm1e17g] [model.bin] Feature 'hidden_states' has 1 batches.
[17/Jul/2026:00:52:56 -07:00: profiler/debug] [job_id: j5qm1e17g] [model.bin] Found asset Models/flatbuffers_data.bin in /data/user/0/ai.tetra.tungsten/cache/tungsten.assets/Models/flatbuffers_data.bin.
[17/Jul/2026:00:52:56 -07:00: profiler/debug] [job_id: j5qm1e17g] [model.bin] Feature 'hidden_states' has 1 batches.
[17/Jul/2026:00:52:56 -07:00: profiler/debug] [job_id: j5qm1e17g] [model.bin] Feature 'hidden_states' has 1 batches.
[17/Jul/2026:00:52:56 -07:00: profiler/debug] [job_id: j5qm1e17g] [model.bin] Feature 'hidden_states' has 1 batches.
[17/Jul/2026:00:52:56 -07:00: profiler/info] [job_id: j5qm1e17g] [model.bin] Loading QNN model Models/model.bin.
[17/Jul/2026:00:52:56 -07:00: profiler/info] [job_id: j5qm1e17g] [model.bin] Malloc VM size before: 44964.0 kB, allocated: 37633.0 kB, slack: 7331.0 kB.
[17/Jul/2026:00:52:56 -07:00: profiler/info] [job_id: j5qm1e17g] [model.bin] Current memory baseline range: 128557.0-135888.0 kB.
[17/Jul/2026:00:52:56 -07:00: profiler/debug] [job_id: j5qm1e17g] [model.bin] Found QNN interface provider with API version 2.34.
[17/Jul/2026:00:52:56 -07:00: profiler/info] [job_id: j5qm1e17g] [model.bin] QnnDsp <W> Initializing HtpProvider
[17/Jul/2026:00:52:56 -07:00: profiler/info] [job_id: j5qm1e17g] [model.bin] Loaded QNN backend from /data/user/0/ai.tetra.tungsten/cache/tungsten.lib/qnn_sdk/default/2.45.0/aarch64-android/libQnnHtp.so (version 5.45.0; core API 2.34.0; build ID v2.45.0.260326154327)
[17/Jul/2026:00:52:56 -07:00: profiler/debug] [job_id: j5qm1e17g] [model.bin] Asset model.bin not found in /data/user/0/ai.tetra.tungsten/cache/tungsten.assets/Models/model.bin.
[17/Jul/2026:00:52:56 -07:00: profiler/debug] [job_id: j5qm1e17g] [model.bin] Found asset Models/model.bin in /data/local/tmp/tungsten/files/Models/model.bin.
[17/Jul/2026:00:52:56 -07:00: profiler/debug] [job_id: j5qm1e17g] [model.bin] Asset model.bin not found in /data/user/0/ai.tetra.tungsten/cache/tungsten.assets/Models/model.bin.
[17/Jul/2026:00:52:56 -07:00: profiler/debug] [job_id: j5qm1e17g] [model.bin] Found asset Models/model.bin in /data/local/tmp/tungsten/files/Models/model.bin.
[17/Jul/2026:00:52:56 -07:00: profiler/info] [job_id: j5qm1e17g] [model.bin] Loaded /data/user/0/ai.tetra.tungsten/cache/tungsten.lib/qnn_sdk/default/2.45.0/aarch64-android/libQnnSystem.so, with version 1.9.0.
[17/Jul/2026:00:52:56 -07:00: profiler/info] [job_id: j5qm1e17g] [model.bin] Loaded QNN context binary with build id=v2.45.0.260326154327, for soc '' with 1 cores.
[17/Jul/2026:00:52:56 -07:00: profiler/debug] [job_id: j5qm1e17g] [model.bin] [adsprpc] vendor/qcom/proprietary/adsprpc/src/fastrpc_context.c:370: fastrpc_context_table_init done
[17/Jul/2026:00:52:56 -07:00: profiler/debug] [job_id: j5qm1e17g] [model.bin] [adsprpc] vendor/qcom/proprietary/adsprpc/src/fastrpc_domains.c:256: fastrpc_sysfs_watcher_init done watcher thread tid 477127361792
[17/Jul/2026:00:52:56 -07:00: profiler/debug] [job_id: j5qm1e17g] [model.bin] [adsprpc] vendor/qcom/proprietary/adsprpc/src/rpcmem_android.c:211: set up allocator 0xb40000709c45d210 for DMA buf heap system, ION heap system, heap mask 0x2000000, flags 0x1, legacy flags 0x1
[17/Jul/2026:00:52:56 -07:00: profiler/debug] [job_id: j5qm1e17g] [model.bin] [adsprpc] vendor/qcom/proprietary/adsprpc/src/fastrpc_config.c:437: Reading configuration file: ai.tetra.tungsten.debugconfig
[17/Jul/2026:00:52:56 -07:00: profiler/debug] [job_id: j5qm1e17g] [model.bin] [adsprpc] vendor/qcom/proprietary/adsprpc/src/fastrpc_domains.c:164: fastrpc_sysfs_watcher_thread starting
[17/Jul/2026:00:52:56 -07:00: profiler/debug] [job_id: j5qm1e17g] [model.bin] [adsprpc] vendor/qcom/proprietary/adsprpc/src/fastrpc_config.c:468: fastrpc_config_init: Couldn't find file ai.tetra.tungsten.debugconfig, errno (No such file or directory) at /data/user/0/ai.tetra.tungsten/cache/tungsten.lib/qnn_sdk/default/2.45.0/aarch64-android, /vendor/lib64/rfs/dsp, /vendor/lib/rfsa/adsp, /vendor/dsp
[17/Jul/2026:00:52:56 -07:00: profiler/debug] [job_id: j5qm1e17g] [model.bin] [adsprpc] vendor/qcom/proprietary/adsprpc/src/fastrpc_apps_user.c:7618: fastrpc_apps_user_init done  with default domain:3 and &fastrpc_trace:0x6f170b46b4
[17/Jul/2026:00:52:56 -07:00: profiler/debug] [job_id: j5qm1e17g] [model.bin] [adsprpc] vendor/qcom/proprietary/adsprpc/src/fastrpc_apps_user.c:7752: multidsplib_env_init: libcdsprpc.so loaded
[17/Jul/2026:00:52:56 -07:00: profiler/debug] [job_id: j5qm1e17g] [model.bin] [adsprpc] vendor/qcom/proprietary/adsprpc/src/fastrpc_apps_user.c:4393:Warning: remote_handle_control: Non-domain usage of FastRPC will be deprecated, use domains to offload to DSP using FastRPC
[17/Jul/2026:00:52:56 -07:00: profiler/info] [job_id: j5qm1e17g] [model.bin] [adsprpc] vendor/qcom/proprietary/adsprpc/src/fastrpc_apps_user.c:4386: Error 0xe: remote_handle_control_domain failed for request ID 2 on domain 100000 (errno No such file or directory)
[17/Jul/2026:00:52:56 -07:00: profiler/debug] [job_id: j5qm1e17g] [model.bin] [adsprpc] vendor/qcom/proprietary/adsprpc/src/fastrpc_apps_user.c:6015: close_device_node: closed dev 152 on domain 3
[17/Jul/2026:00:52:56 -07:00: profiler/info] [job_id: j5qm1e17g] [model.bin] [adsprpc] vendor/qcom/proprietary/adsprpc/src/fastrpc_apps_user.c:4410: Error 0xe: remote_handle_control failed for request ID 2 (errno Success) (user err 0xe)
[17/Jul/2026:00:52:56 -07:00: profiler/debug] [job_id: j5qm1e17g] [model.bin] [adsprpc] vendor/qcom/proprietary/adsprpc/src/fastrpc_apps_user.c:4393:Warning: remote_handle_control: Non-domain usage of FastRPC will be deprecated, use domains to offload to DSP using FastRPC
[17/Jul/2026:00:52:56 -07:00: profiler/debug] [job_id: j5qm1e17g] [model.bin] [adsprpc] vendor/qcom/proprietary/adsprpc/src/fastrpc_apps_user.c:6015: close_device_node: closed dev 152 on domain 3
[17/Jul/2026:00:52:56 -07:00: profiler/debug] [job_id: j5qm1e17g] [model.bin] [adsprpc] vendor/qcom/proprietary/adsprpc/src/fastrpc_apps_user.c:4875: remote_session_control Unsigned PD enable 1 request for domain 100000
[17/Jul/2026:00:52:56 -07:00: profiler/debug] [job_id: j5qm1e17g] [model.bin] [adsprpc] vendor/qcom/proprietary/adsprpc/src/fastrpc_apps_user.c:4850: remote_session_control DSP info request for domain 100000, thread priority -1, stack size 17408
[17/Jul/2026:00:52:56 -07:00: profiler/debug] [job_id: j5qm1e17g] [model.bin] [adsprpc] vendor/qcom/proprietary/adsprpc/src/fastrpc_apps_user.c:6015: close_device_node: closed dev 152 on domain 3
[17/Jul/2026:00:52:56 -07:00: profiler/debug] [job_id: j5qm1e17g] [model.bin] [adsprpc] vendor/qcom/proprietary/adsprpc/src/fastrpc_apps_user.c:3385: WARNING: get_handle_priority_from_uri: libQnnHtpV81Skel.so lib opened handle without priority token
[17/Jul/2026:00:52:56 -07:00: profiler/debug] [job_id: j5qm1e17g] [model.bin] [adsprpc] vendor/qcom/proprietary/adsprpc/src/fastrpc_apps_user.c:6015: close_device_node: closed dev 152 on domain 3
[17/Jul/2026:00:52:56 -07:00: profiler/debug] [job_id: j5qm1e17g] [model.bin] [adsprpc] vendor/qcom/proprietary/adsprpc/src/fastrpc_apps_user.c:6185: Successfully opened /vendor/dsp/cdsp/fastrpc_shell_unsigned_3, domain 3
[17/Jul/2026:00:52:56 -07:00: profiler/debug] [job_id: j5qm1e17g] [model.bin] [adsprpc] vendor/qcom/proprietary/adsprpc/src/rpcmem_android.c:651: rpcmem_dma_alloc: DMA buffer allocation completed for heap system, size 1451100, flags 0x80000000, fd:154, time 18 us
[17/Jul/2026:00:52:56 -07:00: profiler/debug] [job_id: j5qm1e17g] [model.bin] [adsprpc] vendor/qcom/proprietary/adsprpc/src/rpcmem_android.c:651: rpcmem_dma_alloc: DMA buffer allocation completed for heap system, size 4096, flags 0x1, fd:155, time 10 us
[17/Jul/2026:00:52:56 -07:00: profiler/debug] [job_id: j5qm1e17g] [model.bin] [adsprpc] vendor/qcom/proprietary/adsprpc/src/rpcmem_android.c:651: rpcmem_dma_alloc: DMA buffer allocation completed for heap system, size 4096, flags 0x1, fd:156, time 8 us
[17/Jul/2026:00:52:56 -07:00: profiler/debug] [job_id: j5qm1e17g] [model.bin] [adsprpc] vendor/qcom/proprietary/adsprpc/src/fastrpc_apps_user.c:6298: Created user PD on domain 100000, dbg_trace 0x0, enabled attr=> RPC timeout:10000, Dbg Mode:Y, CRC:N, Unsigned:Y, Signed:N, Adapt QOS:N, PD dump: (Config:N, Dbg:N), Perf: (Kernel:N, DSP:N), Iregion:N, QTF:N, UAF:N userPD initmem len:0x500000, Log pkt: N
[17/Jul/2026:00:52:56 -07:00: profiler/debug] [job_id: j5qm1e17g] [model.bin] [adsprpc] vendor/qcom/proprietary/adsprpc/src/fastrpc_apps_user.c:1935: Successfully set remote user thread priority to 192 and stack size to 17408 for domain 100000
[17/Jul/2026:00:52:56 -07:00: profiler/debug] [job_id: j5qm1e17g] [model.bin] [adsprpc] vendor/qcom/proprietary/adsprpc/src/listener_android.c:121: listener thread starting
[17/Jul/2026:00:52:56 -07:00: profiler/debug] [job_id: j5qm1e17g] [model.bin] [adsprpc] vendor/qcom/proprietary/adsprpc/src/rpcmem_android.c:651: rpcmem_dma_alloc: DMA buffer allocation completed for heap system, size 1048576, flags 0x1, fd:153, time 64 us
[17/Jul/2026:00:52:56 -07:00: profiler/debug] [job_id: j5qm1e17g] [model.bin] [adsprpc] vendor/qcom/proprietary/adsprpc/src/fastrpc_apps_user.c:7188: persist_buf_init allocation done for persist_buf 0x6f16d1c000 size 1048576
[17/Jul/2026:00:52:56 -07:00: profiler/debug] [job_id: j5qm1e17g] [model.bin] [adsprpc] vendor/qcom/proprietary/adsprpc/src/fastrpc_apps_user.c:7198: persist_buf_init mapping done for persist_buf 0x6f16d1c000 fd 153 of size 1048576 on domain 100000
[17/Jul/2026:00:52:56 -07:00: profiler/debug] [job_id: j5qm1e17g] [model.bin] [adsprpc] vendor/qcom/proprietary/adsprpc/src/fastrpc_apps_user.c:7260: open_dev : panic error codes sent successfully
[17/Jul/2026:00:52:56 -07:00: profiler/debug] [job_id: j5qm1e17g] [model.bin] [adsprpc] vendor/qcom/proprietary/adsprpc/src/fastrpc_perf.c:292: fastrpc_perf_init: enabled systrace 0x0 and RPC traces (kernel 0, dsp 0) with frequency 1000
[17/Jul/2026:00:52:56 -07:00: profiler/debug] [job_id: j5qm1e17g] [model.bin] [adsprpc] vendor/qcom/proprietary/adsprpc/src/log_config.c:429: file_watcher_thread starting for domain 100000
[17/Jul/2026:00:52:56 -07:00: profiler/debug] [job_id: j5qm1e17g] [model.bin] [adsprpc] vendor/qcom/proprietary/adsprpc/src/rpcmem_android.c:651: rpcmem_dma_alloc: DMA buffer allocation completed for heap system, size 4096, flags 0x0, fd:158, time 21 us
[17/Jul/2026:00:52:56 -07:00: profiler/debug] [job_id: j5qm1e17g] [model.bin] [adsprpc] vendor/qcom/proprietary/adsprpc/src/rpcmem_android.c:651: rpcmem_dma_alloc: DMA buffer allocation completed for heap system, size 4096, flags 0x0, fd:161, time 9 us
[17/Jul/2026:00:52:56 -07:00: profiler/debug] [job_id: j5qm1e17g] [model.bin] [adsprpc] vendor/qcom/proprietary/adsprpc/src/mod_table.c:696: open_mod_table_open_from_static: reverse module apps_mem opened with handle 0x170b5f98 (idx 0)
[17/Jul/2026:00:52:56 -07:00: profiler/debug] [job_id: j5qm1e17g] [model.bin] [adsprpc] vendor/qcom/proprietary/adsprpc/src/mod_table.c:696: open_mod_table_open_from_static: reverse module apps_std opened with handle 0x170b6098 (idx 1)
[17/Jul/2026:00:52:56 -07:00: profiler/debug] [job_id: j5qm1e17g] [model.bin] [adsprpc] vendor/qcom/proprietary/adsprpc/src/rpcmem_android.c:651: rpcmem_dma_alloc: DMA buffer allocation completed for heap system, size 262144, flags 0x80000000, fd:162, time 9 us
[17/Jul/2026:00:52:56 -07:00: profiler/info] [job_id: j5qm1e17g] [model.bin] [adsprpc] vendor/qcom/proprietary/adsprpc/src/apps_std_imp.c:377: Error 0x2: apps_std_fopen_fd failed for /data/user/0/ai.tetra.tungsten/cache/tungsten.lib/qnn_sdk/default/2.45.0/aarch64-android/cdsp/./libQnnHtpV81Skel.so (No such file or directory)
[17/Jul/2026:00:52:56 -07:00: profiler/debug] [job_id: j5qm1e17g] [model.bin] [adsprpc] vendor/qcom/proprietary/adsprpc/src/rpcmem_android.c:651: rpcmem_dma_alloc: DMA buffer allocation completed for heap system, size 11788496, flags 0x80000000, fd:164, time 19 us
[17/Jul/2026:00:52:56 -07:00: profiler/info] [job_id: j5qm1e17g] [model.bin] [adsprpc] vendor/qcom/proprietary/adsprpc/src/log_config.c:223:Enabled adspmsgd with mask 8
[17/Jul/2026:00:52:56 -07:00: profiler/debug] [job_id: j5qm1e17g] [model.bin] [adsprpc] vendor/qcom/proprietary/adsprpc/src/log_config.c:449:file_watcher_thread: Couldn't find file ai.tetra.tungsten.farf, errno (No such file or directory) at ;/vendor/lib64/rfs/dsp;/vendor/lib/rfsa/adsp;/vendor/lib/rfsa/dsp;/vendor/dsp;
[17/Jul/2026:00:52:56 -07:00: profiler/debug] [job_id: j5qm1e17g] [model.bin] [adsprpc] vendor/qcom/proprietary/adsprpc/src/apps_std_imp.c:369: apps_std_fopen_fd done for /data/user/0/ai.tetra.tungsten/cache/tungsten.lib/qnn_sdk/default/2.45.0/aarch64-android/./libQnnHtpV81Skel.so with fsize:11788496       fopen:7us, fstat:0us, read:1257us,       rpc_alloc:67us, mmap:286us fd 0xa4 error_code 0x0
[17/Jul/2026:00:52:56 -07:00: profiler/debug] [job_id: j5qm1e17g] [model.bin] [adsprpc] vendor/qcom/proprietary/adsprpc/src/apps_std_imp.c:1236: Successfully opened file /data/user/0/ai.tetra.tungsten/cache/tungsten.lib/qnn_sdk/default/2.45.0/aarch64-android/./libQnnHtpV81Skel.so
[17/Jul/2026:00:52:56 -07:00: profiler/debug] [job_id: j5qm1e17g] [model.bin] [adsprpc] vendor/qcom/proprietary/adsprpc/src/rpcmem_android.c:651: rpcmem_dma_alloc: DMA buffer allocation completed for heap system, size 11796480, flags 0xa0000000, fd:165, time 23 us
[17/Jul/2026:00:52:56 -07:00: profiler/debug] [job_id: j5qm1e17g] [model.bin] [adsprpc] vendor/qcom/proprietary/adsprpc/src/rpcmem_android.c:651: rpcmem_dma_alloc: DMA buffer allocation completed for heap system, size 1048576, flags 0xa0000000, fd:163, time 22 us
[17/Jul/2026:00:52:56 -07:00: profiler/debug] [job_id: j5qm1e17g] [model.bin] [adsprpc] vendor/qcom/proprietary/adsprpc/src/fastrpc_apps_user.c:3491: remote_handle64_open: opened handle 0xb400006fcc4e69b0 (remote 0x2ccbf0) for file:///libQnnHtpV81Skel.so?qnn_skel_handle_invoke&_modver=1.0&_dom=cdsp on domain 100000 (spawn time 19553 us, load time 38244 us), refs 1
[17/Jul/2026:00:52:56 -07:00: profiler/debug] [job_id: j5qm1e17g] [model.bin] [adsprpc] vendor/qcom/proprietary/adsprpc/src/rpcmem_android.c:651: rpcmem_dma_alloc: DMA buffer allocation completed for heap system, size 8, flags 0x1, fd:164, time 11 us
[17/Jul/2026:00:52:56 -07:00: profiler/debug] [job_id: j5qm1e17g] [model.bin] [adsprpc] vendor/qcom/proprietary/adsprpc/src/rpcmem_android.c:651: rpcmem_dma_alloc: DMA buffer allocation completed for heap system, size 136, flags 0x1, fd:166, time 12 us
[17/Jul/2026:00:52:56 -07:00: profiler/debug] [job_id: j5qm1e17g] [model.bin] [adsprpc] vendor/qcom/proprietary/adsprpc/src/rpcmem_android.c:651: rpcmem_dma_alloc: DMA buffer allocation completed for heap system, size 16, flags 0x1, fd:164, time 12 us
[17/Jul/2026:00:52:56 -07:00: profiler/debug] [job_id: j5qm1e17g] [model.bin] [adsprpc] vendor/qcom/proprietary/adsprpc/src/rpcmem_android.c:651: rpcmem_dma_alloc: DMA buffer allocation completed for heap system, size 8, flags 0x1, fd:166, time 25 us
[17/Jul/2026:00:52:56 -07:00: profiler/debug] [job_id: j5qm1e17g] [model.bin] [adsprpc] vendor/qcom/proprietary/adsprpc/src/rpcmem_android.c:651: rpcmem_dma_alloc: DMA buffer allocation completed for heap system, size 56, flags 0x1, fd:164, time 5 us
[17/Jul/2026:00:52:56 -07:00: profiler/debug] [job_id: j5qm1e17g] [model.bin] [adsprpc] vendor/qcom/proprietary/adsprpc/src/fastrpc_apps_user.c:3385: WARNING: get_handle_priority_from_uri: libdspqueue_rpc_skel.so lib opened handle without priority token
[17/Jul/2026:00:52:56 -07:00: profiler/debug] [job_id: j5qm1e17g] [model.bin] [adsprpc] vendor/qcom/proprietary/adsprpc/src/fastrpc_apps_user.c:3491: remote_handle64_open: opened handle 0xb400006fcc4e7c20 (remote 0x2cd860) for file:///libdspqueue_rpc_skel.so?dspqueue_rpc_skel_handle_invoke&_modver=1.0&_dom=nsp1000&_session=0 on domain 100000 (spawn time 0 us, load time 307 us), refs 2
[17/Jul/2026:00:52:56 -07:00: profiler/debug] [job_id: j5qm1e17g] [model.bin] [adsprpc] vendor/qcom/proprietary/adsprpc/src/fastrpc_notif.c:138: fastrpc_notif_domain_init: FastRPC notification worker thread launched
[17/Jul/2026:00:52:56 -07:00: profiler/debug] [job_id: j5qm1e17g] [model.bin] [adsprpc] vendor/qcom/proprietary/adsprpc/src/fastrpc_apps_user.c:5077: remote_session_control Register PD status notification request for domain 100000
[17/Jul/2026:00:52:56 -07:00: profiler/debug] [job_id: j5qm1e17g] [model.bin] [adsprpc] vendor/qcom/proprietary/adsprpc/src/fastrpc_apps_user.c:3955: get_remote_notif_response: received status notification 0 for domain 1000, session 0 (effec dom 100000)
[17/Jul/2026:00:52:56 -07:00: profiler/debug] [job_id: j5qm1e17g] [model.bin] [adsprpc] vendor/qcom/proprietary/adsprpc/src/rpcmem_android.c:651: rpcmem_dma_alloc: DMA buffer allocation completed for heap system, size 1024, flags 0x40000001, fd:166, time 11 us
[17/Jul/2026:00:52:56 -07:00: profiler/debug] [job_id: j5qm1e17g] [model.bin] [adsprpc] vendor/qcom/proprietary/adsprpc/src/rpcmem_android.c:651: rpcmem_dma_alloc: DMA buffer allocation completed for heap system, size 1792, flags 0x40000001, fd:167, time 9 us
[17/Jul/2026:00:52:56 -07:00: profiler/debug] [job_id: j5qm1e17g] [model.bin] [adsprpc] vendor/qcom/proprietary/adsprpc/src/dspqueue/dspqueue_cpu.c:683: dspqueue is using version: 386049626, flags: 2, driver signalling: 3, wait count: 1
[17/Jul/2026:00:52:56 -07:00: profiler/debug] [job_id: j5qm1e17g] [model.bin] [adsprpc] vendor/qcom/proprietary/adsprpc/src/dspqueue/dspqueue_cpu.c:715: dspqueue_create: created Queue 0, 0xb40000716c438810, DSP 0x00000000 for domain 100000
[17/Jul/2026:00:52:56 -07:00: profiler/debug] [job_id: j5qm1e17g] [model.bin] Creating context from binary with 0 configurations set.
[17/Jul/2026:00:52:56 -07:00: profiler/info] [job_id: j5qm1e17g] [model.bin] QnnDsp <W> m_CFBCallbackInfoObj is not initialized, return emptyList
[17/Jul/2026:00:52:56 -07:00: profiler/debug] [job_id: j5qm1e17g] [model.bin] [adsprpc] vendor/qcom/proprietary/adsprpc/src/rpcmem_android.c:651: rpcmem_dma_alloc: DMA buffer allocation completed for heap system, size 131328, flags 0x1, fd:168, time 10 us
[17/Jul/2026:00:52:56 -07:00: profiler/debug] [job_id: j5qm1e17g] [model.bin] [adsprpc] vendor/qcom/proprietary/adsprpc/src/rpcmem_android.c:651: rpcmem_dma_alloc: DMA buffer allocation completed for heap system, size 131200, flags 0x1, fd:169, time 14 us
[17/Jul/2026:00:52:56 -07:00: profiler/debug] [job_id: j5qm1e17g] [model.bin] [adsprpc] vendor/qcom/proprietary/adsprpc/src/rpcmem_android.c:651: rpcmem_dma_alloc: DMA buffer allocation completed for heap system, size 134219600, flags 0x1, fd:170, time 26 us
[17/Jul/2026:00:52:56 -07:00: profiler/debug] [job_id: j5qm1e17g] [model.bin] [adsprpc] vendor/qcom/proprietary/adsprpc/src/rpcmem_android.c:651: rpcmem_dma_alloc: DMA buffer allocation completed for heap system, size 72, flags 0x1, fd:171, time 6 us
[17/Jul/2026:00:52:56 -07:00: profiler/debug] [job_id: j5qm1e17g] [model.bin] [adsprpc] vendor/qcom/proprietary/adsprpc/src/fastrpc_apps_user.c:4393:Warning: remote_handle_control: Non-domain usage of FastRPC will be deprecated, use domains to offload to DSP using FastRPC
[17/Jul/2026:00:52:56 -07:00: profiler/debug] [job_id: j5qm1e17g] [model.bin] [adsprpc] vendor/qcom/proprietary/adsprpc/src/fastrpc_apps_user.c:4393:Warning: remote_handle_control: Non-domain usage of FastRPC will be deprecated, use domains to offload to DSP using FastRPC
[17/Jul/2026:00:52:56 -07:00: profiler/debug] [job_id: j5qm1e17g] [model.bin] [adsprpc] vendor/qcom/proprietary/adsprpc/src/rpcmem_android.c:651: rpcmem_dma_alloc: DMA buffer allocation completed for heap system, size 136314880, flags 0x1, fd:172, time 24 us
[17/Jul/2026:00:52:56 -07:00: profiler/debug] [job_id: j5qm1e17g] [model.bin] [adsprpc] vendor/qcom/proprietary/adsprpc/src/fastrpc_apps_user.c:4393:Warning: remote_handle_control: Non-domain usage of FastRPC will be deprecated, use domains to offload to DSP using FastRPC
[17/Jul/2026:00:52:56 -07:00: profiler/debug] [job_id: j5qm1e17g] [model.bin] [adsprpc] vendor/qcom/proprietary/adsprpc/src/rpcmem_android.c:651: rpcmem_dma_alloc: DMA buffer allocation completed for heap system, size 262512, flags 0x1, fd:173, time 22 us
[17/Jul/2026:00:52:56 -07:00: profiler/debug] [job_id: j5qm1e17g] [model.bin] [adsprpc] vendor/qcom/proprietary/adsprpc/src/rpcmem_android.c:651: rpcmem_dma_alloc: DMA buffer allocation completed for heap system, size 40, flags 0x1, fd:174, time 11 us
[17/Jul/2026:00:52:56 -07:00: profiler/debug] [job_id: j5qm1e17g] [model.bin] [adsprpc] vendor/qcom/proprietary/adsprpc/src/fastrpc_apps_user.c:4393:Warning: remote_handle_control: Non-domain usage of FastRPC will be deprecated, use domains to offload to DSP using FastRPC
[17/Jul/2026:00:52:56 -07:00: profiler/debug] [job_id: j5qm1e17g] [model.bin] [adsprpc] vendor/qcom/proprietary/adsprpc/src/rpcmem_android.c:651: rpcmem_dma_alloc: DMA buffer allocation completed for heap system, size 33554432, flags 0xa0000000, fd:175, time 25 us
[17/Jul/2026:00:52:56 -07:00: profiler/debug] [job_id: j5qm1e17g] [model.bin] [adsprpc] vendor/qcom/proprietary/adsprpc/src/rpcmem_android.c:651: rpcmem_dma_alloc: DMA buffer allocation completed for heap system, size 48, flags 0x1, fd:173, time 14 us
[17/Jul/2026:00:52:56 -07:00: profiler/info] [job_id: j5qm1e17g] [model.bin] Loaded graph graph_m72jbm9k.
[17/Jul/2026:00:52:56 -07:00: profiler/info] [job_id: j5qm1e17g] [model.bin] Malloc VM size after: 45616.0 kB, allocated: 38480.8 kB, slack: 7135.2 kB.
[17/Jul/2026:00:52:56 -07:00: profiler/info] [job_id: j5qm1e17g] [model.bin] Status Successfully Loaded Cold with t = 105132 us and usage: before = 135888.0 kB; peakBefore = 135888.0 kB; mallocUnusedBefore = 7331.0 kB; after = 137024.0 kB; peakAfter = 136808.0 kB; mallocUnusedAfter = 7135.2 kB; increase = 0.0-1331.8 kB; peak = 920.0-8251.0 kB
[17/Jul/2026:00:52:56 -07:00: profiler/info] [job_id: j5qm1e17g] [model.bin] Saving results to /data/local/tmp/tungsten/files/Results/job_j5qm1e17g/job_j5qm1e17g_results.bin
[17/Jul/2026:00:52:56 -07:00: profiler/debug] [job_id: j5qm1e17g] [model.bin] Feature 'hidden_states' has 1 batches.
[17/Jul/2026:00:52:56 -07:00: profiler/info] QnnDsp <W> m_CFBCallbackInfoObj is not initialized, return emptyList
[17/Jul/2026:00:52:56 -07:00: profiler/info] [adsprpc] vendor/qcom/proprietary/adsprpc/src/adspmsgd.c:104::error: 0x8000040d: AEE_SUCCESS == (nErr = adspmsgd_adsp1_wait(handle, &bytesToRead))
[17/Jul/2026:00:52:56 -07:00: profiler/info] [adsprpc] vendor/qcom/proprietary/adsprpc/src/adspmsgd.c:114:Error 0x8000040d: adspmsgd_reader thread of domain 100000 for handle 0xcc4e5790 exiting (errno Success)
[17/Jul/2026:07:52:56 +00:00: profiler/info] -=- Tungsten running task: loading -=-
[17/Jul/2026:00:52:56 -07:00: profiler/info] [job_id: j5qm1e17g] [model.bin] Loading previously saved results in /data/local/tmp/tungsten/files/Results/job_j5qm1e17g/job_j5qm1e17g_results.bin
[17/Jul/2026:00:52:56 -07:00: profiler/debug] [job_id: j5qm1e17g] [model.bin] Feature 'hidden_states' has 1 batches.
[17/Jul/2026:00:52:56 -07:00: profiler/debug] [job_id: j5qm1e17g] [model.bin] Found asset Models/flatbuffers_data.bin in /data/user/0/ai.tetra.tungsten/cache/tungsten.assets/Models/flatbuffers_data.bin.
[17/Jul/2026:00:52:56 -07:00: profiler/debug] [job_id: j5qm1e17g] [model.bin] Feature 'hidden_states' has 1 batches.
[17/Jul/2026:00:52:56 -07:00: profiler/debug] [job_id: j5qm1e17g] [model.bin] Feature 'hidden_states' has 1 batches.
[17/Jul/2026:00:52:56 -07:00: profiler/debug] [job_id: j5qm1e17g] [model.bin] Feature 'hidden_states' has 1 batches.
[17/Jul/2026:00:52:56 -07:00: profiler/info] [job_id: j5qm1e17g] [model.bin] Loading QNN model Models/model.bin.
[17/Jul/2026:00:52:56 -07:00: profiler/info] [job_id: j5qm1e17g] [model.bin] Malloc VM size before: 63488.0 kB, allocated: 55856.0 kB, slack: 7632.0 kB.
[17/Jul/2026:00:52:56 -07:00: profiler/info] [job_id: j5qm1e17g] [model.bin] Current memory baseline range: 149412.0-157044.0 kB.
[17/Jul/2026:00:52:56 -07:00: profiler/debug] [job_id: j5qm1e17g] [model.bin] Found QNN interface provider with API version 2.34.
[17/Jul/2026:00:52:56 -07:00: profiler/info] [job_id: j5qm1e17g] [model.bin] QnnDsp <W> Initializing HtpProvider
[17/Jul/2026:00:52:56 -07:00: profiler/info] [job_id: j5qm1e17g] [model.bin] Loaded QNN backend from /data/user/0/ai.tetra.tungsten/cache/tungsten.lib/qnn_sdk/default/2.45.0/aarch64-android/libQnnHtp.so (version 5.45.0; core API 2.34.0; build ID v2.45.0.260326154327)
[17/Jul/2026:00:52:56 -07:00: profiler/debug] [job_id: j5qm1e17g] [model.bin] Asset model.bin not found in /data/user/0/ai.tetra.tungsten/cache/tungsten.assets/Models/model.bin.
[17/Jul/2026:00:52:56 -07:00: profiler/debug] [job_id: j5qm1e17g] [model.bin] Found asset Models/model.bin in /data/local/tmp/tungsten/files/Models/model.bin.
[17/Jul/2026:00:52:56 -07:00: profiler/debug] [job_id: j5qm1e17g] [model.bin] Asset model.bin not found in /data/user/0/ai.tetra.tungsten/cache/tungsten.assets/Models/model.bin.
[17/Jul/2026:00:52:56 -07:00: profiler/debug] [job_id: j5qm1e17g] [model.bin] Found asset Models/model.bin in /data/local/tmp/tungsten/files/Models/model.bin.
[17/Jul/2026:00:52:56 -07:00: profiler/info] [job_id: j5qm1e17g] [model.bin] Loaded /data/user/0/ai.tetra.tungsten/cache/tungsten.lib/qnn_sdk/default/2.45.0/aarch64-android/libQnnSystem.so, with version 1.9.0.
[17/Jul/2026:00:52:56 -07:00: profiler/info] [job_id: j5qm1e17g] [model.bin] Loaded QNN context binary with build id=v2.45.0.260326154327, for soc '' with 1 cores.
[17/Jul/2026:00:52:56 -07:00: profiler/debug] [job_id: j5qm1e17g] [model.bin] [adsprpc] vendor/qcom/proprietary/adsprpc/src/fastrpc_context.c:370: fastrpc_context_table_init done
[17/Jul/2026:00:52:56 -07:00: profiler/debug] [job_id: j5qm1e17g] [model.bin] [adsprpc] vendor/qcom/proprietary/adsprpc/src/fastrpc_domains.c:256: fastrpc_sysfs_watcher_init done watcher thread tid 477127324928
[17/Jul/2026:00:52:56 -07:00: profiler/debug] [job_id: j5qm1e17g] [model.bin] [adsprpc] vendor/qcom/proprietary/adsprpc/src/rpcmem_android.c:211: set up allocator 0xb40000709c465010 for DMA buf heap system, ION heap system, heap mask 0x2000000, flags 0x1, legacy flags 0x1
[17/Jul/2026:00:52:56 -07:00: profiler/debug] [job_id: j5qm1e17g] [model.bin] [adsprpc] vendor/qcom/proprietary/adsprpc/src/fastrpc_config.c:437: Reading configuration file: ai.tetra.tungsten.debugconfig
[17/Jul/2026:00:52:56 -07:00: profiler/debug] [job_id: j5qm1e17g] [model.bin] [adsprpc] vendor/qcom/proprietary/adsprpc/src/fastrpc_domains.c:164: fastrpc_sysfs_watcher_thread starting
[17/Jul/2026:00:52:56 -07:00: profiler/debug] [job_id: j5qm1e17g] [model.bin] [adsprpc] vendor/qcom/proprietary/adsprpc/src/fastrpc_config.c:468: fastrpc_config_init: Couldn't find file ai.tetra.tungsten.debugconfig, errno (No such file or directory) at /data/user/0/ai.tetra.tungsten/cache/tungsten.lib/qnn_sdk/default/2.45.0/aarch64-android, /vendor/lib64/rfs/dsp, /vendor/lib/rfsa/adsp, /vendor/dsp
[17/Jul/2026:00:52:56 -07:00: profiler/debug] [job_id: j5qm1e17g] [model.bin] [adsprpc] vendor/qcom/proprietary/adsprpc/src/fastrpc_apps_user.c:7618: fastrpc_apps_user_init done  with default domain:3 and &fastrpc_trace:0x6f171ae6b4
[17/Jul/2026:00:52:56 -07:00: profiler/debug] [job_id: j5qm1e17g] [model.bin] [adsprpc] vendor/qcom/proprietary/adsprpc/src/fastrpc_apps_user.c:7752: multidsplib_env_init: libcdsprpc.so loaded
[17/Jul/2026:00:52:56 -07:00: profiler/debug] [job_id: j5qm1e17g] [model.bin] [adsprpc] vendor/qcom/proprietary/adsprpc/src/fastrpc_apps_user.c:4393:Warning: remote_handle_control: Non-domain usage of FastRPC will be deprecated, use domains to offload to DSP using FastRPC
[17/Jul/2026:00:52:56 -07:00: profiler/info] [job_id: j5qm1e17g] [model.bin] [adsprpc] vendor/qcom/proprietary/adsprpc/src/fastrpc_apps_user.c:4386: Error 0xe: remote_handle_control_domain failed for request ID 2 on domain 100000 (errno No such file or directory)
[17/Jul/2026:00:52:56 -07:00: profiler/debug] [job_id: j5qm1e17g] [model.bin] [adsprpc] vendor/qcom/proprietary/adsprpc/src/fastrpc_apps_user.c:6015: close_device_node: closed dev 146 on domain 3
[17/Jul/2026:00:52:56 -07:00: profiler/info] [job_id: j5qm1e17g] [model.bin] [adsprpc] vendor/qcom/proprietary/adsprpc/src/fastrpc_apps_user.c:4410: Error 0xe: remote_handle_control failed for request ID 2 (errno Success) (user err 0xe)
[17/Jul/2026:00:52:56 -07:00: profiler/debug] [job_id: j5qm1e17g] [model.bin] [adsprpc] vendor/qcom/proprietary/adsprpc/src/fastrpc_apps_user.c:4393:Warning: remote_handle_control: Non-domain usage of FastRPC will be deprecated, use domains to offload to DSP using FastRPC
[17/Jul/2026:00:52:56 -07:00: profiler/debug] [job_id: j5qm1e17g] [model.bin] [adsprpc] vendor/qcom/proprietary/adsprpc/src/fastrpc_apps_user.c:6015: close_device_node: closed dev 146 on domain 3
[17/Jul/2026:00:52:56 -07:00: profiler/debug] [job_id: j5qm1e17g] [model.bin] [adsprpc] vendor/qcom/proprietary/adsprpc/src/fastrpc_apps_user.c:4875: remote_session_control Unsigned PD enable 1 request for domain 100000
[17/Jul/2026:00:52:56 -07:00: profiler/debug] [job_id: j5qm1e17g] [model.bin] [adsprpc] vendor/qcom/proprietary/adsprpc/src/fastrpc_apps_user.c:4850: remote_session_control DSP info request for domain 100000, thread priority -1, stack size 17408
[17/Jul/2026:00:52:56 -07:00: profiler/debug] [job_id: j5qm1e17g] [model.bin] [adsprpc] vendor/qcom/proprietary/adsprpc/src/fastrpc_apps_user.c:6015: close_device_node: closed dev 146 on domain 3
[17/Jul/2026:00:52:56 -07:00: profiler/debug] [job_id: j5qm1e17g] [model.bin] [adsprpc] vendor/qcom/proprietary/adsprpc/src/fastrpc_apps_user.c:3385: WARNING: get_handle_priority_from_uri: libQnnHtpV81Skel.so lib opened handle without priority token
[17/Jul/2026:00:52:56 -07:00: profiler/debug] [job_id: j5qm1e17g] [model.bin] [adsprpc] vendor/qcom/proprietary/adsprpc/src/fastrpc_apps_user.c:6015: close_device_node: closed dev 146 on domain 3
[17/Jul/2026:00:52:56 -07:00: profiler/debug] [job_id: j5qm1e17g] [model.bin] [adsprpc] vendor/qcom/proprietary/adsprpc/src/fastrpc_apps_user.c:6185: Successfully opened /vendor/dsp/cdsp/fastrpc_shell_unsigned_3, domain 3
[17/Jul/2026:00:52:56 -07:00: profiler/debug] [job_id: j5qm1e17g] [model.bin] [adsprpc] vendor/qcom/proprietary/adsprpc/src/rpcmem_android.c:651: rpcmem_dma_alloc: DMA buffer allocation completed for heap system, size 1451100, flags 0x80000000, fd:149, time 27 us
[17/Jul/2026:00:52:56 -07:00: profiler/debug] [job_id: j5qm1e17g] [model.bin] [adsprpc] vendor/qcom/proprietary/adsprpc/src/rpcmem_android.c:651: rpcmem_dma_alloc: DMA buffer allocation completed for heap system, size 4096, flags 0x1, fd:150, time 14 us
[17/Jul/2026:00:52:56 -07:00: profiler/debug] [job_id: j5qm1e17g] [model.bin] [adsprpc] vendor/qcom/proprietary/adsprpc/src/rpcmem_android.c:651: rpcmem_dma_alloc: DMA buffer allocation completed for heap system, size 4096, flags 0x1, fd:151, time 15 us
[17/Jul/2026:00:52:56 -07:00: profiler/debug] [job_id: j5qm1e17g] [model.bin] [adsprpc] vendor/qcom/proprietary/adsprpc/src/fastrpc_apps_user.c:6298: Created user PD on domain 100000, dbg_trace 0x0, enabled attr=> RPC timeout:10000, Dbg Mode:Y, CRC:N, Unsigned:Y, Signed:N, Adapt QOS:N, PD dump: (Config:N, Dbg:N), Perf: (Kernel:N, DSP:N), Iregion:N, QTF:N, UAF:N userPD initmem len:0x500000, Log pkt: N
[17/Jul/2026:00:52:56 -07:00: profiler/debug] [job_id: j5qm1e17g] [model.bin] [adsprpc] vendor/qcom/proprietary/adsprpc/src/fastrpc_apps_user.c:1935: Successfully set remote user thread priority to 192 and stack size to 17408 for domain 100000
[17/Jul/2026:00:52:56 -07:00: profiler/debug] [job_id: j5qm1e17g] [model.bin] [adsprpc] vendor/qcom/proprietary/adsprpc/src/listener_android.c:121: listener thread starting
[17/Jul/2026:00:52:56 -07:00: profiler/debug] [job_id: j5qm1e17g] [model.bin] [adsprpc] vendor/qcom/proprietary/adsprpc/src/rpcmem_android.c:651: rpcmem_dma_alloc: DMA buffer allocation completed for heap system, size 1048576, flags 0x1, fd:149, time 27 us
[17/Jul/2026:00:52:56 -07:00: profiler/debug] [job_id: j5qm1e17g] [model.bin] [adsprpc] vendor/qcom/proprietary/adsprpc/src/fastrpc_apps_user.c:7188: persist_buf_init allocation done for persist_buf 0x6f16d13000 size 1048576
[17/Jul/2026:00:52:56 -07:00: profiler/debug] [job_id: j5qm1e17g] [model.bin] [adsprpc] vendor/qcom/proprietary/adsprpc/src/fastrpc_apps_user.c:7198: persist_buf_init mapping done for persist_buf 0x6f16d13000 fd 149 of size 1048576 on domain 100000
[17/Jul/2026:00:52:56 -07:00: profiler/debug] [job_id: j5qm1e17g] [model.bin] [adsprpc] vendor/qcom/proprietary/adsprpc/src/fastrpc_apps_user.c:7260: open_dev : panic error codes sent successfully
[17/Jul/2026:00:52:56 -07:00: profiler/debug] [job_id: j5qm1e17g] [model.bin] [adsprpc] vendor/qcom/proprietary/adsprpc/src/fastrpc_perf.c:292: fastrpc_perf_init: enabled systrace 0x0 and RPC traces (kernel 0, dsp 0) with frequency 1000
[17/Jul/2026:00:52:56 -07:00: profiler/debug] [job_id: j5qm1e17g] [model.bin] [adsprpc] vendor/qcom/proprietary/adsprpc/src/log_config.c:429: file_watcher_thread starting for domain 100000
[17/Jul/2026:00:52:56 -07:00: profiler/debug] [job_id: j5qm1e17g] [model.bin] [adsprpc] vendor/qcom/proprietary/adsprpc/src/rpcmem_android.c:651: rpcmem_dma_alloc: DMA buffer allocation completed for heap system, size 4096, flags 0x0, fd:156, time 8 us
[17/Jul/2026:00:52:56 -07:00: profiler/debug] [job_id: j5qm1e17g] [model.bin] [adsprpc] vendor/qcom/proprietary/adsprpc/src/rpcmem_android.c:651: rpcmem_dma_alloc: DMA buffer allocation completed for heap system, size 4096, flags 0x0, fd:161, time 10 us
[17/Jul/2026:00:52:56 -07:00: profiler/debug] [job_id: j5qm1e17g] [model.bin] [adsprpc] vendor/qcom/proprietary/adsprpc/src/mod_table.c:696: open_mod_table_open_from_static: reverse module apps_mem opened with handle 0x171aff98 (idx 0)
[17/Jul/2026:00:52:56 -07:00: profiler/debug] [job_id: j5qm1e17g] [model.bin] [adsprpc] vendor/qcom/proprietary/adsprpc/src/mod_table.c:696: open_mod_table_open_from_static: reverse module apps_std opened with handle 0x171b0098 (idx 1)
[17/Jul/2026:00:52:56 -07:00: profiler/debug] [job_id: j5qm1e17g] [model.bin] [adsprpc] vendor/qcom/proprietary/adsprpc/src/rpcmem_android.c:651: rpcmem_dma_alloc: DMA buffer allocation completed for heap system, size 262144, flags 0x80000000, fd:162, time 12 us
[17/Jul/2026:00:52:56 -07:00: profiler/info] [job_id: j5qm1e17g] [model.bin] [adsprpc] vendor/qcom/proprietary/adsprpc/src/apps_std_imp.c:377: Error 0x2: apps_std_fopen_fd failed for /data/user/0/ai.tetra.tungsten/cache/tungsten.lib/qnn_sdk/default/2.45.0/aarch64-android/cdsp/./libQnnHtpV81Skel.so (No such file or directory)
[17/Jul/2026:00:52:56 -07:00: profiler/debug] [job_id: j5qm1e17g] [model.bin] [adsprpc] vendor/qcom/proprietary/adsprpc/src/rpcmem_android.c:651: rpcmem_dma_alloc: DMA buffer allocation completed for heap system, size 11788496, flags 0x80000000, fd:164, time 10 us
[17/Jul/2026:00:52:56 -07:00: profiler/info] [job_id: j5qm1e17g] [model.bin] [adsprpc] vendor/qcom/proprietary/adsprpc/src/log_config.c:223:Enabled adspmsgd with mask 8
[17/Jul/2026:00:52:56 -07:00: profiler/debug] [job_id: j5qm1e17g] [model.bin] [adsprpc] vendor/qcom/proprietary/adsprpc/src/log_config.c:449:file_watcher_thread: Couldn't find file ai.tetra.tungsten.farf, errno (No such file or directory) at ;/vendor/lib64/rfs/dsp;/vendor/lib/rfsa/adsp;/vendor/lib/rfsa/dsp;/vendor/dsp;
[17/Jul/2026:00:52:56 -07:00: profiler/debug] [job_id: j5qm1e17g] [model.bin] [adsprpc] vendor/qcom/proprietary/adsprpc/src/apps_std_imp.c:369: apps_std_fopen_fd done for /data/user/0/ai.tetra.tungsten/cache/tungsten.lib/qnn_sdk/default/2.45.0/aarch64-android/./libQnnHtpV81Skel.so with fsize:11788496       fopen:6us, fstat:0us, read:1280us,       rpc_alloc:64us, mmap:292us fd 0xa4 error_code 0x0
[17/Jul/2026:00:52:56 -07:00: profiler/debug] [job_id: j5qm1e17g] [model.bin] [adsprpc] vendor/qcom/proprietary/adsprpc/src/apps_std_imp.c:1236: Successfully opened file /data/user/0/ai.tetra.tungsten/cache/tungsten.lib/qnn_sdk/default/2.45.0/aarch64-android/./libQnnHtpV81Skel.so
[17/Jul/2026:00:52:56 -07:00: profiler/debug] [job_id: j5qm1e17g] [model.bin] [adsprpc] vendor/qcom/proprietary/adsprpc/src/rpcmem_android.c:651: rpcmem_dma_alloc: DMA buffer allocation completed for heap system, size 11796480, flags 0xa0000000, fd:165, time 20 us
[17/Jul/2026:00:52:56 -07:00: profiler/debug] [job_id: j5qm1e17g] [model.bin] [adsprpc] vendor/qcom/proprietary/adsprpc/src/rpcmem_android.c:651: rpcmem_dma_alloc: DMA buffer allocation completed for heap system, size 1048576, flags 0xa0000000, fd:164, time 13 us
[17/Jul/2026:00:52:56 -07:00: profiler/debug] [job_id: j5qm1e17g] [model.bin] [adsprpc] vendor/qcom/proprietary/adsprpc/src/fastrpc_apps_user.c:3491: remote_handle64_open: opened handle 0xb400006fcc4ebb90 (remote 0x2ccbf0) for file:///libQnnHtpV81Skel.so?qnn_skel_handle_invoke&_modver=1.0&_dom=cdsp on domain 100000 (spawn time 19355 us, load time 33194 us), refs 1
[17/Jul/2026:00:52:56 -07:00: profiler/debug] [job_id: j5qm1e17g] [model.bin] [adsprpc] vendor/qcom/proprietary/adsprpc/src/rpcmem_android.c:651: rpcmem_dma_alloc: DMA buffer allocation completed for heap system, size 8, flags 0x1, fd:163, time 11 us
[17/Jul/2026:00:52:56 -07:00: profiler/debug] [job_id: j5qm1e17g] [model.bin] [adsprpc] vendor/qcom/proprietary/adsprpc/src/rpcmem_android.c:651: rpcmem_dma_alloc: DMA buffer allocation completed for heap system, size 136, flags 0x1, fd:166, time 13 us
[17/Jul/2026:00:52:56 -07:00: profiler/debug] [job_id: j5qm1e17g] [model.bin] [adsprpc] vendor/qcom/proprietary/adsprpc/src/rpcmem_android.c:651: rpcmem_dma_alloc: DMA buffer allocation completed for heap system, size 16, flags 0x1, fd:163, time 17 us
[17/Jul/2026:00:52:56 -07:00: profiler/debug] [job_id: j5qm1e17g] [model.bin] [adsprpc] vendor/qcom/proprietary/adsprpc/src/rpcmem_android.c:651: rpcmem_dma_alloc: DMA buffer allocation completed for heap system, size 8, flags 0x1, fd:166, time 15 us
[17/Jul/2026:00:52:56 -07:00: profiler/debug] [job_id: j5qm1e17g] [model.bin] [adsprpc] vendor/qcom/proprietary/adsprpc/src/rpcmem_android.c:651: rpcmem_dma_alloc: DMA buffer allocation completed for heap system, size 56, flags 0x1, fd:163, time 22 us
[17/Jul/2026:00:52:56 -07:00: profiler/debug] [job_id: j5qm1e17g] [model.bin] [adsprpc] vendor/qcom/proprietary/adsprpc/src/fastrpc_apps_user.c:3385: WARNING: get_handle_priority_from_uri: libdspqueue_rpc_skel.so lib opened handle without priority token
[17/Jul/2026:00:52:56 -07:00: profiler/debug] [job_id: j5qm1e17g] [model.bin] [adsprpc] vendor/qcom/proprietary/adsprpc/src/fastrpc_apps_user.c:3491: remote_handle64_open: opened handle 0xb400006fcc4ebdc0 (remote 0x2cd860) for file:///libdspqueue_rpc_skel.so?dspqueue_rpc_skel_handle_invoke&_modver=1.0&_dom=nsp1000&_session=0 on domain 100000 (spawn time 0 us, load time 298 us), refs 2
[17/Jul/2026:00:52:56 -07:00: profiler/debug] [job_id: j5qm1e17g] [model.bin] [adsprpc] vendor/qcom/proprietary/adsprpc/src/fastrpc_notif.c:138: fastrpc_notif_domain_init: FastRPC notification worker thread launched
[17/Jul/2026:00:52:56 -07:00: profiler/debug] [job_id: j5qm1e17g] [model.bin] [adsprpc] vendor/qcom/proprietary/adsprpc/src/fastrpc_apps_user.c:5077: remote_session_control Register PD status notification request for domain 100000
[17/Jul/2026:00:52:56 -07:00: profiler/debug] [job_id: j5qm1e17g] [model.bin] [adsprpc] vendor/qcom/proprietary/adsprpc/src/rpcmem_android.c:651: rpcmem_dma_alloc: DMA buffer allocation completed for heap system, size 1024, flags 0x40000001, fd:166, time 13 us
[17/Jul/2026:00:52:56 -07:00: profiler/debug] [job_id: j5qm1e17g] [model.bin] [adsprpc] vendor/qcom/proprietary/adsprpc/src/fastrpc_apps_user.c:3955: get_remote_notif_response: received status notification 0 for domain 1000, session 0 (effec dom 100000)
[17/Jul/2026:00:52:56 -07:00: profiler/debug] [job_id: j5qm1e17g] [model.bin] [adsprpc] vendor/qcom/proprietary/adsprpc/src/rpcmem_android.c:651: rpcmem_dma_alloc: DMA buffer allocation completed for heap system, size 1792, flags 0x40000001, fd:167, time 10 us
[17/Jul/2026:00:52:56 -07:00: profiler/debug] [job_id: j5qm1e17g] [model.bin] [adsprpc] vendor/qcom/proprietary/adsprpc/src/dspqueue/dspqueue_cpu.c:683: dspqueue is using version: 387073626, flags: 2, driver signalling: 3, wait count: 1
[17/Jul/2026:00:52:56 -07:00: profiler/debug] [job_id: j5qm1e17g] [model.bin] [adsprpc] vendor/qcom/proprietary/adsprpc/src/dspqueue/dspqueue_cpu.c:715: dspqueue_create: created Queue 0, 0xb40000716c43a180, DSP 0x00000000 for domain 100000
[17/Jul/2026:00:52:56 -07:00: profiler/debug] [job_id: j5qm1e17g] [model.bin] Creating context from binary with 0 configurations set.
[17/Jul/2026:00:52:56 -07:00: profiler/info] [job_id: j5qm1e17g] [model.bin] QnnDsp <W> m_CFBCallbackInfoObj is not initialized, return emptyList
[17/Jul/2026:00:52:56 -07:00: profiler/debug] [job_id: j5qm1e17g] [model.bin] [adsprpc] vendor/qcom/proprietary/adsprpc/src/rpcmem_android.c:651: rpcmem_dma_alloc: DMA buffer allocation completed for heap system, size 131328, flags 0x1, fd:168, time 13 us
[17/Jul/2026:00:52:56 -07:00: profiler/debug] [job_id: j5qm1e17g] [model.bin] [adsprpc] vendor/qcom/proprietary/adsprpc/src/rpcmem_android.c:651: rpcmem_dma_alloc: DMA buffer allocation completed for heap system, size 131200, flags 0x1, fd:169, time 12 us
[17/Jul/2026:00:52:56 -07:00: profiler/debug] [job_id: j5qm1e17g] [model.bin] [adsprpc] vendor/qcom/proprietary/adsprpc/src/rpcmem_android.c:651: rpcmem_dma_alloc: DMA buffer allocation completed for heap system, size 1848, flags 0x1, fd:170, time 11 us
[17/Jul/2026:00:52:56 -07:00: profiler/debug] [job_id: j5qm1e17g] [model.bin] [adsprpc] vendor/qcom/proprietary/adsprpc/src/rpcmem_android.c:651: rpcmem_dma_alloc: DMA buffer allocation completed for heap system, size 72, flags 0x1, fd:171, time 12 us
[17/Jul/2026:00:52:56 -07:00: profiler/debug] [job_id: j5qm1e17g] [model.bin] [adsprpc] vendor/qcom/proprietary/adsprpc/src/fastrpc_apps_user.c:4393:Warning: remote_handle_control: Non-domain usage of FastRPC will be deprecated, use domains to offload to DSP using FastRPC
[17/Jul/2026:00:52:56 -07:00: profiler/debug] [job_id: j5qm1e17g] [model.bin] [adsprpc] vendor/qcom/proprietary/adsprpc/src/fastrpc_apps_user.c:4393:Warning: remote_handle_control: Non-domain usage of FastRPC will be deprecated, use domains to offload to DSP using FastRPC
[17/Jul/2026:00:52:56 -07:00: profiler/debug] [job_id: j5qm1e17g] [model.bin] [adsprpc] vendor/qcom/proprietary/adsprpc/src/rpcmem_android.c:651: rpcmem_dma_alloc: DMA buffer allocation completed for heap system, size 136314880, flags 0x1, fd:172, time 23 us
[17/Jul/2026:00:52:57 -07:00: profiler/debug] [job_id: j5qm1e17g] [model.bin] [adsprpc] vendor/qcom/proprietary/adsprpc/src/fastrpc_apps_user.c:4393:Warning: remote_handle_control: Non-domain usage of FastRPC will be deprecated, use domains to offload to DSP using FastRPC
[17/Jul/2026:00:52:57 -07:00: profiler/debug] [job_id: j5qm1e17g] [model.bin] [adsprpc] vendor/qcom/proprietary/adsprpc/src/rpcmem_android.c:651: rpcmem_dma_alloc: DMA buffer allocation completed for heap system, size 262512, flags 0x1, fd:173, time 54 us
[17/Jul/2026:00:52:57 -07:00: profiler/debug] [job_id: j5qm1e17g] [model.bin] [adsprpc] vendor/qcom/proprietary/adsprpc/src/rpcmem_android.c:651: rpcmem_dma_alloc: DMA buffer allocation completed for heap system, size 40, flags 0x1, fd:174, time 10 us
[17/Jul/2026:00:52:57 -07:00: profiler/debug] [job_id: j5qm1e17g] [model.bin] [adsprpc] vendor/qcom/proprietary/adsprpc/src/fastrpc_apps_user.c:4393:Warning: remote_handle_control: Non-domain usage of FastRPC will be deprecated, use domains to offload to DSP using FastRPC
[17/Jul/2026:00:52:57 -07:00: profiler/debug] [job_id: j5qm1e17g] [model.bin] [adsprpc] vendor/qcom/proprietary/adsprpc/src/rpcmem_android.c:651: rpcmem_dma_alloc: DMA buffer allocation completed for heap system, size 33554432, flags 0xa0000000, fd:175, time 40 us
[17/Jul/2026:00:52:57 -07:00: profiler/debug] [job_id: j5qm1e17g] [model.bin] [adsprpc] vendor/qcom/proprietary/adsprpc/src/rpcmem_android.c:651: rpcmem_dma_alloc: DMA buffer allocation completed for heap system, size 48, flags 0x1, fd:173, time 7 us
[17/Jul/2026:00:52:57 -07:00: profiler/info] [job_id: j5qm1e17g] [model.bin] Loaded graph graph_m72jbm9k.
[17/Jul/2026:00:52:57 -07:00: profiler/info] [job_id: j5qm1e17g] [model.bin] Malloc VM size after: 63884.0 kB, allocated: 57151.2 kB, slack: 6732.8 kB.
[17/Jul/2026:00:52:57 -07:00: profiler/info] [job_id: j5qm1e17g] [model.bin] Status Successfully Loaded Warm with t = 98334 us and usage: before = 157044.0 kB; peakBefore = 157044.0 kB; mallocUnusedBefore = 7632.0 kB; after = 157716.0 kB; peakAfter = 157652.0 kB; mallocUnusedAfter = 6732.8 kB; increase = 0.0-1571.2 kB; peak = 608.0-8240.0 kB
[17/Jul/2026:00:52:57 -07:00: profiler/info] [job_id: j5qm1e17g] [model.bin] Saving results to /data/local/tmp/tungsten/files/Results/job_j5qm1e17g/job_j5qm1e17g_results.bin
[17/Jul/2026:00:52:57 -07:00: profiler/debug] [job_id: j5qm1e17g] [model.bin] Feature 'hidden_states' has 1 batches.
[17/Jul/2026:00:52:57 -07:00: profiler/info] QnnDsp <W> m_CFBCallbackInfoObj is not initialized, return emptyList
[17/Jul/2026:00:52:57 -07:00: profiler/info] [adsprpc] vendor/qcom/proprietary/adsprpc/src/adspmsgd.c:104::error: 0x8000040d: AEE_SUCCESS == (nErr = adspmsgd_adsp1_wait(handle, &bytesToRead))
[17/Jul/2026:00:52:57 -07:00: profiler/info] [adsprpc] vendor/qcom/proprietary/adsprpc/src/adspmsgd.c:114:Error 0x8000040d: adspmsgd_reader thread of domain 100000 for handle 0xcc4eb410 exiting (errno Success)
[17/Jul/2026:07:52:57 +00:00: profiler/info] -=- Tungsten running task: performing inference -=-
[17/Jul/2026:00:52:57 -07:00: profiler/info] [job_id: j5qm1e17g] [model.bin] Loading previously saved results in /data/local/tmp/tungsten/files/Results/job_j5qm1e17g/job_j5qm1e17g_results.bin
[17/Jul/2026:00:52:57 -07:00: profiler/debug] [job_id: j5qm1e17g] [model.bin] Feature 'hidden_states' has 1 batches.
[17/Jul/2026:00:52:57 -07:00: profiler/debug] [job_id: j5qm1e17g] [model.bin] Found asset Models/flatbuffers_data.bin in /data/user/0/ai.tetra.tungsten/cache/tungsten.assets/Models/flatbuffers_data.bin.
[17/Jul/2026:00:52:57 -07:00: profiler/debug] [job_id: j5qm1e17g] [model.bin] Feature 'hidden_states' has 1 batches.
[17/Jul/2026:00:52:57 -07:00: profiler/debug] [job_id: j5qm1e17g] [model.bin] Feature 'hidden_states' has 1 batches.
[17/Jul/2026:00:52:57 -07:00: profiler/debug] [job_id: j5qm1e17g] [model.bin] Feature 'hidden_states' has 1 batches.
[17/Jul/2026:00:52:57 -07:00: profiler/debug] [job_id: j5qm1e17g] [model.bin] Starting validation
[17/Jul/2026:00:52:57 -07:00: profiler/info] [job_id: j5qm1e17g] [model.bin] Loading QNN model Models/model.bin.
[17/Jul/2026:00:52:57 -07:00: profiler/info] [job_id: j5qm1e17g] [model.bin] Malloc VM size before: 27720.0 kB, allocated: 16501.5 kB, slack: 11218.5 kB.
[17/Jul/2026:00:52:57 -07:00: profiler/info] [job_id: j5qm1e17g] [model.bin] Current memory baseline range: 71709.5-82928.0 kB.
[17/Jul/2026:00:52:57 -07:00: profiler/debug] [job_id: j5qm1e17g] [model.bin] Found QNN interface provider with API version 2.34.
[17/Jul/2026:00:52:57 -07:00: profiler/info] [job_id: j5qm1e17g] [model.bin] QnnDsp <W> Initializing HtpProvider
[17/Jul/2026:00:52:57 -07:00: profiler/info] [job_id: j5qm1e17g] [model.bin] Loaded QNN backend from /data/user/0/ai.tetra.tungsten/cache/tungsten.lib/qnn_sdk/default/2.45.0/aarch64-android/libQnnHtp.so (version 5.45.0; core API 2.34.0; build ID v2.45.0.260326154327)
[17/Jul/2026:00:52:57 -07:00: profiler/debug] [job_id: j5qm1e17g] [model.bin] Asset model.bin not found in /data/user/0/ai.tetra.tungsten/cache/tungsten.assets/Models/model.bin.
[17/Jul/2026:00:52:57 -07:00: profiler/debug] [job_id: j5qm1e17g] [model.bin] Found asset Models/model.bin in /data/local/tmp/tungsten/files/Models/model.bin.
[17/Jul/2026:00:52:57 -07:00: profiler/debug] [job_id: j5qm1e17g] [model.bin] Asset model.bin not found in /data/user/0/ai.tetra.tungsten/cache/tungsten.assets/Models/model.bin.
[17/Jul/2026:00:52:57 -07:00: profiler/debug] [job_id: j5qm1e17g] [model.bin] Found asset Models/model.bin in /data/local/tmp/tungsten/files/Models/model.bin.
[17/Jul/2026:00:52:57 -07:00: profiler/info] [job_id: j5qm1e17g] [model.bin] Loaded /data/user/0/ai.tetra.tungsten/cache/tungsten.lib/qnn_sdk/default/2.45.0/aarch64-android/libQnnSystem.so, with version 1.9.0.
[17/Jul/2026:00:52:57 -07:00: profiler/info] [job_id: j5qm1e17g] [model.bin] Loaded QNN context binary with build id=v2.45.0.260326154327, for soc '' with 1 cores.
[17/Jul/2026:00:52:57 -07:00: profiler/debug] [job_id: j5qm1e17g] [model.bin] [adsprpc] vendor/qcom/proprietary/adsprpc/src/fastrpc_context.c:370: fastrpc_context_table_init done
[17/Jul/2026:00:52:57 -07:00: profiler/debug] [job_id: j5qm1e17g] [model.bin] [adsprpc] vendor/qcom/proprietary/adsprpc/src/fastrpc_domains.c:256: fastrpc_sysfs_watcher_init done watcher thread tid 479987467520
[17/Jul/2026:00:52:57 -07:00: profiler/debug] [job_id: j5qm1e17g] [model.bin] [adsprpc] vendor/qcom/proprietary/adsprpc/src/rpcmem_android.c:211: set up allocator 0xb40000709c469d10 for DMA buf heap system, ION heap system, heap mask 0x2000000, flags 0x1, legacy flags 0x1
[17/Jul/2026:00:52:57 -07:00: profiler/debug] [job_id: j5qm1e17g] [model.bin] [adsprpc] vendor/qcom/proprietary/adsprpc/src/fastrpc_config.c:437: Reading configuration file: ai.tetra.tungsten.debugconfig
[17/Jul/2026:00:52:57 -07:00: profiler/debug] [job_id: j5qm1e17g] [model.bin] [adsprpc] vendor/qcom/proprietary/adsprpc/src/fastrpc_config.c:468: fastrpc_config_init: Couldn't find file ai.tetra.tungsten.debugconfig, errno (No such file or directory) at /data/user/0/ai.tetra.tungsten/cache/tungsten.lib/qnn_sdk/default/2.45.0/aarch64-android, /vendor/lib64/rfs/dsp, /vendor/lib/rfsa/adsp, /vendor/dsp
[17/Jul/2026:00:52:57 -07:00: profiler/debug] [job_id: j5qm1e17g] [model.bin] [adsprpc] vendor/qcom/proprietary/adsprpc/src/fastrpc_apps_user.c:7618: fastrpc_apps_user_init done  with default domain:3 and &fastrpc_trace:0x6e709456b4
[17/Jul/2026:00:52:57 -07:00: profiler/debug] [job_id: j5qm1e17g] [model.bin] [adsprpc] vendor/qcom/proprietary/adsprpc/src/fastrpc_apps_user.c:7752: multidsplib_env_init: libcdsprpc.so loaded
[17/Jul/2026:00:52:57 -07:00: profiler/debug] [job_id: j5qm1e17g] [model.bin] [adsprpc] vendor/qcom/proprietary/adsprpc/src/fastrpc_apps_user.c:4393:Warning: remote_handle_control: Non-domain usage of FastRPC will be deprecated, use domains to offload to DSP using FastRPC
[17/Jul/2026:00:52:57 -07:00: profiler/info] [job_id: j5qm1e17g] [model.bin] [adsprpc] vendor/qcom/proprietary/adsprpc/src/fastrpc_apps_user.c:4386: Error 0xe: remote_handle_control_domain failed for request ID 2 on domain 100000 (errno No such file or directory)
[17/Jul/2026:00:52:57 -07:00: profiler/debug] [job_id: j5qm1e17g] [model.bin] [adsprpc] vendor/qcom/proprietary/adsprpc/src/fastrpc_apps_user.c:6015: close_device_node: closed dev 146 on domain 3
[17/Jul/2026:00:52:57 -07:00: profiler/debug] [job_id: j5qm1e17g] [model.bin] [adsprpc] vendor/qcom/proprietary/adsprpc/src/fastrpc_domains.c:164: fastrpc_sysfs_watcher_thread starting
[17/Jul/2026:00:52:57 -07:00: profiler/info] [job_id: j5qm1e17g] [model.bin] [adsprpc] vendor/qcom/proprietary/adsprpc/src/fastrpc_apps_user.c:4410: Error 0xe: remote_handle_control failed for request ID 2 (errno Success) (user err 0xe)
[17/Jul/2026:00:52:57 -07:00: profiler/debug] [job_id: j5qm1e17g] [model.bin] [adsprpc] vendor/qcom/proprietary/adsprpc/src/fastrpc_apps_user.c:4393:Warning: remote_handle_control: Non-domain usage of FastRPC will be deprecated, use domains to offload to DSP using FastRPC
[17/Jul/2026:00:52:57 -07:00: profiler/debug] [job_id: j5qm1e17g] [model.bin] [adsprpc] vendor/qcom/proprietary/adsprpc/src/fastrpc_apps_user.c:6015: close_device_node: closed dev 146 on domain 3
[17/Jul/2026:00:52:57 -07:00: profiler/debug] [job_id: j5qm1e17g] [model.bin] [adsprpc] vendor/qcom/proprietary/adsprpc/src/fastrpc_apps_user.c:4875: remote_session_control Unsigned PD enable 1 request for domain 100000
[17/Jul/2026:00:52:57 -07:00: profiler/debug] [job_id: j5qm1e17g] [model.bin] [adsprpc] vendor/qcom/proprietary/adsprpc/src/fastrpc_apps_user.c:4850: remote_session_control DSP info request for domain 100000, thread priority -1, stack size 17408
[17/Jul/2026:00:52:57 -07:00: profiler/debug] [job_id: j5qm1e17g] [model.bin] [adsprpc] vendor/qcom/proprietary/adsprpc/src/fastrpc_apps_user.c:6015: close_device_node: closed dev 146 on domain 3
[17/Jul/2026:00:52:57 -07:00: profiler/debug] [job_id: j5qm1e17g] [model.bin] [adsprpc] vendor/qcom/proprietary/adsprpc/src/fastrpc_apps_user.c:3385: WARNING: get_handle_priority_from_uri: libQnnHtpV81Skel.so lib opened handle without priority token
[17/Jul/2026:00:52:57 -07:00: profiler/debug] [job_id: j5qm1e17g] [model.bin] [adsprpc] vendor/qcom/proprietary/adsprpc/src/fastrpc_apps_user.c:6015: close_device_node: closed dev 146 on domain 3
[17/Jul/2026:00:52:57 -07:00: profiler/debug] [job_id: j5qm1e17g] [model.bin] [adsprpc] vendor/qcom/proprietary/adsprpc/src/fastrpc_apps_user.c:6185: Successfully opened /vendor/dsp/cdsp/fastrpc_shell_unsigned_3, domain 3
[17/Jul/2026:00:52:57 -07:00: profiler/debug] [job_id: j5qm1e17g] [model.bin] [adsprpc] vendor/qcom/proprietary/adsprpc/src/rpcmem_android.c:651: rpcmem_dma_alloc: DMA buffer allocation completed for heap system, size 1451100, flags 0x80000000, fd:149, time 14 us
[17/Jul/2026:00:52:57 -07:00: profiler/debug] [job_id: j5qm1e17g] [model.bin] [adsprpc] vendor/qcom/proprietary/adsprpc/src/rpcmem_android.c:651: rpcmem_dma_alloc: DMA buffer allocation completed for heap system, size 4096, flags 0x1, fd:150, time 6 us
[17/Jul/2026:00:52:57 -07:00: profiler/debug] [job_id: j5qm1e17g] [model.bin] [adsprpc] vendor/qcom/proprietary/adsprpc/src/rpcmem_android.c:651: rpcmem_dma_alloc: DMA buffer allocation completed for heap system, size 4096, flags 0x1, fd:151, time 4 us
[17/Jul/2026:00:52:57 -07:00: profiler/debug] [job_id: j5qm1e17g] [model.bin] [adsprpc] vendor/qcom/proprietary/adsprpc/src/fastrpc_apps_user.c:6298: Created user PD on domain 100000, dbg_trace 0x0, enabled attr=> RPC timeout:10000, Dbg Mode:Y, CRC:N, Unsigned:Y, Signed:N, Adapt QOS:N, PD dump: (Config:N, Dbg:N), Perf: (Kernel:N, DSP:N), Iregion:N, QTF:N, UAF:N userPD initmem len:0x500000, Log pkt: N
[17/Jul/2026:00:52:57 -07:00: profiler/debug] [job_id: j5qm1e17g] [model.bin] [adsprpc] vendor/qcom/proprietary/adsprpc/src/fastrpc_apps_user.c:1935: Successfully set remote user thread priority to 192 and stack size to 17408 for domain 100000
[17/Jul/2026:00:52:57 -07:00: profiler/debug] [job_id: j5qm1e17g] [model.bin] [adsprpc] vendor/qcom/proprietary/adsprpc/src/listener_android.c:121: listener thread starting
[17/Jul/2026:00:52:57 -07:00: profiler/debug] [job_id: j5qm1e17g] [model.bin] [adsprpc] vendor/qcom/proprietary/adsprpc/src/rpcmem_android.c:651: rpcmem_dma_alloc: DMA buffer allocation completed for heap system, size 1048576, flags 0x1, fd:149, time 31 us
[17/Jul/2026:00:52:57 -07:00: profiler/debug] [job_id: j5qm1e17g] [model.bin] [adsprpc] vendor/qcom/proprietary/adsprpc/src/fastrpc_apps_user.c:7188: persist_buf_init allocation done for persist_buf 0x6fc0ffc000 size 1048576
[17/Jul/2026:00:52:57 -07:00: profiler/debug] [job_id: j5qm1e17g] [model.bin] [adsprpc] vendor/qcom/proprietary/adsprpc/src/fastrpc_apps_user.c:7198: persist_buf_init mapping done for persist_buf 0x6fc0ffc000 fd 149 of size 1048576 on domain 100000
[17/Jul/2026:00:52:57 -07:00: profiler/debug] [job_id: j5qm1e17g] [model.bin] [adsprpc] vendor/qcom/proprietary/adsprpc/src/fastrpc_apps_user.c:7260: open_dev : panic error codes sent successfully
[17/Jul/2026:00:52:57 -07:00: profiler/debug] [job_id: j5qm1e17g] [model.bin] [adsprpc] vendor/qcom/proprietary/adsprpc/src/fastrpc_perf.c:292: fastrpc_perf_init: enabled systrace 0x0 and RPC traces (kernel 0, dsp 0) with frequency 1000
[17/Jul/2026:00:52:57 -07:00: profiler/debug] [job_id: j5qm1e17g] [model.bin] [adsprpc] vendor/qcom/proprietary/adsprpc/src/log_config.c:429: file_watcher_thread starting for domain 100000
[17/Jul/2026:00:52:57 -07:00: profiler/debug] [job_id: j5qm1e17g] [model.bin] [adsprpc] vendor/qcom/proprietary/adsprpc/src/rpcmem_android.c:651: rpcmem_dma_alloc: DMA buffer allocation completed for heap system, size 4096, flags 0x0, fd:154, time 11 us
[17/Jul/2026:00:52:57 -07:00: profiler/debug] [job_id: j5qm1e17g] [model.bin] [adsprpc] vendor/qcom/proprietary/adsprpc/src/rpcmem_android.c:651: rpcmem_dma_alloc: DMA buffer allocation completed for heap system, size 4096, flags 0x0, fd:158, time 15 us
[17/Jul/2026:00:52:57 -07:00: profiler/debug] [job_id: j5qm1e17g] [model.bin] [adsprpc] vendor/qcom/proprietary/adsprpc/src/mod_table.c:696: open_mod_table_open_from_static: reverse module apps_mem opened with handle 0x70946f98 (idx 0)
[17/Jul/2026:00:52:57 -07:00: profiler/debug] [job_id: j5qm1e17g] [model.bin] [adsprpc] vendor/qcom/proprietary/adsprpc/src/mod_table.c:696: open_mod_table_open_from_static: reverse module apps_std opened with handle 0x70947098 (idx 1)
[17/Jul/2026:00:52:57 -07:00: profiler/debug] [job_id: j5qm1e17g] [model.bin] [adsprpc] vendor/qcom/proprietary/adsprpc/src/rpcmem_android.c:651: rpcmem_dma_alloc: DMA buffer allocation completed for heap system, size 262144, flags 0x80000000, fd:159, time 6 us
[17/Jul/2026:00:52:57 -07:00: profiler/info] [job_id: j5qm1e17g] [model.bin] [adsprpc] vendor/qcom/proprietary/adsprpc/src/apps_std_imp.c:377: Error 0x2: apps_std_fopen_fd failed for /data/user/0/ai.tetra.tungsten/cache/tungsten.lib/qnn_sdk/default/2.45.0/aarch64-android/cdsp/./libQnnHtpV81Skel.so (No such file or directory)
[17/Jul/2026:00:52:57 -07:00: profiler/debug] [job_id: j5qm1e17g] [model.bin] [adsprpc] vendor/qcom/proprietary/adsprpc/src/rpcmem_android.c:651: rpcmem_dma_alloc: DMA buffer allocation completed for heap system, size 11788496, flags 0x80000000, fd:161, time 18 us
[17/Jul/2026:00:52:57 -07:00: profiler/info] [job_id: j5qm1e17g] [model.bin] [adsprpc] vendor/qcom/proprietary/adsprpc/src/log_config.c:223:Enabled adspmsgd with mask 8
[17/Jul/2026:00:52:57 -07:00: profiler/debug] [job_id: j5qm1e17g] [model.bin] [adsprpc] vendor/qcom/proprietary/adsprpc/src/log_config.c:449:file_watcher_thread: Couldn't find file ai.tetra.tungsten.farf, errno (No such file or directory) at ;/vendor/lib64/rfs/dsp;/vendor/lib/rfsa/adsp;/vendor/lib/rfsa/dsp;/vendor/dsp;
[17/Jul/2026:00:52:57 -07:00: profiler/debug] [job_id: j5qm1e17g] [model.bin] [adsprpc] vendor/qcom/proprietary/adsprpc/src/apps_std_imp.c:369: apps_std_fopen_fd done for /data/user/0/ai.tetra.tungsten/cache/tungsten.lib/qnn_sdk/default/2.45.0/aarch64-android/./libQnnHtpV81Skel.so with fsize:11788496       fopen:7us, fstat:1us, read:1373us,       rpc_alloc:63us, mmap:284us fd 0xa1 error_code 0x0
[17/Jul/2026:00:52:57 -07:00: profiler/debug] [job_id: j5qm1e17g] [model.bin] [adsprpc] vendor/qcom/proprietary/adsprpc/src/apps_std_imp.c:1236: Successfully opened file /data/user/0/ai.tetra.tungsten/cache/tungsten.lib/qnn_sdk/default/2.45.0/aarch64-android/./libQnnHtpV81Skel.so
[17/Jul/2026:00:52:57 -07:00: profiler/debug] [job_id: j5qm1e17g] [model.bin] [adsprpc] vendor/qcom/proprietary/adsprpc/src/rpcmem_android.c:651: rpcmem_dma_alloc: DMA buffer allocation completed for heap system, size 11796480, flags 0xa0000000, fd:162, time 10 us
[17/Jul/2026:00:52:57 -07:00: profiler/debug] [job_id: j5qm1e17g] [model.bin] [adsprpc] vendor/qcom/proprietary/adsprpc/src/rpcmem_android.c:651: rpcmem_dma_alloc: DMA buffer allocation completed for heap system, size 1048576, flags 0xa0000000, fd:161, time 23 us
[17/Jul/2026:00:52:57 -07:00: profiler/debug] [job_id: j5qm1e17g] [model.bin] [adsprpc] vendor/qcom/proprietary/adsprpc/src/fastrpc_apps_user.c:3491: remote_handle64_open: opened handle 0xb400006fcc4d9850 (remote 0x2ccbf0) for file:///libQnnHtpV81Skel.so?qnn_skel_handle_invoke&_modver=1.0&_dom=cdsp on domain 100000 (spawn time 19186 us, load time 32967 us), refs 1
[17/Jul/2026:00:52:57 -07:00: profiler/debug] [job_id: j5qm1e17g] [model.bin] [adsprpc] vendor/qcom/proprietary/adsprpc/src/rpcmem_android.c:651: rpcmem_dma_alloc: DMA buffer allocation completed for heap system, size 8, flags 0x1, fd:160, time 19 us
[17/Jul/2026:00:52:57 -07:00: profiler/debug] [job_id: j5qm1e17g] [model.bin] [adsprpc] vendor/qcom/proprietary/adsprpc/src/rpcmem_android.c:651: rpcmem_dma_alloc: DMA buffer allocation completed for heap system, size 136, flags 0x1, fd:163, time 17 us
[17/Jul/2026:00:52:57 -07:00: profiler/debug] [job_id: j5qm1e17g] [model.bin] [adsprpc] vendor/qcom/proprietary/adsprpc/src/rpcmem_android.c:651: rpcmem_dma_alloc: DMA buffer allocation completed for heap system, size 16, flags 0x1, fd:160, time 16 us
[17/Jul/2026:00:52:57 -07:00: profiler/debug] [job_id: j5qm1e17g] [model.bin] [adsprpc] vendor/qcom/proprietary/adsprpc/src/rpcmem_android.c:651: rpcmem_dma_alloc: DMA buffer allocation completed for heap system, size 8, flags 0x1, fd:163, time 44 us
[17/Jul/2026:00:52:57 -07:00: profiler/debug] [job_id: j5qm1e17g] [model.bin] [adsprpc] vendor/qcom/proprietary/adsprpc/src/rpcmem_android.c:651: rpcmem_dma_alloc: DMA buffer allocation completed for heap system, size 56, flags 0x1, fd:160, time 12 us
[17/Jul/2026:00:52:57 -07:00: profiler/debug] [job_id: j5qm1e17g] [model.bin] [adsprpc] vendor/qcom/proprietary/adsprpc/src/fastrpc_apps_user.c:3385: WARNING: get_handle_priority_from_uri: libdspqueue_rpc_skel.so lib opened handle without priority token
[17/Jul/2026:00:52:57 -07:00: profiler/debug] [job_id: j5qm1e17g] [model.bin] [adsprpc] vendor/qcom/proprietary/adsprpc/src/fastrpc_apps_user.c:3491: remote_handle64_open: opened handle 0xb400006fcc4d9a30 (remote 0x2cd860) for file:///libdspqueue_rpc_skel.so?dspqueue_rpc_skel_handle_invoke&_modver=1.0&_dom=nsp1000&_session=0 on domain 100000 (spawn time 1 us, load time 276 us), refs 2
[17/Jul/2026:00:52:57 -07:00: profiler/debug] [job_id: j5qm1e17g] [model.bin] [adsprpc] vendor/qcom/proprietary/adsprpc/src/fastrpc_notif.c:138: fastrpc_notif_domain_init: FastRPC notification worker thread launched
[17/Jul/2026:00:52:57 -07:00: profiler/debug] [job_id: j5qm1e17g] [model.bin] [adsprpc] vendor/qcom/proprietary/adsprpc/src/fastrpc_apps_user.c:5077: remote_session_control Register PD status notification request for domain 100000
[17/Jul/2026:00:52:57 -07:00: profiler/debug] [job_id: j5qm1e17g] [model.bin] [adsprpc] vendor/qcom/proprietary/adsprpc/src/fastrpc_apps_user.c:3955: get_remote_notif_response: received status notification 0 for domain 1000, session 0 (effec dom 100000)
[17/Jul/2026:00:52:57 -07:00: profiler/debug] [job_id: j5qm1e17g] [model.bin] [adsprpc] vendor/qcom/proprietary/adsprpc/src/rpcmem_android.c:651: rpcmem_dma_alloc: DMA buffer allocation completed for heap system, size 1024, flags 0x40000001, fd:163, time 13 us
[17/Jul/2026:00:52:57 -07:00: profiler/debug] [job_id: j5qm1e17g] [model.bin] [adsprpc] vendor/qcom/proprietary/adsprpc/src/rpcmem_android.c:651: rpcmem_dma_alloc: DMA buffer allocation completed for heap system, size 1792, flags 0x40000001, fd:164, time 5 us
[17/Jul/2026:00:52:57 -07:00: profiler/debug] [job_id: j5qm1e17g] [model.bin] [adsprpc] vendor/qcom/proprietary/adsprpc/src/dspqueue/dspqueue_cpu.c:683: dspqueue is using version: 1888204378, flags: 2, driver signalling: 3, wait count: 1
[17/Jul/2026:00:52:57 -07:00: profiler/debug] [job_id: j5qm1e17g] [model.bin] [adsprpc] vendor/qcom/proprietary/adsprpc/src/dspqueue/dspqueue_cpu.c:715: dspqueue_create: created Queue 0, 0xb40000716c41abb0, DSP 0x00000000 for domain 100000
[17/Jul/2026:00:52:57 -07:00: profiler/debug] [job_id: j5qm1e17g] [model.bin] Creating context from binary with 0 configurations set.
[17/Jul/2026:00:52:57 -07:00: profiler/info] [job_id: j5qm1e17g] [model.bin] QnnDsp <W> m_CFBCallbackInfoObj is not initialized, return emptyList
[17/Jul/2026:00:52:57 -07:00: profiler/debug] [job_id: j5qm1e17g] [model.bin] [adsprpc] vendor/qcom/proprietary/adsprpc/src/rpcmem_android.c:651: rpcmem_dma_alloc: DMA buffer allocation completed for heap system, size 131328, flags 0x1, fd:165, time 16 us
[17/Jul/2026:00:52:57 -07:00: profiler/debug] [job_id: j5qm1e17g] [model.bin] [adsprpc] vendor/qcom/proprietary/adsprpc/src/rpcmem_android.c:651: rpcmem_dma_alloc: DMA buffer allocation completed for heap system, size 131200, flags 0x1, fd:166, time 13 us
[17/Jul/2026:00:52:57 -07:00: profiler/debug] [job_id: j5qm1e17g] [model.bin] [adsprpc] vendor/qcom/proprietary/adsprpc/src/rpcmem_android.c:651: rpcmem_dma_alloc: DMA buffer allocation completed for heap system, size 1848, flags 0x1, fd:167, time 11 us
[17/Jul/2026:00:52:57 -07:00: profiler/debug] [job_id: j5qm1e17g] [model.bin] [adsprpc] vendor/qcom/proprietary/adsprpc/src/rpcmem_android.c:651: rpcmem_dma_alloc: DMA buffer allocation completed for heap system, size 72, flags 0x1, fd:168, time 15 us
[17/Jul/2026:00:52:57 -07:00: profiler/debug] [job_id: j5qm1e17g] [model.bin] [adsprpc] vendor/qcom/proprietary/adsprpc/src/fastrpc_apps_user.c:4393:Warning: remote_handle_control: Non-domain usage of FastRPC will be deprecated, use domains to offload to DSP using FastRPC
[17/Jul/2026:00:52:57 -07:00: profiler/debug] [job_id: j5qm1e17g] [model.bin] [adsprpc] vendor/qcom/proprietary/adsprpc/src/fastrpc_apps_user.c:4393:Warning: remote_handle_control: Non-domain usage of FastRPC will be deprecated, use domains to offload to DSP using FastRPC
[17/Jul/2026:00:52:57 -07:00: profiler/debug] [job_id: j5qm1e17g] [model.bin] [adsprpc] vendor/qcom/proprietary/adsprpc/src/rpcmem_android.c:651: rpcmem_dma_alloc: DMA buffer allocation completed for heap system, size 136314880, flags 0x1, fd:169, time 22 us
[17/Jul/2026:00:52:57 -07:00: profiler/debug] [job_id: j5qm1e17g] [model.bin] [adsprpc] vendor/qcom/proprietary/adsprpc/src/fastrpc_apps_user.c:4393:Warning: remote_handle_control: Non-domain usage of FastRPC will be deprecated, use domains to offload to DSP using FastRPC
[17/Jul/2026:00:52:57 -07:00: profiler/debug] [job_id: j5qm1e17g] [model.bin] [adsprpc] vendor/qcom/proprietary/adsprpc/src/rpcmem_android.c:651: rpcmem_dma_alloc: DMA buffer allocation completed for heap system, size 262512, flags 0x1, fd:170, time 45 us
[17/Jul/2026:00:52:57 -07:00: profiler/debug] [job_id: j5qm1e17g] [model.bin] [adsprpc] vendor/qcom/proprietary/adsprpc/src/rpcmem_android.c:651: rpcmem_dma_alloc: DMA buffer allocation completed for heap system, size 40, flags 0x1, fd:171, time 9 us
[17/Jul/2026:00:52:57 -07:00: profiler/debug] [job_id: j5qm1e17g] [model.bin] [adsprpc] vendor/qcom/proprietary/adsprpc/src/fastrpc_apps_user.c:4393:Warning: remote_handle_control: Non-domain usage of FastRPC will be deprecated, use domains to offload to DSP using FastRPC
[17/Jul/2026:00:52:57 -07:00: profiler/debug] [job_id: j5qm1e17g] [model.bin] [adsprpc] vendor/qcom/proprietary/adsprpc/src/rpcmem_android.c:651: rpcmem_dma_alloc: DMA buffer allocation completed for heap system, size 33554432, flags 0xa0000000, fd:172, time 14 us
[17/Jul/2026:00:52:57 -07:00: profiler/debug] [job_id: j5qm1e17g] [model.bin] [adsprpc] vendor/qcom/proprietary/adsprpc/src/rpcmem_android.c:651: rpcmem_dma_alloc: DMA buffer allocation completed for heap system, size 48, flags 0x1, fd:170, time 13 us
[17/Jul/2026:00:52:57 -07:00: profiler/info] [job_id: j5qm1e17g] [model.bin] Loaded graph graph_m72jbm9k.
[17/Jul/2026:00:52:57 -07:00: profiler/info] [job_id: j5qm1e17g] [model.bin] Malloc VM size after: 27860.0 kB, allocated: 17748.6 kB, slack: 10111.4 kB.
[17/Jul/2026:00:52:57 -07:00: profiler/info] [job_id: j5qm1e17g] [model.bin] Status Successfully Loaded Warm with t = 96927 us and usage: before = 82928.0 kB; peakBefore = 82928.0 kB; mallocUnusedBefore = 11218.5 kB; after = 84024.0 kB; peakAfter = 83836.0 kB; mallocUnusedAfter = 10111.4 kB; increase = 0.0-2203.0 kB; peak = 908.0-12126.5 kB
[17/Jul/2026:00:52:57 -07:00: profiler/debug] [job_id: j5qm1e17g] [model.bin] Feature 'hidden_states' has 1 batches.
[17/Jul/2026:00:52:57 -07:00: profiler/info] [job_id: j5qm1e17g] [model.bin] Applying performance mode Burst to device 0, core 0.
[17/Jul/2026:00:52:57 -07:00: profiler/debug] [job_id: j5qm1e17g] [model.bin] [adsprpc] vendor/qcom/proprietary/adsprpc/src/fastrpc_latency.c:98: fastrpc_latency_thread_handler started for QoS with activity window 100 ms
[17/Jul/2026:00:52:57 -07:00: profiler/debug] [job_id: j5qm1e17g] [model.bin] [adsprpc] vendor/qcom/proprietary/adsprpc/src/fastrpc_apps_user.c:4325: remote_handle_control_domain: requested QOS 1, latency 100 for domain 100000 handle 0xb400006fcc4d9850
[17/Jul/2026:00:52:57 -07:00: profiler/debug] [job_id: j5qm1e17g] [model.bin] [adsprpc] vendor/qcom/proprietary/adsprpc/src/fastrpc_apps_user.c:3753: manage_poll_qos: poll mode updated to 3 for domain 100000, handle 0xb400006fcc4d9850 for timeout 9999
[17/Jul/2026:00:52:57 -07:00: profiler/debug] [job_id: j5qm1e17g] [model.bin] [adsprpc] vendor/qcom/proprietary/adsprpc/src/fastrpc_apps_user.c:4325: remote_handle_control_domain: requested QOS 3, latency 9999 for domain 100000 handle 0xb400006fcc4d9850
[17/Jul/2026:00:52:57 -07:00: profiler/info] [job_id: j5qm1e17g] [model.bin] Malloc VM size before: 27860.0 kB, allocated: 17751.6 kB, slack: 10108.4 kB.
[17/Jul/2026:00:52:57 -07:00: profiler/info] [job_id: j5qm1e17g] [model.bin] Current memory baseline range: 73935.6-84044.0 kB.
[17/Jul/2026:00:52:57 -07:00: profiler/info] [job_id: j5qm1e17g] [model.bin] Malloc VM size after: 28064.0 kB, allocated: 17952.3 kB, slack: 10111.7 kB.
[17/Jul/2026:00:52:57 -07:00: profiler/info] [job_id: j5qm1e17g] [model.bin] Successfully ran model for 1 iterations across 1 batches in 0.002 sec.
[17/Jul/2026:00:52:57 -07:00: profiler/info] [job_id: j5qm1e17g] [model.bin] Status Successfully Performed Validation with t = 2399 us and usage: before = 84044.0 kB; peakBefore = 84044.0 kB; mallocUnusedBefore = 10108.4 kB; after = 84208.0 kB; peakAfter = 84060.0 kB; mallocUnusedAfter = 10111.7 kB; increase = 0.0-160.6 kB; peak = 16.0-10124.4 kB
[17/Jul/2026:00:52:57 -07:00: profiler/info] [job_id: j5qm1e17g] [model.bin] Saving results to /data/local/tmp/tungsten/files/Results/job_j5qm1e17g/job_j5qm1e17g_results.bin
[17/Jul/2026:00:52:57 -07:00: profiler/debug] [job_id: j5qm1e17g] [model.bin] Feature 'hidden_states' has 1 batches.
[17/Jul/2026:00:52:57 -07:00: profiler/debug] [job_id: j5qm1e17g] [model.bin] Feature 'output_0' has 1 batches.
[17/Jul/2026:00:52:57 -07:00: profiler/info] QnnDsp <W> m_CFBCallbackInfoObj is not initialized, return emptyList
[17/Jul/2026:00:52:57 -07:00: profiler/info] [adsprpc] vendor/qcom/proprietary/adsprpc/src/adspmsgd.c:104::error: 0x8000040d: AEE_SUCCESS == (nErr = adspmsgd_adsp1_wait(handle, &bytesToRead))
[17/Jul/2026:00:52:57 -07:00: profiler/info] [adsprpc] vendor/qcom/proprietary/adsprpc/src/adspmsgd.c:114:Error 0x8000040d: adspmsgd_reader thread of domain 100000 for handle 0xcc4d9ad0 exiting (errno Success)
[17/Jul/2026:07:52:57 +00:00: profiler/info] -=- Tungsten running task: performing inference by layer -=-
[17/Jul/2026:00:52:57 -07:00: profiler/info] [job_id: j5qm1e17g] [model.bin] Loading previously saved results in /data/local/tmp/tungsten/files/Results/job_j5qm1e17g/job_j5qm1e17g_results.bin
[17/Jul/2026:00:52:57 -07:00: profiler/debug] [job_id: j5qm1e17g] [model.bin] Feature 'hidden_states' has 1 batches.
[17/Jul/2026:00:52:57 -07:00: profiler/debug] [job_id: j5qm1e17g] [model.bin] Found asset Models/flatbuffers_data.bin in /data/user/0/ai.tetra.tungsten/cache/tungsten.assets/Models/flatbuffers_data.bin.
[17/Jul/2026:00:52:57 -07:00: profiler/debug] [job_id: j5qm1e17g] [model.bin] Feature 'hidden_states' has 1 batches.
[17/Jul/2026:00:52:57 -07:00: profiler/debug] [job_id: j5qm1e17g] [model.bin] Feature 'hidden_states' has 1 batches.
[17/Jul/2026:00:52:57 -07:00: profiler/debug] [job_id: j5qm1e17g] [model.bin] Feature 'hidden_states' has 1 batches.
[17/Jul/2026:00:52:57 -07:00: profiler/debug] [job_id: j5qm1e17g] [model.bin] Starting profiler
[17/Jul/2026:00:52:57 -07:00: profiler/info] [job_id: j5qm1e17g] [model.bin] Loading QNN model Models/model.bin.
[17/Jul/2026:00:52:57 -07:00: profiler/info] [job_id: j5qm1e17g] [model.bin] Malloc VM size before: 46244.0 kB, allocated: 35139.6 kB, slack: 11104.4 kB.
[17/Jul/2026:00:52:57 -07:00: profiler/info] [job_id: j5qm1e17g] [model.bin] Current memory baseline range: 109523.6-120628.0 kB.
[17/Jul/2026:00:52:57 -07:00: profiler/debug] [job_id: j5qm1e17g] [model.bin] Found QNN interface provider with API version 2.34.
[17/Jul/2026:00:52:57 -07:00: profiler/info] [job_id: j5qm1e17g] [model.bin] QnnDsp <W> Initializing HtpProvider
[17/Jul/2026:00:52:57 -07:00: profiler/info] [job_id: j5qm1e17g] [model.bin] Loaded QNN backend from /data/user/0/ai.tetra.tungsten/cache/tungsten.lib/qnn_sdk/default/2.45.0/aarch64-android/libQnnHtp.so (version 5.45.0; core API 2.34.0; build ID v2.45.0.260326154327)
[17/Jul/2026:00:52:57 -07:00: profiler/debug] [job_id: j5qm1e17g] [model.bin] Asset model.bin not found in /data/user/0/ai.tetra.tungsten/cache/tungsten.assets/Models/model.bin.
[17/Jul/2026:00:52:57 -07:00: profiler/debug] [job_id: j5qm1e17g] [model.bin] Found asset Models/model.bin in /data/local/tmp/tungsten/files/Models/model.bin.
[17/Jul/2026:00:52:57 -07:00: profiler/debug] [job_id: j5qm1e17g] [model.bin] Asset model.bin not found in /data/user/0/ai.tetra.tungsten/cache/tungsten.assets/Models/model.bin.
[17/Jul/2026:00:52:57 -07:00: profiler/debug] [job_id: j5qm1e17g] [model.bin] Found asset Models/model.bin in /data/local/tmp/tungsten/files/Models/model.bin.
[17/Jul/2026:00:52:57 -07:00: profiler/info] [job_id: j5qm1e17g] [model.bin] Loaded /data/user/0/ai.tetra.tungsten/cache/tungsten.lib/qnn_sdk/default/2.45.0/aarch64-android/libQnnSystem.so, with version 1.9.0.
[17/Jul/2026:00:52:57 -07:00: profiler/info] [job_id: j5qm1e17g] [model.bin] Loaded QNN context binary with build id=v2.45.0.260326154327, for soc '' with 1 cores.
[17/Jul/2026:00:52:57 -07:00: profiler/debug] [job_id: j5qm1e17g] [model.bin] [adsprpc] vendor/qcom/proprietary/adsprpc/src/fastrpc_context.c:370: fastrpc_context_table_init done
[17/Jul/2026:00:52:57 -07:00: profiler/debug] [job_id: j5qm1e17g] [model.bin] [adsprpc] vendor/qcom/proprietary/adsprpc/src/fastrpc_domains.c:256: fastrpc_sysfs_watcher_init done watcher thread tid 479987586304
[17/Jul/2026:00:52:57 -07:00: profiler/debug] [job_id: j5qm1e17g] [model.bin] [adsprpc] vendor/qcom/proprietary/adsprpc/src/fastrpc_domains.c:164: fastrpc_sysfs_watcher_thread starting
[17/Jul/2026:00:52:57 -07:00: profiler/debug] [job_id: j5qm1e17g] [model.bin] [adsprpc] vendor/qcom/proprietary/adsprpc/src/rpcmem_android.c:211: set up allocator 0xb40000709c45d050 for DMA buf heap system, ION heap system, heap mask 0x2000000, flags 0x1, legacy flags 0x1
[17/Jul/2026:00:52:57 -07:00: profiler/debug] [job_id: j5qm1e17g] [model.bin] [adsprpc] vendor/qcom/proprietary/adsprpc/src/fastrpc_config.c:437: Reading configuration file: ai.tetra.tungsten.debugconfig
[17/Jul/2026:00:52:57 -07:00: profiler/debug] [job_id: j5qm1e17g] [model.bin] [adsprpc] vendor/qcom/proprietary/adsprpc/src/fastrpc_config.c:468: fastrpc_config_init: Couldn't find file ai.tetra.tungsten.debugconfig, errno (No such file or directory) at /data/user/0/ai.tetra.tungsten/cache/tungsten.lib/qnn_sdk/default/2.45.0/aarch64-android, /vendor/lib64/rfs/dsp, /vendor/lib/rfsa/adsp, /vendor/dsp
[17/Jul/2026:00:52:57 -07:00: profiler/debug] [job_id: j5qm1e17g] [model.bin] [adsprpc] vendor/qcom/proprietary/adsprpc/src/fastrpc_apps_user.c:7618: fastrpc_apps_user_init done  with default domain:3 and &fastrpc_trace:0x6e73ff96b4
[17/Jul/2026:00:52:57 -07:00: profiler/debug] [job_id: j5qm1e17g] [model.bin] [adsprpc] vendor/qcom/proprietary/adsprpc/src/fastrpc_apps_user.c:7752: multidsplib_env_init: libcdsprpc.so loaded
[17/Jul/2026:00:52:57 -07:00: profiler/debug] [job_id: j5qm1e17g] [model.bin] [adsprpc] vendor/qcom/proprietary/adsprpc/src/fastrpc_apps_user.c:4393:Warning: remote_handle_control: Non-domain usage of FastRPC will be deprecated, use domains to offload to DSP using FastRPC
[17/Jul/2026:00:52:57 -07:00: profiler/info] [job_id: j5qm1e17g] [model.bin] [adsprpc] vendor/qcom/proprietary/adsprpc/src/fastrpc_apps_user.c:4386: Error 0xe: remote_handle_control_domain failed for request ID 2 on domain 100000 (errno No such file or directory)
[17/Jul/2026:00:52:57 -07:00: profiler/debug] [job_id: j5qm1e17g] [model.bin] [adsprpc] vendor/qcom/proprietary/adsprpc/src/fastrpc_apps_user.c:6015: close_device_node: closed dev 146 on domain 3
[17/Jul/2026:00:52:57 -07:00: profiler/info] [job_id: j5qm1e17g] [model.bin] [adsprpc] vendor/qcom/proprietary/adsprpc/src/fastrpc_apps_user.c:4410: Error 0xe: remote_handle_control failed for request ID 2 (errno Success) (user err 0xe)
[17/Jul/2026:00:52:57 -07:00: profiler/debug] [job_id: j5qm1e17g] [model.bin] [adsprpc] vendor/qcom/proprietary/adsprpc/src/fastrpc_apps_user.c:4393:Warning: remote_handle_control: Non-domain usage of FastRPC will be deprecated, use domains to offload to DSP using FastRPC
[17/Jul/2026:00:52:57 -07:00: profiler/debug] [job_id: j5qm1e17g] [model.bin] [adsprpc] vendor/qcom/proprietary/adsprpc/src/fastrpc_apps_user.c:6015: close_device_node: closed dev 146 on domain 3
[17/Jul/2026:00:52:57 -07:00: profiler/debug] [job_id: j5qm1e17g] [model.bin] [adsprpc] vendor/qcom/proprietary/adsprpc/src/fastrpc_apps_user.c:4875: remote_session_control Unsigned PD enable 1 request for domain 100000
[17/Jul/2026:00:52:57 -07:00: profiler/debug] [job_id: j5qm1e17g] [model.bin] [adsprpc] vendor/qcom/proprietary/adsprpc/src/fastrpc_apps_user.c:4850: remote_session_control DSP info request for domain 100000, thread priority -1, stack size 17408
[17/Jul/2026:00:52:57 -07:00: profiler/debug] [job_id: j5qm1e17g] [model.bin] [adsprpc] vendor/qcom/proprietary/adsprpc/src/fastrpc_apps_user.c:6015: close_device_node: closed dev 146 on domain 3
[17/Jul/2026:00:52:57 -07:00: profiler/debug] [job_id: j5qm1e17g] [model.bin] [adsprpc] vendor/qcom/proprietary/adsprpc/src/fastrpc_apps_user.c:3385: WARNING: get_handle_priority_from_uri: libQnnHtpV81Skel.so lib opened handle without priority token
[17/Jul/2026:00:52:57 -07:00: profiler/debug] [job_id: j5qm1e17g] [model.bin] [adsprpc] vendor/qcom/proprietary/adsprpc/src/fastrpc_apps_user.c:6015: close_device_node: closed dev 146 on domain 3
[17/Jul/2026:00:52:57 -07:00: profiler/debug] [job_id: j5qm1e17g] [model.bin] [adsprpc] vendor/qcom/proprietary/adsprpc/src/fastrpc_apps_user.c:6185: Successfully opened /vendor/dsp/cdsp/fastrpc_shell_unsigned_3, domain 3
[17/Jul/2026:00:52:57 -07:00: profiler/debug] [job_id: j5qm1e17g] [model.bin] [adsprpc] vendor/qcom/proprietary/adsprpc/src/rpcmem_android.c:651: rpcmem_dma_alloc: DMA buffer allocation completed for heap system, size 1451100, flags 0x80000000, fd:149, time 27 us
[17/Jul/2026:00:52:57 -07:00: profiler/debug] [job_id: j5qm1e17g] [model.bin] [adsprpc] vendor/qcom/proprietary/adsprpc/src/rpcmem_android.c:651: rpcmem_dma_alloc: DMA buffer allocation completed for heap system, size 4096, flags 0x1, fd:150, time 14 us
[17/Jul/2026:00:52:57 -07:00: profiler/debug] [job_id: j5qm1e17g] [model.bin] [adsprpc] vendor/qcom/proprietary/adsprpc/src/rpcmem_android.c:651: rpcmem_dma_alloc: DMA buffer allocation completed for heap system, size 4096, flags 0x1, fd:151, time 9 us
[17/Jul/2026:00:52:57 -07:00: profiler/debug] [job_id: j5qm1e17g] [model.bin] [adsprpc] vendor/qcom/proprietary/adsprpc/src/fastrpc_apps_user.c:6298: Created user PD on domain 100000, dbg_trace 0x0, enabled attr=> RPC timeout:10000, Dbg Mode:Y, CRC:N, Unsigned:Y, Signed:N, Adapt QOS:N, PD dump: (Config:N, Dbg:N), Perf: (Kernel:N, DSP:N), Iregion:N, QTF:N, UAF:N userPD initmem len:0x500000, Log pkt: N
[17/Jul/2026:00:52:57 -07:00: profiler/debug] [job_id: j5qm1e17g] [model.bin] [adsprpc] vendor/qcom/proprietary/adsprpc/src/fastrpc_apps_user.c:1935: Successfully set remote user thread priority to 192 and stack size to 17408 for domain 100000
[17/Jul/2026:00:52:57 -07:00: profiler/debug] [job_id: j5qm1e17g] [model.bin] [adsprpc] vendor/qcom/proprietary/adsprpc/src/listener_android.c:121: listener thread starting
[17/Jul/2026:00:52:57 -07:00: profiler/debug] [job_id: j5qm1e17g] [model.bin] [adsprpc] vendor/qcom/proprietary/adsprpc/src/rpcmem_android.c:651: rpcmem_dma_alloc: DMA buffer allocation completed for heap system, size 1048576, flags 0x1, fd:149, time 23 us
[17/Jul/2026:00:52:57 -07:00: profiler/debug] [job_id: j5qm1e17g] [model.bin] [adsprpc] vendor/qcom/proprietary/adsprpc/src/fastrpc_apps_user.c:7188: persist_buf_init allocation done for persist_buf 0x6fc0ffc000 size 1048576
[17/Jul/2026:00:52:57 -07:00: profiler/debug] [job_id: j5qm1e17g] [model.bin] [adsprpc] vendor/qcom/proprietary/adsprpc/src/fastrpc_apps_user.c:7198: persist_buf_init mapping done for persist_buf 0x6fc0ffc000 fd 149 of size 1048576 on domain 100000
[17/Jul/2026:00:52:57 -07:00: profiler/debug] [job_id: j5qm1e17g] [model.bin] [adsprpc] vendor/qcom/proprietary/adsprpc/src/fastrpc_apps_user.c:7260: open_dev : panic error codes sent successfully
[17/Jul/2026:00:52:57 -07:00: profiler/debug] [job_id: j5qm1e17g] [model.bin] [adsprpc] vendor/qcom/proprietary/adsprpc/src/fastrpc_perf.c:292: fastrpc_perf_init: enabled systrace 0x0 and RPC traces (kernel 0, dsp 0) with frequency 1000
[17/Jul/2026:00:52:57 -07:00: profiler/debug] [job_id: j5qm1e17g] [model.bin] [adsprpc] vendor/qcom/proprietary/adsprpc/src/log_config.c:429: file_watcher_thread starting for domain 100000
[17/Jul/2026:00:52:57 -07:00: profiler/debug] [job_id: j5qm1e17g] [model.bin] [adsprpc] vendor/qcom/proprietary/adsprpc/src/rpcmem_android.c:651: rpcmem_dma_alloc: DMA buffer allocation completed for heap system, size 4096, flags 0x0, fd:154, time 17 us
[17/Jul/2026:00:52:57 -07:00: profiler/debug] [job_id: j5qm1e17g] [model.bin] [adsprpc] vendor/qcom/proprietary/adsprpc/src/rpcmem_android.c:651: rpcmem_dma_alloc: DMA buffer allocation completed for heap system, size 4096, flags 0x0, fd:158, time 14 us
[17/Jul/2026:00:52:57 -07:00: profiler/debug] [job_id: j5qm1e17g] [model.bin] [adsprpc] vendor/qcom/proprietary/adsprpc/src/mod_table.c:696: open_mod_table_open_from_static: reverse module apps_mem opened with handle 0x73ffaf98 (idx 0)
[17/Jul/2026:00:52:57 -07:00: profiler/debug] [job_id: j5qm1e17g] [model.bin] [adsprpc] vendor/qcom/proprietary/adsprpc/src/mod_table.c:696: open_mod_table_open_from_static: reverse module apps_std opened with handle 0x73ffb098 (idx 1)
[17/Jul/2026:00:52:57 -07:00: profiler/debug] [job_id: j5qm1e17g] [model.bin] [adsprpc] vendor/qcom/proprietary/adsprpc/src/rpcmem_android.c:651: rpcmem_dma_alloc: DMA buffer allocation completed for heap system, size 262144, flags 0x80000000, fd:159, time 8 us
[17/Jul/2026:00:52:57 -07:00: profiler/info] [job_id: j5qm1e17g] [model.bin] [adsprpc] vendor/qcom/proprietary/adsprpc/src/apps_std_imp.c:377: Error 0x2: apps_std_fopen_fd failed for /data/user/0/ai.tetra.tungsten/cache/tungsten.lib/qnn_sdk/default/2.45.0/aarch64-android/cdsp/./libQnnHtpV81Skel.so (No such file or directory)
[17/Jul/2026:00:52:57 -07:00: profiler/debug] [job_id: j5qm1e17g] [model.bin] [adsprpc] vendor/qcom/proprietary/adsprpc/src/rpcmem_android.c:651: rpcmem_dma_alloc: DMA buffer allocation completed for heap system, size 11788496, flags 0x80000000, fd:161, time 18 us
[17/Jul/2026:00:52:57 -07:00: profiler/info] [job_id: j5qm1e17g] [model.bin] [adsprpc] vendor/qcom/proprietary/adsprpc/src/log_config.c:223:Enabled adspmsgd with mask 8
[17/Jul/2026:00:52:57 -07:00: profiler/debug] [job_id: j5qm1e17g] [model.bin] [adsprpc] vendor/qcom/proprietary/adsprpc/src/log_config.c:449:file_watcher_thread: Couldn't find file ai.tetra.tungsten.farf, errno (No such file or directory) at ;/vendor/lib64/rfs/dsp;/vendor/lib/rfsa/adsp;/vendor/lib/rfsa/dsp;/vendor/dsp;
[17/Jul/2026:00:52:57 -07:00: profiler/debug] [job_id: j5qm1e17g] [model.bin] [adsprpc] vendor/qcom/proprietary/adsprpc/src/apps_std_imp.c:369: apps_std_fopen_fd done for /data/user/0/ai.tetra.tungsten/cache/tungsten.lib/qnn_sdk/default/2.45.0/aarch64-android/./libQnnHtpV81Skel.so with fsize:11788496       fopen:7us, fstat:1us, read:1741us,       rpc_alloc:71us, mmap:292us fd 0xa1 error_code 0x0
[17/Jul/2026:00:52:57 -07:00: profiler/debug] [job_id: j5qm1e17g] [model.bin] [adsprpc] vendor/qcom/proprietary/adsprpc/src/apps_std_imp.c:1236: Successfully opened file /data/user/0/ai.tetra.tungsten/cache/tungsten.lib/qnn_sdk/default/2.45.0/aarch64-android/./libQnnHtpV81Skel.so
[17/Jul/2026:00:52:57 -07:00: profiler/debug] [job_id: j5qm1e17g] [model.bin] [adsprpc] vendor/qcom/proprietary/adsprpc/src/rpcmem_android.c:651: rpcmem_dma_alloc: DMA buffer allocation completed for heap system, size 11796480, flags 0xa0000000, fd:162, time 18 us
[17/Jul/2026:00:52:57 -07:00: profiler/debug] [job_id: j5qm1e17g] [model.bin] [adsprpc] vendor/qcom/proprietary/adsprpc/src/rpcmem_android.c:651: rpcmem_dma_alloc: DMA buffer allocation completed for heap system, size 1048576, flags 0xa0000000, fd:160, time 17 us
[17/Jul/2026:00:52:57 -07:00: profiler/debug] [job_id: j5qm1e17g] [model.bin] [adsprpc] vendor/qcom/proprietary/adsprpc/src/fastrpc_apps_user.c:3491: remote_handle64_open: opened handle 0xb400006fcc428d20 (remote 0x2ccbf0) for file:///libQnnHtpV81Skel.so?qnn_skel_handle_invoke&_modver=1.0&_dom=cdsp on domain 100000 (spawn time 19282 us, load time 38202 us), refs 1
[17/Jul/2026:00:52:57 -07:00: profiler/debug] [job_id: j5qm1e17g] [model.bin] [adsprpc] vendor/qcom/proprietary/adsprpc/src/rpcmem_android.c:651: rpcmem_dma_alloc: DMA buffer allocation completed for heap system, size 8, flags 0x1, fd:161, time 17 us
[17/Jul/2026:00:52:57 -07:00: profiler/debug] [job_id: j5qm1e17g] [model.bin] [adsprpc] vendor/qcom/proprietary/adsprpc/src/rpcmem_android.c:651: rpcmem_dma_alloc: DMA buffer allocation completed for heap system, size 136, flags 0x1, fd:163, time 14 us
[17/Jul/2026:00:52:57 -07:00: profiler/debug] [job_id: j5qm1e17g] [model.bin] [adsprpc] vendor/qcom/proprietary/adsprpc/src/rpcmem_android.c:651: rpcmem_dma_alloc: DMA buffer allocation completed for heap system, size 16, flags 0x1, fd:161, time 8 us
[17/Jul/2026:00:52:57 -07:00: profiler/debug] [job_id: j5qm1e17g] [model.bin] [adsprpc] vendor/qcom/proprietary/adsprpc/src/rpcmem_android.c:651: rpcmem_dma_alloc: DMA buffer allocation completed for heap system, size 8, flags 0x1, fd:163, time 5 us
[17/Jul/2026:00:52:57 -07:00: profiler/debug] [job_id: j5qm1e17g] [model.bin] [adsprpc] vendor/qcom/proprietary/adsprpc/src/rpcmem_android.c:651: rpcmem_dma_alloc: DMA buffer allocation completed for heap system, size 56, flags 0x1, fd:161, time 13 us
[17/Jul/2026:00:52:57 -07:00: profiler/debug] [job_id: j5qm1e17g] [model.bin] [adsprpc] vendor/qcom/proprietary/adsprpc/src/fastrpc_apps_user.c:3385: WARNING: get_handle_priority_from_uri: libdspqueue_rpc_skel.so lib opened handle without priority token
[17/Jul/2026:00:52:57 -07:00: profiler/debug] [job_id: j5qm1e17g] [model.bin] [adsprpc] vendor/qcom/proprietary/adsprpc/src/fastrpc_apps_user.c:3491: remote_handle64_open: opened handle 0xb400006fcc42b160 (remote 0x2cd860) for file:///libdspqueue_rpc_skel.so?dspqueue_rpc_skel_handle_invoke&_modver=1.0&_dom=nsp1000&_session=0 on domain 100000 (spawn time 0 us, load time 299 us), refs 2
[17/Jul/2026:00:52:57 -07:00: profiler/debug] [job_id: j5qm1e17g] [model.bin] [adsprpc] vendor/qcom/proprietary/adsprpc/src/fastrpc_notif.c:138: fastrpc_notif_domain_init: FastRPC notification worker thread launched
[17/Jul/2026:00:52:57 -07:00: profiler/debug] [job_id: j5qm1e17g] [model.bin] [adsprpc] vendor/qcom/proprietary/adsprpc/src/fastrpc_apps_user.c:5077: remote_session_control Register PD status notification request for domain 100000
[17/Jul/2026:00:52:57 -07:00: profiler/debug] [job_id: j5qm1e17g] [model.bin] [adsprpc] vendor/qcom/proprietary/adsprpc/src/rpcmem_android.c:651: rpcmem_dma_alloc: DMA buffer allocation completed for heap system, size 1024, flags 0x40000001, fd:163, time 13 us
[17/Jul/2026:00:52:57 -07:00: profiler/debug] [job_id: j5qm1e17g] [model.bin] [adsprpc] vendor/qcom/proprietary/adsprpc/src/fastrpc_apps_user.c:3955: get_remote_notif_response: received status notification 0 for domain 1000, session 0 (effec dom 100000)
[17/Jul/2026:00:52:57 -07:00: profiler/debug] [job_id: j5qm1e17g] [model.bin] [adsprpc] vendor/qcom/proprietary/adsprpc/src/rpcmem_android.c:651: rpcmem_dma_alloc: DMA buffer allocation completed for heap system, size 1792, flags 0x40000001, fd:164, time 12 us
[17/Jul/2026:00:52:57 -07:00: profiler/debug] [job_id: j5qm1e17g] [model.bin] [adsprpc] vendor/qcom/proprietary/adsprpc/src/dspqueue/dspqueue_cpu.c:683: dspqueue is using version: 1945564762, flags: 2, driver signalling: 3, wait count: 1
[17/Jul/2026:00:52:57 -07:00: profiler/debug] [job_id: j5qm1e17g] [model.bin] [adsprpc] vendor/qcom/proprietary/adsprpc/src/dspqueue/dspqueue_cpu.c:715: dspqueue_create: created Queue 0, 0xb40000716c418ff0, DSP 0x00000000 for domain 100000
[17/Jul/2026:00:52:57 -07:00: profiler/debug] [job_id: j5qm1e17g] [model.bin] Creating context from binary with 0 configurations set.
[17/Jul/2026:00:52:57 -07:00: profiler/info] [job_id: j5qm1e17g] [model.bin] QnnDsp <W> m_CFBCallbackInfoObj is not initialized, return emptyList
[17/Jul/2026:00:52:57 -07:00: profiler/debug] [job_id: j5qm1e17g] [model.bin] [adsprpc] vendor/qcom/proprietary/adsprpc/src/rpcmem_android.c:651: rpcmem_dma_alloc: DMA buffer allocation completed for heap system, size 131328, flags 0x1, fd:165, time 13 us
[17/Jul/2026:00:52:57 -07:00: profiler/debug] [job_id: j5qm1e17g] [model.bin] [adsprpc] vendor/qcom/proprietary/adsprpc/src/rpcmem_android.c:651: rpcmem_dma_alloc: DMA buffer allocation completed for heap system, size 131200, flags 0x1, fd:166, time 12 us
[17/Jul/2026:00:52:57 -07:00: profiler/debug] [job_id: j5qm1e17g] [model.bin] [adsprpc] vendor/qcom/proprietary/adsprpc/src/rpcmem_android.c:651: rpcmem_dma_alloc: DMA buffer allocation completed for heap system, size 134219600, flags 0x1, fd:167, time 29 us
[17/Jul/2026:00:52:57 -07:00: profiler/debug] [job_id: j5qm1e17g] [model.bin] [adsprpc] vendor/qcom/proprietary/adsprpc/src/rpcmem_android.c:651: rpcmem_dma_alloc: DMA buffer allocation completed for heap system, size 72, flags 0x1, fd:168, time 10 us
[17/Jul/2026:00:52:57 -07:00: profiler/debug] [job_id: j5qm1e17g] [model.bin] [adsprpc] vendor/qcom/proprietary/adsprpc/src/fastrpc_apps_user.c:4393:Warning: remote_handle_control: Non-domain usage of FastRPC will be deprecated, use domains to offload to DSP using FastRPC
[17/Jul/2026:00:52:57 -07:00: profiler/debug] [job_id: j5qm1e17g] [model.bin] [adsprpc] vendor/qcom/proprietary/adsprpc/src/fastrpc_apps_user.c:4393:Warning: remote_handle_control: Non-domain usage of FastRPC will be deprecated, use domains to offload to DSP using FastRPC
[17/Jul/2026:00:52:57 -07:00: profiler/debug] [job_id: j5qm1e17g] [model.bin] [adsprpc] vendor/qcom/proprietary/adsprpc/src/rpcmem_android.c:651: rpcmem_dma_alloc: DMA buffer allocation completed for heap system, size 136314880, flags 0x1, fd:169, time 23 us
[17/Jul/2026:00:52:57 -07:00: profiler/debug] [job_id: j5qm1e17g] [model.bin] [adsprpc] vendor/qcom/proprietary/adsprpc/src/fastrpc_apps_user.c:4393:Warning: remote_handle_control: Non-domain usage of FastRPC will be deprecated, use domains to offload to DSP using FastRPC
[17/Jul/2026:00:52:57 -07:00: profiler/debug] [job_id: j5qm1e17g] [model.bin] [adsprpc] vendor/qcom/proprietary/adsprpc/src/rpcmem_android.c:651: rpcmem_dma_alloc: DMA buffer allocation completed for heap system, size 262512, flags 0x1, fd:170, time 49 us
[17/Jul/2026:00:52:57 -07:00: profiler/debug] [job_id: j5qm1e17g] [model.bin] [adsprpc] vendor/qcom/proprietary/adsprpc/src/rpcmem_android.c:651: rpcmem_dma_alloc: DMA buffer allocation completed for heap system, size 40, flags 0x1, fd:171, time 10 us
[17/Jul/2026:00:52:57 -07:00: profiler/debug] [job_id: j5qm1e17g] [model.bin] [adsprpc] vendor/qcom/proprietary/adsprpc/src/fastrpc_apps_user.c:4393:Warning: remote_handle_control: Non-domain usage of FastRPC will be deprecated, use domains to offload to DSP using FastRPC
[17/Jul/2026:00:52:57 -07:00: profiler/debug] [job_id: j5qm1e17g] [model.bin] [adsprpc] vendor/qcom/proprietary/adsprpc/src/rpcmem_android.c:651: rpcmem_dma_alloc: DMA buffer allocation completed for heap system, size 33554432, flags 0xa0000000, fd:172, time 31 us
[17/Jul/2026:00:52:57 -07:00: profiler/debug] [job_id: j5qm1e17g] [model.bin] [adsprpc] vendor/qcom/proprietary/adsprpc/src/rpcmem_android.c:651: rpcmem_dma_alloc: DMA buffer allocation completed for heap system, size 48, flags 0x1, fd:170, time 12 us
[17/Jul/2026:00:52:57 -07:00: profiler/info] [job_id: j5qm1e17g] [model.bin] Loaded graph graph_m72jbm9k.
[17/Jul/2026:00:52:57 -07:00: profiler/info] [job_id: j5qm1e17g] [model.bin] Malloc VM size after: 46640.0 kB, allocated: 36384.7 kB, slack: 10255.3 kB.
[17/Jul/2026:00:52:57 -07:00: profiler/info] [job_id: j5qm1e17g] [model.bin] Status Successfully Loaded Warm with t = 109907 us and usage: before = 120628.0 kB; peakBefore = 120628.0 kB; mallocUnusedBefore = 11104.4 kB; after = 121392.0 kB; peakAfter = 121392.0 kB; mallocUnusedAfter = 10255.3 kB; increase = 0.0-1613.1 kB; peak = 764.0-11868.4 kB
[17/Jul/2026:00:52:57 -07:00: profiler/info] [job_id: j5qm1e17g] [model.bin] Status Successfully Performed Inference By Layer with t = 0 us and usage: before = 0.0 kB; peakBefore = 0.0 kB; mallocUnusedBefore = 0.0 kB; after = 0.0 kB; peakAfter = 0.0 kB; mallocUnusedAfter = 0.0 kB; increase = 0.0-0.0 kB; peak = 0.0-0.0 kB
[17/Jul/2026:00:52:57 -07:00: profiler/info] [job_id: j5qm1e17g] [model.bin] Saving results to /data/local/tmp/tungsten/files/Results/job_j5qm1e17g/job_j5qm1e17g_results.bin
[17/Jul/2026:00:52:57 -07:00: profiler/debug] [job_id: j5qm1e17g] [model.bin] Feature 'hidden_states' has 1 batches.
[17/Jul/2026:00:52:57 -07:00: profiler/debug] [job_id: j5qm1e17g] [model.bin] Feature 'output_0' has 1 batches.
[17/Jul/2026:00:52:57 -07:00: profiler/info] QnnDsp <W> m_CFBCallbackInfoObj is not initialized, return emptyList
[17/Jul/2026:00:52:57 -07:00: profiler/info] [adsprpc] vendor/qcom/proprietary/adsprpc/src/adspmsgd.c:104::error: 0x8000040d: AEE_SUCCESS == (nErr = adspmsgd_adsp1_wait(handle, &bytesToRead))
[17/Jul/2026:00:52:57 -07:00: profiler/info] [adsprpc] vendor/qcom/proprietary/adsprpc/src/adspmsgd.c:114:Error 0x8000040d: adspmsgd_reader thread of domain 100000 for handle 0xcc4293b0 exiting (errno Success)
