[2026-07-17T07:29:31.369+00:00] [INFO] Compiling model ID mn09kezxn
[2026-07-17T07:29:31.369+00:00] [INFO] [compile-pre-compile] Memory: 1.0GiB / 40.0GiB (3%) | working_set: 630.9MiB | peak: 1.0GiB
[2026-07-17T07:29:34.401+00:00] [INFO] 
| /usr/lib/python3.12/copyreg.py:99: FutureWarning: `isinstance(treespec, LeafSpec)` is deprecated, use `isinstance(treespec, TreeSpec) and treespec.is_leaf()` instead.
|   return cls.__new__(cls, *args)
| [torch.onnx] Run decompositions...
| [torch.onnx] Run decompositions... ✅
| [torch.onnx] Translate the graph into ONNX...
| [torch.onnx] Translate the graph into ONNX... ✅
| {"task_name": null, "celery_task_id": null, "handler_name": null, "job_id": null, "attempt_number": null, "asctime": "17/Jul/2026:07:29:34.291921 +0000", "name": "onnx_ir.passes.common.unused_removal", "process": 1, "levelname": "INFO", "message": "No unused functions to remove"}
| {"task_name": null, "celery_task_id": null, "handler_name": null, "job_id": null, "attempt_number": null, "asctime": "17/Jul/2026:07:29:34.293599 +0000", "name": "onnx_ir.passes.common.unused_removal", "process": 1, "levelname": "INFO", "message": "No unused functions to remove"}

[2026-07-17T07:29:35.877+00:00] [INFO] -=- Converting ONNX graph: decompose GeLU layers -=-
[2026-07-17T07:29:35.880+00:00] [INFO] Applying ONNX IR shape inference
[2026-07-17T07:29:36.027+00:00] [INFO] Applying ONNX IR rewriter with rules
[2026-07-17T07:29:36.347+00:00] [INFO] Ran 41 passes, 7 triggered
[2026-07-17T07:29:36.348+00:00] [INFO] Passes triggered:
[2026-07-17T07:29:36.389+00:00] [INFO] +---------------------------------+----------+
[2026-07-17T07:29:36.389+00:00] [INFO] | Pass Name                       | Triggers |
[2026-07-17T07:29:36.389+00:00] [INFO] +---------------------------------+----------+
[2026-07-17T07:29:36.389+00:00] [INFO] | OverrideFoldConstantsPass       |        2 |
[2026-07-17T07:29:36.389+00:00] [INFO] | RewriteRule                     |        2 |
[2026-07-17T07:29:36.389+00:00] [INFO] | ConvertTransposeToReshape       |        1 |
[2026-07-17T07:29:36.390+00:00] [INFO] | LiftConstantsToInitializersPass |        1 |
[2026-07-17T07:29:36.390+00:00] [INFO] | DeduplicateInitializersPass     |        1 |
[2026-07-17T07:29:36.390+00:00] [INFO] +---------------------------------+----------+
[2026-07-17T07:29:36.390+00:00] [INFO] Model metrics comparison:
[2026-07-17T07:29:36.390+00:00] [INFO] +-----------------+----------+----------+---------+
[2026-07-17T07:29:36.390+00:00] [INFO] | Metric          |   Before |    After |   Delta |
[2026-07-17T07:29:36.391+00:00] [INFO] +-----------------+----------+----------+---------+
[2026-07-17T07:29:36.391+00:00] [INFO] | Op count        |       92 |       34 |     -58 |
[2026-07-17T07:29:36.391+00:00] [INFO] | Model size      | 256.0MiB | 256.0MiB | -5.6KiB |
[2026-07-17T07:29:36.391+00:00] [INFO] | Add             |        4 |        4 |      +0 |
[2026-07-17T07:29:36.391+00:00] [INFO] | Cast            |        6 |        0 |      -6 |
[2026-07-17T07:29:36.391+00:00] [INFO] | Concat          |        1 |        1 |      +0 |
[2026-07-17T07:29:36.391+00:00] [INFO] | Constant        |       31 |        0 |     -31 |
[2026-07-17T07:29:36.391+00:00] [INFO] | Gather          |        1 |        0 |      -1 |
[2026-07-17T07:29:36.391+00:00] [INFO] | MatMul          |        5 |        5 |      +0 |
[2026-07-17T07:29:36.391+00:00] [INFO] | Mul             |        9 |       11 |      +2 |
[2026-07-17T07:29:36.391+00:00] [INFO] | Pow             |        2 |        0 |      -2 |
[2026-07-17T07:29:36.391+00:00] [INFO] | Reciprocal      |        2 |        2 |      +0 |
[2026-07-17T07:29:36.391+00:00] [INFO] | ReduceMean      |        2 |        2 |      +0 |
[2026-07-17T07:29:36.391+00:00] [INFO] | ReduceSum       |        1 |        1 |      +0 |
[2026-07-17T07:29:36.391+00:00] [INFO] | Reshape         |        8 |        2 |      -6 |
[2026-07-17T07:29:36.391+00:00] [INFO] | SequenceAt      |        3 |        0 |      -3 |
[2026-07-17T07:29:36.391+00:00] [INFO] | Sigmoid         |        1 |        1 |      +0 |
[2026-07-17T07:29:36.391+00:00] [INFO] | Slice           |        5 |        1 |      -4 |
[2026-07-17T07:29:36.391+00:00] [INFO] | Split           |        0 |        1 |      +1 |
[2026-07-17T07:29:36.391+00:00] [INFO] | SplitToSequence |        1 |        0 |      -1 |
[2026-07-17T07:29:36.391+00:00] [INFO] | Sqrt            |        2 |        2 |      +0 |
[2026-07-17T07:29:36.391+00:00] [INFO] | Transpose       |        7 |        0 |      -7 |
[2026-07-17T07:29:36.391+00:00] [INFO] | Unsqueeze       |        1 |        1 |      +0 |
[2026-07-17T07:29:36.392+00:00] [INFO] +-----------------+----------+----------+---------+
[2026-07-17T07:29:36.392+00:00] [INFO] ONNX IR rewriter with rules applied
[2026-07-17T07:29:44.087+00:00] [INFO] Saving model
[2026-07-17T07:29:44.343+00:00] [INFO] Uploading asset to https://tetrahub-qprod-userdata.s3.amazonaws.com/models/mnz4eo3xq_dENr4hquIxX61ZkY.onnx.zip?uploadId=csKnv85mdRJQze5BkRIW1RcJJqLIetioqi8DNC0KcgO5QVSyZpacwiSi2Cbv.v5pa5Em2V..jnH3owbPktTo9BdmRczTsjR2qq8Y0VWslKnjrRwHMBRMaeQBlyK.ePs4&partNumber=1&AWSAccessKeyId=AKIAY25OF7UJ6NPOUTRI&Signature=%2B1zSGlAqQ
[2026-07-17T07:29:45.682+00:00] [INFO] Successfully uploaded asset with response status: 200
[2026-07-17T07:29:46.435+00:00] [INFO] Uploading asset to https://tetrahub-qprod-userdata.s3-accelerate.amazonaws.com/
[2026-07-17T07:29:46.624+00:00] [INFO] Successfully uploaded asset with response status: 204
[2026-07-17T07:29:46.625+00:00] [INFO] Successfully computed visualization graph for mnz4eo3xq
[2026-07-17T07:29:46.656+00:00] [INFO] =================================== Run compile_to_qnn_dlc =================================== 
[2026-07-17T07:29:46.657+00:00] [INFO] Applying ONNX IR rewriter with rules
[2026-07-17T07:29:46.811+00:00] [INFO] Ran 205 passes, 68 triggered
[2026-07-17T07:29:46.811+00:00] [INFO] Passes triggered:
[2026-07-17T07:29:46.812+00:00] [INFO] +---------------------------------+----------+
[2026-07-17T07:29:46.812+00:00] [INFO] | Pass Name                       | Triggers |
[2026-07-17T07:29:46.812+00:00] [INFO] +---------------------------------+----------+
[2026-07-17T07:29:46.812+00:00] [INFO] | RewriteSplit3ToSlices           |       17 |
[2026-07-17T07:29:46.812+00:00] [INFO] | FuseSiblingSlicesToSplitPass    |       16 |
[2026-07-17T07:29:46.812+00:00] [INFO] | RemoveUnusedNodesPass           |       17 |
[2026-07-17T07:29:46.812+00:00] [INFO] | ShapeInferencePass              |       16 |
[2026-07-17T07:29:46.812+00:00] [INFO] | LiftConstantsToInitializersPass |        1 |
[2026-07-17T07:29:46.812+00:00] [INFO] | DeduplicateInitializersPass     |        1 |
[2026-07-17T07:29:46.812+00:00] [INFO] +---------------------------------+----------+
[2026-07-17T07:29:46.812+00:00] [INFO] Model metrics comparison:
[2026-07-17T07:29:46.812+00:00] [INFO] +------------+----------+----------+---------+
[2026-07-17T07:29:46.813+00:00] [INFO] | Metric     |   Before |    After |   Delta |
[2026-07-17T07:29:46.813+00:00] [INFO] +------------+----------+----------+---------+
[2026-07-17T07:29:46.813+00:00] [INFO] | Op count   |       34 |       36 |      +2 |
[2026-07-17T07:29:46.813+00:00] [INFO] | Model size | 256.0MiB | 256.0MiB | +208.0B |
[2026-07-17T07:29:46.813+00:00] [INFO] | Add        |        4 |        4 |      +0 |
[2026-07-17T07:29:46.813+00:00] [INFO] | Concat     |        1 |        1 |      +0 |
[2026-07-17T07:29:46.813+00:00] [INFO] | MatMul     |        5 |        5 |      +0 |
[2026-07-17T07:29:46.813+00:00] [INFO] | Mul        |       11 |       11 |      +0 |
[2026-07-17T07:29:46.813+00:00] [INFO] | Reciprocal |        2 |        2 |      +0 |
[2026-07-17T07:29:46.813+00:00] [INFO] | ReduceMean |        2 |        2 |      +0 |
[2026-07-17T07:29:46.813+00:00] [INFO] | ReduceSum  |        1 |        1 |      +0 |
[2026-07-17T07:29:46.813+00:00] [INFO] | Reshape    |        2 |        2 |      +0 |
[2026-07-17T07:29:46.813+00:00] [INFO] | Sigmoid    |        1 |        1 |      +0 |
[2026-07-17T07:29:46.813+00:00] [INFO] | Slice      |        1 |        4 |      +3 |
[2026-07-17T07:29:46.813+00:00] [INFO] | Split      |        1 |        0 |      -1 |
[2026-07-17T07:29:46.813+00:00] [INFO] | Sqrt       |        2 |        2 |      +0 |
[2026-07-17T07:29:46.813+00:00] [INFO] | Unsqueeze  |        1 |        1 |      +0 |
[2026-07-17T07:29:46.813+00:00] [INFO] +------------+----------+----------+---------+
[2026-07-17T07:29:46.813+00:00] [INFO] ONNX IR rewriter with rules applied
[2026-07-17T07:29:47.589+00:00] [INFO] -=- ONNX to QNN DLC (qairt-converter) -=-
[2026-07-17T07:29:47.589+00:00] [INFO] Running /tetra/qairt_env/default/2.45.0/bin/python3 /qairt_sdk/default/2.45.0/bin/x86_64-linux-clang/qairt-converter --input_network /tmp/tmp87tofgkk/tmp1pfecft0.onnx --output_path /tmp/tmp87tofgkk/graph_dei2dqw3.dlc --preserve_io_datatype hidden_states conv_cache output_0 output_1 --preserve_io_datatype hidden_states conv_cache output_0 output_1 --preserve_onnx_output_order --onnx_skip_simplification
[2026-07-17T07:29:48.241+00:00] [INFO] 2026-07-17 07:29:48,240 - 278 - INFO - INFO_INITIALIZATION_SUCCESS: 
[2026-07-17T07:29:48.416+00:00] [INFO] 2026-07-17 07:29:48,415 - 283 - WARNING - Unable to register converter supported Operation [Inverse:Version 1] with your Onnx installation. Converter will bail if Model contains this Op.
[2026-07-17T07:29:48.422+00:00] [INFO] 2026-07-17 07:29:48,421 - 283 - WARNING - Unable to register converter supported Operation [RMSNormalization:Version 23] with your Onnx installation. Converter will bail if Model contains this Op.
[2026-07-17T07:29:48.428+00:00] [INFO] 2026-07-17 07:29:48,427 - 283 - WARNING - Unable to register converter supported Operation [RotaryEmbedding:Version 23] with your Onnx installation. Converter will bail if Model contains this Op.
[2026-07-17T07:29:48.589+00:00] [INFO] 2026-07-17 07:29:48,588 - 283 - WARNING - --desired_input_shape and -d are deprecated. Use --source_model_input_shape or -s for achieving this functionality
[2026-07-17T07:29:48.589+00:00] [INFO] 2026-07-17 07:29:48,589 - 278 - INFO - Input shape info 
[2026-07-17T07:29:48.590+00:00] [INFO] 2026-07-17 07:29:48,590 - 283 - WARNING - Skipping Native checker in Defer Loading and ONNX Simplification not invoked
[2026-07-17T07:29:48.595+00:00] [INFO] 2026-07-17 07:29:48,594 - 283 - WARNING - WARNING_OP_VERSION_NOT_SUPPORTED: Operation Reciprocal Not Supported. Expected operator version: [1, 6], instead got version: [13]
[2026-07-17T07:29:48.616+00:00] [INFO] 2026-07-17 07:29:48,616 - 283 - WARNING - WARNING_OP_VERSION_NOT_SUPPORTED: Operation Reciprocal Not Supported. Expected operator version: [1, 6], instead got version: [13]
[2026-07-17T07:29:48.631+00:00] [INFO] 2026-07-17 07:29:48,631 - 283 - WARNING - Unused Input nodes found: []
[2026-07-17T07:29:49.508+00:00] [INFO] 2026-07-17 07:29:49,508 - 278 - INFO - INFO_INITIALIZATION_SUCCESS: 
[2026-07-17T07:29:49.519+00:00] [INFO] handleReshapeOp: Squash Reshape Op: node_add_3_identity due to IdentityOp. Input shape: IrTensorShape(dims = [1,1,2048] , dy_axes=[]), shape after IrTensorShape(dims = [1,1,2048] , dy_axes=[])
[2026-07-17T07:29:49.519+00:00] [INFO] reEvalMacsParams: Re-evaluated graph statistics after IrOptimizer optimization passes:
[2026-07-17T07:29:49.519+00:00] [INFO] reEvalMacsParams: Total MACs: 67147776
[2026-07-17T07:29:49.519+00:00] [INFO] reEvalMacsParams: Total Params Count: 67108864
[2026-07-17T07:29:49.994+00:00] [INFO] 2026-07-17 07:29:49,994 - 278 - INFO - INFO_CONVERSION_SUCCESS: Conversion completed successfully
[2026-07-17T07:29:50.880+00:00] [INFO] 2026-07-17 07:29:50,880 - 278 - INFO - INFO_WRITE_SUCCESS: 
[2026-07-17T07:29:50.974+00:00] [INFO] -=- Generating .json file from .dlc model (qairt-dlc-to-json) -=-
[2026-07-17T07:29:50.974+00:00] [INFO] Running /qairt_sdk/default/2.45.0/bin/x86_64-linux-clang/qairt-dlc-to-json -i /tmp/tmpa4l9kxu6.dlc -o /tmp/tmp2l627zo6.json
[2026-07-17T07:29:51.106+00:00] [INFO] Model Json saved at: /tmp/tmp2l627zo6.json
[2026-07-17T07:29:51.129+00:00] [INFO] -=- Generating .json file from .dlc model (qairt-dlc-to-json) -=-
[2026-07-17T07:29:51.129+00:00] [INFO] Running /qairt_sdk/default/2.45.0/bin/x86_64-linux-clang/qairt-dlc-to-json -i /tmp/tmpa4l9kxu6.dlc -o /tmp/tmpczngas9u.json
[2026-07-17T07:29:51.251+00:00] [INFO] Model Json saved at: /tmp/tmpczngas9u.json
[2026-07-17T07:29:51.271+00:00] [INFO] Saving model
[2026-07-17T07:29:51.512+00:00] [INFO] Uploading asset to https://tetrahub-qprod-userdata.s3.amazonaws.com/models/mq2zkx4lq_I3gWmp1n9gs9IirZ.dlc?uploadId=ILQeivGYfYxSJAce9AoZkl3g7MVRmLBuChUivAySd1kGGprzDrhctjp77Oic6MYqA.6T03iRch7rCa8CRlYr2688u1EYCbyCTV8MLsi4vAYLXjqkqpXiXUYghpQgfpMc&partNumber=1&AWSAccessKeyId=AKIAY25OF7UJ6NPOUTRI&Signature=u97VQQqzsBwP5peo
[2026-07-17T07:29:53.938+00:00] [INFO] Successfully uploaded asset with response status: 200
[2026-07-17T07:29:54.255+00:00] [INFO] -=- Generating .json file from .dlc model (qairt-dlc-to-json) -=-
[2026-07-17T07:29:54.255+00:00] [INFO] Running /qairt_sdk/default/2.45.0/bin/x86_64-linux-clang/qairt-dlc-to-json -i /tmp/tmpa4l9kxu6.dlc -o /tmp/tmpdrefztmq.json
[2026-07-17T07:29:54.383+00:00] [INFO] Model Json saved at: /tmp/tmpdrefztmq.json
[2026-07-17T07:29:54.563+00:00] [INFO] Uploading asset to https://tetrahub-qprod-userdata.s3-accelerate.amazonaws.com/
[2026-07-17T07:29:54.674+00:00] [INFO] Successfully uploaded asset with response status: 204
[2026-07-17T07:29:54.674+00:00] [INFO] Successfully computed visualization graph for mq2zkx4lq
[2026-07-17T07:29:54.675+00:00] [INFO] Graph name: graph_dei2dqw3
[2026-07-17T07:29:54.675+00:00] [INFO] -=- QNN DLC models to QNN Context Binary (qnn-context-binary-generator) -=-
[2026-07-17T07:29:54.675+00:00] [INFO] Contents of HTP Settings: {'context': {'weight_sharing_enabled': False}, 'devices': [{'device_id': 0, 'dsp_arch': 'v81', 'soc_model': 87}], 'graphs': [{'fp16_relaxed_precision': 1, 'vtcm_mb': 0, 'O': 3.0, 'graph_names': ['graph_dei2dqw3']}]}
[2026-07-17T07:29:54.676+00:00] [INFO] Contents of HTP Config file used: {'context_configs': {'enable_graphs': ['graph_dei2dqw3']}, 'graph_configs': [{'graph_name': 'graph_dei2dqw3'}], 'backend_extensions': {'shared_library_path': 'libQnnHtpNetRunExtensions.so', 'config_file_path': '/tmp/tmpl2af1mxj/htp_setting.json'}}
[2026-07-17T07:29:54.676+00:00] [INFO] -=- Generating .json file from .dlc model (qairt-dlc-to-json) -=-
[2026-07-17T07:29:54.676+00:00] [INFO] Running /qairt_sdk/default/2.45.0/bin/x86_64-linux-clang/qairt-dlc-to-json -i /tmp/tmpa4l9kxu6.dlc -o /tmp/tmpw0gilp8g.json
[2026-07-17T07:29:54.808+00:00] [INFO] Model Json saved at: /tmp/tmpw0gilp8g.json
[2026-07-17T07:29:54.821+00:00] [INFO] Running /qairt_sdk/default/2.45.0/bin/x86_64-linux-clang/qnn-context-binary-generator --backend /qairt_sdk/default/2.45.0/lib/x86_64-linux-clang/libQnnHtp.so --dlc_path /tmp/tmpa4l9kxu6.dlc --output_dir /tmp/tmpl2af1mxj --binary_file qnn_model --config_file /tmp/tmpl2af1mxj/htp_context.json --profiling_level detailed --profiling_option optrace
[2026-07-17T07:29:54.822+00:00] [INFO] qnn-context-binary-generator pid:34
[2026-07-17T07:29:55.046+00:00] [INFO]  <W> Initializing HtpProvider
[2026-07-17T07:29:55.046+00:00] [INFO] Starting stage: Graph Preparation Initializing
[2026-07-17T07:29:55.046+00:00] [INFO] Completed stage: Graph Preparation Initializing (204 us)
[2026-07-17T07:29:55.046+00:00] [INFO] Starting stage: Graph Optimizations
[2026-07-17T07:29:55.942+00:00] [INFO] Completed stage: Graph Optimizations (895605 us)
[2026-07-17T07:29:55.942+00:00] [INFO] Starting stage: Post Graph Optimization
[2026-07-17T07:29:55.948+00:00] [INFO] Completed stage: Post Graph Optimization (6140 us)
[2026-07-17T07:29:55.981+00:00] [INFO] Starting stage: Graph Sequencing for Target
[2026-07-17T07:29:56.256+00:00] [INFO] Completed stage: Graph Sequencing for Target (274767 us)
[2026-07-17T07:29:56.256+00:00] [INFO] Starting stage: VTCM Allocation
[2026-07-17T07:29:56.264+00:00] [INFO] Completed stage: VTCM Allocation (8197 us)
[2026-07-17T07:29:56.264+00:00] [INFO] Starting stage: Parallelization Optimization
[2026-07-17T07:29:56.515+00:00] [INFO] Completed stage: Parallelization Optimization (251200 us)
[2026-07-17T07:29:56.516+00:00] [INFO] Starting stage: Finalizing Graph Sequence
[2026-07-17T07:29:56.517+00:00] [INFO] ====== DDR bandwidth summary ======
[2026-07-17T07:29:56.517+00:00] [INFO] spill_bytes=0
[2026-07-17T07:29:56.518+00:00] [INFO] fill_bytes=0
[2026-07-17T07:29:56.518+00:00] [INFO] write_total_bytes=147456
[2026-07-17T07:29:56.518+00:00] [INFO] read_total_bytes=134287360
[2026-07-17T07:29:56.542+00:00] [INFO] Completed stage: Finalizing Graph Sequence (26001 us)
[2026-07-17T07:29:56.543+00:00] [INFO] Starting stage: Completion
[2026-07-17T07:29:56.543+00:00] [INFO] Completed stage: Completion (282 us)
[2026-07-17T07:29:56.896+00:00] [INFO] -=- Getting JSON file for context binary model (qnn-context-binary-utility) -=-
[2026-07-17T07:29:56.896+00:00] [INFO] Running /qairt_sdk/default/2.45.0/bin/x86_64-linux-clang/qnn-context-binary-utility --context_binary /tmp/tmpjll65130/model.bin --json_file /tmp/tmpmio13j94.json
[2026-07-17T07:29:56.971+00:00] [INFO] Saving model
[2026-07-17T07:29:57.261+00:00] [INFO] Uploading asset to https://tetrahub-qprod-userdata.s3.amazonaws.com/models/mmd859yoq_kTGHw2EjA9O1QYws.bin?uploadId=AfdCbm06acJnb9t6.5F5MZ4VI4t4.HOqlZVF0BsWDFcXvh6eLkYpOT1dcOAoxdz_JXChs3PpQSpxOf_kye87gwWBd81gMvn.V.8Gj9Y_K9K0Rdi5jI3L7vhG2ADOcunj&partNumber=1&AWSAccessKeyId=AKIAY25OF7UJ6NPOUTRI&Signature=XAsmdl%2Bfy8N81G
[2026-07-17T07:29:59.277+00:00] [INFO] Successfully uploaded asset with response status: 200
[2026-07-17T07:29:59.648+00:00] [INFO] Uploading qnn schematic: default
[2026-07-17T07:30:00.305+00:00] [INFO] Uploading asset to https://tetrahub-qprod-userdata.s3-accelerate.amazonaws.com/
[2026-07-17T07:30:00.419+00:00] [INFO] Successfully uploaded asset with response status: 204
[2026-07-17T07:30:00.420+00:00] [INFO] Successfully computed visualization graph for mmd859yoq
[2026-07-17T07:30:00.434+00:00] [INFO] -=- Compilation completed -=-
[2026-07-17T07:30:00.434+00:00] [INFO] [compile-post-compile] Memory: 2.1GiB / 40.0GiB (5%) | working_set: 1.9GiB | peak: 3.2GiB
