[17/Jul/2026:08:04:57 +00:00: profiler/info] -=- Tungsten Initializing -=-
[17/Jul/2026:08:04:57 +00:00: profiler/info] Android system property: ro.board.platform = canoe
[17/Jul/2026:08:04:57 +00:00: profiler/info] Android system property: ro.boot.hardware = qcom
[17/Jul/2026:08:04:57 +00:00: profiler/info] Android system property: ro.boot.hardware.platform = 
[17/Jul/2026:08:04:57 +00:00: profiler/info] Android system property: ro.system.build.id = BQ2A.251217.002-BP2A.250705.008
[17/Jul/2026:08:04:57 +00:00: profiler/info] Android system property: ro.system.build.version.release = 16
[17/Jul/2026:08:04:57 +00:00: profiler/info] Android system property: ro.hardware = qcom
[17/Jul/2026:08:04:57 +00:00: profiler/info] Android system property: ro.hardware.chipname = 
[17/Jul/2026:08:04:57 +00:00: profiler/info] Android system property: ro.product.board = canoe
[17/Jul/2026:08:04:57 +00:00: profiler/info] Android system property: ro.product.brand = qti
[17/Jul/2026:08:04:57 +00:00: profiler/info] Android system property: ro.product.device = canoe
[17/Jul/2026:08:04:57 +00:00: profiler/info] Android system property: ro.product.build.fingerprint = qti/qssi_64/qssi_64:16/BQ2A.251217.002-BP2A.250705.008/eng.lnxbui:userdebug/test-keys
[17/Jul/2026:08:04:57 +00:00: profiler/info] Android system property: ro.product.manufacturer = QUALCOMM
[17/Jul/2026:08:04:57 +00:00: profiler/info] Android system property: ro.product.model = Canoe for arm64
[17/Jul/2026:08:04:57 +00:00: profiler/info] Android system property: ro.product.name = canoe
[17/Jul/2026:08:04:57 +00:00: profiler/info] Android system property: ro.soc.manufacturer = QTI
[17/Jul/2026:08:04:57 +00:00: profiler/info] Android system property: ro.soc.model = SM8850
[17/Jul/2026:08:04:57 +00:00: profiler/info] [tflite] Loaded OpenCL library with dlopen.
[17/Jul/2026:08:04:57 +00:00: profiler/info] OpenCL Version: OpenCL C 3.0 Adreno(TM) 840
[17/Jul/2026:08:04:57 +00:00: profiler/info] Detected Qualcomm SOC=SM8850. SOC Model=87, Hexagon arch=81, supports QNN=true, unsigned PDs=true, fp16=true, QNN flavor=default.
[17/Jul/2026:08:04:57 +00:00: profiler/info] This device type has up to 1 HTP cores but this may not reflect the current device's configuration.
[17/Jul/2026:08:04:57 +00:00: profiler/info] -=- Tungsten running task: compiling -=-
[17/Jul/2026:01:04:57 -07:00: profiler/info] [job_id: jp494d925] [model.bin] Status Successfully Compiled with t = 0 us and usage: before = 0.0 kB; peakBefore = 0.0 kB; mallocUnusedBefore = 0.0 kB; after = 0.0 kB; peakAfter = 0.0 kB; mallocUnusedAfter = 0.0 kB; increase = 0.0-0.0 kB; peak = 0.0-0.0 kB
[17/Jul/2026:01:04:57 -07:00: profiler/info] [job_id: jp494d925] [model.bin] Saving results to /data/local/tmp/tungsten/files/Results/job_jp494d925/job_jp494d925_results.bin
[17/Jul/2026:01:04:57 -07:00: profiler/debug] [job_id: jp494d925] [model.bin] Feature 'hidden' has 1 batches.
[17/Jul/2026:01:04:57 -07:00: profiler/debug] [job_id: jp494d925] [model.bin] Found asset Models/flatbuffers_data.bin in /data/user/0/ai.tetra.tungsten/cache/tungsten.assets/Models/flatbuffers_data.bin.
[17/Jul/2026:08:04:57 +00:00: profiler/info] -=- Tungsten running task: loading -=-
[17/Jul/2026:01:04:57 -07:00: profiler/info] [job_id: jp494d925] [model.bin] Loading previously saved results in /data/local/tmp/tungsten/files/Results/job_jp494d925/job_jp494d925_results.bin
[17/Jul/2026:01:04:57 -07:00: profiler/debug] [job_id: jp494d925] [model.bin] Feature 'hidden' has 1 batches.
[17/Jul/2026:01:04:57 -07:00: profiler/debug] [job_id: jp494d925] [model.bin] Found asset Models/flatbuffers_data.bin in /data/user/0/ai.tetra.tungsten/cache/tungsten.assets/Models/flatbuffers_data.bin.
[17/Jul/2026:01:04:57 -07:00: profiler/debug] [job_id: jp494d925] [model.bin] Feature 'hidden' has 1 batches.
[17/Jul/2026:01:04:57 -07:00: profiler/debug] [job_id: jp494d925] [model.bin] Feature 'hidden' has 1 batches.
[17/Jul/2026:01:04:57 -07:00: profiler/debug] [job_id: jp494d925] [model.bin] Feature 'hidden' has 1 batches.
[17/Jul/2026:01:04:57 -07:00: profiler/info] [job_id: jp494d925] [model.bin] Loading QNN model Models/model.bin.
[17/Jul/2026:01:04:57 -07:00: profiler/info] [job_id: jp494d925] [model.bin] Malloc VM size before: 44196.0 kB, allocated: 37175.6 kB, slack: 7020.4 kB.
[17/Jul/2026:01:04:57 -07:00: profiler/info] [job_id: jp494d925] [model.bin] Current memory baseline range: 128707.6-135728.0 kB.
[17/Jul/2026:01:04:57 -07:00: profiler/debug] [job_id: jp494d925] [model.bin] Found QNN interface provider with API version 2.34.
[17/Jul/2026:01:04:57 -07:00: profiler/info] [job_id: jp494d925] [model.bin] QnnDsp <W> Initializing HtpProvider
[17/Jul/2026:01:04:57 -07:00: profiler/info] [job_id: jp494d925] [model.bin] Loaded QNN backend from /data/user/0/ai.tetra.tungsten/cache/tungsten.lib/qnn_sdk/default/2.45.0/aarch64-android/libQnnHtp.so (version 5.45.0; core API 2.34.0; build ID v2.45.0.260326154327)
[17/Jul/2026:01:04:57 -07:00: profiler/debug] [job_id: jp494d925] [model.bin] Asset model.bin not found in /data/user/0/ai.tetra.tungsten/cache/tungsten.assets/Models/model.bin.
[17/Jul/2026:01:04:57 -07:00: profiler/debug] [job_id: jp494d925] [model.bin] Found asset Models/model.bin in /data/local/tmp/tungsten/files/Models/model.bin.
[17/Jul/2026:01:04:57 -07:00: profiler/debug] [job_id: jp494d925] [model.bin] Asset model.bin not found in /data/user/0/ai.tetra.tungsten/cache/tungsten.assets/Models/model.bin.
[17/Jul/2026:01:04:57 -07:00: profiler/debug] [job_id: jp494d925] [model.bin] Found asset Models/model.bin in /data/local/tmp/tungsten/files/Models/model.bin.
[17/Jul/2026:01:04:57 -07:00: profiler/info] [job_id: jp494d925] [model.bin] Loaded /data/user/0/ai.tetra.tungsten/cache/tungsten.lib/qnn_sdk/default/2.45.0/aarch64-android/libQnnSystem.so, with version 1.9.0.
[17/Jul/2026:01:04:57 -07:00: profiler/info] [job_id: jp494d925] [model.bin] Loaded QNN context binary with build id=v2.45.0.260326154327, for soc '' with 1 cores.
[17/Jul/2026:01:04:57 -07:00: profiler/debug] [job_id: jp494d925] [model.bin] [adsprpc] vendor/qcom/proprietary/adsprpc/src/fastrpc_context.c:370: fastrpc_context_table_init done
[17/Jul/2026:01:04:57 -07:00: profiler/debug] [job_id: jp494d925] [model.bin] [adsprpc] vendor/qcom/proprietary/adsprpc/src/fastrpc_domains.c:256: fastrpc_sysfs_watcher_init done watcher thread tid 490056267008
[17/Jul/2026:01:04:57 -07:00: profiler/debug] [job_id: jp494d925] [model.bin] [adsprpc] vendor/qcom/proprietary/adsprpc/src/rpcmem_android.c:211: set up allocator 0xb40000748cc579d0 for DMA buf heap system, ION heap system, heap mask 0x2000000, flags 0x1, legacy flags 0x1
[17/Jul/2026:01:04:57 -07:00: profiler/debug] [job_id: jp494d925] [model.bin] [adsprpc] vendor/qcom/proprietary/adsprpc/src/fastrpc_config.c:437: Reading configuration file: ai.tetra.tungsten.debugconfig
[17/Jul/2026:01:04:57 -07:00: profiler/debug] [job_id: jp494d925] [model.bin] [adsprpc] vendor/qcom/proprietary/adsprpc/src/fastrpc_domains.c:164: fastrpc_sysfs_watcher_thread starting
[17/Jul/2026:01:04:57 -07:00: profiler/debug] [job_id: jp494d925] [model.bin] [adsprpc] vendor/qcom/proprietary/adsprpc/src/fastrpc_config.c:468: fastrpc_config_init: Couldn't find file ai.tetra.tungsten.debugconfig, errno (No such file or directory) at /data/user/0/ai.tetra.tungsten/cache/tungsten.lib/qnn_sdk/default/2.45.0/aarch64-android, /vendor/lib64/rfs/dsp, /vendor/lib/rfsa/adsp, /vendor/dsp
[17/Jul/2026:01:04:57 -07:00: profiler/debug] [job_id: jp494d925] [model.bin] [adsprpc] vendor/qcom/proprietary/adsprpc/src/fastrpc_apps_user.c:7618: fastrpc_apps_user_init done  with default domain:3 and &fastrpc_trace:0x7219aab6b4
[17/Jul/2026:01:04:57 -07:00: profiler/debug] [job_id: jp494d925] [model.bin] [adsprpc] vendor/qcom/proprietary/adsprpc/src/fastrpc_apps_user.c:7752: multidsplib_env_init: libcdsprpc.so loaded
[17/Jul/2026:01:04:57 -07:00: profiler/debug] [job_id: jp494d925] [model.bin] [adsprpc] vendor/qcom/proprietary/adsprpc/src/fastrpc_apps_user.c:4393:Warning: remote_handle_control: Non-domain usage of FastRPC will be deprecated, use domains to offload to DSP using FastRPC
[17/Jul/2026:01:04:57 -07:00: profiler/info] [job_id: jp494d925] [model.bin] [adsprpc] vendor/qcom/proprietary/adsprpc/src/fastrpc_apps_user.c:4386: Error 0xe: remote_handle_control_domain failed for request ID 2 on domain 100000 (errno No such file or directory)
[17/Jul/2026:01:04:57 -07:00: profiler/debug] [job_id: jp494d925] [model.bin] [adsprpc] vendor/qcom/proprietary/adsprpc/src/fastrpc_apps_user.c:6015: close_device_node: closed dev 127 on domain 3
[17/Jul/2026:01:04:57 -07:00: profiler/info] [job_id: jp494d925] [model.bin] [adsprpc] vendor/qcom/proprietary/adsprpc/src/fastrpc_apps_user.c:4410: Error 0xe: remote_handle_control failed for request ID 2 (errno Success) (user err 0xe)
[17/Jul/2026:01:04:57 -07:00: profiler/debug] [job_id: jp494d925] [model.bin] [adsprpc] vendor/qcom/proprietary/adsprpc/src/fastrpc_apps_user.c:4393:Warning: remote_handle_control: Non-domain usage of FastRPC will be deprecated, use domains to offload to DSP using FastRPC
[17/Jul/2026:01:04:57 -07:00: profiler/debug] [job_id: jp494d925] [model.bin] [adsprpc] vendor/qcom/proprietary/adsprpc/src/fastrpc_apps_user.c:6015: close_device_node: closed dev 127 on domain 3
[17/Jul/2026:01:04:57 -07:00: profiler/debug] [job_id: jp494d925] [model.bin] [adsprpc] vendor/qcom/proprietary/adsprpc/src/fastrpc_apps_user.c:4875: remote_session_control Unsigned PD enable 1 request for domain 100000
[17/Jul/2026:01:04:57 -07:00: profiler/debug] [job_id: jp494d925] [model.bin] [adsprpc] vendor/qcom/proprietary/adsprpc/src/fastrpc_apps_user.c:4850: remote_session_control DSP info request for domain 100000, thread priority -1, stack size 17408
[17/Jul/2026:01:04:57 -07:00: profiler/debug] [job_id: jp494d925] [model.bin] [adsprpc] vendor/qcom/proprietary/adsprpc/src/fastrpc_apps_user.c:6015: close_device_node: closed dev 127 on domain 3
[17/Jul/2026:01:04:57 -07:00: profiler/debug] [job_id: jp494d925] [model.bin] [adsprpc] vendor/qcom/proprietary/adsprpc/src/fastrpc_apps_user.c:3385: WARNING: get_handle_priority_from_uri: libQnnHtpV81Skel.so lib opened handle without priority token
[17/Jul/2026:01:04:57 -07:00: profiler/debug] [job_id: jp494d925] [model.bin] [adsprpc] vendor/qcom/proprietary/adsprpc/src/fastrpc_apps_user.c:6015: close_device_node: closed dev 127 on domain 3
[17/Jul/2026:01:04:57 -07:00: profiler/debug] [job_id: jp494d925] [model.bin] [adsprpc] vendor/qcom/proprietary/adsprpc/src/fastrpc_apps_user.c:6185: Successfully opened /vendor/dsp/cdsp/fastrpc_shell_unsigned_3, domain 3
[17/Jul/2026:01:04:57 -07:00: profiler/debug] [job_id: jp494d925] [model.bin] [adsprpc] vendor/qcom/proprietary/adsprpc/src/rpcmem_android.c:651: rpcmem_dma_alloc: DMA buffer allocation completed for heap system, size 1451100, flags 0x80000000, fd:129, time 22 us
[17/Jul/2026:01:04:57 -07:00: profiler/debug] [job_id: jp494d925] [model.bin] [adsprpc] vendor/qcom/proprietary/adsprpc/src/rpcmem_android.c:651: rpcmem_dma_alloc: DMA buffer allocation completed for heap system, size 4096, flags 0x1, fd:130, time 12 us
[17/Jul/2026:01:04:57 -07:00: profiler/debug] [job_id: jp494d925] [model.bin] [adsprpc] vendor/qcom/proprietary/adsprpc/src/rpcmem_android.c:651: rpcmem_dma_alloc: DMA buffer allocation completed for heap system, size 4096, flags 0x1, fd:131, time 8 us
[17/Jul/2026:01:04:57 -07:00: profiler/debug] [job_id: jp494d925] [model.bin] [adsprpc] vendor/qcom/proprietary/adsprpc/src/fastrpc_apps_user.c:6298: Created user PD on domain 100000, dbg_trace 0x0, enabled attr=> RPC timeout:10000, Dbg Mode:Y, CRC:N, Unsigned:Y, Signed:N, Adapt QOS:N, PD dump: (Config:N, Dbg:N), Perf: (Kernel:N, DSP:N), Iregion:N, QTF:N, UAF:N userPD initmem len:0x500000, Log pkt: N
[17/Jul/2026:01:04:57 -07:00: profiler/debug] [job_id: jp494d925] [model.bin] [adsprpc] vendor/qcom/proprietary/adsprpc/src/fastrpc_apps_user.c:1935: Successfully set remote user thread priority to 192 and stack size to 17408 for domain 100000
[17/Jul/2026:01:04:57 -07:00: profiler/debug] [job_id: jp494d925] [model.bin] [adsprpc] vendor/qcom/proprietary/adsprpc/src/listener_android.c:121: listener thread starting
[17/Jul/2026:01:04:57 -07:00: profiler/debug] [job_id: jp494d925] [model.bin] [adsprpc] vendor/qcom/proprietary/adsprpc/src/rpcmem_android.c:651: rpcmem_dma_alloc: DMA buffer allocation completed for heap system, size 1048576, flags 0x1, fd:129, time 28 us
[17/Jul/2026:01:04:57 -07:00: profiler/debug] [job_id: jp494d925] [model.bin] [adsprpc] vendor/qcom/proprietary/adsprpc/src/fastrpc_apps_user.c:7188: persist_buf_init allocation done for persist_buf 0x7215300000 size 1048576
[17/Jul/2026:01:04:57 -07:00: profiler/debug] [job_id: jp494d925] [model.bin] [adsprpc] vendor/qcom/proprietary/adsprpc/src/fastrpc_apps_user.c:7198: persist_buf_init mapping done for persist_buf 0x7215300000 fd 129 of size 1048576 on domain 100000
[17/Jul/2026:01:04:57 -07:00: profiler/debug] [job_id: jp494d925] [model.bin] [adsprpc] vendor/qcom/proprietary/adsprpc/src/fastrpc_apps_user.c:7260: open_dev : panic error codes sent successfully
[17/Jul/2026:01:04:57 -07:00: profiler/debug] [job_id: jp494d925] [model.bin] [adsprpc] vendor/qcom/proprietary/adsprpc/src/fastrpc_perf.c:292: fastrpc_perf_init: enabled systrace 0x0 and RPC traces (kernel 0, dsp 0) with frequency 1000
[17/Jul/2026:01:04:57 -07:00: profiler/debug] [job_id: jp494d925] [model.bin] [adsprpc] vendor/qcom/proprietary/adsprpc/src/log_config.c:429: file_watcher_thread starting for domain 100000
[17/Jul/2026:01:04:57 -07:00: profiler/debug] [job_id: jp494d925] [model.bin] [adsprpc] vendor/qcom/proprietary/adsprpc/src/rpcmem_android.c:651: rpcmem_dma_alloc: DMA buffer allocation completed for heap system, size 4096, flags 0x0, fd:159, time 10 us
[17/Jul/2026:01:04:57 -07:00: profiler/debug] [job_id: jp494d925] [model.bin] [adsprpc] vendor/qcom/proprietary/adsprpc/src/rpcmem_android.c:651: rpcmem_dma_alloc: DMA buffer allocation completed for heap system, size 4096, flags 0x0, fd:160, time 49 us
[17/Jul/2026:01:04:57 -07:00: profiler/debug] [job_id: jp494d925] [model.bin] [adsprpc] vendor/qcom/proprietary/adsprpc/src/mod_table.c:696: open_mod_table_open_from_static: reverse module apps_mem opened with handle 0x19aacf98 (idx 0)
[17/Jul/2026:01:04:57 -07:00: profiler/debug] [job_id: jp494d925] [model.bin] [adsprpc] vendor/qcom/proprietary/adsprpc/src/mod_table.c:696: open_mod_table_open_from_static: reverse module apps_std opened with handle 0x19aad098 (idx 1)
[17/Jul/2026:01:04:57 -07:00: profiler/debug] [job_id: jp494d925] [model.bin] [adsprpc] vendor/qcom/proprietary/adsprpc/src/rpcmem_android.c:651: rpcmem_dma_alloc: DMA buffer allocation completed for heap system, size 262144, flags 0x80000000, fd:161, time 7 us
[17/Jul/2026:01:04:57 -07:00: profiler/info] [job_id: jp494d925] [model.bin] [adsprpc] vendor/qcom/proprietary/adsprpc/src/apps_std_imp.c:377: Error 0x2: apps_std_fopen_fd failed for /data/user/0/ai.tetra.tungsten/cache/tungsten.lib/qnn_sdk/default/2.45.0/aarch64-android/cdsp/./libQnnHtpV81Skel.so (No such file or directory)
[17/Jul/2026:01:04:57 -07:00: profiler/debug] [job_id: jp494d925] [model.bin] [adsprpc] vendor/qcom/proprietary/adsprpc/src/rpcmem_android.c:651: rpcmem_dma_alloc: DMA buffer allocation completed for heap system, size 11788496, flags 0x80000000, fd:163, time 15 us
[17/Jul/2026:01:04:57 -07:00: profiler/info] [job_id: jp494d925] [model.bin] [adsprpc] vendor/qcom/proprietary/adsprpc/src/log_config.c:223:Enabled adspmsgd with mask 8
[17/Jul/2026:01:04:57 -07:00: profiler/debug] [job_id: jp494d925] [model.bin] [adsprpc] vendor/qcom/proprietary/adsprpc/src/log_config.c:449:file_watcher_thread: Couldn't find file ai.tetra.tungsten.farf, errno (No such file or directory) at ;/vendor/lib64/rfs/dsp;/vendor/lib/rfsa/adsp;/vendor/lib/rfsa/dsp;/vendor/dsp;
[17/Jul/2026:01:04:57 -07:00: profiler/debug] [job_id: jp494d925] [model.bin] [adsprpc] vendor/qcom/proprietary/adsprpc/src/apps_std_imp.c:369: apps_std_fopen_fd done for /data/user/0/ai.tetra.tungsten/cache/tungsten.lib/qnn_sdk/default/2.45.0/aarch64-android/./libQnnHtpV81Skel.so with fsize:11788496       fopen:6us, fstat:1us, read:1223us,       rpc_alloc:65us, mmap:281us fd 0xa3 error_code 0x0
[17/Jul/2026:01:04:57 -07:00: profiler/debug] [job_id: jp494d925] [model.bin] [adsprpc] vendor/qcom/proprietary/adsprpc/src/apps_std_imp.c:1236: Successfully opened file /data/user/0/ai.tetra.tungsten/cache/tungsten.lib/qnn_sdk/default/2.45.0/aarch64-android/./libQnnHtpV81Skel.so
[17/Jul/2026:01:04:57 -07:00: profiler/debug] [job_id: jp494d925] [model.bin] [adsprpc] vendor/qcom/proprietary/adsprpc/src/rpcmem_android.c:651: rpcmem_dma_alloc: DMA buffer allocation completed for heap system, size 11796480, flags 0xa0000000, fd:155, time 15 us
[17/Jul/2026:01:04:57 -07:00: profiler/debug] [job_id: jp494d925] [model.bin] [adsprpc] vendor/qcom/proprietary/adsprpc/src/rpcmem_android.c:651: rpcmem_dma_alloc: DMA buffer allocation completed for heap system, size 1048576, flags 0xa0000000, fd:163, time 22 us
[17/Jul/2026:01:04:57 -07:00: profiler/debug] [job_id: jp494d925] [model.bin] [adsprpc] vendor/qcom/proprietary/adsprpc/src/fastrpc_apps_user.c:3491: remote_handle64_open: opened handle 0xb40000747cce3e20 (remote 0x2ccbf0) for file:///libQnnHtpV81Skel.so?qnn_skel_handle_invoke&_modver=1.0&_dom=cdsp on domain 100000 (spawn time 19660 us, load time 33153 us), refs 1
[17/Jul/2026:01:04:57 -07:00: profiler/debug] [job_id: jp494d925] [model.bin] [adsprpc] vendor/qcom/proprietary/adsprpc/src/rpcmem_android.c:651: rpcmem_dma_alloc: DMA buffer allocation completed for heap system, size 8, flags 0x1, fd:162, time 8 us
[17/Jul/2026:01:04:57 -07:00: profiler/debug] [job_id: jp494d925] [model.bin] [adsprpc] vendor/qcom/proprietary/adsprpc/src/rpcmem_android.c:651: rpcmem_dma_alloc: DMA buffer allocation completed for heap system, size 136, flags 0x1, fd:164, time 12 us
[17/Jul/2026:01:04:57 -07:00: profiler/debug] [job_id: jp494d925] [model.bin] [adsprpc] vendor/qcom/proprietary/adsprpc/src/rpcmem_android.c:651: rpcmem_dma_alloc: DMA buffer allocation completed for heap system, size 16, flags 0x1, fd:162, time 15 us
[17/Jul/2026:01:04:57 -07:00: profiler/debug] [job_id: jp494d925] [model.bin] [adsprpc] vendor/qcom/proprietary/adsprpc/src/rpcmem_android.c:651: rpcmem_dma_alloc: DMA buffer allocation completed for heap system, size 8, flags 0x1, fd:164, time 21 us
[17/Jul/2026:01:04:57 -07:00: profiler/debug] [job_id: jp494d925] [model.bin] [adsprpc] vendor/qcom/proprietary/adsprpc/src/rpcmem_android.c:651: rpcmem_dma_alloc: DMA buffer allocation completed for heap system, size 56, flags 0x1, fd:162, time 13 us
[17/Jul/2026:01:04:57 -07:00: profiler/debug] [job_id: jp494d925] [model.bin] [adsprpc] vendor/qcom/proprietary/adsprpc/src/fastrpc_apps_user.c:3385: WARNING: get_handle_priority_from_uri: libdspqueue_rpc_skel.so lib opened handle without priority token
[17/Jul/2026:01:04:57 -07:00: profiler/debug] [job_id: jp494d925] [model.bin] [adsprpc] vendor/qcom/proprietary/adsprpc/src/fastrpc_apps_user.c:3491: remote_handle64_open: opened handle 0xb40000747cce4370 (remote 0x2cd860) for file:///libdspqueue_rpc_skel.so?dspqueue_rpc_skel_handle_invoke&_modver=1.0&_dom=nsp1000&_session=0 on domain 100000 (spawn time 0 us, load time 300 us), refs 2
[17/Jul/2026:01:04:57 -07:00: profiler/debug] [job_id: jp494d925] [model.bin] [adsprpc] vendor/qcom/proprietary/adsprpc/src/fastrpc_notif.c:138: fastrpc_notif_domain_init: FastRPC notification worker thread launched
[17/Jul/2026:01:04:57 -07:00: profiler/debug] [job_id: jp494d925] [model.bin] [adsprpc] vendor/qcom/proprietary/adsprpc/src/fastrpc_apps_user.c:5077: remote_session_control Register PD status notification request for domain 100000
[17/Jul/2026:01:04:57 -07:00: profiler/debug] [job_id: jp494d925] [model.bin] [adsprpc] vendor/qcom/proprietary/adsprpc/src/fastrpc_apps_user.c:3955: get_remote_notif_response: received status notification 0 for domain 1000, session 0 (effec dom 100000)
[17/Jul/2026:01:04:57 -07:00: profiler/debug] [job_id: jp494d925] [model.bin] [adsprpc] vendor/qcom/proprietary/adsprpc/src/rpcmem_android.c:651: rpcmem_dma_alloc: DMA buffer allocation completed for heap system, size 1024, flags 0x40000001, fd:164, time 16 us
[17/Jul/2026:01:04:57 -07:00: profiler/debug] [job_id: jp494d925] [model.bin] [adsprpc] vendor/qcom/proprietary/adsprpc/src/rpcmem_android.c:651: rpcmem_dma_alloc: DMA buffer allocation completed for heap system, size 1792, flags 0x40000001, fd:167, time 5 us
[17/Jul/2026:01:04:57 -07:00: profiler/debug] [job_id: jp494d925] [model.bin] [adsprpc] vendor/qcom/proprietary/adsprpc/src/dspqueue/dspqueue_cpu.c:683: dspqueue is using version: 430052954, flags: 2, driver signalling: 3, wait count: 1
[17/Jul/2026:01:04:57 -07:00: profiler/debug] [job_id: jp494d925] [model.bin] [adsprpc] vendor/qcom/proprietary/adsprpc/src/dspqueue/dspqueue_cpu.c:715: dspqueue_create: created Queue 0, 0xb4000073bcc33a10, DSP 0x00000000 for domain 100000
[17/Jul/2026:01:04:57 -07:00: profiler/debug] [job_id: jp494d925] [model.bin] Creating context from binary with 0 configurations set.
[17/Jul/2026:01:04:57 -07:00: profiler/info] [job_id: jp494d925] [model.bin] QnnDsp <W> m_CFBCallbackInfoObj is not initialized, return emptyList
[17/Jul/2026:01:04:57 -07:00: profiler/debug] [job_id: jp494d925] [model.bin] [adsprpc] vendor/qcom/proprietary/adsprpc/src/rpcmem_android.c:651: rpcmem_dma_alloc: DMA buffer allocation completed for heap system, size 8448, flags 0x1, fd:168, time 13 us
[17/Jul/2026:01:04:57 -07:00: profiler/debug] [job_id: jp494d925] [model.bin] [adsprpc] vendor/qcom/proprietary/adsprpc/src/rpcmem_android.c:651: rpcmem_dma_alloc: DMA buffer allocation completed for heap system, size 8480, flags 0x1, fd:169, time 12 us
[17/Jul/2026:01:04:57 -07:00: profiler/debug] [job_id: jp494d925] [model.bin] [adsprpc] vendor/qcom/proprietary/adsprpc/src/rpcmem_android.c:651: rpcmem_dma_alloc: DMA buffer allocation completed for heap system, size 134275600, flags 0x1, fd:170, time 23 us
[17/Jul/2026:01:04:57 -07:00: profiler/debug] [job_id: jp494d925] [model.bin] [adsprpc] vendor/qcom/proprietary/adsprpc/src/rpcmem_android.c:651: rpcmem_dma_alloc: DMA buffer allocation completed for heap system, size 72, flags 0x1, fd:171, time 5 us
[17/Jul/2026:01:04:57 -07:00: profiler/debug] [job_id: jp494d925] [model.bin] [adsprpc] vendor/qcom/proprietary/adsprpc/src/fastrpc_apps_user.c:4393:Warning: remote_handle_control: Non-domain usage of FastRPC will be deprecated, use domains to offload to DSP using FastRPC
[17/Jul/2026:01:04:57 -07:00: profiler/debug] [job_id: jp494d925] [model.bin] [adsprpc] vendor/qcom/proprietary/adsprpc/src/fastrpc_apps_user.c:4393:Warning: remote_handle_control: Non-domain usage of FastRPC will be deprecated, use domains to offload to DSP using FastRPC
[17/Jul/2026:01:04:57 -07:00: profiler/debug] [job_id: jp494d925] [model.bin] [adsprpc] vendor/qcom/proprietary/adsprpc/src/rpcmem_android.c:651: rpcmem_dma_alloc: DMA buffer allocation completed for heap system, size 299892736, flags 0x1, fd:172, time 3237 us
[17/Jul/2026:01:04:57 -07:00: profiler/debug] [job_id: jp494d925] [model.bin] [adsprpc] vendor/qcom/proprietary/adsprpc/src/fastrpc_apps_user.c:4393:Warning: remote_handle_control: Non-domain usage of FastRPC will be deprecated, use domains to offload to DSP using FastRPC
[17/Jul/2026:01:04:57 -07:00: profiler/debug] [job_id: jp494d925] [model.bin] [adsprpc] vendor/qcom/proprietary/adsprpc/src/rpcmem_android.c:651: rpcmem_dma_alloc: DMA buffer allocation completed for heap system, size 3228016, flags 0x1, fd:173, time 79 us
[17/Jul/2026:01:04:57 -07:00: profiler/debug] [job_id: jp494d925] [model.bin] [adsprpc] vendor/qcom/proprietary/adsprpc/src/rpcmem_android.c:651: rpcmem_dma_alloc: DMA buffer allocation completed for heap system, size 40, flags 0x1, fd:174, time 10 us
[17/Jul/2026:01:04:57 -07:00: profiler/debug] [job_id: jp494d925] [model.bin] [adsprpc] vendor/qcom/proprietary/adsprpc/src/fastrpc_apps_user.c:4393:Warning: remote_handle_control: Non-domain usage of FastRPC will be deprecated, use domains to offload to DSP using FastRPC
[17/Jul/2026:01:04:57 -07:00: profiler/debug] [job_id: jp494d925] [model.bin] [adsprpc] vendor/qcom/proprietary/adsprpc/src/rpcmem_android.c:651: rpcmem_dma_alloc: DMA buffer allocation completed for heap system, size 33554432, flags 0xa0000000, fd:175, time 541 us
[17/Jul/2026:01:04:57 -07:00: profiler/debug] [job_id: jp494d925] [model.bin] [adsprpc] vendor/qcom/proprietary/adsprpc/src/rpcmem_android.c:651: rpcmem_dma_alloc: DMA buffer allocation completed for heap system, size 48, flags 0x1, fd:173, time 65 us
[17/Jul/2026:01:04:57 -07:00: profiler/info] [job_id: jp494d925] [model.bin] Loaded graph graph__ezvyb28.
[17/Jul/2026:01:04:57 -07:00: profiler/info] [job_id: jp494d925] [model.bin] Malloc VM size after: 44964.0 kB, allocated: 38658.2 kB, slack: 6305.8 kB.
[17/Jul/2026:01:04:57 -07:00: profiler/info] [job_id: jp494d925] [model.bin] Status Successfully Loaded Cold with t = 167313 us and usage: before = 135728.0 kB; peakBefore = 135728.0 kB; mallocUnusedBefore = 7020.4 kB; after = 137016.0 kB; peakAfter = 136932.0 kB; mallocUnusedAfter = 6305.8 kB; increase = 0.0-2002.6 kB; peak = 1204.0-8224.4 kB
[17/Jul/2026:01:04:57 -07:00: profiler/info] [job_id: jp494d925] [model.bin] Saving results to /data/local/tmp/tungsten/files/Results/job_jp494d925/job_jp494d925_results.bin
[17/Jul/2026:01:04:57 -07:00: profiler/debug] [job_id: jp494d925] [model.bin] Feature 'hidden' has 1 batches.
[17/Jul/2026:01:04:57 -07:00: profiler/info] QnnDsp <W> m_CFBCallbackInfoObj is not initialized, return emptyList
[17/Jul/2026:01:04:57 -07:00: profiler/info] [adsprpc] vendor/qcom/proprietary/adsprpc/src/adspmsgd.c:104::error: 0x8000040d: AEE_SUCCESS == (nErr = adspmsgd_adsp1_wait(handle, &bytesToRead))
[17/Jul/2026:01:04:57 -07:00: profiler/info] [adsprpc] vendor/qcom/proprietary/adsprpc/src/adspmsgd.c:114:Error 0x8000040d: adspmsgd_reader thread of domain 100000 for handle 0x7cce3240 exiting (errno Success)
[17/Jul/2026:08:04:58 +00:00: profiler/info] -=- Tungsten running task: loading -=-
[17/Jul/2026:01:04:58 -07:00: profiler/info] [job_id: jp494d925] [model.bin] Loading previously saved results in /data/local/tmp/tungsten/files/Results/job_jp494d925/job_jp494d925_results.bin
[17/Jul/2026:01:04:58 -07:00: profiler/debug] [job_id: jp494d925] [model.bin] Feature 'hidden' has 1 batches.
[17/Jul/2026:01:04:58 -07:00: profiler/debug] [job_id: jp494d925] [model.bin] Found asset Models/flatbuffers_data.bin in /data/user/0/ai.tetra.tungsten/cache/tungsten.assets/Models/flatbuffers_data.bin.
[17/Jul/2026:01:04:58 -07:00: profiler/debug] [job_id: jp494d925] [model.bin] Feature 'hidden' has 1 batches.
[17/Jul/2026:01:04:58 -07:00: profiler/debug] [job_id: jp494d925] [model.bin] Feature 'hidden' has 1 batches.
[17/Jul/2026:01:04:58 -07:00: profiler/debug] [job_id: jp494d925] [model.bin] Feature 'hidden' has 1 batches.
[17/Jul/2026:01:04:58 -07:00: profiler/info] [job_id: jp494d925] [model.bin] Loading QNN model Models/model.bin.
[17/Jul/2026:01:04:58 -07:00: profiler/info] [job_id: jp494d925] [model.bin] Malloc VM size before: 27208.0 kB, allocated: 16453.0 kB, slack: 10755.0 kB.
[17/Jul/2026:01:04:58 -07:00: profiler/info] [job_id: jp494d925] [model.bin] Current memory baseline range: 71449.0-82204.0 kB.
[17/Jul/2026:01:04:58 -07:00: profiler/debug] [job_id: jp494d925] [model.bin] Found QNN interface provider with API version 2.34.
[17/Jul/2026:01:04:58 -07:00: profiler/info] [job_id: jp494d925] [model.bin] QnnDsp <W> Initializing HtpProvider
[17/Jul/2026:01:04:58 -07:00: profiler/info] [job_id: jp494d925] [model.bin] Loaded QNN backend from /data/user/0/ai.tetra.tungsten/cache/tungsten.lib/qnn_sdk/default/2.45.0/aarch64-android/libQnnHtp.so (version 5.45.0; core API 2.34.0; build ID v2.45.0.260326154327)
[17/Jul/2026:01:04:58 -07:00: profiler/debug] [job_id: jp494d925] [model.bin] Asset model.bin not found in /data/user/0/ai.tetra.tungsten/cache/tungsten.assets/Models/model.bin.
[17/Jul/2026:01:04:58 -07:00: profiler/debug] [job_id: jp494d925] [model.bin] Found asset Models/model.bin in /data/local/tmp/tungsten/files/Models/model.bin.
[17/Jul/2026:01:04:58 -07:00: profiler/debug] [job_id: jp494d925] [model.bin] Asset model.bin not found in /data/user/0/ai.tetra.tungsten/cache/tungsten.assets/Models/model.bin.
[17/Jul/2026:01:04:58 -07:00: profiler/debug] [job_id: jp494d925] [model.bin] Found asset Models/model.bin in /data/local/tmp/tungsten/files/Models/model.bin.
[17/Jul/2026:01:04:58 -07:00: profiler/info] [job_id: jp494d925] [model.bin] Loaded /data/user/0/ai.tetra.tungsten/cache/tungsten.lib/qnn_sdk/default/2.45.0/aarch64-android/libQnnSystem.so, with version 1.9.0.
[17/Jul/2026:01:04:58 -07:00: profiler/info] [job_id: jp494d925] [model.bin] Loaded QNN context binary with build id=v2.45.0.260326154327, for soc '' with 1 cores.
[17/Jul/2026:01:04:58 -07:00: profiler/debug] [job_id: jp494d925] [model.bin] [adsprpc] vendor/qcom/proprietary/adsprpc/src/fastrpc_context.c:370: fastrpc_context_table_init done
[17/Jul/2026:01:04:58 -07:00: profiler/debug] [job_id: jp494d925] [model.bin] [adsprpc] vendor/qcom/proprietary/adsprpc/src/fastrpc_domains.c:256: fastrpc_sysfs_watcher_init done watcher thread tid 493079262464
[17/Jul/2026:01:04:58 -07:00: profiler/debug] [job_id: jp494d925] [model.bin] [adsprpc] vendor/qcom/proprietary/adsprpc/src/rpcmem_android.c:211: set up allocator 0xb40000748cc5c190 for DMA buf heap system, ION heap system, heap mask 0x2000000, flags 0x1, legacy flags 0x1
[17/Jul/2026:01:04:58 -07:00: profiler/debug] [job_id: jp494d925] [model.bin] [adsprpc] vendor/qcom/proprietary/adsprpc/src/fastrpc_config.c:437: Reading configuration file: ai.tetra.tungsten.debugconfig
[17/Jul/2026:01:04:58 -07:00: profiler/debug] [job_id: jp494d925] [model.bin] [adsprpc] vendor/qcom/proprietary/adsprpc/src/fastrpc_domains.c:164: fastrpc_sysfs_watcher_thread starting
[17/Jul/2026:01:04:58 -07:00: profiler/debug] [job_id: jp494d925] [model.bin] [adsprpc] vendor/qcom/proprietary/adsprpc/src/fastrpc_config.c:468: fastrpc_config_init: Couldn't find file ai.tetra.tungsten.debugconfig, errno (No such file or directory) at /data/user/0/ai.tetra.tungsten/cache/tungsten.lib/qnn_sdk/default/2.45.0/aarch64-android, /vendor/lib64/rfs/dsp, /vendor/lib/rfsa/adsp, /vendor/dsp
[17/Jul/2026:01:04:58 -07:00: profiler/debug] [job_id: jp494d925] [model.bin] [adsprpc] vendor/qcom/proprietary/adsprpc/src/fastrpc_apps_user.c:7618: fastrpc_apps_user_init done  with default domain:3 and &fastrpc_trace:0x72ce3ef6b4
[17/Jul/2026:01:04:58 -07:00: profiler/debug] [job_id: jp494d925] [model.bin] [adsprpc] vendor/qcom/proprietary/adsprpc/src/fastrpc_apps_user.c:7752: multidsplib_env_init: libcdsprpc.so loaded
[17/Jul/2026:01:04:58 -07:00: profiler/debug] [job_id: jp494d925] [model.bin] [adsprpc] vendor/qcom/proprietary/adsprpc/src/fastrpc_apps_user.c:4393:Warning: remote_handle_control: Non-domain usage of FastRPC will be deprecated, use domains to offload to DSP using FastRPC
[17/Jul/2026:01:04:58 -07:00: profiler/info] [job_id: jp494d925] [model.bin] [adsprpc] vendor/qcom/proprietary/adsprpc/src/fastrpc_apps_user.c:4386: Error 0xe: remote_handle_control_domain failed for request ID 2 on domain 100000 (errno No such file or directory)
[17/Jul/2026:01:04:58 -07:00: profiler/debug] [job_id: jp494d925] [model.bin] [adsprpc] vendor/qcom/proprietary/adsprpc/src/fastrpc_apps_user.c:6015: close_device_node: closed dev 147 on domain 3
[17/Jul/2026:01:04:58 -07:00: profiler/info] [job_id: jp494d925] [model.bin] [adsprpc] vendor/qcom/proprietary/adsprpc/src/fastrpc_apps_user.c:4410: Error 0xe: remote_handle_control failed for request ID 2 (errno Success) (user err 0xe)
[17/Jul/2026:01:04:58 -07:00: profiler/debug] [job_id: jp494d925] [model.bin] [adsprpc] vendor/qcom/proprietary/adsprpc/src/fastrpc_apps_user.c:4393:Warning: remote_handle_control: Non-domain usage of FastRPC will be deprecated, use domains to offload to DSP using FastRPC
[17/Jul/2026:01:04:58 -07:00: profiler/debug] [job_id: jp494d925] [model.bin] [adsprpc] vendor/qcom/proprietary/adsprpc/src/fastrpc_apps_user.c:6015: close_device_node: closed dev 147 on domain 3
[17/Jul/2026:01:04:58 -07:00: profiler/debug] [job_id: jp494d925] [model.bin] [adsprpc] vendor/qcom/proprietary/adsprpc/src/fastrpc_apps_user.c:4875: remote_session_control Unsigned PD enable 1 request for domain 100000
[17/Jul/2026:01:04:58 -07:00: profiler/debug] [job_id: jp494d925] [model.bin] [adsprpc] vendor/qcom/proprietary/adsprpc/src/fastrpc_apps_user.c:4850: remote_session_control DSP info request for domain 100000, thread priority -1, stack size 17408
[17/Jul/2026:01:04:58 -07:00: profiler/debug] [job_id: jp494d925] [model.bin] [adsprpc] vendor/qcom/proprietary/adsprpc/src/fastrpc_apps_user.c:6015: close_device_node: closed dev 147 on domain 3
[17/Jul/2026:01:04:58 -07:00: profiler/debug] [job_id: jp494d925] [model.bin] [adsprpc] vendor/qcom/proprietary/adsprpc/src/fastrpc_apps_user.c:3385: WARNING: get_handle_priority_from_uri: libQnnHtpV81Skel.so lib opened handle without priority token
[17/Jul/2026:01:04:58 -07:00: profiler/debug] [job_id: jp494d925] [model.bin] [adsprpc] vendor/qcom/proprietary/adsprpc/src/fastrpc_apps_user.c:6015: close_device_node: closed dev 147 on domain 3
[17/Jul/2026:01:04:58 -07:00: profiler/debug] [job_id: jp494d925] [model.bin] [adsprpc] vendor/qcom/proprietary/adsprpc/src/fastrpc_apps_user.c:6185: Successfully opened /vendor/dsp/cdsp/fastrpc_shell_unsigned_3, domain 3
[17/Jul/2026:01:04:58 -07:00: profiler/debug] [job_id: jp494d925] [model.bin] [adsprpc] vendor/qcom/proprietary/adsprpc/src/rpcmem_android.c:651: rpcmem_dma_alloc: DMA buffer allocation completed for heap system, size 1451100, flags 0x80000000, fd:150, time 21 us
[17/Jul/2026:01:04:58 -07:00: profiler/debug] [job_id: jp494d925] [model.bin] [adsprpc] vendor/qcom/proprietary/adsprpc/src/rpcmem_android.c:651: rpcmem_dma_alloc: DMA buffer allocation completed for heap system, size 4096, flags 0x1, fd:151, time 10 us
[17/Jul/2026:01:04:58 -07:00: profiler/debug] [job_id: jp494d925] [model.bin] [adsprpc] vendor/qcom/proprietary/adsprpc/src/rpcmem_android.c:651: rpcmem_dma_alloc: DMA buffer allocation completed for heap system, size 4096, flags 0x1, fd:152, time 7 us
[17/Jul/2026:01:04:58 -07:00: profiler/debug] [job_id: jp494d925] [model.bin] [adsprpc] vendor/qcom/proprietary/adsprpc/src/fastrpc_apps_user.c:6298: Created user PD on domain 100000, dbg_trace 0x0, enabled attr=> RPC timeout:10000, Dbg Mode:Y, CRC:N, Unsigned:Y, Signed:N, Adapt QOS:N, PD dump: (Config:N, Dbg:N), Perf: (Kernel:N, DSP:N), Iregion:N, QTF:N, UAF:N userPD initmem len:0x500000, Log pkt: N
[17/Jul/2026:01:04:58 -07:00: profiler/debug] [job_id: jp494d925] [model.bin] [adsprpc] vendor/qcom/proprietary/adsprpc/src/fastrpc_apps_user.c:1935: Successfully set remote user thread priority to 192 and stack size to 17408 for domain 100000
[17/Jul/2026:01:04:58 -07:00: profiler/debug] [job_id: jp494d925] [model.bin] [adsprpc] vendor/qcom/proprietary/adsprpc/src/listener_android.c:121: listener thread starting
[17/Jul/2026:01:04:58 -07:00: profiler/debug] [job_id: jp494d925] [model.bin] [adsprpc] vendor/qcom/proprietary/adsprpc/src/rpcmem_android.c:651: rpcmem_dma_alloc: DMA buffer allocation completed for heap system, size 1048576, flags 0x1, fd:150, time 25 us
[17/Jul/2026:01:04:58 -07:00: profiler/debug] [job_id: jp494d925] [model.bin] [adsprpc] vendor/qcom/proprietary/adsprpc/src/fastrpc_apps_user.c:7188: persist_buf_init allocation done for persist_buf 0x72c0300000 size 1048576
[17/Jul/2026:01:04:58 -07:00: profiler/debug] [job_id: jp494d925] [model.bin] [adsprpc] vendor/qcom/proprietary/adsprpc/src/fastrpc_apps_user.c:7198: persist_buf_init mapping done for persist_buf 0x72c0300000 fd 150 of size 1048576 on domain 100000
[17/Jul/2026:01:04:58 -07:00: profiler/debug] [job_id: jp494d925] [model.bin] [adsprpc] vendor/qcom/proprietary/adsprpc/src/fastrpc_apps_user.c:7260: open_dev : panic error codes sent successfully
[17/Jul/2026:01:04:58 -07:00: profiler/debug] [job_id: jp494d925] [model.bin] [adsprpc] vendor/qcom/proprietary/adsprpc/src/fastrpc_perf.c:292: fastrpc_perf_init: enabled systrace 0x0 and RPC traces (kernel 0, dsp 0) with frequency 1000
[17/Jul/2026:01:04:58 -07:00: profiler/debug] [job_id: jp494d925] [model.bin] [adsprpc] vendor/qcom/proprietary/adsprpc/src/log_config.c:429: file_watcher_thread starting for domain 100000
[17/Jul/2026:01:04:58 -07:00: profiler/debug] [job_id: jp494d925] [model.bin] [adsprpc] vendor/qcom/proprietary/adsprpc/src/rpcmem_android.c:651: rpcmem_dma_alloc: DMA buffer allocation completed for heap system, size 4096, flags 0x0, fd:155, time 24 us
[17/Jul/2026:01:04:58 -07:00: profiler/debug] [job_id: jp494d925] [model.bin] [adsprpc] vendor/qcom/proprietary/adsprpc/src/rpcmem_android.c:651: rpcmem_dma_alloc: DMA buffer allocation completed for heap system, size 4096, flags 0x0, fd:159, time 10 us
[17/Jul/2026:01:04:58 -07:00: profiler/debug] [job_id: jp494d925] [model.bin] [adsprpc] vendor/qcom/proprietary/adsprpc/src/mod_table.c:696: open_mod_table_open_from_static: reverse module apps_mem opened with handle 0xce3f0f98 (idx 0)
[17/Jul/2026:01:04:58 -07:00: profiler/debug] [job_id: jp494d925] [model.bin] [adsprpc] vendor/qcom/proprietary/adsprpc/src/mod_table.c:696: open_mod_table_open_from_static: reverse module apps_std opened with handle 0xce3f1098 (idx 1)
[17/Jul/2026:01:04:58 -07:00: profiler/debug] [job_id: jp494d925] [model.bin] [adsprpc] vendor/qcom/proprietary/adsprpc/src/rpcmem_android.c:651: rpcmem_dma_alloc: DMA buffer allocation completed for heap system, size 262144, flags 0x80000000, fd:160, time 20 us
[17/Jul/2026:01:04:58 -07:00: profiler/info] [job_id: jp494d925] [model.bin] [adsprpc] vendor/qcom/proprietary/adsprpc/src/apps_std_imp.c:377: Error 0x2: apps_std_fopen_fd failed for /data/user/0/ai.tetra.tungsten/cache/tungsten.lib/qnn_sdk/default/2.45.0/aarch64-android/cdsp/./libQnnHtpV81Skel.so (No such file or directory)
[17/Jul/2026:01:04:58 -07:00: profiler/debug] [job_id: jp494d925] [model.bin] [adsprpc] vendor/qcom/proprietary/adsprpc/src/rpcmem_android.c:651: rpcmem_dma_alloc: DMA buffer allocation completed for heap system, size 11788496, flags 0x80000000, fd:162, time 22 us
[17/Jul/2026:01:04:58 -07:00: profiler/info] [job_id: jp494d925] [model.bin] [adsprpc] vendor/qcom/proprietary/adsprpc/src/log_config.c:223:Enabled adspmsgd with mask 8
[17/Jul/2026:01:04:58 -07:00: profiler/debug] [job_id: jp494d925] [model.bin] [adsprpc] vendor/qcom/proprietary/adsprpc/src/log_config.c:449:file_watcher_thread: Couldn't find file ai.tetra.tungsten.farf, errno (No such file or directory) at ;/vendor/lib64/rfs/dsp;/vendor/lib/rfsa/adsp;/vendor/lib/rfsa/dsp;/vendor/dsp;
[17/Jul/2026:01:04:58 -07:00: profiler/debug] [job_id: jp494d925] [model.bin] [adsprpc] vendor/qcom/proprietary/adsprpc/src/apps_std_imp.c:369: apps_std_fopen_fd done for /data/user/0/ai.tetra.tungsten/cache/tungsten.lib/qnn_sdk/default/2.45.0/aarch64-android/./libQnnHtpV81Skel.so with fsize:11788496       fopen:8us, fstat:0us, read:1191us,       rpc_alloc:68us, mmap:304us fd 0xa2 error_code 0x0
[17/Jul/2026:01:04:58 -07:00: profiler/debug] [job_id: jp494d925] [model.bin] [adsprpc] vendor/qcom/proprietary/adsprpc/src/apps_std_imp.c:1236: Successfully opened file /data/user/0/ai.tetra.tungsten/cache/tungsten.lib/qnn_sdk/default/2.45.0/aarch64-android/./libQnnHtpV81Skel.so
[17/Jul/2026:01:04:58 -07:00: profiler/debug] [job_id: jp494d925] [model.bin] [adsprpc] vendor/qcom/proprietary/adsprpc/src/rpcmem_android.c:651: rpcmem_dma_alloc: DMA buffer allocation completed for heap system, size 11796480, flags 0xa0000000, fd:163, time 24 us
[17/Jul/2026:01:04:58 -07:00: profiler/debug] [job_id: jp494d925] [model.bin] [adsprpc] vendor/qcom/proprietary/adsprpc/src/rpcmem_android.c:651: rpcmem_dma_alloc: DMA buffer allocation completed for heap system, size 1048576, flags 0xa0000000, fd:161, time 29 us
[17/Jul/2026:01:04:58 -07:00: profiler/debug] [job_id: jp494d925] [model.bin] [adsprpc] vendor/qcom/proprietary/adsprpc/src/fastrpc_apps_user.c:3491: remote_handle64_open: opened handle 0xb40000747cc27310 (remote 0x2ccbf0) for file:///libQnnHtpV81Skel.so?qnn_skel_handle_invoke&_modver=1.0&_dom=cdsp on domain 100000 (spawn time 19339 us, load time 38251 us), refs 1
[17/Jul/2026:01:04:58 -07:00: profiler/debug] [job_id: jp494d925] [model.bin] [adsprpc] vendor/qcom/proprietary/adsprpc/src/rpcmem_android.c:651: rpcmem_dma_alloc: DMA buffer allocation completed for heap system, size 8, flags 0x1, fd:162, time 10 us
[17/Jul/2026:01:04:58 -07:00: profiler/debug] [job_id: jp494d925] [model.bin] [adsprpc] vendor/qcom/proprietary/adsprpc/src/rpcmem_android.c:651: rpcmem_dma_alloc: DMA buffer allocation completed for heap system, size 136, flags 0x1, fd:164, time 13 us
[17/Jul/2026:01:04:58 -07:00: profiler/debug] [job_id: jp494d925] [model.bin] [adsprpc] vendor/qcom/proprietary/adsprpc/src/rpcmem_android.c:651: rpcmem_dma_alloc: DMA buffer allocation completed for heap system, size 16, flags 0x1, fd:162, time 11 us
[17/Jul/2026:01:04:58 -07:00: profiler/debug] [job_id: jp494d925] [model.bin] [adsprpc] vendor/qcom/proprietary/adsprpc/src/rpcmem_android.c:651: rpcmem_dma_alloc: DMA buffer allocation completed for heap system, size 8, flags 0x1, fd:164, time 11 us
[17/Jul/2026:01:04:58 -07:00: profiler/debug] [job_id: jp494d925] [model.bin] [adsprpc] vendor/qcom/proprietary/adsprpc/src/rpcmem_android.c:651: rpcmem_dma_alloc: DMA buffer allocation completed for heap system, size 56, flags 0x1, fd:162, time 14 us
[17/Jul/2026:01:04:58 -07:00: profiler/debug] [job_id: jp494d925] [model.bin] [adsprpc] vendor/qcom/proprietary/adsprpc/src/fastrpc_apps_user.c:3385: WARNING: get_handle_priority_from_uri: libdspqueue_rpc_skel.so lib opened handle without priority token
[17/Jul/2026:01:04:58 -07:00: profiler/debug] [job_id: jp494d925] [model.bin] [adsprpc] vendor/qcom/proprietary/adsprpc/src/fastrpc_apps_user.c:3491: remote_handle64_open: opened handle 0xb40000747cc26e60 (remote 0x2cd860) for file:///libdspqueue_rpc_skel.so?dspqueue_rpc_skel_handle_invoke&_modver=1.0&_dom=nsp1000&_session=0 on domain 100000 (spawn time 0 us, load time 300 us), refs 2
[17/Jul/2026:01:04:58 -07:00: profiler/debug] [job_id: jp494d925] [model.bin] [adsprpc] vendor/qcom/proprietary/adsprpc/src/fastrpc_notif.c:138: fastrpc_notif_domain_init: FastRPC notification worker thread launched
[17/Jul/2026:01:04:58 -07:00: profiler/debug] [job_id: jp494d925] [model.bin] [adsprpc] vendor/qcom/proprietary/adsprpc/src/fastrpc_apps_user.c:5077: remote_session_control Register PD status notification request for domain 100000
[17/Jul/2026:01:04:58 -07:00: profiler/debug] [job_id: jp494d925] [model.bin] [adsprpc] vendor/qcom/proprietary/adsprpc/src/rpcmem_android.c:651: rpcmem_dma_alloc: DMA buffer allocation completed for heap system, size 1024, flags 0x40000001, fd:164, time 5 us
[17/Jul/2026:01:04:58 -07:00: profiler/debug] [job_id: jp494d925] [model.bin] [adsprpc] vendor/qcom/proprietary/adsprpc/src/fastrpc_apps_user.c:3955: get_remote_notif_response: received status notification 0 for domain 1000, session 0 (effec dom 100000)
[17/Jul/2026:01:04:58 -07:00: profiler/debug] [job_id: jp494d925] [model.bin] [adsprpc] vendor/qcom/proprietary/adsprpc/src/rpcmem_android.c:651: rpcmem_dma_alloc: DMA buffer allocation completed for heap system, size 1792, flags 0x40000001, fd:165, time 14 us
[17/Jul/2026:01:04:58 -07:00: profiler/debug] [job_id: jp494d925] [model.bin] [adsprpc] vendor/qcom/proprietary/adsprpc/src/dspqueue/dspqueue_cpu.c:683: dspqueue is using version: -835299750, flags: 2, driver signalling: 3, wait count: 1
[17/Jul/2026:01:04:58 -07:00: profiler/debug] [job_id: jp494d925] [model.bin] [adsprpc] vendor/qcom/proprietary/adsprpc/src/dspqueue/dspqueue_cpu.c:715: dspqueue_create: created Queue 0, 0xb4000073bcc433d0, DSP 0x00000000 for domain 100000
[17/Jul/2026:01:04:58 -07:00: profiler/debug] [job_id: jp494d925] [model.bin] Creating context from binary with 0 configurations set.
[17/Jul/2026:01:04:58 -07:00: profiler/info] [job_id: jp494d925] [model.bin] QnnDsp <W> m_CFBCallbackInfoObj is not initialized, return emptyList
[17/Jul/2026:01:04:58 -07:00: profiler/debug] [job_id: jp494d925] [model.bin] [adsprpc] vendor/qcom/proprietary/adsprpc/src/rpcmem_android.c:651: rpcmem_dma_alloc: DMA buffer allocation completed for heap system, size 8448, flags 0x1, fd:166, time 14 us
[17/Jul/2026:01:04:58 -07:00: profiler/debug] [job_id: jp494d925] [model.bin] [adsprpc] vendor/qcom/proprietary/adsprpc/src/rpcmem_android.c:651: rpcmem_dma_alloc: DMA buffer allocation completed for heap system, size 8480, flags 0x1, fd:167, time 13 us
[17/Jul/2026:01:04:58 -07:00: profiler/debug] [job_id: jp494d925] [model.bin] [adsprpc] vendor/qcom/proprietary/adsprpc/src/rpcmem_android.c:651: rpcmem_dma_alloc: DMA buffer allocation completed for heap system, size 57848, flags 0x1, fd:168, time 17 us
[17/Jul/2026:01:04:58 -07:00: profiler/debug] [job_id: jp494d925] [model.bin] [adsprpc] vendor/qcom/proprietary/adsprpc/src/rpcmem_android.c:651: rpcmem_dma_alloc: DMA buffer allocation completed for heap system, size 72, flags 0x1, fd:169, time 12 us
[17/Jul/2026:01:04:58 -07:00: profiler/debug] [job_id: jp494d925] [model.bin] [adsprpc] vendor/qcom/proprietary/adsprpc/src/fastrpc_apps_user.c:4393:Warning: remote_handle_control: Non-domain usage of FastRPC will be deprecated, use domains to offload to DSP using FastRPC
[17/Jul/2026:01:04:58 -07:00: profiler/debug] [job_id: jp494d925] [model.bin] [adsprpc] vendor/qcom/proprietary/adsprpc/src/fastrpc_apps_user.c:4393:Warning: remote_handle_control: Non-domain usage of FastRPC will be deprecated, use domains to offload to DSP using FastRPC
[17/Jul/2026:01:04:58 -07:00: profiler/debug] [job_id: jp494d925] [model.bin] [adsprpc] vendor/qcom/proprietary/adsprpc/src/rpcmem_android.c:651: rpcmem_dma_alloc: DMA buffer allocation completed for heap system, size 299892736, flags 0x1, fd:170, time 42 us
[17/Jul/2026:01:04:58 -07:00: profiler/debug] [job_id: jp494d925] [model.bin] [adsprpc] vendor/qcom/proprietary/adsprpc/src/fastrpc_apps_user.c:4393:Warning: remote_handle_control: Non-domain usage of FastRPC will be deprecated, use domains to offload to DSP using FastRPC
[17/Jul/2026:01:04:58 -07:00: profiler/debug] [job_id: jp494d925] [model.bin] [adsprpc] vendor/qcom/proprietary/adsprpc/src/rpcmem_android.c:651: rpcmem_dma_alloc: DMA buffer allocation completed for heap system, size 3228016, flags 0x1, fd:171, time 39 us
[17/Jul/2026:01:04:58 -07:00: profiler/debug] [job_id: jp494d925] [model.bin] [adsprpc] vendor/qcom/proprietary/adsprpc/src/rpcmem_android.c:651: rpcmem_dma_alloc: DMA buffer allocation completed for heap system, size 40, flags 0x1, fd:172, time 10 us
[17/Jul/2026:01:04:58 -07:00: profiler/debug] [job_id: jp494d925] [model.bin] [adsprpc] vendor/qcom/proprietary/adsprpc/src/fastrpc_apps_user.c:4393:Warning: remote_handle_control: Non-domain usage of FastRPC will be deprecated, use domains to offload to DSP using FastRPC
[17/Jul/2026:01:04:58 -07:00: profiler/debug] [job_id: jp494d925] [model.bin] [adsprpc] vendor/qcom/proprietary/adsprpc/src/rpcmem_android.c:651: rpcmem_dma_alloc: DMA buffer allocation completed for heap system, size 33554432, flags 0xa0000000, fd:173, time 13 us
[17/Jul/2026:01:04:58 -07:00: profiler/debug] [job_id: jp494d925] [model.bin] [adsprpc] vendor/qcom/proprietary/adsprpc/src/rpcmem_android.c:651: rpcmem_dma_alloc: DMA buffer allocation completed for heap system, size 48, flags 0x1, fd:171, time 60 us
[17/Jul/2026:01:04:58 -07:00: profiler/info] [job_id: jp494d925] [model.bin] Loaded graph graph__ezvyb28.
[17/Jul/2026:01:04:58 -07:00: profiler/info] [job_id: jp494d925] [model.bin] Malloc VM size after: 27464.0 kB, allocated: 17516.1 kB, slack: 9947.9 kB.
[17/Jul/2026:01:04:58 -07:00: profiler/info] [job_id: jp494d925] [model.bin] Status Successfully Loaded Warm with t = 169363 us and usage: before = 82204.0 kB; peakBefore = 82204.0 kB; mallocUnusedBefore = 10755.0 kB; after = 83128.0 kB; peakAfter = 83128.0 kB; mallocUnusedAfter = 9947.9 kB; increase = 0.0-1731.1 kB; peak = 924.0-11679.0 kB
[17/Jul/2026:01:04:58 -07:00: profiler/info] [job_id: jp494d925] [model.bin] Saving results to /data/local/tmp/tungsten/files/Results/job_jp494d925/job_jp494d925_results.bin
[17/Jul/2026:01:04:58 -07:00: profiler/debug] [job_id: jp494d925] [model.bin] Feature 'hidden' has 1 batches.
[17/Jul/2026:01:04:58 -07:00: profiler/info] QnnDsp <W> m_CFBCallbackInfoObj is not initialized, return emptyList
[17/Jul/2026:01:04:58 -07:00: profiler/info] [adsprpc] vendor/qcom/proprietary/adsprpc/src/adspmsgd.c:104::error: 0x8000040d: AEE_SUCCESS == (nErr = adspmsgd_adsp1_wait(handle, &bytesToRead))
[17/Jul/2026:01:04:58 -07:00: profiler/info] [adsprpc] vendor/qcom/proprietary/adsprpc/src/adspmsgd.c:114:Error 0x8000040d: adspmsgd_reader thread of domain 100000 for handle 0x7cc25a60 exiting (errno Success)
[17/Jul/2026:08:04:58 +00:00: profiler/info] -=- Tungsten running task: performing inference -=-
[17/Jul/2026:01:04:58 -07:00: profiler/info] [job_id: jp494d925] [model.bin] Loading previously saved results in /data/local/tmp/tungsten/files/Results/job_jp494d925/job_jp494d925_results.bin
[17/Jul/2026:01:04:58 -07:00: profiler/debug] [job_id: jp494d925] [model.bin] Feature 'hidden' has 1 batches.
[17/Jul/2026:01:04:58 -07:00: profiler/debug] [job_id: jp494d925] [model.bin] Found asset Models/flatbuffers_data.bin in /data/user/0/ai.tetra.tungsten/cache/tungsten.assets/Models/flatbuffers_data.bin.
[17/Jul/2026:01:04:58 -07:00: profiler/debug] [job_id: jp494d925] [model.bin] Feature 'hidden' has 1 batches.
[17/Jul/2026:01:04:58 -07:00: profiler/debug] [job_id: jp494d925] [model.bin] Feature 'hidden' has 1 batches.
[17/Jul/2026:01:04:58 -07:00: profiler/debug] [job_id: jp494d925] [model.bin] Feature 'hidden' has 1 batches.
[17/Jul/2026:01:04:58 -07:00: profiler/debug] [job_id: jp494d925] [model.bin] Starting validation
[17/Jul/2026:01:04:58 -07:00: profiler/info] [job_id: jp494d925] [model.bin] Loading QNN model Models/model.bin.
[17/Jul/2026:01:04:58 -07:00: profiler/info] [job_id: jp494d925] [model.bin] Malloc VM size before: 45476.0 kB, allocated: 34763.7 kB, slack: 10712.3 kB.
[17/Jul/2026:01:04:58 -07:00: profiler/info] [job_id: jp494d925] [model.bin] Current memory baseline range: 108855.7-119568.0 kB.
[17/Jul/2026:01:04:58 -07:00: profiler/debug] [job_id: jp494d925] [model.bin] Found QNN interface provider with API version 2.34.
[17/Jul/2026:01:04:58 -07:00: profiler/info] [job_id: jp494d925] [model.bin] QnnDsp <W> Initializing HtpProvider
[17/Jul/2026:01:04:58 -07:00: profiler/info] [job_id: jp494d925] [model.bin] Loaded QNN backend from /data/user/0/ai.tetra.tungsten/cache/tungsten.lib/qnn_sdk/default/2.45.0/aarch64-android/libQnnHtp.so (version 5.45.0; core API 2.34.0; build ID v2.45.0.260326154327)
[17/Jul/2026:01:04:58 -07:00: profiler/debug] [job_id: jp494d925] [model.bin] Asset model.bin not found in /data/user/0/ai.tetra.tungsten/cache/tungsten.assets/Models/model.bin.
[17/Jul/2026:01:04:58 -07:00: profiler/debug] [job_id: jp494d925] [model.bin] Found asset Models/model.bin in /data/local/tmp/tungsten/files/Models/model.bin.
[17/Jul/2026:01:04:58 -07:00: profiler/debug] [job_id: jp494d925] [model.bin] Asset model.bin not found in /data/user/0/ai.tetra.tungsten/cache/tungsten.assets/Models/model.bin.
[17/Jul/2026:01:04:58 -07:00: profiler/debug] [job_id: jp494d925] [model.bin] Found asset Models/model.bin in /data/local/tmp/tungsten/files/Models/model.bin.
[17/Jul/2026:01:04:58 -07:00: profiler/info] [job_id: jp494d925] [model.bin] Loaded /data/user/0/ai.tetra.tungsten/cache/tungsten.lib/qnn_sdk/default/2.45.0/aarch64-android/libQnnSystem.so, with version 1.9.0.
[17/Jul/2026:01:04:58 -07:00: profiler/info] [job_id: jp494d925] [model.bin] Loaded QNN context binary with build id=v2.45.0.260326154327, for soc '' with 1 cores.
[17/Jul/2026:01:04:58 -07:00: profiler/debug] [job_id: jp494d925] [model.bin] [adsprpc] vendor/qcom/proprietary/adsprpc/src/fastrpc_context.c:370: fastrpc_context_table_init done
[17/Jul/2026:01:04:58 -07:00: profiler/debug] [job_id: jp494d925] [model.bin] [adsprpc] vendor/qcom/proprietary/adsprpc/src/fastrpc_domains.c:256: fastrpc_sysfs_watcher_init done watcher thread tid 493079495936
[17/Jul/2026:01:04:58 -07:00: profiler/debug] [job_id: jp494d925] [model.bin] [adsprpc] vendor/qcom/proprietary/adsprpc/src/rpcmem_android.c:211: set up allocator 0xb40000748cc52790 for DMA buf heap system, ION heap system, heap mask 0x2000000, flags 0x1, legacy flags 0x1
[17/Jul/2026:01:04:58 -07:00: profiler/debug] [job_id: jp494d925] [model.bin] [adsprpc] vendor/qcom/proprietary/adsprpc/src/fastrpc_config.c:437: Reading configuration file: ai.tetra.tungsten.debugconfig
[17/Jul/2026:01:04:58 -07:00: profiler/debug] [job_id: jp494d925] [model.bin] [adsprpc] vendor/qcom/proprietary/adsprpc/src/fastrpc_config.c:468: fastrpc_config_init: Couldn't find file ai.tetra.tungsten.debugconfig, errno (No such file or directory) at /data/user/0/ai.tetra.tungsten/cache/tungsten.lib/qnn_sdk/default/2.45.0/aarch64-android, /vendor/lib64/rfs/dsp, /vendor/lib/rfsa/adsp, /vendor/dsp
[17/Jul/2026:01:04:58 -07:00: profiler/debug] [job_id: jp494d925] [model.bin] [adsprpc] vendor/qcom/proprietary/adsprpc/src/fastrpc_apps_user.c:7618: fastrpc_apps_user_init done  with default domain:3 and &fastrpc_trace:0x72cddd86b4
[17/Jul/2026:01:04:58 -07:00: profiler/debug] [job_id: jp494d925] [model.bin] [adsprpc] vendor/qcom/proprietary/adsprpc/src/fastrpc_apps_user.c:7752: multidsplib_env_init: libcdsprpc.so loaded
[17/Jul/2026:01:04:58 -07:00: profiler/debug] [job_id: jp494d925] [model.bin] [adsprpc] vendor/qcom/proprietary/adsprpc/src/fastrpc_domains.c:164: fastrpc_sysfs_watcher_thread starting
[17/Jul/2026:01:04:58 -07:00: profiler/debug] [job_id: jp494d925] [model.bin] [adsprpc] vendor/qcom/proprietary/adsprpc/src/fastrpc_apps_user.c:4393:Warning: remote_handle_control: Non-domain usage of FastRPC will be deprecated, use domains to offload to DSP using FastRPC
[17/Jul/2026:01:04:58 -07:00: profiler/info] [job_id: jp494d925] [model.bin] [adsprpc] vendor/qcom/proprietary/adsprpc/src/fastrpc_apps_user.c:4386: Error 0xe: remote_handle_control_domain failed for request ID 2 on domain 100000 (errno No such file or directory)
[17/Jul/2026:01:04:58 -07:00: profiler/debug] [job_id: jp494d925] [model.bin] [adsprpc] vendor/qcom/proprietary/adsprpc/src/fastrpc_apps_user.c:6015: close_device_node: closed dev 145 on domain 3
[17/Jul/2026:01:04:58 -07:00: profiler/info] [job_id: jp494d925] [model.bin] [adsprpc] vendor/qcom/proprietary/adsprpc/src/fastrpc_apps_user.c:4410: Error 0xe: remote_handle_control failed for request ID 2 (errno Success) (user err 0xe)
[17/Jul/2026:01:04:58 -07:00: profiler/debug] [job_id: jp494d925] [model.bin] [adsprpc] vendor/qcom/proprietary/adsprpc/src/fastrpc_apps_user.c:4393:Warning: remote_handle_control: Non-domain usage of FastRPC will be deprecated, use domains to offload to DSP using FastRPC
[17/Jul/2026:01:04:58 -07:00: profiler/debug] [job_id: jp494d925] [model.bin] [adsprpc] vendor/qcom/proprietary/adsprpc/src/fastrpc_apps_user.c:6015: close_device_node: closed dev 145 on domain 3
[17/Jul/2026:01:04:58 -07:00: profiler/debug] [job_id: jp494d925] [model.bin] [adsprpc] vendor/qcom/proprietary/adsprpc/src/fastrpc_apps_user.c:4875: remote_session_control Unsigned PD enable 1 request for domain 100000
[17/Jul/2026:01:04:58 -07:00: profiler/debug] [job_id: jp494d925] [model.bin] [adsprpc] vendor/qcom/proprietary/adsprpc/src/fastrpc_apps_user.c:4850: remote_session_control DSP info request for domain 100000, thread priority -1, stack size 17408
[17/Jul/2026:01:04:58 -07:00: profiler/debug] [job_id: jp494d925] [model.bin] [adsprpc] vendor/qcom/proprietary/adsprpc/src/fastrpc_apps_user.c:6015: close_device_node: closed dev 145 on domain 3
[17/Jul/2026:01:04:58 -07:00: profiler/debug] [job_id: jp494d925] [model.bin] [adsprpc] vendor/qcom/proprietary/adsprpc/src/fastrpc_apps_user.c:3385: WARNING: get_handle_priority_from_uri: libQnnHtpV81Skel.so lib opened handle without priority token
[17/Jul/2026:01:04:58 -07:00: profiler/debug] [job_id: jp494d925] [model.bin] [adsprpc] vendor/qcom/proprietary/adsprpc/src/fastrpc_apps_user.c:6015: close_device_node: closed dev 145 on domain 3
[17/Jul/2026:01:04:58 -07:00: profiler/debug] [job_id: jp494d925] [model.bin] [adsprpc] vendor/qcom/proprietary/adsprpc/src/fastrpc_apps_user.c:6185: Successfully opened /vendor/dsp/cdsp/fastrpc_shell_unsigned_3, domain 3
[17/Jul/2026:01:04:58 -07:00: profiler/debug] [job_id: jp494d925] [model.bin] [adsprpc] vendor/qcom/proprietary/adsprpc/src/rpcmem_android.c:651: rpcmem_dma_alloc: DMA buffer allocation completed for heap system, size 1451100, flags 0x80000000, fd:150, time 89 us
[17/Jul/2026:01:04:58 -07:00: profiler/debug] [job_id: jp494d925] [model.bin] [adsprpc] vendor/qcom/proprietary/adsprpc/src/rpcmem_android.c:651: rpcmem_dma_alloc: DMA buffer allocation completed for heap system, size 4096, flags 0x1, fd:151, time 10 us
[17/Jul/2026:01:04:58 -07:00: profiler/debug] [job_id: jp494d925] [model.bin] [adsprpc] vendor/qcom/proprietary/adsprpc/src/rpcmem_android.c:651: rpcmem_dma_alloc: DMA buffer allocation completed for heap system, size 4096, flags 0x1, fd:152, time 13 us
[17/Jul/2026:01:04:58 -07:00: profiler/debug] [job_id: jp494d925] [model.bin] [adsprpc] vendor/qcom/proprietary/adsprpc/src/fastrpc_apps_user.c:6298: Created user PD on domain 100000, dbg_trace 0x0, enabled attr=> RPC timeout:10000, Dbg Mode:Y, CRC:N, Unsigned:Y, Signed:N, Adapt QOS:N, PD dump: (Config:N, Dbg:N), Perf: (Kernel:N, DSP:N), Iregion:N, QTF:N, UAF:N userPD initmem len:0x500000, Log pkt: N
[17/Jul/2026:01:04:58 -07:00: profiler/debug] [job_id: jp494d925] [model.bin] [adsprpc] vendor/qcom/proprietary/adsprpc/src/fastrpc_apps_user.c:1935: Successfully set remote user thread priority to 192 and stack size to 17408 for domain 100000
[17/Jul/2026:01:04:58 -07:00: profiler/debug] [job_id: jp494d925] [model.bin] [adsprpc] vendor/qcom/proprietary/adsprpc/src/listener_android.c:121: listener thread starting
[17/Jul/2026:01:04:58 -07:00: profiler/debug] [job_id: jp494d925] [model.bin] [adsprpc] vendor/qcom/proprietary/adsprpc/src/rpcmem_android.c:651: rpcmem_dma_alloc: DMA buffer allocation completed for heap system, size 1048576, flags 0x1, fd:150, time 22 us
[17/Jul/2026:01:04:58 -07:00: profiler/debug] [job_id: jp494d925] [model.bin] [adsprpc] vendor/qcom/proprietary/adsprpc/src/fastrpc_apps_user.c:7188: persist_buf_init allocation done for persist_buf 0x72cb700000 size 1048576
[17/Jul/2026:01:04:58 -07:00: profiler/debug] [job_id: jp494d925] [model.bin] [adsprpc] vendor/qcom/proprietary/adsprpc/src/fastrpc_apps_user.c:7198: persist_buf_init mapping done for persist_buf 0x72cb700000 fd 150 of size 1048576 on domain 100000
[17/Jul/2026:01:04:58 -07:00: profiler/debug] [job_id: jp494d925] [model.bin] [adsprpc] vendor/qcom/proprietary/adsprpc/src/fastrpc_apps_user.c:7260: open_dev : panic error codes sent successfully
[17/Jul/2026:01:04:58 -07:00: profiler/debug] [job_id: jp494d925] [model.bin] [adsprpc] vendor/qcom/proprietary/adsprpc/src/fastrpc_perf.c:292: fastrpc_perf_init: enabled systrace 0x0 and RPC traces (kernel 0, dsp 0) with frequency 1000
[17/Jul/2026:01:04:58 -07:00: profiler/debug] [job_id: jp494d925] [model.bin] [adsprpc] vendor/qcom/proprietary/adsprpc/src/log_config.c:429: file_watcher_thread starting for domain 100000
[17/Jul/2026:01:04:58 -07:00: profiler/debug] [job_id: jp494d925] [model.bin] [adsprpc] vendor/qcom/proprietary/adsprpc/src/rpcmem_android.c:651: rpcmem_dma_alloc: DMA buffer allocation completed for heap system, size 4096, flags 0x0, fd:155, time 7 us
[17/Jul/2026:01:04:58 -07:00: profiler/debug] [job_id: jp494d925] [model.bin] [adsprpc] vendor/qcom/proprietary/adsprpc/src/rpcmem_android.c:651: rpcmem_dma_alloc: DMA buffer allocation completed for heap system, size 4096, flags 0x0, fd:160, time 27 us
[17/Jul/2026:01:04:58 -07:00: profiler/debug] [job_id: jp494d925] [model.bin] [adsprpc] vendor/qcom/proprietary/adsprpc/src/mod_table.c:696: open_mod_table_open_from_static: reverse module apps_mem opened with handle 0xcddd9f98 (idx 0)
[17/Jul/2026:01:04:58 -07:00: profiler/debug] [job_id: jp494d925] [model.bin] [adsprpc] vendor/qcom/proprietary/adsprpc/src/mod_table.c:696: open_mod_table_open_from_static: reverse module apps_std opened with handle 0xcddda098 (idx 1)
[17/Jul/2026:01:04:58 -07:00: profiler/debug] [job_id: jp494d925] [model.bin] [adsprpc] vendor/qcom/proprietary/adsprpc/src/rpcmem_android.c:651: rpcmem_dma_alloc: DMA buffer allocation completed for heap system, size 262144, flags 0x80000000, fd:161, time 7 us
[17/Jul/2026:01:04:58 -07:00: profiler/info] [job_id: jp494d925] [model.bin] [adsprpc] vendor/qcom/proprietary/adsprpc/src/apps_std_imp.c:377: Error 0x2: apps_std_fopen_fd failed for /data/user/0/ai.tetra.tungsten/cache/tungsten.lib/qnn_sdk/default/2.45.0/aarch64-android/cdsp/./libQnnHtpV81Skel.so (No such file or directory)
[17/Jul/2026:01:04:58 -07:00: profiler/debug] [job_id: jp494d925] [model.bin] [adsprpc] vendor/qcom/proprietary/adsprpc/src/rpcmem_android.c:651: rpcmem_dma_alloc: DMA buffer allocation completed for heap system, size 11788496, flags 0x80000000, fd:163, time 14 us
[17/Jul/2026:01:04:58 -07:00: profiler/info] [job_id: jp494d925] [model.bin] [adsprpc] vendor/qcom/proprietary/adsprpc/src/log_config.c:223:Enabled adspmsgd with mask 8
[17/Jul/2026:01:04:58 -07:00: profiler/debug] [job_id: jp494d925] [model.bin] [adsprpc] vendor/qcom/proprietary/adsprpc/src/log_config.c:449:file_watcher_thread: Couldn't find file ai.tetra.tungsten.farf, errno (No such file or directory) at ;/vendor/lib64/rfs/dsp;/vendor/lib/rfsa/adsp;/vendor/lib/rfsa/dsp;/vendor/dsp;
[17/Jul/2026:01:04:58 -07:00: profiler/debug] [job_id: jp494d925] [model.bin] [adsprpc] vendor/qcom/proprietary/adsprpc/src/apps_std_imp.c:369: apps_std_fopen_fd done for /data/user/0/ai.tetra.tungsten/cache/tungsten.lib/qnn_sdk/default/2.45.0/aarch64-android/./libQnnHtpV81Skel.so with fsize:11788496       fopen:7us, fstat:1us, read:1275us,       rpc_alloc:75us, mmap:294us fd 0xa3 error_code 0x0
[17/Jul/2026:01:04:58 -07:00: profiler/debug] [job_id: jp494d925] [model.bin] [adsprpc] vendor/qcom/proprietary/adsprpc/src/apps_std_imp.c:1236: Successfully opened file /data/user/0/ai.tetra.tungsten/cache/tungsten.lib/qnn_sdk/default/2.45.0/aarch64-android/./libQnnHtpV81Skel.so
[17/Jul/2026:01:04:58 -07:00: profiler/debug] [job_id: jp494d925] [model.bin] [adsprpc] vendor/qcom/proprietary/adsprpc/src/rpcmem_android.c:651: rpcmem_dma_alloc: DMA buffer allocation completed for heap system, size 11796480, flags 0xa0000000, fd:164, time 17 us
[17/Jul/2026:01:04:58 -07:00: profiler/debug] [job_id: jp494d925] [model.bin] [adsprpc] vendor/qcom/proprietary/adsprpc/src/rpcmem_android.c:651: rpcmem_dma_alloc: DMA buffer allocation completed for heap system, size 1048576, flags 0xa0000000, fd:162, time 15 us
[17/Jul/2026:01:04:58 -07:00: profiler/debug] [job_id: jp494d925] [model.bin] [adsprpc] vendor/qcom/proprietary/adsprpc/src/fastrpc_apps_user.c:3491: remote_handle64_open: opened handle 0xb40000747cc5d000 (remote 0x2ccbf0) for file:///libQnnHtpV81Skel.so?qnn_skel_handle_invoke&_modver=1.0&_dom=cdsp on domain 100000 (spawn time 19685 us, load time 37490 us), refs 1
[17/Jul/2026:01:04:58 -07:00: profiler/debug] [job_id: jp494d925] [model.bin] [adsprpc] vendor/qcom/proprietary/adsprpc/src/rpcmem_android.c:651: rpcmem_dma_alloc: DMA buffer allocation completed for heap system, size 8, flags 0x1, fd:163, time 10 us
[17/Jul/2026:01:04:58 -07:00: profiler/debug] [job_id: jp494d925] [model.bin] [adsprpc] vendor/qcom/proprietary/adsprpc/src/rpcmem_android.c:651: rpcmem_dma_alloc: DMA buffer allocation completed for heap system, size 136, flags 0x1, fd:165, time 11 us
[17/Jul/2026:01:04:58 -07:00: profiler/debug] [job_id: jp494d925] [model.bin] [adsprpc] vendor/qcom/proprietary/adsprpc/src/rpcmem_android.c:651: rpcmem_dma_alloc: DMA buffer allocation completed for heap system, size 16, flags 0x1, fd:163, time 13 us
[17/Jul/2026:01:04:58 -07:00: profiler/debug] [job_id: jp494d925] [model.bin] [adsprpc] vendor/qcom/proprietary/adsprpc/src/rpcmem_android.c:651: rpcmem_dma_alloc: DMA buffer allocation completed for heap system, size 8, flags 0x1, fd:165, time 3 us
[17/Jul/2026:01:04:58 -07:00: profiler/debug] [job_id: jp494d925] [model.bin] [adsprpc] vendor/qcom/proprietary/adsprpc/src/rpcmem_android.c:651: rpcmem_dma_alloc: DMA buffer allocation completed for heap system, size 56, flags 0x1, fd:163, time 10 us
[17/Jul/2026:01:04:58 -07:00: profiler/debug] [job_id: jp494d925] [model.bin] [adsprpc] vendor/qcom/proprietary/adsprpc/src/fastrpc_apps_user.c:3385: WARNING: get_handle_priority_from_uri: libdspqueue_rpc_skel.so lib opened handle without priority token
[17/Jul/2026:01:04:58 -07:00: profiler/debug] [job_id: jp494d925] [model.bin] [adsprpc] vendor/qcom/proprietary/adsprpc/src/fastrpc_apps_user.c:3491: remote_handle64_open: opened handle 0xb40000747cc5b430 (remote 0x2cd860) for file:///libdspqueue_rpc_skel.so?dspqueue_rpc_skel_handle_invoke&_modver=1.0&_dom=nsp1000&_session=0 on domain 100000 (spawn time 0 us, load time 289 us), refs 2
[17/Jul/2026:01:04:58 -07:00: profiler/debug] [job_id: jp494d925] [model.bin] [adsprpc] vendor/qcom/proprietary/adsprpc/src/fastrpc_notif.c:138: fastrpc_notif_domain_init: FastRPC notification worker thread launched
[17/Jul/2026:01:04:58 -07:00: profiler/debug] [job_id: jp494d925] [model.bin] [adsprpc] vendor/qcom/proprietary/adsprpc/src/fastrpc_apps_user.c:5077: remote_session_control Register PD status notification request for domain 100000
[17/Jul/2026:01:04:58 -07:00: profiler/debug] [job_id: jp494d925] [model.bin] [adsprpc] vendor/qcom/proprietary/adsprpc/src/rpcmem_android.c:651: rpcmem_dma_alloc: DMA buffer allocation completed for heap system, size 1024, flags 0x40000001, fd:165, time 4 us
[17/Jul/2026:01:04:58 -07:00: profiler/debug] [job_id: jp494d925] [model.bin] [adsprpc] vendor/qcom/proprietary/adsprpc/src/fastrpc_apps_user.c:3955: get_remote_notif_response: received status notification 0 for domain 1000, session 0 (effec dom 100000)
[17/Jul/2026:01:04:58 -07:00: profiler/debug] [job_id: jp494d925] [model.bin] [adsprpc] vendor/qcom/proprietary/adsprpc/src/rpcmem_android.c:651: rpcmem_dma_alloc: DMA buffer allocation completed for heap system, size 1792, flags 0x40000001, fd:166, time 8 us
[17/Jul/2026:01:04:58 -07:00: profiler/debug] [job_id: jp494d925] [model.bin] [adsprpc] vendor/qcom/proprietary/adsprpc/src/dspqueue/dspqueue_cpu.c:683: dspqueue is using version: -841685414, flags: 2, driver signalling: 3, wait count: 1
[17/Jul/2026:01:04:58 -07:00: profiler/debug] [job_id: jp494d925] [model.bin] [adsprpc] vendor/qcom/proprietary/adsprpc/src/dspqueue/dspqueue_cpu.c:715: dspqueue_create: created Queue 0, 0xb4000073bcc48020, DSP 0x00000000 for domain 100000
[17/Jul/2026:01:04:58 -07:00: profiler/debug] [job_id: jp494d925] [model.bin] Creating context from binary with 0 configurations set.
[17/Jul/2026:01:04:58 -07:00: profiler/info] [job_id: jp494d925] [model.bin] QnnDsp <W> m_CFBCallbackInfoObj is not initialized, return emptyList
[17/Jul/2026:01:04:58 -07:00: profiler/debug] [job_id: jp494d925] [model.bin] [adsprpc] vendor/qcom/proprietary/adsprpc/src/rpcmem_android.c:651: rpcmem_dma_alloc: DMA buffer allocation completed for heap system, size 8448, flags 0x1, fd:167, time 10 us
[17/Jul/2026:01:04:58 -07:00: profiler/debug] [job_id: jp494d925] [model.bin] [adsprpc] vendor/qcom/proprietary/adsprpc/src/rpcmem_android.c:651: rpcmem_dma_alloc: DMA buffer allocation completed for heap system, size 8480, flags 0x1, fd:168, time 9 us
[17/Jul/2026:01:04:58 -07:00: profiler/debug] [job_id: jp494d925] [model.bin] [adsprpc] vendor/qcom/proprietary/adsprpc/src/rpcmem_android.c:651: rpcmem_dma_alloc: DMA buffer allocation completed for heap system, size 57848, flags 0x1, fd:169, time 9 us
[17/Jul/2026:01:04:58 -07:00: profiler/debug] [job_id: jp494d925] [model.bin] [adsprpc] vendor/qcom/proprietary/adsprpc/src/rpcmem_android.c:651: rpcmem_dma_alloc: DMA buffer allocation completed for heap system, size 72, flags 0x1, fd:170, time 10 us
[17/Jul/2026:01:04:58 -07:00: profiler/debug] [job_id: jp494d925] [model.bin] [adsprpc] vendor/qcom/proprietary/adsprpc/src/fastrpc_apps_user.c:4393:Warning: remote_handle_control: Non-domain usage of FastRPC will be deprecated, use domains to offload to DSP using FastRPC
[17/Jul/2026:01:04:58 -07:00: profiler/debug] [job_id: jp494d925] [model.bin] [adsprpc] vendor/qcom/proprietary/adsprpc/src/fastrpc_apps_user.c:4393:Warning: remote_handle_control: Non-domain usage of FastRPC will be deprecated, use domains to offload to DSP using FastRPC
[17/Jul/2026:01:04:58 -07:00: profiler/debug] [job_id: jp494d925] [model.bin] [adsprpc] vendor/qcom/proprietary/adsprpc/src/rpcmem_android.c:651: rpcmem_dma_alloc: DMA buffer allocation completed for heap system, size 299892736, flags 0x1, fd:171, time 33 us
[17/Jul/2026:01:04:58 -07:00: profiler/debug] [job_id: jp494d925] [model.bin] [adsprpc] vendor/qcom/proprietary/adsprpc/src/fastrpc_apps_user.c:4393:Warning: remote_handle_control: Non-domain usage of FastRPC will be deprecated, use domains to offload to DSP using FastRPC
[17/Jul/2026:01:04:58 -07:00: profiler/debug] [job_id: jp494d925] [model.bin] [adsprpc] vendor/qcom/proprietary/adsprpc/src/rpcmem_android.c:651: rpcmem_dma_alloc: DMA buffer allocation completed for heap system, size 3228016, flags 0x1, fd:172, time 44 us
[17/Jul/2026:01:04:58 -07:00: profiler/debug] [job_id: jp494d925] [model.bin] [adsprpc] vendor/qcom/proprietary/adsprpc/src/rpcmem_android.c:651: rpcmem_dma_alloc: DMA buffer allocation completed for heap system, size 40, flags 0x1, fd:173, time 10 us
[17/Jul/2026:01:04:58 -07:00: profiler/debug] [job_id: jp494d925] [model.bin] [adsprpc] vendor/qcom/proprietary/adsprpc/src/fastrpc_apps_user.c:4393:Warning: remote_handle_control: Non-domain usage of FastRPC will be deprecated, use domains to offload to DSP using FastRPC
[17/Jul/2026:01:04:58 -07:00: profiler/debug] [job_id: jp494d925] [model.bin] [adsprpc] vendor/qcom/proprietary/adsprpc/src/rpcmem_android.c:651: rpcmem_dma_alloc: DMA buffer allocation completed for heap system, size 33554432, flags 0xa0000000, fd:174, time 26 us
[17/Jul/2026:01:04:59 -07:00: profiler/debug] [job_id: jp494d925] [model.bin] [adsprpc] vendor/qcom/proprietary/adsprpc/src/rpcmem_android.c:651: rpcmem_dma_alloc: DMA buffer allocation completed for heap system, size 48, flags 0x1, fd:172, time 71 us
[17/Jul/2026:01:04:59 -07:00: profiler/info] [job_id: jp494d925] [model.bin] Loaded graph graph__ezvyb28.
[17/Jul/2026:01:04:59 -07:00: profiler/info] [job_id: jp494d925] [model.bin] Malloc VM size after: 45476.0 kB, allocated: 36206.9 kB, slack: 9269.1 kB.
[17/Jul/2026:01:04:59 -07:00: profiler/info] [job_id: jp494d925] [model.bin] Status Successfully Loaded Warm with t = 166158 us and usage: before = 119568.0 kB; peakBefore = 119568.0 kB; mallocUnusedBefore = 10712.3 kB; after = 120420.0 kB; peakAfter = 120412.0 kB; mallocUnusedAfter = 9269.1 kB; increase = 0.0-2295.2 kB; peak = 844.0-11556.3 kB
[17/Jul/2026:01:04:59 -07:00: profiler/debug] [job_id: jp494d925] [model.bin] Feature 'hidden' has 1 batches.
[17/Jul/2026:01:04:59 -07:00: profiler/info] [job_id: jp494d925] [model.bin] Applying performance mode Burst to device 0, core 0.
[17/Jul/2026:01:04:59 -07:00: profiler/debug] [job_id: jp494d925] [model.bin] [adsprpc] vendor/qcom/proprietary/adsprpc/src/fastrpc_latency.c:98: fastrpc_latency_thread_handler started for QoS with activity window 100 ms
[17/Jul/2026:01:04:59 -07:00: profiler/debug] [job_id: jp494d925] [model.bin] [adsprpc] vendor/qcom/proprietary/adsprpc/src/fastrpc_apps_user.c:4325: remote_handle_control_domain: requested QOS 1, latency 100 for domain 100000 handle 0xb40000747cc5d000
[17/Jul/2026:01:04:59 -07:00: profiler/debug] [job_id: jp494d925] [model.bin] [adsprpc] vendor/qcom/proprietary/adsprpc/src/fastrpc_apps_user.c:3753: manage_poll_qos: poll mode updated to 3 for domain 100000, handle 0xb40000747cc5d000 for timeout 9999
[17/Jul/2026:01:04:59 -07:00: profiler/debug] [job_id: jp494d925] [model.bin] [adsprpc] vendor/qcom/proprietary/adsprpc/src/fastrpc_apps_user.c:4325: remote_handle_control_domain: requested QOS 3, latency 9999 for domain 100000 handle 0xb40000747cc5d000
[17/Jul/2026:01:04:59 -07:00: profiler/info] [job_id: jp494d925] [model.bin] Malloc VM size before: 45476.0 kB, allocated: 36210.0 kB, slack: 9266.0 kB.
[17/Jul/2026:01:04:59 -07:00: profiler/info] [job_id: jp494d925] [model.bin] Current memory baseline range: 111170.0-120436.0 kB.
[17/Jul/2026:01:04:59 -07:00: profiler/info] [job_id: jp494d925] [model.bin] Malloc VM size after: 45476.0 kB, allocated: 36271.2 kB, slack: 9204.8 kB.
[17/Jul/2026:01:04:59 -07:00: profiler/info] [job_id: jp494d925] [model.bin] Successfully ran model for 1 iterations across 1 batches in 0.018 sec.
[17/Jul/2026:01:04:59 -07:00: profiler/info] [job_id: jp494d925] [model.bin] Status Successfully Performed Validation with t = 18341 us and usage: before = 120436.0 kB; peakBefore = 120436.0 kB; mallocUnusedBefore = 9266.0 kB; after = 120496.0 kB; peakAfter = 120452.0 kB; mallocUnusedAfter = 9204.8 kB; increase = 0.0-121.1 kB; peak = 16.0-9282.0 kB
[17/Jul/2026:01:04:59 -07:00: profiler/info] [job_id: jp494d925] [model.bin] Saving results to /data/local/tmp/tungsten/files/Results/job_jp494d925/job_jp494d925_results.bin
[17/Jul/2026:01:04:59 -07:00: profiler/debug] [job_id: jp494d925] [model.bin] Feature 'hidden' has 1 batches.
[17/Jul/2026:01:04:59 -07:00: profiler/debug] [job_id: jp494d925] [model.bin] Feature 'output_1' has 1 batches.
[17/Jul/2026:01:04:59 -07:00: profiler/debug] [job_id: jp494d925] [model.bin] Feature 'output_0' has 1 batches.
[17/Jul/2026:01:04:59 -07:00: profiler/info] QnnDsp <W> m_CFBCallbackInfoObj is not initialized, return emptyList
[17/Jul/2026:01:04:59 -07:00: profiler/info] [adsprpc] vendor/qcom/proprietary/adsprpc/src/adspmsgd.c:104::error: 0x8000040d: AEE_SUCCESS == (nErr = adspmsgd_adsp1_wait(handle, &bytesToRead))
[17/Jul/2026:01:04:59 -07:00: profiler/info] [adsprpc] vendor/qcom/proprietary/adsprpc/src/adspmsgd.c:114:Error 0x8000040d: adspmsgd_reader thread of domain 100000 for handle 0x7cc5d050 exiting (errno Success)
[17/Jul/2026:08:04:59 +00:00: profiler/info] -=- Tungsten running task: performing inference by layer -=-
[17/Jul/2026:01:04:59 -07:00: profiler/info] [job_id: jp494d925] [model.bin] Loading previously saved results in /data/local/tmp/tungsten/files/Results/job_jp494d925/job_jp494d925_results.bin
[17/Jul/2026:01:04:59 -07:00: profiler/debug] [job_id: jp494d925] [model.bin] Feature 'hidden' has 1 batches.
[17/Jul/2026:01:04:59 -07:00: profiler/debug] [job_id: jp494d925] [model.bin] Found asset Models/flatbuffers_data.bin in /data/user/0/ai.tetra.tungsten/cache/tungsten.assets/Models/flatbuffers_data.bin.
[17/Jul/2026:01:04:59 -07:00: profiler/debug] [job_id: jp494d925] [model.bin] Feature 'hidden' has 1 batches.
[17/Jul/2026:01:04:59 -07:00: profiler/debug] [job_id: jp494d925] [model.bin] Feature 'hidden' has 1 batches.
[17/Jul/2026:01:04:59 -07:00: profiler/debug] [job_id: jp494d925] [model.bin] Feature 'hidden' has 1 batches.
[17/Jul/2026:01:04:59 -07:00: profiler/debug] [job_id: jp494d925] [model.bin] Starting profiler
[17/Jul/2026:01:04:59 -07:00: profiler/info] [job_id: jp494d925] [model.bin] Loading QNN model Models/model.bin.
[17/Jul/2026:01:04:59 -07:00: profiler/info] [job_id: jp494d925] [model.bin] Malloc VM size before: 64000.0 kB, allocated: 53515.1 kB, slack: 10484.9 kB.
[17/Jul/2026:01:04:59 -07:00: profiler/info] [job_id: jp494d925] [model.bin] Current memory baseline range: 127987.1-138472.0 kB.
[17/Jul/2026:01:04:59 -07:00: profiler/debug] [job_id: jp494d925] [model.bin] Found QNN interface provider with API version 2.34.
[17/Jul/2026:01:04:59 -07:00: profiler/info] [job_id: jp494d925] [model.bin] QnnDsp <W> Initializing HtpProvider
[17/Jul/2026:01:04:59 -07:00: profiler/info] [job_id: jp494d925] [model.bin] Loaded QNN backend from /data/user/0/ai.tetra.tungsten/cache/tungsten.lib/qnn_sdk/default/2.45.0/aarch64-android/libQnnHtp.so (version 5.45.0; core API 2.34.0; build ID v2.45.0.260326154327)
[17/Jul/2026:01:04:59 -07:00: profiler/debug] [job_id: jp494d925] [model.bin] Asset model.bin not found in /data/user/0/ai.tetra.tungsten/cache/tungsten.assets/Models/model.bin.
[17/Jul/2026:01:04:59 -07:00: profiler/debug] [job_id: jp494d925] [model.bin] Found asset Models/model.bin in /data/local/tmp/tungsten/files/Models/model.bin.
[17/Jul/2026:01:04:59 -07:00: profiler/debug] [job_id: jp494d925] [model.bin] Asset model.bin not found in /data/user/0/ai.tetra.tungsten/cache/tungsten.assets/Models/model.bin.
[17/Jul/2026:01:04:59 -07:00: profiler/debug] [job_id: jp494d925] [model.bin] Found asset Models/model.bin in /data/local/tmp/tungsten/files/Models/model.bin.
[17/Jul/2026:01:04:59 -07:00: profiler/info] [job_id: jp494d925] [model.bin] Loaded /data/user/0/ai.tetra.tungsten/cache/tungsten.lib/qnn_sdk/default/2.45.0/aarch64-android/libQnnSystem.so, with version 1.9.0.
[17/Jul/2026:01:04:59 -07:00: profiler/info] [job_id: jp494d925] [model.bin] Loaded QNN context binary with build id=v2.45.0.260326154327, for soc '' with 1 cores.
[17/Jul/2026:01:04:59 -07:00: profiler/debug] [job_id: jp494d925] [model.bin] [adsprpc] vendor/qcom/proprietary/adsprpc/src/fastrpc_context.c:370: fastrpc_context_table_init done
[17/Jul/2026:01:04:59 -07:00: profiler/debug] [job_id: jp494d925] [model.bin] [adsprpc] vendor/qcom/proprietary/adsprpc/src/fastrpc_domains.c:256: fastrpc_sysfs_watcher_init done watcher thread tid 493079471360
[17/Jul/2026:01:04:59 -07:00: profiler/debug] [job_id: jp494d925] [model.bin] [adsprpc] vendor/qcom/proprietary/adsprpc/src/rpcmem_android.c:211: set up allocator 0xb40000748cc6e410 for DMA buf heap system, ION heap system, heap mask 0x2000000, flags 0x1, legacy flags 0x1
[17/Jul/2026:01:04:59 -07:00: profiler/debug] [job_id: jp494d925] [model.bin] [adsprpc] vendor/qcom/proprietary/adsprpc/src/fastrpc_config.c:437: Reading configuration file: ai.tetra.tungsten.debugconfig
[17/Jul/2026:01:04:59 -07:00: profiler/debug] [job_id: jp494d925] [model.bin] [adsprpc] vendor/qcom/proprietary/adsprpc/src/fastrpc_domains.c:164: fastrpc_sysfs_watcher_thread starting
[17/Jul/2026:01:04:59 -07:00: profiler/debug] [job_id: jp494d925] [model.bin] [adsprpc] vendor/qcom/proprietary/adsprpc/src/fastrpc_config.c:468: fastrpc_config_init: Couldn't find file ai.tetra.tungsten.debugconfig, errno (No such file or directory) at /data/user/0/ai.tetra.tungsten/cache/tungsten.lib/qnn_sdk/default/2.45.0/aarch64-android, /vendor/lib64/rfs/dsp, /vendor/lib/rfsa/adsp, /vendor/dsp
[17/Jul/2026:01:04:59 -07:00: profiler/debug] [job_id: jp494d925] [model.bin] [adsprpc] vendor/qcom/proprietary/adsprpc/src/fastrpc_apps_user.c:7618: fastrpc_apps_user_init done  with default domain:3 and &fastrpc_trace:0x72cddd26b4
[17/Jul/2026:01:04:59 -07:00: profiler/debug] [job_id: jp494d925] [model.bin] [adsprpc] vendor/qcom/proprietary/adsprpc/src/fastrpc_apps_user.c:7752: multidsplib_env_init: libcdsprpc.so loaded
[17/Jul/2026:01:04:59 -07:00: profiler/debug] [job_id: jp494d925] [model.bin] [adsprpc] vendor/qcom/proprietary/adsprpc/src/fastrpc_apps_user.c:4393:Warning: remote_handle_control: Non-domain usage of FastRPC will be deprecated, use domains to offload to DSP using FastRPC
[17/Jul/2026:01:04:59 -07:00: profiler/info] [job_id: jp494d925] [model.bin] [adsprpc] vendor/qcom/proprietary/adsprpc/src/fastrpc_apps_user.c:4386: Error 0xe: remote_handle_control_domain failed for request ID 2 on domain 100000 (errno No such file or directory)
[17/Jul/2026:01:04:59 -07:00: profiler/debug] [job_id: jp494d925] [model.bin] [adsprpc] vendor/qcom/proprietary/adsprpc/src/fastrpc_apps_user.c:6015: close_device_node: closed dev 147 on domain 3
[17/Jul/2026:01:04:59 -07:00: profiler/info] [job_id: jp494d925] [model.bin] [adsprpc] vendor/qcom/proprietary/adsprpc/src/fastrpc_apps_user.c:4410: Error 0xe: remote_handle_control failed for request ID 2 (errno Success) (user err 0xe)
[17/Jul/2026:01:04:59 -07:00: profiler/debug] [job_id: jp494d925] [model.bin] [adsprpc] vendor/qcom/proprietary/adsprpc/src/fastrpc_apps_user.c:4393:Warning: remote_handle_control: Non-domain usage of FastRPC will be deprecated, use domains to offload to DSP using FastRPC
[17/Jul/2026:01:04:59 -07:00: profiler/debug] [job_id: jp494d925] [model.bin] [adsprpc] vendor/qcom/proprietary/adsprpc/src/fastrpc_apps_user.c:6015: close_device_node: closed dev 147 on domain 3
[17/Jul/2026:01:04:59 -07:00: profiler/debug] [job_id: jp494d925] [model.bin] [adsprpc] vendor/qcom/proprietary/adsprpc/src/fastrpc_apps_user.c:4875: remote_session_control Unsigned PD enable 1 request for domain 100000
[17/Jul/2026:01:04:59 -07:00: profiler/debug] [job_id: jp494d925] [model.bin] [adsprpc] vendor/qcom/proprietary/adsprpc/src/fastrpc_apps_user.c:4850: remote_session_control DSP info request for domain 100000, thread priority -1, stack size 17408
[17/Jul/2026:01:04:59 -07:00: profiler/debug] [job_id: jp494d925] [model.bin] [adsprpc] vendor/qcom/proprietary/adsprpc/src/fastrpc_apps_user.c:6015: close_device_node: closed dev 147 on domain 3
[17/Jul/2026:01:04:59 -07:00: profiler/debug] [job_id: jp494d925] [model.bin] [adsprpc] vendor/qcom/proprietary/adsprpc/src/fastrpc_apps_user.c:3385: WARNING: get_handle_priority_from_uri: libQnnHtpV81Skel.so lib opened handle without priority token
[17/Jul/2026:01:04:59 -07:00: profiler/debug] [job_id: jp494d925] [model.bin] [adsprpc] vendor/qcom/proprietary/adsprpc/src/fastrpc_apps_user.c:6015: close_device_node: closed dev 147 on domain 3
[17/Jul/2026:01:04:59 -07:00: profiler/debug] [job_id: jp494d925] [model.bin] [adsprpc] vendor/qcom/proprietary/adsprpc/src/fastrpc_apps_user.c:6185: Successfully opened /vendor/dsp/cdsp/fastrpc_shell_unsigned_3, domain 3
[17/Jul/2026:01:04:59 -07:00: profiler/debug] [job_id: jp494d925] [model.bin] [adsprpc] vendor/qcom/proprietary/adsprpc/src/rpcmem_android.c:651: rpcmem_dma_alloc: DMA buffer allocation completed for heap system, size 1451100, flags 0x80000000, fd:150, time 21 us
[17/Jul/2026:01:04:59 -07:00: profiler/debug] [job_id: jp494d925] [model.bin] [adsprpc] vendor/qcom/proprietary/adsprpc/src/rpcmem_android.c:651: rpcmem_dma_alloc: DMA buffer allocation completed for heap system, size 4096, flags 0x1, fd:151, time 9 us
[17/Jul/2026:01:04:59 -07:00: profiler/debug] [job_id: jp494d925] [model.bin] [adsprpc] vendor/qcom/proprietary/adsprpc/src/rpcmem_android.c:651: rpcmem_dma_alloc: DMA buffer allocation completed for heap system, size 4096, flags 0x1, fd:152, time 7 us
[17/Jul/2026:01:04:59 -07:00: profiler/debug] [job_id: jp494d925] [model.bin] [adsprpc] vendor/qcom/proprietary/adsprpc/src/fastrpc_apps_user.c:6298: Created user PD on domain 100000, dbg_trace 0x0, enabled attr=> RPC timeout:10000, Dbg Mode:Y, CRC:N, Unsigned:Y, Signed:N, Adapt QOS:N, PD dump: (Config:N, Dbg:N), Perf: (Kernel:N, DSP:N), Iregion:N, QTF:N, UAF:N userPD initmem len:0x500000, Log pkt: N
[17/Jul/2026:01:04:59 -07:00: profiler/debug] [job_id: jp494d925] [model.bin] [adsprpc] vendor/qcom/proprietary/adsprpc/src/fastrpc_apps_user.c:1935: Successfully set remote user thread priority to 192 and stack size to 17408 for domain 100000
[17/Jul/2026:01:04:59 -07:00: profiler/debug] [job_id: jp494d925] [model.bin] [adsprpc] vendor/qcom/proprietary/adsprpc/src/listener_android.c:121: listener thread starting
[17/Jul/2026:01:04:59 -07:00: profiler/debug] [job_id: jp494d925] [model.bin] [adsprpc] vendor/qcom/proprietary/adsprpc/src/rpcmem_android.c:651: rpcmem_dma_alloc: DMA buffer allocation completed for heap system, size 1048576, flags 0x1, fd:150, time 69 us
[17/Jul/2026:01:04:59 -07:00: profiler/debug] [job_id: jp494d925] [model.bin] [adsprpc] vendor/qcom/proprietary/adsprpc/src/fastrpc_apps_user.c:7188: persist_buf_init allocation done for persist_buf 0x72c3b00000 size 1048576
[17/Jul/2026:01:04:59 -07:00: profiler/debug] [job_id: jp494d925] [model.bin] [adsprpc] vendor/qcom/proprietary/adsprpc/src/fastrpc_apps_user.c:7198: persist_buf_init mapping done for persist_buf 0x72c3b00000 fd 150 of size 1048576 on domain 100000
[17/Jul/2026:01:04:59 -07:00: profiler/debug] [job_id: jp494d925] [model.bin] [adsprpc] vendor/qcom/proprietary/adsprpc/src/fastrpc_apps_user.c:7260: open_dev : panic error codes sent successfully
[17/Jul/2026:01:04:59 -07:00: profiler/debug] [job_id: jp494d925] [model.bin] [adsprpc] vendor/qcom/proprietary/adsprpc/src/fastrpc_perf.c:292: fastrpc_perf_init: enabled systrace 0x0 and RPC traces (kernel 0, dsp 0) with frequency 1000
[17/Jul/2026:01:04:59 -07:00: profiler/debug] [job_id: jp494d925] [model.bin] [adsprpc] vendor/qcom/proprietary/adsprpc/src/log_config.c:429: file_watcher_thread starting for domain 100000
[17/Jul/2026:01:04:59 -07:00: profiler/debug] [job_id: jp494d925] [model.bin] [adsprpc] vendor/qcom/proprietary/adsprpc/src/rpcmem_android.c:651: rpcmem_dma_alloc: DMA buffer allocation completed for heap system, size 4096, flags 0x0, fd:155, time 23 us
[17/Jul/2026:01:04:59 -07:00: profiler/debug] [job_id: jp494d925] [model.bin] [adsprpc] vendor/qcom/proprietary/adsprpc/src/rpcmem_android.c:651: rpcmem_dma_alloc: DMA buffer allocation completed for heap system, size 4096, flags 0x0, fd:161, time 11 us
[17/Jul/2026:01:04:59 -07:00: profiler/debug] [job_id: jp494d925] [model.bin] [adsprpc] vendor/qcom/proprietary/adsprpc/src/mod_table.c:696: open_mod_table_open_from_static: reverse module apps_mem opened with handle 0xcddd3f98 (idx 0)
[17/Jul/2026:01:04:59 -07:00: profiler/debug] [job_id: jp494d925] [model.bin] [adsprpc] vendor/qcom/proprietary/adsprpc/src/mod_table.c:696: open_mod_table_open_from_static: reverse module apps_std opened with handle 0xcddd4098 (idx 1)
[17/Jul/2026:01:04:59 -07:00: profiler/debug] [job_id: jp494d925] [model.bin] [adsprpc] vendor/qcom/proprietary/adsprpc/src/rpcmem_android.c:651: rpcmem_dma_alloc: DMA buffer allocation completed for heap system, size 262144, flags 0x80000000, fd:162, time 17 us
[17/Jul/2026:01:04:59 -07:00: profiler/info] [job_id: jp494d925] [model.bin] [adsprpc] vendor/qcom/proprietary/adsprpc/src/apps_std_imp.c:377: Error 0x2: apps_std_fopen_fd failed for /data/user/0/ai.tetra.tungsten/cache/tungsten.lib/qnn_sdk/default/2.45.0/aarch64-android/cdsp/./libQnnHtpV81Skel.so (No such file or directory)
[17/Jul/2026:01:04:59 -07:00: profiler/debug] [job_id: jp494d925] [model.bin] [adsprpc] vendor/qcom/proprietary/adsprpc/src/rpcmem_android.c:651: rpcmem_dma_alloc: DMA buffer allocation completed for heap system, size 11788496, flags 0x80000000, fd:164, time 20 us
[17/Jul/2026:01:04:59 -07:00: profiler/info] [job_id: jp494d925] [model.bin] [adsprpc] vendor/qcom/proprietary/adsprpc/src/log_config.c:223:Enabled adspmsgd with mask 8
[17/Jul/2026:01:04:59 -07:00: profiler/debug] [job_id: jp494d925] [model.bin] [adsprpc] vendor/qcom/proprietary/adsprpc/src/log_config.c:449:file_watcher_thread: Couldn't find file ai.tetra.tungsten.farf, errno (No such file or directory) at ;/vendor/lib64/rfs/dsp;/vendor/lib/rfsa/adsp;/vendor/lib/rfsa/dsp;/vendor/dsp;
[17/Jul/2026:01:04:59 -07:00: profiler/debug] [job_id: jp494d925] [model.bin] [adsprpc] vendor/qcom/proprietary/adsprpc/src/apps_std_imp.c:369: apps_std_fopen_fd done for /data/user/0/ai.tetra.tungsten/cache/tungsten.lib/qnn_sdk/default/2.45.0/aarch64-android/./libQnnHtpV81Skel.so with fsize:11788496       fopen:5us, fstat:1us, read:1249us,       rpc_alloc:68us, mmap:288us fd 0xa4 error_code 0x0
[17/Jul/2026:01:04:59 -07:00: profiler/debug] [job_id: jp494d925] [model.bin] [adsprpc] vendor/qcom/proprietary/adsprpc/src/apps_std_imp.c:1236: Successfully opened file /data/user/0/ai.tetra.tungsten/cache/tungsten.lib/qnn_sdk/default/2.45.0/aarch64-android/./libQnnHtpV81Skel.so
[17/Jul/2026:01:04:59 -07:00: profiler/debug] [job_id: jp494d925] [model.bin] [adsprpc] vendor/qcom/proprietary/adsprpc/src/rpcmem_android.c:651: rpcmem_dma_alloc: DMA buffer allocation completed for heap system, size 11796480, flags 0xa0000000, fd:165, time 13 us
[17/Jul/2026:01:04:59 -07:00: profiler/debug] [job_id: jp494d925] [model.bin] [adsprpc] vendor/qcom/proprietary/adsprpc/src/rpcmem_android.c:651: rpcmem_dma_alloc: DMA buffer allocation completed for heap system, size 1048576, flags 0xa0000000, fd:163, time 20 us
[17/Jul/2026:01:04:59 -07:00: profiler/debug] [job_id: jp494d925] [model.bin] [adsprpc] vendor/qcom/proprietary/adsprpc/src/fastrpc_apps_user.c:3491: remote_handle64_open: opened handle 0xb40000747cc635e0 (remote 0x2ccbf0) for file:///libQnnHtpV81Skel.so?qnn_skel_handle_invoke&_modver=1.0&_dom=cdsp on domain 100000 (spawn time 19888 us, load time 33090 us), refs 1
[17/Jul/2026:01:04:59 -07:00: profiler/debug] [job_id: jp494d925] [model.bin] [adsprpc] vendor/qcom/proprietary/adsprpc/src/rpcmem_android.c:651: rpcmem_dma_alloc: DMA buffer allocation completed for heap system, size 8, flags 0x1, fd:164, time 23 us
[17/Jul/2026:01:04:59 -07:00: profiler/debug] [job_id: jp494d925] [model.bin] [adsprpc] vendor/qcom/proprietary/adsprpc/src/rpcmem_android.c:651: rpcmem_dma_alloc: DMA buffer allocation completed for heap system, size 136, flags 0x1, fd:166, time 10 us
[17/Jul/2026:01:04:59 -07:00: profiler/debug] [job_id: jp494d925] [model.bin] [adsprpc] vendor/qcom/proprietary/adsprpc/src/rpcmem_android.c:651: rpcmem_dma_alloc: DMA buffer allocation completed for heap system, size 16, flags 0x1, fd:164, time 13 us
[17/Jul/2026:01:04:59 -07:00: profiler/debug] [job_id: jp494d925] [model.bin] [adsprpc] vendor/qcom/proprietary/adsprpc/src/rpcmem_android.c:651: rpcmem_dma_alloc: DMA buffer allocation completed for heap system, size 8, flags 0x1, fd:166, time 24 us
[17/Jul/2026:01:04:59 -07:00: profiler/debug] [job_id: jp494d925] [model.bin] [adsprpc] vendor/qcom/proprietary/adsprpc/src/rpcmem_android.c:651: rpcmem_dma_alloc: DMA buffer allocation completed for heap system, size 56, flags 0x1, fd:164, time 10 us
[17/Jul/2026:01:04:59 -07:00: profiler/debug] [job_id: jp494d925] [model.bin] [adsprpc] vendor/qcom/proprietary/adsprpc/src/fastrpc_apps_user.c:3385: WARNING: get_handle_priority_from_uri: libdspqueue_rpc_skel.so lib opened handle without priority token
[17/Jul/2026:01:04:59 -07:00: profiler/debug] [job_id: jp494d925] [model.bin] [adsprpc] vendor/qcom/proprietary/adsprpc/src/fastrpc_apps_user.c:3491: remote_handle64_open: opened handle 0xb40000747cc61f10 (remote 0x2cd860) for file:///libdspqueue_rpc_skel.so?dspqueue_rpc_skel_handle_invoke&_modver=1.0&_dom=nsp1000&_session=0 on domain 100000 (spawn time 0 us, load time 289 us), refs 2
[17/Jul/2026:01:04:59 -07:00: profiler/debug] [job_id: jp494d925] [model.bin] [adsprpc] vendor/qcom/proprietary/adsprpc/src/fastrpc_notif.c:138: fastrpc_notif_domain_init: FastRPC notification worker thread launched
[17/Jul/2026:01:04:59 -07:00: profiler/debug] [job_id: jp494d925] [model.bin] [adsprpc] vendor/qcom/proprietary/adsprpc/src/fastrpc_apps_user.c:5077: remote_session_control Register PD status notification request for domain 100000
[17/Jul/2026:01:04:59 -07:00: profiler/debug] [job_id: jp494d925] [model.bin] [adsprpc] vendor/qcom/proprietary/adsprpc/src/fastrpc_apps_user.c:3955: get_remote_notif_response: received status notification 0 for domain 1000, session 0 (effec dom 100000)
[17/Jul/2026:01:04:59 -07:00: profiler/debug] [job_id: jp494d925] [model.bin] [adsprpc] vendor/qcom/proprietary/adsprpc/src/rpcmem_android.c:651: rpcmem_dma_alloc: DMA buffer allocation completed for heap system, size 1024, flags 0x40000001, fd:166, time 19 us
[17/Jul/2026:01:04:59 -07:00: profiler/debug] [job_id: jp494d925] [model.bin] [adsprpc] vendor/qcom/proprietary/adsprpc/src/rpcmem_android.c:651: rpcmem_dma_alloc: DMA buffer allocation completed for heap system, size 1792, flags 0x40000001, fd:167, time 10 us
[17/Jul/2026:01:04:59 -07:00: profiler/debug] [job_id: jp494d925] [model.bin] [adsprpc] vendor/qcom/proprietary/adsprpc/src/dspqueue/dspqueue_cpu.c:683: dspqueue is using version: -841709990, flags: 2, driver signalling: 3, wait count: 1
[17/Jul/2026:01:04:59 -07:00: profiler/debug] [job_id: jp494d925] [model.bin] [adsprpc] vendor/qcom/proprietary/adsprpc/src/dspqueue/dspqueue_cpu.c:715: dspqueue_create: created Queue 0, 0xb4000073bcc47930, DSP 0x00000000 for domain 100000
[17/Jul/2026:01:04:59 -07:00: profiler/debug] [job_id: jp494d925] [model.bin] Creating context from binary with 0 configurations set.
[17/Jul/2026:01:04:59 -07:00: profiler/info] [job_id: jp494d925] [model.bin] QnnDsp <W> m_CFBCallbackInfoObj is not initialized, return emptyList
[17/Jul/2026:01:04:59 -07:00: profiler/debug] [job_id: jp494d925] [model.bin] [adsprpc] vendor/qcom/proprietary/adsprpc/src/rpcmem_android.c:651: rpcmem_dma_alloc: DMA buffer allocation completed for heap system, size 8448, flags 0x1, fd:168, time 11 us
[17/Jul/2026:01:04:59 -07:00: profiler/debug] [job_id: jp494d925] [model.bin] [adsprpc] vendor/qcom/proprietary/adsprpc/src/rpcmem_android.c:651: rpcmem_dma_alloc: DMA buffer allocation completed for heap system, size 8480, flags 0x1, fd:169, time 13 us
[17/Jul/2026:01:04:59 -07:00: profiler/debug] [job_id: jp494d925] [model.bin] [adsprpc] vendor/qcom/proprietary/adsprpc/src/rpcmem_android.c:651: rpcmem_dma_alloc: DMA buffer allocation completed for heap system, size 134275600, flags 0x1, fd:170, time 28 us
[17/Jul/2026:01:04:59 -07:00: profiler/debug] [job_id: jp494d925] [model.bin] [adsprpc] vendor/qcom/proprietary/adsprpc/src/rpcmem_android.c:651: rpcmem_dma_alloc: DMA buffer allocation completed for heap system, size 72, flags 0x1, fd:171, time 11 us
[17/Jul/2026:01:04:59 -07:00: profiler/debug] [job_id: jp494d925] [model.bin] [adsprpc] vendor/qcom/proprietary/adsprpc/src/fastrpc_apps_user.c:4393:Warning: remote_handle_control: Non-domain usage of FastRPC will be deprecated, use domains to offload to DSP using FastRPC
[17/Jul/2026:01:04:59 -07:00: profiler/debug] [job_id: jp494d925] [model.bin] [adsprpc] vendor/qcom/proprietary/adsprpc/src/fastrpc_apps_user.c:4393:Warning: remote_handle_control: Non-domain usage of FastRPC will be deprecated, use domains to offload to DSP using FastRPC
[17/Jul/2026:01:04:59 -07:00: profiler/debug] [job_id: jp494d925] [model.bin] [adsprpc] vendor/qcom/proprietary/adsprpc/src/rpcmem_android.c:651: rpcmem_dma_alloc: DMA buffer allocation completed for heap system, size 299892736, flags 0x1, fd:172, time 51 us
[17/Jul/2026:01:04:59 -07:00: profiler/debug] [job_id: jp494d925] [model.bin] [adsprpc] vendor/qcom/proprietary/adsprpc/src/fastrpc_apps_user.c:4393:Warning: remote_handle_control: Non-domain usage of FastRPC will be deprecated, use domains to offload to DSP using FastRPC
[17/Jul/2026:01:04:59 -07:00: profiler/debug] [job_id: jp494d925] [model.bin] [adsprpc] vendor/qcom/proprietary/adsprpc/src/rpcmem_android.c:651: rpcmem_dma_alloc: DMA buffer allocation completed for heap system, size 3228016, flags 0x1, fd:173, time 41 us
[17/Jul/2026:01:04:59 -07:00: profiler/debug] [job_id: jp494d925] [model.bin] [adsprpc] vendor/qcom/proprietary/adsprpc/src/rpcmem_android.c:651: rpcmem_dma_alloc: DMA buffer allocation completed for heap system, size 40, flags 0x1, fd:174, time 9 us
[17/Jul/2026:01:04:59 -07:00: profiler/debug] [job_id: jp494d925] [model.bin] [adsprpc] vendor/qcom/proprietary/adsprpc/src/fastrpc_apps_user.c:4393:Warning: remote_handle_control: Non-domain usage of FastRPC will be deprecated, use domains to offload to DSP using FastRPC
[17/Jul/2026:01:04:59 -07:00: profiler/debug] [job_id: jp494d925] [model.bin] [adsprpc] vendor/qcom/proprietary/adsprpc/src/rpcmem_android.c:651: rpcmem_dma_alloc: DMA buffer allocation completed for heap system, size 33554432, flags 0xa0000000, fd:175, time 17 us
[17/Jul/2026:01:04:59 -07:00: profiler/debug] [job_id: jp494d925] [model.bin] [adsprpc] vendor/qcom/proprietary/adsprpc/src/rpcmem_android.c:651: rpcmem_dma_alloc: DMA buffer allocation completed for heap system, size 48, flags 0x1, fd:173, time 55 us
[17/Jul/2026:01:04:59 -07:00: profiler/info] [job_id: jp494d925] [model.bin] Loaded graph graph__ezvyb28.
[17/Jul/2026:01:04:59 -07:00: profiler/info] [job_id: jp494d925] [model.bin] Malloc VM size after: 64256.0 kB, allocated: 54851.8 kB, slack: 9404.2 kB.
[17/Jul/2026:01:04:59 -07:00: profiler/info] [job_id: jp494d925] [model.bin] Status Successfully Loaded Warm with t = 164630 us and usage: before = 138472.0 kB; peakBefore = 138472.0 kB; mallocUnusedBefore = 10484.9 kB; after = 139148.0 kB; peakAfter = 139144.0 kB; mallocUnusedAfter = 9404.2 kB; increase = 0.0-1756.7 kB; peak = 672.0-11156.9 kB
[17/Jul/2026:01:04:59 -07:00: profiler/info] [job_id: jp494d925] [model.bin] Status Successfully Performed Inference By Layer with t = 0 us and usage: before = 0.0 kB; peakBefore = 0.0 kB; mallocUnusedBefore = 0.0 kB; after = 0.0 kB; peakAfter = 0.0 kB; mallocUnusedAfter = 0.0 kB; increase = 0.0-0.0 kB; peak = 0.0-0.0 kB
[17/Jul/2026:01:04:59 -07:00: profiler/info] [job_id: jp494d925] [model.bin] Saving results to /data/local/tmp/tungsten/files/Results/job_jp494d925/job_jp494d925_results.bin
[17/Jul/2026:01:04:59 -07:00: profiler/debug] [job_id: jp494d925] [model.bin] Feature 'hidden' has 1 batches.
[17/Jul/2026:01:04:59 -07:00: profiler/debug] [job_id: jp494d925] [model.bin] Feature 'output_1' has 1 batches.
[17/Jul/2026:01:04:59 -07:00: profiler/debug] [job_id: jp494d925] [model.bin] Feature 'output_0' has 1 batches.
[17/Jul/2026:01:04:59 -07:00: profiler/info] QnnDsp <W> m_CFBCallbackInfoObj is not initialized, return emptyList
[17/Jul/2026:01:04:59 -07:00: profiler/info] [adsprpc] vendor/qcom/proprietary/adsprpc/src/adspmsgd.c:104::error: 0x8000040d: AEE_SUCCESS == (nErr = adspmsgd_adsp1_wait(handle, &bytesToRead))
[17/Jul/2026:01:04:59 -07:00: profiler/info] [adsprpc] vendor/qcom/proprietary/adsprpc/src/adspmsgd.c:114:Error 0x8000040d: adspmsgd_reader thread of domain 100000 for handle 0x7cc655c0 exiting (errno Success)
