[2026-07-17T07:49:43.749+00:00] [INFO] Compiling model ID mqkxyyzxn
[2026-07-17T07:49:43.750+00:00] [INFO] [compile-pre-compile] Memory: 1.5GiB / 40.0GiB (4%) | working_set: 648.0MiB | peak: 1.5GiB
[2026-07-17T07:50:03.815+00:00] [INFO] 
| /usr/lib/python3.12/copyreg.py:99: FutureWarning: `isinstance(treespec, LeafSpec)` is deprecated, use `isinstance(treespec, TreeSpec) and treespec.is_leaf()` instead.
|   return cls.__new__(cls, *args)
| [torch.onnx] Run decompositions...
| [torch.onnx] Run decompositions... ✅
| [torch.onnx] Translate the graph into ONNX...
| [torch.onnx] Translate the graph into ONNX... ✅
| {"task_name": null, "celery_task_id": null, "handler_name": null, "job_id": null, "attempt_number": null, "asctime": "17/Jul/2026:07:50:03.205058 +0000", "name": "onnx_ir.passes.common.unused_removal", "process": 1, "levelname": "INFO", "message": "No unused functions to remove"}
| {"task_name": null, "celery_task_id": null, "handler_name": null, "job_id": null, "attempt_number": null, "asctime": "17/Jul/2026:07:50:03.350012 +0000", "name": "onnx_ir.passes.common.unused_removal", "process": 1, "levelname": "INFO", "message": "Removed 443 unused nodes"}
| {"task_name": null, "celery_task_id": null, "handler_name": null, "job_id": null, "attempt_number": null, "asctime": "17/Jul/2026:07:50:03.358683 +0000", "name": "onnx_ir.passes.common.unused_removal", "process": 1, "levelname": "INFO", "message": "No unused functions to remove"}

[2026-07-17T07:50:07.333+00:00] [INFO] -=- Converting ONNX graph: decompose GeLU layers -=-
[2026-07-17T07:50:07.530+00:00] [INFO] Applying ONNX IR shape inference
[2026-07-17T07:50:09.238+00:00] [INFO] Applying ONNX IR rewriter with rules
[2026-07-17T07:50:16.909+00:00] [INFO] Memory: 5.6GiB / 40.0GiB (14%) | working_set: 5.5GiB | peak: 5.6GiB
[2026-07-17T07:50:31.739+00:00] [INFO] Ran 65 passes, 27 triggered
[2026-07-17T07:50:31.739+00:00] [INFO] Passes triggered:
[2026-07-17T07:50:31.782+00:00] [INFO] +----------------------------------------+----------+
[2026-07-17T07:50:31.782+00:00] [INFO] | Pass Name                              | Triggers |
[2026-07-17T07:50:31.782+00:00] [INFO] +----------------------------------------+----------+
[2026-07-17T07:50:31.782+00:00] [INFO] | OverrideFoldConstantsPass              |        3 |
[2026-07-17T07:50:31.782+00:00] [INFO] | RewriteRule                            |        2 |
[2026-07-17T07:50:31.782+00:00] [INFO] | ReshapeReshape                         |        2 |
[2026-07-17T07:50:31.782+00:00] [INFO] | _MulIdentity                           |        1 |
[2026-07-17T07:50:31.782+00:00] [INFO] | _AddIdentity                           |        2 |
[2026-07-17T07:50:31.782+00:00] [INFO] | _ExpandIdentity                        |        2 |
[2026-07-17T07:50:31.782+00:00] [INFO] | _MulBy0                                |        1 |
[2026-07-17T07:50:31.782+00:00] [INFO] | DistributeMulOverMatMulConstantScalars |        1 |
[2026-07-17T07:50:31.782+00:00] [INFO] | ConvertTransposeToReshape              |        1 |
[2026-07-17T07:50:31.783+00:00] [INFO] | ReshapeUnsqueeze                       |        2 |
[2026-07-17T07:50:31.783+00:00] [INFO] | ReshapeTransposeReshapeTail            |        1 |
[2026-07-17T07:50:31.783+00:00] [INFO] | FuseSiblingSlicesToSplitPass           |        1 |
[2026-07-17T07:50:31.783+00:00] [INFO] | FuseConsecutiveConcatsPass             |        1 |
[2026-07-17T07:50:31.783+00:00] [INFO] | RemoveUnusedNodesPass                  |        1 |
[2026-07-17T07:50:31.783+00:00] [INFO] | ShapeInferencePass                     |        2 |
[2026-07-17T07:50:31.783+00:00] [INFO] | _SubIdentity                           |        1 |
[2026-07-17T07:50:31.783+00:00] [INFO] | RewriteGatherUnsqueezeScalarIndex      |        1 |
[2026-07-17T07:50:31.783+00:00] [INFO] | LiftConstantsToInitializersPass        |        1 |
[2026-07-17T07:50:31.783+00:00] [INFO] | DeduplicateInitializersPass            |        1 |
[2026-07-17T07:50:31.783+00:00] [INFO] +----------------------------------------+----------+
[2026-07-17T07:50:31.785+00:00] [INFO] Model metrics comparison:
[2026-07-17T07:50:31.786+00:00] [INFO] +-----------------+----------+--------+---------+
[2026-07-17T07:50:31.786+00:00] [INFO] | Metric          |   Before |  After |   Delta |
[2026-07-17T07:50:31.786+00:00] [INFO] +-----------------+----------+--------+---------+
[2026-07-17T07:50:31.786+00:00] [INFO] | Op count        |    10345 |   3765 |   -6580 |
[2026-07-17T07:50:31.786+00:00] [INFO] | Model size      | 608.9MiB | 2.3GiB | +1.7GiB |
[2026-07-17T07:50:31.786+00:00] [INFO] | Add             |      407 |    388 |     -19 |
[2026-07-17T07:50:31.786+00:00] [INFO] | ArgMax          |        8 |      8 |      +0 |
[2026-07-17T07:50:31.786+00:00] [INFO] | Cast            |      172 |      0 |    -172 |
[2026-07-17T07:50:31.786+00:00] [INFO] | CastLike        |      193 |      0 |    -193 |
[2026-07-17T07:50:31.786+00:00] [INFO] | Concat          |      908 |    181 |    -727 |
[2026-07-17T07:50:31.786+00:00] [INFO] | Constant        |     2916 |      0 |   -2916 |
[2026-07-17T07:50:31.786+00:00] [INFO] | Div             |       96 |      0 |     -96 |
[2026-07-17T07:50:31.786+00:00] [INFO] | Equal           |        6 |      0 |      -6 |
[2026-07-17T07:50:31.786+00:00] [INFO] | Expand          |      103 |     96 |      -7 |
[2026-07-17T07:50:31.786+00:00] [INFO] | Gather          |       73 |     24 |     -49 |
[2026-07-17T07:50:31.786+00:00] [INFO] | Gemm            |        9 |      9 |      +0 |
[2026-07-17T07:50:31.786+00:00] [INFO] | Identity        |      192 |      0 |    -192 |
[2026-07-17T07:50:31.786+00:00] [INFO] | MatMul          |      336 |    336 |      +0 |
[2026-07-17T07:50:31.786+00:00] [INFO] | Mul             |      976 |   1080 |    +104 |
[2026-07-17T07:50:31.787+00:00] [INFO] | Pow             |      200 |      0 |    -200 |
[2026-07-17T07:50:31.787+00:00] [INFO] | Reciprocal      |      200 |    200 |      +0 |
[2026-07-17T07:50:31.787+00:00] [INFO] | ReduceMean      |      200 |    200 |      +0 |
[2026-07-17T07:50:31.787+00:00] [INFO] | ReduceSum       |        1 |      1 |      +0 |
[2026-07-17T07:50:31.787+00:00] [INFO] | Reshape         |      997 |    493 |    -504 |
[2026-07-17T07:50:31.787+00:00] [INFO] | SequenceAt      |      144 |      0 |    -144 |
[2026-07-17T07:50:31.787+00:00] [INFO] | Shape           |      397 |      0 |    -397 |
[2026-07-17T07:50:31.787+00:00] [INFO] | Sigmoid         |       48 |     48 |      +0 |
[2026-07-17T07:50:31.787+00:00] [INFO] | Slice           |      622 |      0 |    -622 |
[2026-07-17T07:50:31.787+00:00] [INFO] | Softmax         |       48 |     48 |      +0 |
[2026-07-17T07:50:31.787+00:00] [INFO] | Split           |        0 |    144 |    +144 |
[2026-07-17T07:50:31.787+00:00] [INFO] | SplitToSequence |       48 |      0 |     -48 |
[2026-07-17T07:50:31.787+00:00] [INFO] | Sqrt            |      344 |    200 |    -144 |
[2026-07-17T07:50:31.787+00:00] [INFO] | Sub             |       96 |     84 |     -12 |
[2026-07-17T07:50:31.787+00:00] [INFO] | Transpose       |      480 |    126 |    -354 |
[2026-07-17T07:50:31.787+00:00] [INFO] | Trilu           |        6 |      0 |      -6 |
[2026-07-17T07:50:31.787+00:00] [INFO] | Unsqueeze       |      113 |     99 |     -14 |
[2026-07-17T07:50:31.787+00:00] [INFO] | Where           |        6 |      0 |      -6 |
[2026-07-17T07:50:31.787+00:00] [INFO] +-----------------+----------+--------+---------+
[2026-07-17T07:50:31.787+00:00] [INFO] ONNX IR rewriter with rules applied
[2026-07-17T07:51:16.920+00:00] [INFO] Memory: 11.1GiB / 40.0GiB (28%) | working_set: 9.4GiB | peak: 11.1GiB
[2026-07-17T07:51:37.046+00:00] [INFO] Saving model
[2026-07-17T07:51:37.406+00:00] [INFO] Uploading asset to https://tetrahub-qprod-userdata.s3.amazonaws.com/models/mn09w6pwn_hNmc2OsxwtTcZCAP.onnx.zip?uploadId=Kew8mdf0pyO2uE1aQmo0naKBxe3LhhVbHaiZHazjIrJhml0crb5CXThEs6TO8G_Df4Hclezd5Wlp7iRa5wiYrU3UlKueD0JNIhBtRhFK2VPojbu0me_e8nk7KidSRYFH&partNumber=1&AWSAccessKeyId=AKIAY25OF7UJ6NPOUTRI&Signature=cAXofP%2FaI
[2026-07-17T07:51:46.768+00:00] [INFO] Successfully uploaded asset with response status: 200
[2026-07-17T07:51:46.769+00:00] [INFO] Uploading asset to https://tetrahub-qprod-userdata.s3.amazonaws.com/models/mn09w6pwn_hNmc2OsxwtTcZCAP.onnx.zip?uploadId=Kew8mdf0pyO2uE1aQmo0naKBxe3LhhVbHaiZHazjIrJhml0crb5CXThEs6TO8G_Df4Hclezd5Wlp7iRa5wiYrU3UlKueD0JNIhBtRhFK2VPojbu0me_e8nk7KidSRYFH&partNumber=2&AWSAccessKeyId=AKIAY25OF7UJ6NPOUTRI&Signature=ZOPys7TQQzl
[2026-07-17T07:51:48.542+00:00] [INFO] Successfully uploaded asset with response status: 200
[2026-07-17T07:51:51.047+00:00] [INFO] Uploading asset to https://tetrahub-qprod-userdata.s3-accelerate.amazonaws.com/
[2026-07-17T07:51:51.202+00:00] [INFO] Successfully uploaded asset with response status: 204
[2026-07-17T07:51:51.204+00:00] [INFO] Successfully computed visualization graph for mn09w6pwn
[2026-07-17T07:51:51.431+00:00] [INFO] =================================== Run compile_to_qnn_dlc =================================== 
[2026-07-17T07:51:51.431+00:00] [INFO] Applying ONNX IR rewriter with rules
[2026-07-17T07:52:17.180+00:00] [INFO] Memory: 7.4GiB / 40.0GiB (19%) | working_set: 7.3GiB | peak: 14.9GiB
[2026-07-17T07:52:18.868+00:00] [INFO] Ran 333 passes, 126 triggered
[2026-07-17T07:52:18.868+00:00] [INFO] Passes triggered:
[2026-07-17T07:52:18.868+00:00] [INFO] +---------------------------------+----------+
[2026-07-17T07:52:18.868+00:00] [INFO] | Pass Name                       | Triggers |
[2026-07-17T07:52:18.868+00:00] [INFO] +---------------------------------+----------+
[2026-07-17T07:52:18.869+00:00] [INFO] | RewriteSplit2ToSlices           |       18 |
[2026-07-17T07:52:18.869+00:00] [INFO] | RewriteSplit3ToSlices           |       27 |
[2026-07-17T07:52:18.869+00:00] [INFO] | FuseSiblingSlicesToSplitPass    |       26 |
[2026-07-17T07:52:18.869+00:00] [INFO] | RemoveUnusedNodesPass           |       27 |
[2026-07-17T07:52:18.869+00:00] [INFO] | ShapeInferencePass              |       26 |
[2026-07-17T07:52:18.869+00:00] [INFO] | LiftConstantsToInitializersPass |        1 |
[2026-07-17T07:52:18.869+00:00] [INFO] | DeduplicateInitializersPass     |        1 |
[2026-07-17T07:52:18.869+00:00] [INFO] +---------------------------------+----------+
[2026-07-17T07:52:18.871+00:00] [INFO] Model metrics comparison:
[2026-07-17T07:52:18.872+00:00] [INFO] +------------+--------+--------+----------+
[2026-07-17T07:52:18.872+00:00] [INFO] | Metric     | Before |  After |    Delta |
[2026-07-17T07:52:18.872+00:00] [INFO] +------------+--------+--------+----------+
[2026-07-17T07:52:18.872+00:00] [INFO] | Op count   |   3765 |   3957 |     +192 |
[2026-07-17T07:52:18.872+00:00] [INFO] | Model size | 2.3GiB | 2.3GiB | +18.8KiB |
[2026-07-17T07:52:18.872+00:00] [INFO] | Add        |    388 |    388 |       +0 |
[2026-07-17T07:52:18.872+00:00] [INFO] | ArgMax     |      8 |      8 |       +0 |
[2026-07-17T07:52:18.872+00:00] [INFO] | Concat     |    181 |    181 |       +0 |
[2026-07-17T07:52:18.872+00:00] [INFO] | Expand     |     96 |     96 |       +0 |
[2026-07-17T07:52:18.872+00:00] [INFO] | Gather     |     24 |     24 |       +0 |
[2026-07-17T07:52:18.872+00:00] [INFO] | Gemm       |      9 |      9 |       +0 |
[2026-07-17T07:52:18.872+00:00] [INFO] | MatMul     |    336 |    336 |       +0 |
[2026-07-17T07:52:18.872+00:00] [INFO] | Mul        |   1080 |   1080 |       +0 |
[2026-07-17T07:52:18.872+00:00] [INFO] | Reciprocal |    200 |    200 |       +0 |
[2026-07-17T07:52:18.873+00:00] [INFO] | ReduceMean |    200 |    200 |       +0 |
[2026-07-17T07:52:18.873+00:00] [INFO] | ReduceSum  |      1 |      1 |       +0 |
[2026-07-17T07:52:18.873+00:00] [INFO] | Reshape    |    493 |    493 |       +0 |
[2026-07-17T07:52:18.873+00:00] [INFO] | Sigmoid    |     48 |     48 |       +0 |
[2026-07-17T07:52:18.873+00:00] [INFO] | Slice      |      0 |    336 |     +336 |
[2026-07-17T07:52:18.873+00:00] [INFO] | Softmax    |     48 |     48 |       +0 |
[2026-07-17T07:52:18.873+00:00] [INFO] | Split      |    144 |      0 |     -144 |
[2026-07-17T07:52:18.873+00:00] [INFO] | Sqrt       |    200 |    200 |       +0 |
[2026-07-17T07:52:18.873+00:00] [INFO] | Sub        |     84 |     84 |       +0 |
[2026-07-17T07:52:18.873+00:00] [INFO] | Transpose  |    126 |    126 |       +0 |
[2026-07-17T07:52:18.873+00:00] [INFO] | Unsqueeze  |     99 |     99 |       +0 |
[2026-07-17T07:52:18.873+00:00] [INFO] +------------+--------+--------+----------+
[2026-07-17T07:52:18.873+00:00] [INFO] ONNX IR rewriter with rules applied
[2026-07-17T07:52:23.901+00:00] [INFO] -=- ONNX to QNN DLC (qairt-converter) -=-
[2026-07-17T07:52:23.901+00:00] [INFO] Running /tetra/qairt_env/default/2.45.0/bin/python3 /qairt_sdk/default/2.45.0/bin/x86_64-linux-clang/qairt-converter --input_network /tmp/tmp6plb9914/tmp6hlqoklv.onnx --output_path /tmp/tmp6plb9914/graph__ezvyb28.dlc --preserve_io_datatype hidden output_1 --preserve_io_datatype hidden output_1 --preserve_onnx_output_order --onnx_skip_simplification
[2026-07-17T07:52:24.566+00:00] [INFO] 2026-07-17 07:52:24,566 - 278 - INFO - INFO_INITIALIZATION_SUCCESS: 
[2026-07-17T07:52:24.744+00:00] [INFO] 2026-07-17 07:52:24,744 - 283 - WARNING - Unable to register converter supported Operation [Inverse:Version 1] with your Onnx installation. Converter will bail if Model contains this Op.
[2026-07-17T07:52:24.750+00:00] [INFO] 2026-07-17 07:52:24,750 - 283 - WARNING - Unable to register converter supported Operation [RMSNormalization:Version 23] with your Onnx installation. Converter will bail if Model contains this Op.
[2026-07-17T07:52:24.756+00:00] [INFO] 2026-07-17 07:52:24,756 - 283 - WARNING - Unable to register converter supported Operation [RotaryEmbedding:Version 23] with your Onnx installation. Converter will bail if Model contains this Op.
[2026-07-17T07:52:24.919+00:00] [INFO] 2026-07-17 07:52:24,919 - 283 - WARNING - --desired_input_shape and -d are deprecated. Use --source_model_input_shape or -s for achieving this functionality
[2026-07-17T07:52:24.919+00:00] [INFO] 2026-07-17 07:52:24,919 - 278 - INFO - Input shape info 
[2026-07-17T07:52:24.977+00:00] [INFO] 2026-07-17 07:52:24,977 - 283 - WARNING - Skipping Native checker in Defer Loading and ONNX Simplification not invoked
[2026-07-17T07:52:24.998+00:00] [INFO] 2026-07-17 07:52:24,998 - 283 - WARNING - GEMM operation is not supported in the general case, attempting to interpret as FC
[2026-07-17T07:52:25.007+00:00] [INFO] 2026-07-17 07:52:25,007 - 283 - WARNING - WARNING_OP_VERSION_NOT_SUPPORTED: Operation Reciprocal Not Supported. Expected operator version: [1, 6], instead got version: [13]
[2026-07-17T07:52:25.022+00:00] [INFO] 2026-07-17 07:52:25,022 - 283 - WARNING - WARNING_OP_VERSION_NOT_SUPPORTED: Operation Reciprocal Not Supported. Expected operator version: [1, 6], instead got version: [13]
[2026-07-17T07:52:25.028+00:00] [INFO] 2026-07-17 07:52:25,028 - 283 - WARNING - WARNING_OP_VERSION_NOT_SUPPORTED: Operation Reciprocal Not Supported. Expected operator version: [1, 6], instead got version: [13]
[2026-07-17T07:52:25.057+00:00] [INFO] 2026-07-17 07:52:25,057 - 283 - WARNING - WARNING_OP_VERSION_NOT_SUPPORTED: Operation Reciprocal Not Supported. Expected operator version: [1, 6], instead got version: [13]
[2026-07-17T07:52:25.068+00:00] [INFO] 2026-07-17 07:52:25,068 - 283 - WARNING - WARNING_OP_VERSION_NOT_SUPPORTED: Operation Reciprocal Not Supported. Expected operator version: [1, 6], instead got version: [13]
[2026-07-17T07:52:25.082+00:00] [INFO] 2026-07-17 07:52:25,082 - 283 - WARNING - WARNING_OP_VERSION_NOT_SUPPORTED: Operation Reciprocal Not Supported. Expected operator version: [1, 6], instead got version: [13]
[2026-07-17T07:52:25.088+00:00] [INFO] 2026-07-17 07:52:25,088 - 283 - WARNING - WARNING_OP_VERSION_NOT_SUPPORTED: Operation Reciprocal Not Supported. Expected operator version: [1, 6], instead got version: [13]
[2026-07-17T07:52:25.117+00:00] [INFO] 2026-07-17 07:52:25,117 - 283 - WARNING - WARNING_OP_VERSION_NOT_SUPPORTED: Operation Reciprocal Not Supported. Expected operator version: [1, 6], instead got version: [13]
[2026-07-17T07:52:25.128+00:00] [INFO] 2026-07-17 07:52:25,128 - 283 - WARNING - WARNING_OP_VERSION_NOT_SUPPORTED: Operation Reciprocal Not Supported. Expected operator version: [1, 6], instead got version: [13]
[2026-07-17T07:52:25.142+00:00] [INFO] 2026-07-17 07:52:25,142 - 283 - WARNING - WARNING_OP_VERSION_NOT_SUPPORTED: Operation Reciprocal Not Supported. Expected operator version: [1, 6], instead got version: [13]
[2026-07-17T07:52:25.148+00:00] [INFO] 2026-07-17 07:52:25,148 - 283 - WARNING - WARNING_OP_VERSION_NOT_SUPPORTED: Operation Reciprocal Not Supported. Expected operator version: [1, 6], instead got version: [13]
[2026-07-17T07:52:25.177+00:00] [INFO] 2026-07-17 07:52:25,177 - 283 - WARNING - WARNING_OP_VERSION_NOT_SUPPORTED: Operation Reciprocal Not Supported. Expected operator version: [1, 6], instead got version: [13]
[2026-07-17T07:52:25.188+00:00] [INFO] 2026-07-17 07:52:25,188 - 283 - WARNING - WARNING_OP_VERSION_NOT_SUPPORTED: Operation Reciprocal Not Supported. Expected operator version: [1, 6], instead got version: [13]
[2026-07-17T07:52:25.203+00:00] [INFO] 2026-07-17 07:52:25,203 - 283 - WARNING - WARNING_OP_VERSION_NOT_SUPPORTED: Operation Reciprocal Not Supported. Expected operator version: [1, 6], instead got version: [13]
[2026-07-17T07:52:25.208+00:00] [INFO] 2026-07-17 07:52:25,208 - 283 - WARNING - WARNING_OP_VERSION_NOT_SUPPORTED: Operation Reciprocal Not Supported. Expected operator version: [1, 6], instead got version: [13]
[2026-07-17T07:52:25.238+00:00] [INFO] 2026-07-17 07:52:25,238 - 283 - WARNING - WARNING_OP_VERSION_NOT_SUPPORTED: Operation Reciprocal Not Supported. Expected operator version: [1, 6], instead got version: [13]
[2026-07-17T07:52:25.249+00:00] [INFO] 2026-07-17 07:52:25,249 - 283 - WARNING - WARNING_OP_VERSION_NOT_SUPPORTED: Operation Reciprocal Not Supported. Expected operator version: [1, 6], instead got version: [13]
[2026-07-17T07:52:25.263+00:00] [INFO] 2026-07-17 07:52:25,263 - 283 - WARNING - WARNING_OP_VERSION_NOT_SUPPORTED: Operation Reciprocal Not Supported. Expected operator version: [1, 6], instead got version: [13]
[2026-07-17T07:52:25.269+00:00] [INFO] 2026-07-17 07:52:25,269 - 283 - WARNING - WARNING_OP_VERSION_NOT_SUPPORTED: Operation Reciprocal Not Supported. Expected operator version: [1, 6], instead got version: [13]
[2026-07-17T07:52:25.298+00:00] [INFO] 2026-07-17 07:52:25,298 - 283 - WARNING - WARNING_OP_VERSION_NOT_SUPPORTED: Operation Reciprocal Not Supported. Expected operator version: [1, 6], instead got version: [13]
[2026-07-17T07:52:25.309+00:00] [INFO] 2026-07-17 07:52:25,309 - 283 - WARNING - WARNING_OP_VERSION_NOT_SUPPORTED: Operation Reciprocal Not Supported. Expected operator version: [1, 6], instead got version: [13]
[2026-07-17T07:52:25.324+00:00] [INFO] 2026-07-17 07:52:25,323 - 283 - WARNING - WARNING_OP_VERSION_NOT_SUPPORTED: Operation Reciprocal Not Supported. Expected operator version: [1, 6], instead got version: [13]
[2026-07-17T07:52:25.329+00:00] [INFO] 2026-07-17 07:52:25,329 - 283 - WARNING - WARNING_OP_VERSION_NOT_SUPPORTED: Operation Reciprocal Not Supported. Expected operator version: [1, 6], instead got version: [13]
[2026-07-17T07:52:25.358+00:00] [INFO] 2026-07-17 07:52:25,358 - 283 - WARNING - WARNING_OP_VERSION_NOT_SUPPORTED: Operation Reciprocal Not Supported. Expected operator version: [1, 6], instead got version: [13]
[2026-07-17T07:52:25.371+00:00] [INFO] 2026-07-17 07:52:25,371 - 283 - WARNING - WARNING_OP_VERSION_NOT_SUPPORTED: Operation Reciprocal Not Supported. Expected operator version: [1, 6], instead got version: [13]
[2026-07-17T07:52:25.374+00:00] [INFO] 2026-07-17 07:52:25,374 - 283 - WARNING - GEMM operation is not supported in the general case, attempting to interpret as FC
[2026-07-17T07:52:25.384+00:00] [INFO] 2026-07-17 07:52:25,384 - 283 - WARNING - WARNING_OP_VERSION_NOT_SUPPORTED: Operation Reciprocal Not Supported. Expected operator version: [1, 6], instead got version: [13]
[2026-07-17T07:52:25.399+00:00] [INFO] 2026-07-17 07:52:25,399 - 283 - WARNING - WARNING_OP_VERSION_NOT_SUPPORTED: Operation Reciprocal Not Supported. Expected operator version: [1, 6], instead got version: [13]
[2026-07-17T07:52:25.404+00:00] [INFO] 2026-07-17 07:52:25,404 - 283 - WARNING - WARNING_OP_VERSION_NOT_SUPPORTED: Operation Reciprocal Not Supported. Expected operator version: [1, 6], instead got version: [13]
[2026-07-17T07:52:25.447+00:00] [INFO] 2026-07-17 07:52:25,447 - 283 - WARNING - WARNING_OP_VERSION_NOT_SUPPORTED: Operation Reciprocal Not Supported. Expected operator version: [1, 6], instead got version: [13]
[2026-07-17T07:52:25.458+00:00] [INFO] 2026-07-17 07:52:25,458 - 283 - WARNING - WARNING_OP_VERSION_NOT_SUPPORTED: Operation Reciprocal Not Supported. Expected operator version: [1, 6], instead got version: [13]
[2026-07-17T07:52:25.472+00:00] [INFO] 2026-07-17 07:52:25,472 - 283 - WARNING - WARNING_OP_VERSION_NOT_SUPPORTED: Operation Reciprocal Not Supported. Expected operator version: [1, 6], instead got version: [13]
[2026-07-17T07:52:25.478+00:00] [INFO] 2026-07-17 07:52:25,478 - 283 - WARNING - WARNING_OP_VERSION_NOT_SUPPORTED: Operation Reciprocal Not Supported. Expected operator version: [1, 6], instead got version: [13]
[2026-07-17T07:52:25.520+00:00] [INFO] 2026-07-17 07:52:25,520 - 283 - WARNING - WARNING_OP_VERSION_NOT_SUPPORTED: Operation Reciprocal Not Supported. Expected operator version: [1, 6], instead got version: [13]
[2026-07-17T07:52:25.531+00:00] [INFO] 2026-07-17 07:52:25,531 - 283 - WARNING - WARNING_OP_VERSION_NOT_SUPPORTED: Operation Reciprocal Not Supported. Expected operator version: [1, 6], instead got version: [13]
[2026-07-17T07:52:25.546+00:00] [INFO] 2026-07-17 07:52:25,546 - 283 - WARNING - WARNING_OP_VERSION_NOT_SUPPORTED: Operation Reciprocal Not Supported. Expected operator version: [1, 6], instead got version: [13]
[2026-07-17T07:52:25.551+00:00] [INFO] 2026-07-17 07:52:25,551 - 283 - WARNING - WARNING_OP_VERSION_NOT_SUPPORTED: Operation Reciprocal Not Supported. Expected operator version: [1, 6], instead got version: [13]
[2026-07-17T07:52:25.594+00:00] [INFO] 2026-07-17 07:52:25,594 - 283 - WARNING - WARNING_OP_VERSION_NOT_SUPPORTED: Operation Reciprocal Not Supported. Expected operator version: [1, 6], instead got version: [13]
[2026-07-17T07:52:25.604+00:00] [INFO] 2026-07-17 07:52:25,604 - 283 - WARNING - WARNING_OP_VERSION_NOT_SUPPORTED: Operation Reciprocal Not Supported. Expected operator version: [1, 6], instead got version: [13]
[2026-07-17T07:52:25.619+00:00] [INFO] 2026-07-17 07:52:25,619 - 283 - WARNING - WARNING_OP_VERSION_NOT_SUPPORTED: Operation Reciprocal Not Supported. Expected operator version: [1, 6], instead got version: [13]
[2026-07-17T07:52:25.624+00:00] [INFO] 2026-07-17 07:52:25,624 - 283 - WARNING - WARNING_OP_VERSION_NOT_SUPPORTED: Operation Reciprocal Not Supported. Expected operator version: [1, 6], instead got version: [13]
[2026-07-17T07:52:25.667+00:00] [INFO] 2026-07-17 07:52:25,667 - 283 - WARNING - WARNING_OP_VERSION_NOT_SUPPORTED: Operation Reciprocal Not Supported. Expected operator version: [1, 6], instead got version: [13]
[2026-07-17T07:52:25.677+00:00] [INFO] 2026-07-17 07:52:25,677 - 283 - WARNING - WARNING_OP_VERSION_NOT_SUPPORTED: Operation Reciprocal Not Supported. Expected operator version: [1, 6], instead got version: [13]
[2026-07-17T07:52:25.692+00:00] [INFO] 2026-07-17 07:52:25,692 - 283 - WARNING - WARNING_OP_VERSION_NOT_SUPPORTED: Operation Reciprocal Not Supported. Expected operator version: [1, 6], instead got version: [13]
[2026-07-17T07:52:25.698+00:00] [INFO] 2026-07-17 07:52:25,697 - 283 - WARNING - WARNING_OP_VERSION_NOT_SUPPORTED: Operation Reciprocal Not Supported. Expected operator version: [1, 6], instead got version: [13]
[2026-07-17T07:52:25.740+00:00] [INFO] 2026-07-17 07:52:25,740 - 283 - WARNING - WARNING_OP_VERSION_NOT_SUPPORTED: Operation Reciprocal Not Supported. Expected operator version: [1, 6], instead got version: [13]
[2026-07-17T07:52:25.751+00:00] [INFO] 2026-07-17 07:52:25,751 - 283 - WARNING - WARNING_OP_VERSION_NOT_SUPPORTED: Operation Reciprocal Not Supported. Expected operator version: [1, 6], instead got version: [13]
[2026-07-17T07:52:25.765+00:00] [INFO] 2026-07-17 07:52:25,765 - 283 - WARNING - WARNING_OP_VERSION_NOT_SUPPORTED: Operation Reciprocal Not Supported. Expected operator version: [1, 6], instead got version: [13]
[2026-07-17T07:52:25.771+00:00] [INFO] 2026-07-17 07:52:25,771 - 283 - WARNING - WARNING_OP_VERSION_NOT_SUPPORTED: Operation Reciprocal Not Supported. Expected operator version: [1, 6], instead got version: [13]
[2026-07-17T07:52:25.813+00:00] [INFO] 2026-07-17 07:52:25,813 - 283 - WARNING - WARNING_OP_VERSION_NOT_SUPPORTED: Operation Reciprocal Not Supported. Expected operator version: [1, 6], instead got version: [13]
[2026-07-17T07:52:25.826+00:00] [INFO] 2026-07-17 07:52:25,826 - 283 - WARNING - WARNING_OP_VERSION_NOT_SUPPORTED: Operation Reciprocal Not Supported. Expected operator version: [1, 6], instead got version: [13]
[2026-07-17T07:52:25.828+00:00] [INFO] 2026-07-17 07:52:25,828 - 283 - WARNING - GEMM operation is not supported in the general case, attempting to interpret as FC
[2026-07-17T07:52:25.839+00:00] [INFO] 2026-07-17 07:52:25,839 - 283 - WARNING - WARNING_OP_VERSION_NOT_SUPPORTED: Operation Reciprocal Not Supported. Expected operator version: [1, 6], instead got version: [13]
[2026-07-17T07:52:25.854+00:00] [INFO] 2026-07-17 07:52:25,853 - 283 - WARNING - WARNING_OP_VERSION_NOT_SUPPORTED: Operation Reciprocal Not Supported. Expected operator version: [1, 6], instead got version: [13]
[2026-07-17T07:52:25.860+00:00] [INFO] 2026-07-17 07:52:25,860 - 283 - WARNING - WARNING_OP_VERSION_NOT_SUPPORTED: Operation Reciprocal Not Supported. Expected operator version: [1, 6], instead got version: [13]
[2026-07-17T07:52:25.904+00:00] [INFO] 2026-07-17 07:52:25,903 - 283 - WARNING - WARNING_OP_VERSION_NOT_SUPPORTED: Operation Reciprocal Not Supported. Expected operator version: [1, 6], instead got version: [13]
[2026-07-17T07:52:25.914+00:00] [INFO] 2026-07-17 07:52:25,914 - 283 - WARNING - WARNING_OP_VERSION_NOT_SUPPORTED: Operation Reciprocal Not Supported. Expected operator version: [1, 6], instead got version: [13]
[2026-07-17T07:52:25.929+00:00] [INFO] 2026-07-17 07:52:25,929 - 283 - WARNING - WARNING_OP_VERSION_NOT_SUPPORTED: Operation Reciprocal Not Supported. Expected operator version: [1, 6], instead got version: [13]
[2026-07-17T07:52:25.934+00:00] [INFO] 2026-07-17 07:52:25,934 - 283 - WARNING - WARNING_OP_VERSION_NOT_SUPPORTED: Operation Reciprocal Not Supported. Expected operator version: [1, 6], instead got version: [13]
[2026-07-17T07:52:25.977+00:00] [INFO] 2026-07-17 07:52:25,977 - 283 - WARNING - WARNING_OP_VERSION_NOT_SUPPORTED: Operation Reciprocal Not Supported. Expected operator version: [1, 6], instead got version: [13]
[2026-07-17T07:52:25.988+00:00] [INFO] 2026-07-17 07:52:25,988 - 283 - WARNING - WARNING_OP_VERSION_NOT_SUPPORTED: Operation Reciprocal Not Supported. Expected operator version: [1, 6], instead got version: [13]
[2026-07-17T07:52:26.002+00:00] [INFO] 2026-07-17 07:52:26,002 - 283 - WARNING - WARNING_OP_VERSION_NOT_SUPPORTED: Operation Reciprocal Not Supported. Expected operator version: [1, 6], instead got version: [13]
[2026-07-17T07:52:26.008+00:00] [INFO] 2026-07-17 07:52:26,008 - 283 - WARNING - WARNING_OP_VERSION_NOT_SUPPORTED: Operation Reciprocal Not Supported. Expected operator version: [1, 6], instead got version: [13]
[2026-07-17T07:52:26.050+00:00] [INFO] 2026-07-17 07:52:26,050 - 283 - WARNING - WARNING_OP_VERSION_NOT_SUPPORTED: Operation Reciprocal Not Supported. Expected operator version: [1, 6], instead got version: [13]
[2026-07-17T07:52:26.061+00:00] [INFO] 2026-07-17 07:52:26,061 - 283 - WARNING - WARNING_OP_VERSION_NOT_SUPPORTED: Operation Reciprocal Not Supported. Expected operator version: [1, 6], instead got version: [13]
[2026-07-17T07:52:26.076+00:00] [INFO] 2026-07-17 07:52:26,076 - 283 - WARNING - WARNING_OP_VERSION_NOT_SUPPORTED: Operation Reciprocal Not Supported. Expected operator version: [1, 6], instead got version: [13]
[2026-07-17T07:52:26.082+00:00] [INFO] 2026-07-17 07:52:26,082 - 283 - WARNING - WARNING_OP_VERSION_NOT_SUPPORTED: Operation Reciprocal Not Supported. Expected operator version: [1, 6], instead got version: [13]
[2026-07-17T07:52:26.124+00:00] [INFO] 2026-07-17 07:52:26,124 - 283 - WARNING - WARNING_OP_VERSION_NOT_SUPPORTED: Operation Reciprocal Not Supported. Expected operator version: [1, 6], instead got version: [13]
[2026-07-17T07:52:26.135+00:00] [INFO] 2026-07-17 07:52:26,135 - 283 - WARNING - WARNING_OP_VERSION_NOT_SUPPORTED: Operation Reciprocal Not Supported. Expected operator version: [1, 6], instead got version: [13]
[2026-07-17T07:52:26.150+00:00] [INFO] 2026-07-17 07:52:26,149 - 283 - WARNING - WARNING_OP_VERSION_NOT_SUPPORTED: Operation Reciprocal Not Supported. Expected operator version: [1, 6], instead got version: [13]
[2026-07-17T07:52:26.155+00:00] [INFO] 2026-07-17 07:52:26,155 - 283 - WARNING - WARNING_OP_VERSION_NOT_SUPPORTED: Operation Reciprocal Not Supported. Expected operator version: [1, 6], instead got version: [13]
[2026-07-17T07:52:26.198+00:00] [INFO] 2026-07-17 07:52:26,198 - 283 - WARNING - WARNING_OP_VERSION_NOT_SUPPORTED: Operation Reciprocal Not Supported. Expected operator version: [1, 6], instead got version: [13]
[2026-07-17T07:52:26.209+00:00] [INFO] 2026-07-17 07:52:26,209 - 283 - WARNING - WARNING_OP_VERSION_NOT_SUPPORTED: Operation Reciprocal Not Supported. Expected operator version: [1, 6], instead got version: [13]
[2026-07-17T07:52:26.224+00:00] [INFO] 2026-07-17 07:52:26,224 - 283 - WARNING - WARNING_OP_VERSION_NOT_SUPPORTED: Operation Reciprocal Not Supported. Expected operator version: [1, 6], instead got version: [13]
[2026-07-17T07:52:26.230+00:00] [INFO] 2026-07-17 07:52:26,229 - 283 - WARNING - WARNING_OP_VERSION_NOT_SUPPORTED: Operation Reciprocal Not Supported. Expected operator version: [1, 6], instead got version: [13]
[2026-07-17T07:52:26.272+00:00] [INFO] 2026-07-17 07:52:26,272 - 283 - WARNING - WARNING_OP_VERSION_NOT_SUPPORTED: Operation Reciprocal Not Supported. Expected operator version: [1, 6], instead got version: [13]
[2026-07-17T07:52:26.285+00:00] [INFO] 2026-07-17 07:52:26,285 - 283 - WARNING - WARNING_OP_VERSION_NOT_SUPPORTED: Operation Reciprocal Not Supported. Expected operator version: [1, 6], instead got version: [13]
[2026-07-17T07:52:26.288+00:00] [INFO] 2026-07-17 07:52:26,288 - 283 - WARNING - GEMM operation is not supported in the general case, attempting to interpret as FC
[2026-07-17T07:52:26.298+00:00] [INFO] 2026-07-17 07:52:26,298 - 283 - WARNING - WARNING_OP_VERSION_NOT_SUPPORTED: Operation Reciprocal Not Supported. Expected operator version: [1, 6], instead got version: [13]
[2026-07-17T07:52:26.313+00:00] [INFO] 2026-07-17 07:52:26,313 - 283 - WARNING - WARNING_OP_VERSION_NOT_SUPPORTED: Operation Reciprocal Not Supported. Expected operator version: [1, 6], instead got version: [13]
[2026-07-17T07:52:26.319+00:00] [INFO] 2026-07-17 07:52:26,319 - 283 - WARNING - WARNING_OP_VERSION_NOT_SUPPORTED: Operation Reciprocal Not Supported. Expected operator version: [1, 6], instead got version: [13]
[2026-07-17T07:52:26.362+00:00] [INFO] 2026-07-17 07:52:26,362 - 283 - WARNING - WARNING_OP_VERSION_NOT_SUPPORTED: Operation Reciprocal Not Supported. Expected operator version: [1, 6], instead got version: [13]
[2026-07-17T07:52:26.373+00:00] [INFO] 2026-07-17 07:52:26,373 - 283 - WARNING - WARNING_OP_VERSION_NOT_SUPPORTED: Operation Reciprocal Not Supported. Expected operator version: [1, 6], instead got version: [13]
[2026-07-17T07:52:26.388+00:00] [INFO] 2026-07-17 07:52:26,388 - 283 - WARNING - WARNING_OP_VERSION_NOT_SUPPORTED: Operation Reciprocal Not Supported. Expected operator version: [1, 6], instead got version: [13]
[2026-07-17T07:52:26.394+00:00] [INFO] 2026-07-17 07:52:26,394 - 283 - WARNING - WARNING_OP_VERSION_NOT_SUPPORTED: Operation Reciprocal Not Supported. Expected operator version: [1, 6], instead got version: [13]
[2026-07-17T07:52:26.437+00:00] [INFO] 2026-07-17 07:52:26,436 - 283 - WARNING - WARNING_OP_VERSION_NOT_SUPPORTED: Operation Reciprocal Not Supported. Expected operator version: [1, 6], instead got version: [13]
[2026-07-17T07:52:26.447+00:00] [INFO] 2026-07-17 07:52:26,447 - 283 - WARNING - WARNING_OP_VERSION_NOT_SUPPORTED: Operation Reciprocal Not Supported. Expected operator version: [1, 6], instead got version: [13]
[2026-07-17T07:52:26.462+00:00] [INFO] 2026-07-17 07:52:26,462 - 283 - WARNING - WARNING_OP_VERSION_NOT_SUPPORTED: Operation Reciprocal Not Supported. Expected operator version: [1, 6], instead got version: [13]
[2026-07-17T07:52:26.468+00:00] [INFO] 2026-07-17 07:52:26,468 - 283 - WARNING - WARNING_OP_VERSION_NOT_SUPPORTED: Operation Reciprocal Not Supported. Expected operator version: [1, 6], instead got version: [13]
[2026-07-17T07:52:26.511+00:00] [INFO] 2026-07-17 07:52:26,511 - 283 - WARNING - WARNING_OP_VERSION_NOT_SUPPORTED: Operation Reciprocal Not Supported. Expected operator version: [1, 6], instead got version: [13]
[2026-07-17T07:52:26.522+00:00] [INFO] 2026-07-17 07:52:26,522 - 283 - WARNING - WARNING_OP_VERSION_NOT_SUPPORTED: Operation Reciprocal Not Supported. Expected operator version: [1, 6], instead got version: [13]
[2026-07-17T07:52:26.537+00:00] [INFO] 2026-07-17 07:52:26,537 - 283 - WARNING - WARNING_OP_VERSION_NOT_SUPPORTED: Operation Reciprocal Not Supported. Expected operator version: [1, 6], instead got version: [13]
[2026-07-17T07:52:26.543+00:00] [INFO] 2026-07-17 07:52:26,543 - 283 - WARNING - WARNING_OP_VERSION_NOT_SUPPORTED: Operation Reciprocal Not Supported. Expected operator version: [1, 6], instead got version: [13]
[2026-07-17T07:52:26.586+00:00] [INFO] 2026-07-17 07:52:26,586 - 283 - WARNING - WARNING_OP_VERSION_NOT_SUPPORTED: Operation Reciprocal Not Supported. Expected operator version: [1, 6], instead got version: [13]
[2026-07-17T07:52:26.597+00:00] [INFO] 2026-07-17 07:52:26,597 - 283 - WARNING - WARNING_OP_VERSION_NOT_SUPPORTED: Operation Reciprocal Not Supported. Expected operator version: [1, 6], instead got version: [13]
[2026-07-17T07:52:26.612+00:00] [INFO] 2026-07-17 07:52:26,612 - 283 - WARNING - WARNING_OP_VERSION_NOT_SUPPORTED: Operation Reciprocal Not Supported. Expected operator version: [1, 6], instead got version: [13]
[2026-07-17T07:52:26.618+00:00] [INFO] 2026-07-17 07:52:26,618 - 283 - WARNING - WARNING_OP_VERSION_NOT_SUPPORTED: Operation Reciprocal Not Supported. Expected operator version: [1, 6], instead got version: [13]
[2026-07-17T07:52:26.661+00:00] [INFO] 2026-07-17 07:52:26,661 - 283 - WARNING - WARNING_OP_VERSION_NOT_SUPPORTED: Operation Reciprocal Not Supported. Expected operator version: [1, 6], instead got version: [13]
[2026-07-17T07:52:26.672+00:00] [INFO] 2026-07-17 07:52:26,672 - 283 - WARNING - WARNING_OP_VERSION_NOT_SUPPORTED: Operation Reciprocal Not Supported. Expected operator version: [1, 6], instead got version: [13]
[2026-07-17T07:52:26.687+00:00] [INFO] 2026-07-17 07:52:26,687 - 283 - WARNING - WARNING_OP_VERSION_NOT_SUPPORTED: Operation Reciprocal Not Supported. Expected operator version: [1, 6], instead got version: [13]
[2026-07-17T07:52:26.693+00:00] [INFO] 2026-07-17 07:52:26,693 - 283 - WARNING - WARNING_OP_VERSION_NOT_SUPPORTED: Operation Reciprocal Not Supported. Expected operator version: [1, 6], instead got version: [13]
[2026-07-17T07:52:26.736+00:00] [INFO] 2026-07-17 07:52:26,736 - 283 - WARNING - WARNING_OP_VERSION_NOT_SUPPORTED: Operation Reciprocal Not Supported. Expected operator version: [1, 6], instead got version: [13]
[2026-07-17T07:52:26.749+00:00] [INFO] 2026-07-17 07:52:26,749 - 283 - WARNING - WARNING_OP_VERSION_NOT_SUPPORTED: Operation Reciprocal Not Supported. Expected operator version: [1, 6], instead got version: [13]
[2026-07-17T07:52:26.752+00:00] [INFO] 2026-07-17 07:52:26,752 - 283 - WARNING - GEMM operation is not supported in the general case, attempting to interpret as FC
[2026-07-17T07:52:26.762+00:00] [INFO] 2026-07-17 07:52:26,762 - 283 - WARNING - WARNING_OP_VERSION_NOT_SUPPORTED: Operation Reciprocal Not Supported. Expected operator version: [1, 6], instead got version: [13]
[2026-07-17T07:52:26.777+00:00] [INFO] 2026-07-17 07:52:26,777 - 283 - WARNING - WARNING_OP_VERSION_NOT_SUPPORTED: Operation Reciprocal Not Supported. Expected operator version: [1, 6], instead got version: [13]
[2026-07-17T07:52:26.783+00:00] [INFO] 2026-07-17 07:52:26,783 - 283 - WARNING - WARNING_OP_VERSION_NOT_SUPPORTED: Operation Reciprocal Not Supported. Expected operator version: [1, 6], instead got version: [13]
[2026-07-17T07:52:26.827+00:00] [INFO] 2026-07-17 07:52:26,827 - 283 - WARNING - WARNING_OP_VERSION_NOT_SUPPORTED: Operation Reciprocal Not Supported. Expected operator version: [1, 6], instead got version: [13]
[2026-07-17T07:52:26.839+00:00] [INFO] 2026-07-17 07:52:26,839 - 283 - WARNING - WARNING_OP_VERSION_NOT_SUPPORTED: Operation Reciprocal Not Supported. Expected operator version: [1, 6], instead got version: [13]
[2026-07-17T07:52:26.854+00:00] [INFO] 2026-07-17 07:52:26,854 - 283 - WARNING - WARNING_OP_VERSION_NOT_SUPPORTED: Operation Reciprocal Not Supported. Expected operator version: [1, 6], instead got version: [13]
[2026-07-17T07:52:26.860+00:00] [INFO] 2026-07-17 07:52:26,860 - 283 - WARNING - WARNING_OP_VERSION_NOT_SUPPORTED: Operation Reciprocal Not Supported. Expected operator version: [1, 6], instead got version: [13]
[2026-07-17T07:52:26.904+00:00] [INFO] 2026-07-17 07:52:26,904 - 283 - WARNING - WARNING_OP_VERSION_NOT_SUPPORTED: Operation Reciprocal Not Supported. Expected operator version: [1, 6], instead got version: [13]
[2026-07-17T07:52:26.941+00:00] [INFO] 2026-07-17 07:52:26,941 - 283 - WARNING - WARNING_OP_VERSION_NOT_SUPPORTED: Operation Reciprocal Not Supported. Expected operator version: [1, 6], instead got version: [13]
[2026-07-17T07:52:26.959+00:00] [INFO] 2026-07-17 07:52:26,958 - 283 - WARNING - WARNING_OP_VERSION_NOT_SUPPORTED: Operation Reciprocal Not Supported. Expected operator version: [1, 6], instead got version: [13]
[2026-07-17T07:52:26.965+00:00] [INFO] 2026-07-17 07:52:26,964 - 283 - WARNING - WARNING_OP_VERSION_NOT_SUPPORTED: Operation Reciprocal Not Supported. Expected operator version: [1, 6], instead got version: [13]
[2026-07-17T07:52:27.009+00:00] [INFO] 2026-07-17 07:52:27,009 - 283 - WARNING - WARNING_OP_VERSION_NOT_SUPPORTED: Operation Reciprocal Not Supported. Expected operator version: [1, 6], instead got version: [13]
[2026-07-17T07:52:27.021+00:00] [INFO] 2026-07-17 07:52:27,021 - 283 - WARNING - WARNING_OP_VERSION_NOT_SUPPORTED: Operation Reciprocal Not Supported. Expected operator version: [1, 6], instead got version: [13]
[2026-07-17T07:52:27.036+00:00] [INFO] 2026-07-17 07:52:27,036 - 283 - WARNING - WARNING_OP_VERSION_NOT_SUPPORTED: Operation Reciprocal Not Supported. Expected operator version: [1, 6], instead got version: [13]
[2026-07-17T07:52:27.042+00:00] [INFO] 2026-07-17 07:52:27,042 - 283 - WARNING - WARNING_OP_VERSION_NOT_SUPPORTED: Operation Reciprocal Not Supported. Expected operator version: [1, 6], instead got version: [13]
[2026-07-17T07:52:27.086+00:00] [INFO] 2026-07-17 07:52:27,086 - 283 - WARNING - WARNING_OP_VERSION_NOT_SUPPORTED: Operation Reciprocal Not Supported. Expected operator version: [1, 6], instead got version: [13]
[2026-07-17T07:52:27.097+00:00] [INFO] 2026-07-17 07:52:27,097 - 283 - WARNING - WARNING_OP_VERSION_NOT_SUPPORTED: Operation Reciprocal Not Supported. Expected operator version: [1, 6], instead got version: [13]
[2026-07-17T07:52:27.112+00:00] [INFO] 2026-07-17 07:52:27,112 - 283 - WARNING - WARNING_OP_VERSION_NOT_SUPPORTED: Operation Reciprocal Not Supported. Expected operator version: [1, 6], instead got version: [13]
[2026-07-17T07:52:27.118+00:00] [INFO] 2026-07-17 07:52:27,117 - 283 - WARNING - WARNING_OP_VERSION_NOT_SUPPORTED: Operation Reciprocal Not Supported. Expected operator version: [1, 6], instead got version: [13]
[2026-07-17T07:52:27.162+00:00] [INFO] 2026-07-17 07:52:27,162 - 283 - WARNING - WARNING_OP_VERSION_NOT_SUPPORTED: Operation Reciprocal Not Supported. Expected operator version: [1, 6], instead got version: [13]
[2026-07-17T07:52:27.173+00:00] [INFO] 2026-07-17 07:52:27,173 - 283 - WARNING - WARNING_OP_VERSION_NOT_SUPPORTED: Operation Reciprocal Not Supported. Expected operator version: [1, 6], instead got version: [13]
[2026-07-17T07:52:27.188+00:00] [INFO] 2026-07-17 07:52:27,188 - 283 - WARNING - WARNING_OP_VERSION_NOT_SUPPORTED: Operation Reciprocal Not Supported. Expected operator version: [1, 6], instead got version: [13]
[2026-07-17T07:52:27.194+00:00] [INFO] 2026-07-17 07:52:27,194 - 283 - WARNING - WARNING_OP_VERSION_NOT_SUPPORTED: Operation Reciprocal Not Supported. Expected operator version: [1, 6], instead got version: [13]
[2026-07-17T07:52:27.239+00:00] [INFO] 2026-07-17 07:52:27,239 - 283 - WARNING - WARNING_OP_VERSION_NOT_SUPPORTED: Operation Reciprocal Not Supported. Expected operator version: [1, 6], instead got version: [13]
[2026-07-17T07:52:27.252+00:00] [INFO] 2026-07-17 07:52:27,252 - 283 - WARNING - WARNING_OP_VERSION_NOT_SUPPORTED: Operation Reciprocal Not Supported. Expected operator version: [1, 6], instead got version: [13]
[2026-07-17T07:52:27.255+00:00] [INFO] 2026-07-17 07:52:27,255 - 283 - WARNING - GEMM operation is not supported in the general case, attempting to interpret as FC
[2026-07-17T07:52:27.266+00:00] [INFO] 2026-07-17 07:52:27,266 - 283 - WARNING - WARNING_OP_VERSION_NOT_SUPPORTED: Operation Reciprocal Not Supported. Expected operator version: [1, 6], instead got version: [13]
[2026-07-17T07:52:27.281+00:00] [INFO] 2026-07-17 07:52:27,281 - 283 - WARNING - WARNING_OP_VERSION_NOT_SUPPORTED: Operation Reciprocal Not Supported. Expected operator version: [1, 6], instead got version: [13]
[2026-07-17T07:52:27.287+00:00] [INFO] 2026-07-17 07:52:27,287 - 283 - WARNING - WARNING_OP_VERSION_NOT_SUPPORTED: Operation Reciprocal Not Supported. Expected operator version: [1, 6], instead got version: [13]
[2026-07-17T07:52:27.332+00:00] [INFO] 2026-07-17 07:52:27,332 - 283 - WARNING - WARNING_OP_VERSION_NOT_SUPPORTED: Operation Reciprocal Not Supported. Expected operator version: [1, 6], instead got version: [13]
[2026-07-17T07:52:27.344+00:00] [INFO] 2026-07-17 07:52:27,343 - 283 - WARNING - WARNING_OP_VERSION_NOT_SUPPORTED: Operation Reciprocal Not Supported. Expected operator version: [1, 6], instead got version: [13]
[2026-07-17T07:52:27.359+00:00] [INFO] 2026-07-17 07:52:27,358 - 283 - WARNING - WARNING_OP_VERSION_NOT_SUPPORTED: Operation Reciprocal Not Supported. Expected operator version: [1, 6], instead got version: [13]
[2026-07-17T07:52:27.365+00:00] [INFO] 2026-07-17 07:52:27,364 - 283 - WARNING - WARNING_OP_VERSION_NOT_SUPPORTED: Operation Reciprocal Not Supported. Expected operator version: [1, 6], instead got version: [13]
[2026-07-17T07:52:27.409+00:00] [INFO] 2026-07-17 07:52:27,409 - 283 - WARNING - WARNING_OP_VERSION_NOT_SUPPORTED: Operation Reciprocal Not Supported. Expected operator version: [1, 6], instead got version: [13]
[2026-07-17T07:52:27.421+00:00] [INFO] 2026-07-17 07:52:27,421 - 283 - WARNING - WARNING_OP_VERSION_NOT_SUPPORTED: Operation Reciprocal Not Supported. Expected operator version: [1, 6], instead got version: [13]
[2026-07-17T07:52:27.436+00:00] [INFO] 2026-07-17 07:52:27,436 - 283 - WARNING - WARNING_OP_VERSION_NOT_SUPPORTED: Operation Reciprocal Not Supported. Expected operator version: [1, 6], instead got version: [13]
[2026-07-17T07:52:27.442+00:00] [INFO] 2026-07-17 07:52:27,442 - 283 - WARNING - WARNING_OP_VERSION_NOT_SUPPORTED: Operation Reciprocal Not Supported. Expected operator version: [1, 6], instead got version: [13]
[2026-07-17T07:52:27.486+00:00] [INFO] 2026-07-17 07:52:27,486 - 283 - WARNING - WARNING_OP_VERSION_NOT_SUPPORTED: Operation Reciprocal Not Supported. Expected operator version: [1, 6], instead got version: [13]
[2026-07-17T07:52:27.498+00:00] [INFO] 2026-07-17 07:52:27,498 - 283 - WARNING - WARNING_OP_VERSION_NOT_SUPPORTED: Operation Reciprocal Not Supported. Expected operator version: [1, 6], instead got version: [13]
[2026-07-17T07:52:27.513+00:00] [INFO] 2026-07-17 07:52:27,513 - 283 - WARNING - WARNING_OP_VERSION_NOT_SUPPORTED: Operation Reciprocal Not Supported. Expected operator version: [1, 6], instead got version: [13]
[2026-07-17T07:52:27.519+00:00] [INFO] 2026-07-17 07:52:27,519 - 283 - WARNING - WARNING_OP_VERSION_NOT_SUPPORTED: Operation Reciprocal Not Supported. Expected operator version: [1, 6], instead got version: [13]
[2026-07-17T07:52:27.564+00:00] [INFO] 2026-07-17 07:52:27,564 - 283 - WARNING - WARNING_OP_VERSION_NOT_SUPPORTED: Operation Reciprocal Not Supported. Expected operator version: [1, 6], instead got version: [13]
[2026-07-17T07:52:27.575+00:00] [INFO] 2026-07-17 07:52:27,575 - 283 - WARNING - WARNING_OP_VERSION_NOT_SUPPORTED: Operation Reciprocal Not Supported. Expected operator version: [1, 6], instead got version: [13]
[2026-07-17T07:52:27.590+00:00] [INFO] 2026-07-17 07:52:27,590 - 283 - WARNING - WARNING_OP_VERSION_NOT_SUPPORTED: Operation Reciprocal Not Supported. Expected operator version: [1, 6], instead got version: [13]
[2026-07-17T07:52:27.596+00:00] [INFO] 2026-07-17 07:52:27,596 - 283 - WARNING - WARNING_OP_VERSION_NOT_SUPPORTED: Operation Reciprocal Not Supported. Expected operator version: [1, 6], instead got version: [13]
[2026-07-17T07:52:27.641+00:00] [INFO] 2026-07-17 07:52:27,641 - 283 - WARNING - WARNING_OP_VERSION_NOT_SUPPORTED: Operation Reciprocal Not Supported. Expected operator version: [1, 6], instead got version: [13]
[2026-07-17T07:52:27.653+00:00] [INFO] 2026-07-17 07:52:27,653 - 283 - WARNING - WARNING_OP_VERSION_NOT_SUPPORTED: Operation Reciprocal Not Supported. Expected operator version: [1, 6], instead got version: [13]
[2026-07-17T07:52:27.668+00:00] [INFO] 2026-07-17 07:52:27,667 - 283 - WARNING - WARNING_OP_VERSION_NOT_SUPPORTED: Operation Reciprocal Not Supported. Expected operator version: [1, 6], instead got version: [13]
[2026-07-17T07:52:27.673+00:00] [INFO] 2026-07-17 07:52:27,673 - 283 - WARNING - WARNING_OP_VERSION_NOT_SUPPORTED: Operation Reciprocal Not Supported. Expected operator version: [1, 6], instead got version: [13]
[2026-07-17T07:52:27.718+00:00] [INFO] 2026-07-17 07:52:27,718 - 283 - WARNING - WARNING_OP_VERSION_NOT_SUPPORTED: Operation Reciprocal Not Supported. Expected operator version: [1, 6], instead got version: [13]
[2026-07-17T07:52:27.732+00:00] [INFO] 2026-07-17 07:52:27,732 - 283 - WARNING - WARNING_OP_VERSION_NOT_SUPPORTED: Operation Reciprocal Not Supported. Expected operator version: [1, 6], instead got version: [13]
[2026-07-17T07:52:27.734+00:00] [INFO] 2026-07-17 07:52:27,734 - 283 - WARNING - GEMM operation is not supported in the general case, attempting to interpret as FC
[2026-07-17T07:52:27.745+00:00] [INFO] 2026-07-17 07:52:27,745 - 283 - WARNING - WARNING_OP_VERSION_NOT_SUPPORTED: Operation Reciprocal Not Supported. Expected operator version: [1, 6], instead got version: [13]
[2026-07-17T07:52:27.760+00:00] [INFO] 2026-07-17 07:52:27,760 - 283 - WARNING - WARNING_OP_VERSION_NOT_SUPPORTED: Operation Reciprocal Not Supported. Expected operator version: [1, 6], instead got version: [13]
[2026-07-17T07:52:27.766+00:00] [INFO] 2026-07-17 07:52:27,766 - 283 - WARNING - WARNING_OP_VERSION_NOT_SUPPORTED: Operation Reciprocal Not Supported. Expected operator version: [1, 6], instead got version: [13]
[2026-07-17T07:52:27.812+00:00] [INFO] 2026-07-17 07:52:27,812 - 283 - WARNING - WARNING_OP_VERSION_NOT_SUPPORTED: Operation Reciprocal Not Supported. Expected operator version: [1, 6], instead got version: [13]
[2026-07-17T07:52:27.823+00:00] [INFO] 2026-07-17 07:52:27,823 - 283 - WARNING - WARNING_OP_VERSION_NOT_SUPPORTED: Operation Reciprocal Not Supported. Expected operator version: [1, 6], instead got version: [13]
[2026-07-17T07:52:27.838+00:00] [INFO] 2026-07-17 07:52:27,838 - 283 - WARNING - WARNING_OP_VERSION_NOT_SUPPORTED: Operation Reciprocal Not Supported. Expected operator version: [1, 6], instead got version: [13]
[2026-07-17T07:52:27.844+00:00] [INFO] 2026-07-17 07:52:27,844 - 283 - WARNING - WARNING_OP_VERSION_NOT_SUPPORTED: Operation Reciprocal Not Supported. Expected operator version: [1, 6], instead got version: [13]
[2026-07-17T07:52:27.890+00:00] [INFO] 2026-07-17 07:52:27,889 - 283 - WARNING - WARNING_OP_VERSION_NOT_SUPPORTED: Operation Reciprocal Not Supported. Expected operator version: [1, 6], instead got version: [13]
[2026-07-17T07:52:27.901+00:00] [INFO] 2026-07-17 07:52:27,901 - 283 - WARNING - WARNING_OP_VERSION_NOT_SUPPORTED: Operation Reciprocal Not Supported. Expected operator version: [1, 6], instead got version: [13]
[2026-07-17T07:52:27.916+00:00] [INFO] 2026-07-17 07:52:27,916 - 283 - WARNING - WARNING_OP_VERSION_NOT_SUPPORTED: Operation Reciprocal Not Supported. Expected operator version: [1, 6], instead got version: [13]
[2026-07-17T07:52:27.922+00:00] [INFO] 2026-07-17 07:52:27,922 - 283 - WARNING - WARNING_OP_VERSION_NOT_SUPPORTED: Operation Reciprocal Not Supported. Expected operator version: [1, 6], instead got version: [13]
[2026-07-17T07:52:27.967+00:00] [INFO] 2026-07-17 07:52:27,967 - 283 - WARNING - WARNING_OP_VERSION_NOT_SUPPORTED: Operation Reciprocal Not Supported. Expected operator version: [1, 6], instead got version: [13]
[2026-07-17T07:52:27.978+00:00] [INFO] 2026-07-17 07:52:27,978 - 283 - WARNING - WARNING_OP_VERSION_NOT_SUPPORTED: Operation Reciprocal Not Supported. Expected operator version: [1, 6], instead got version: [13]
[2026-07-17T07:52:27.994+00:00] [INFO] 2026-07-17 07:52:27,994 - 283 - WARNING - WARNING_OP_VERSION_NOT_SUPPORTED: Operation Reciprocal Not Supported. Expected operator version: [1, 6], instead got version: [13]
[2026-07-17T07:52:28.000+00:00] [INFO] 2026-07-17 07:52:28,000 - 283 - WARNING - WARNING_OP_VERSION_NOT_SUPPORTED: Operation Reciprocal Not Supported. Expected operator version: [1, 6], instead got version: [13]
[2026-07-17T07:52:28.045+00:00] [INFO] 2026-07-17 07:52:28,045 - 283 - WARNING - WARNING_OP_VERSION_NOT_SUPPORTED: Operation Reciprocal Not Supported. Expected operator version: [1, 6], instead got version: [13]
[2026-07-17T07:52:28.056+00:00] [INFO] 2026-07-17 07:52:28,056 - 283 - WARNING - WARNING_OP_VERSION_NOT_SUPPORTED: Operation Reciprocal Not Supported. Expected operator version: [1, 6], instead got version: [13]
[2026-07-17T07:52:28.071+00:00] [INFO] 2026-07-17 07:52:28,071 - 283 - WARNING - WARNING_OP_VERSION_NOT_SUPPORTED: Operation Reciprocal Not Supported. Expected operator version: [1, 6], instead got version: [13]
[2026-07-17T07:52:28.077+00:00] [INFO] 2026-07-17 07:52:28,077 - 283 - WARNING - WARNING_OP_VERSION_NOT_SUPPORTED: Operation Reciprocal Not Supported. Expected operator version: [1, 6], instead got version: [13]
[2026-07-17T07:52:28.122+00:00] [INFO] 2026-07-17 07:52:28,122 - 283 - WARNING - WARNING_OP_VERSION_NOT_SUPPORTED: Operation Reciprocal Not Supported. Expected operator version: [1, 6], instead got version: [13]
[2026-07-17T07:52:28.134+00:00] [INFO] 2026-07-17 07:52:28,134 - 283 - WARNING - WARNING_OP_VERSION_NOT_SUPPORTED: Operation Reciprocal Not Supported. Expected operator version: [1, 6], instead got version: [13]
[2026-07-17T07:52:28.149+00:00] [INFO] 2026-07-17 07:52:28,149 - 283 - WARNING - WARNING_OP_VERSION_NOT_SUPPORTED: Operation Reciprocal Not Supported. Expected operator version: [1, 6], instead got version: [13]
[2026-07-17T07:52:28.155+00:00] [INFO] 2026-07-17 07:52:28,155 - 283 - WARNING - WARNING_OP_VERSION_NOT_SUPPORTED: Operation Reciprocal Not Supported. Expected operator version: [1, 6], instead got version: [13]
[2026-07-17T07:52:28.200+00:00] [INFO] 2026-07-17 07:52:28,200 - 283 - WARNING - WARNING_OP_VERSION_NOT_SUPPORTED: Operation Reciprocal Not Supported. Expected operator version: [1, 6], instead got version: [13]
[2026-07-17T07:52:28.213+00:00] [INFO] 2026-07-17 07:52:28,213 - 283 - WARNING - WARNING_OP_VERSION_NOT_SUPPORTED: Operation Reciprocal Not Supported. Expected operator version: [1, 6], instead got version: [13]
[2026-07-17T07:52:28.216+00:00] [INFO] 2026-07-17 07:52:28,216 - 283 - WARNING - GEMM operation is not supported in the general case, attempting to interpret as FC
[2026-07-17T07:52:28.227+00:00] [INFO] 2026-07-17 07:52:28,227 - 283 - WARNING - WARNING_OP_VERSION_NOT_SUPPORTED: Operation Reciprocal Not Supported. Expected operator version: [1, 6], instead got version: [13]
[2026-07-17T07:52:28.242+00:00] [INFO] 2026-07-17 07:52:28,242 - 283 - WARNING - WARNING_OP_VERSION_NOT_SUPPORTED: Operation Reciprocal Not Supported. Expected operator version: [1, 6], instead got version: [13]
[2026-07-17T07:52:28.248+00:00] [INFO] 2026-07-17 07:52:28,248 - 283 - WARNING - WARNING_OP_VERSION_NOT_SUPPORTED: Operation Reciprocal Not Supported. Expected operator version: [1, 6], instead got version: [13]
[2026-07-17T07:52:28.294+00:00] [INFO] 2026-07-17 07:52:28,294 - 283 - WARNING - WARNING_OP_VERSION_NOT_SUPPORTED: Operation Reciprocal Not Supported. Expected operator version: [1, 6], instead got version: [13]
[2026-07-17T07:52:28.306+00:00] [INFO] 2026-07-17 07:52:28,306 - 283 - WARNING - WARNING_OP_VERSION_NOT_SUPPORTED: Operation Reciprocal Not Supported. Expected operator version: [1, 6], instead got version: [13]
[2026-07-17T07:52:28.321+00:00] [INFO] 2026-07-17 07:52:28,321 - 283 - WARNING - WARNING_OP_VERSION_NOT_SUPPORTED: Operation Reciprocal Not Supported. Expected operator version: [1, 6], instead got version: [13]
[2026-07-17T07:52:28.327+00:00] [INFO] 2026-07-17 07:52:28,327 - 283 - WARNING - WARNING_OP_VERSION_NOT_SUPPORTED: Operation Reciprocal Not Supported. Expected operator version: [1, 6], instead got version: [13]
[2026-07-17T07:52:28.373+00:00] [INFO] 2026-07-17 07:52:28,373 - 283 - WARNING - WARNING_OP_VERSION_NOT_SUPPORTED: Operation Reciprocal Not Supported. Expected operator version: [1, 6], instead got version: [13]
[2026-07-17T07:52:28.385+00:00] [INFO] 2026-07-17 07:52:28,385 - 283 - WARNING - WARNING_OP_VERSION_NOT_SUPPORTED: Operation Reciprocal Not Supported. Expected operator version: [1, 6], instead got version: [13]
[2026-07-17T07:52:28.400+00:00] [INFO] 2026-07-17 07:52:28,400 - 283 - WARNING - WARNING_OP_VERSION_NOT_SUPPORTED: Operation Reciprocal Not Supported. Expected operator version: [1, 6], instead got version: [13]
[2026-07-17T07:52:28.406+00:00] [INFO] 2026-07-17 07:52:28,406 - 283 - WARNING - WARNING_OP_VERSION_NOT_SUPPORTED: Operation Reciprocal Not Supported. Expected operator version: [1, 6], instead got version: [13]
[2026-07-17T07:52:28.452+00:00] [INFO] 2026-07-17 07:52:28,452 - 283 - WARNING - WARNING_OP_VERSION_NOT_SUPPORTED: Operation Reciprocal Not Supported. Expected operator version: [1, 6], instead got version: [13]
[2026-07-17T07:52:28.464+00:00] [INFO] 2026-07-17 07:52:28,463 - 283 - WARNING - WARNING_OP_VERSION_NOT_SUPPORTED: Operation Reciprocal Not Supported. Expected operator version: [1, 6], instead got version: [13]
[2026-07-17T07:52:28.479+00:00] [INFO] 2026-07-17 07:52:28,479 - 283 - WARNING - WARNING_OP_VERSION_NOT_SUPPORTED: Operation Reciprocal Not Supported. Expected operator version: [1, 6], instead got version: [13]
[2026-07-17T07:52:28.485+00:00] [INFO] 2026-07-17 07:52:28,485 - 283 - WARNING - WARNING_OP_VERSION_NOT_SUPPORTED: Operation Reciprocal Not Supported. Expected operator version: [1, 6], instead got version: [13]
[2026-07-17T07:52:28.530+00:00] [INFO] 2026-07-17 07:52:28,530 - 283 - WARNING - WARNING_OP_VERSION_NOT_SUPPORTED: Operation Reciprocal Not Supported. Expected operator version: [1, 6], instead got version: [13]
[2026-07-17T07:52:28.542+00:00] [INFO] 2026-07-17 07:52:28,542 - 283 - WARNING - WARNING_OP_VERSION_NOT_SUPPORTED: Operation Reciprocal Not Supported. Expected operator version: [1, 6], instead got version: [13]
[2026-07-17T07:52:28.558+00:00] [INFO] 2026-07-17 07:52:28,557 - 283 - WARNING - WARNING_OP_VERSION_NOT_SUPPORTED: Operation Reciprocal Not Supported. Expected operator version: [1, 6], instead got version: [13]
[2026-07-17T07:52:28.564+00:00] [INFO] 2026-07-17 07:52:28,564 - 283 - WARNING - WARNING_OP_VERSION_NOT_SUPPORTED: Operation Reciprocal Not Supported. Expected operator version: [1, 6], instead got version: [13]
[2026-07-17T07:52:28.609+00:00] [INFO] 2026-07-17 07:52:28,609 - 283 - WARNING - WARNING_OP_VERSION_NOT_SUPPORTED: Operation Reciprocal Not Supported. Expected operator version: [1, 6], instead got version: [13]
[2026-07-17T07:52:28.621+00:00] [INFO] 2026-07-17 07:52:28,621 - 283 - WARNING - WARNING_OP_VERSION_NOT_SUPPORTED: Operation Reciprocal Not Supported. Expected operator version: [1, 6], instead got version: [13]
[2026-07-17T07:52:28.636+00:00] [INFO] 2026-07-17 07:52:28,636 - 283 - WARNING - WARNING_OP_VERSION_NOT_SUPPORTED: Operation Reciprocal Not Supported. Expected operator version: [1, 6], instead got version: [13]
[2026-07-17T07:52:28.642+00:00] [INFO] 2026-07-17 07:52:28,642 - 283 - WARNING - WARNING_OP_VERSION_NOT_SUPPORTED: Operation Reciprocal Not Supported. Expected operator version: [1, 6], instead got version: [13]
[2026-07-17T07:52:28.687+00:00] [INFO] 2026-07-17 07:52:28,687 - 283 - WARNING - WARNING_OP_VERSION_NOT_SUPPORTED: Operation Reciprocal Not Supported. Expected operator version: [1, 6], instead got version: [13]
[2026-07-17T07:52:28.702+00:00] [INFO] 2026-07-17 07:52:28,702 - 283 - WARNING - WARNING_OP_VERSION_NOT_SUPPORTED: Operation Reciprocal Not Supported. Expected operator version: [1, 6], instead got version: [13]
[2026-07-17T07:52:28.704+00:00] [INFO] 2026-07-17 07:52:28,704 - 283 - WARNING - GEMM operation is not supported in the general case, attempting to interpret as FC
[2026-07-17T07:52:29.306+00:00] [INFO] 2026-07-17 07:52:29,305 - 283 - WARNING - Unused Input nodes found: []
[2026-07-17T07:52:54.174+00:00] [INFO] 2026-07-17 07:52:54,174 - 278 - INFO - INFO_INITIALIZATION_SUCCESS: 
[2026-07-17T07:52:55.008+00:00] [INFO] handleReshapeOp: Squash Reshape Op: node_sum_1_identity due to IdentityOp. Input shape: IrTensorShape(dims = [1,2048] , dy_axes=[]), shape after IrTensorShape(dims = [1,2048] , dy_axes=[])
[2026-07-17T07:52:55.034+00:00] [INFO] reEvalMacsParams: Re-evaluated graph statistics after IrOptimizer optimization passes:
[2026-07-17T07:52:55.035+00:00] [INFO] reEvalMacsParams: Total MACs: 577149000
[2026-07-17T07:52:55.035+00:00] [INFO] reEvalMacsParams: Total Params Count: 574636032
[2026-07-17T07:52:59.520+00:00] [INFO] 2026-07-17 07:52:59,520 - 278 - INFO - INFO_CONVERSION_SUCCESS: Conversion completed successfully
[2026-07-17T07:53:17.190+00:00] [INFO] Memory: 16.7GiB / 40.0GiB (42%) | working_set: 14.3GiB | peak: 16.7GiB
[2026-07-17T07:53:27.580+00:00] [INFO] 2026-07-17 07:53:27,580 - 278 - INFO - INFO_WRITE_SUCCESS: 
[2026-07-17T07:53:27.982+00:00] [INFO] -=- Generating .json file from .dlc model (qairt-dlc-to-json) -=-
[2026-07-17T07:53:27.982+00:00] [INFO] Running /qairt_sdk/default/2.45.0/bin/x86_64-linux-clang/qairt-dlc-to-json -i /tmp/tmp1cqp0clx.dlc -o /tmp/tmp1dacnlw9.json
[2026-07-17T07:53:28.203+00:00] [INFO] Model Json saved at: /tmp/tmp1dacnlw9.json
[2026-07-17T07:53:28.395+00:00] [INFO] -=- Generating .json file from .dlc model (qairt-dlc-to-json) -=-
[2026-07-17T07:53:28.395+00:00] [INFO] Running /qairt_sdk/default/2.45.0/bin/x86_64-linux-clang/qairt-dlc-to-json -i /tmp/tmp1cqp0clx.dlc -o /tmp/tmp2kn2qnw_.json
[2026-07-17T07:53:28.606+00:00] [INFO] Model Json saved at: /tmp/tmp2kn2qnw_.json
[2026-07-17T07:53:28.670+00:00] [INFO] Saving model
[2026-07-17T07:53:29.143+00:00] [INFO] Uploading asset to https://tetrahub-qprod-userdata.s3.amazonaws.com/models/mqywe66vn_EocuBC0JCAu0LT1s.dlc?uploadId=H._KScSpqLl7MF2MwT1sfTqxmTzwdv9GOriNEn3RQI4jkexRfDc1EsXUdDP6cjbKfO6eKFAWcqQkSzo1fGn9L4oDq1NGwsCPp_qFhGR4XKH0D15JSY2mYDprDJpGZBKO&partNumber=1&AWSAccessKeyId=AKIAY25OF7UJ6NPOUTRI&Signature=EqgqD%2BB0XlQRcu
[2026-07-17T07:53:38.536+00:00] [INFO] Successfully uploaded asset with response status: 200
[2026-07-17T07:53:38.537+00:00] [INFO] Uploading asset to https://tetrahub-qprod-userdata.s3.amazonaws.com/models/mqywe66vn_EocuBC0JCAu0LT1s.dlc?uploadId=H._KScSpqLl7MF2MwT1sfTqxmTzwdv9GOriNEn3RQI4jkexRfDc1EsXUdDP6cjbKfO6eKFAWcqQkSzo1fGn9L4oDq1NGwsCPp_qFhGR4XKH0D15JSY2mYDprDJpGZBKO&partNumber=2&AWSAccessKeyId=AKIAY25OF7UJ6NPOUTRI&Signature=pailXsb6A60S6DCS
[2026-07-17T07:53:47.948+00:00] [INFO] Successfully uploaded asset with response status: 200
[2026-07-17T07:53:47.949+00:00] [INFO] Uploading asset to https://tetrahub-qprod-userdata.s3.amazonaws.com/models/mqywe66vn_EocuBC0JCAu0LT1s.dlc?uploadId=H._KScSpqLl7MF2MwT1sfTqxmTzwdv9GOriNEn3RQI4jkexRfDc1EsXUdDP6cjbKfO6eKFAWcqQkSzo1fGn9L4oDq1NGwsCPp_qFhGR4XKH0D15JSY2mYDprDJpGZBKO&partNumber=3&AWSAccessKeyId=AKIAY25OF7UJ6NPOUTRI&Signature=S5sumtoW9TJlJe3y
[2026-07-17T07:53:50.505+00:00] [INFO] Successfully uploaded asset with response status: 200
[2026-07-17T07:53:50.880+00:00] [INFO] -=- Generating .json file from .dlc model (qairt-dlc-to-json) -=-
[2026-07-17T07:53:50.880+00:00] [INFO] Running /qairt_sdk/default/2.45.0/bin/x86_64-linux-clang/qairt-dlc-to-json -i /tmp/tmp1cqp0clx.dlc -o /tmp/tmpo3u0iem0.json
[2026-07-17T07:53:51.095+00:00] [INFO] Model Json saved at: /tmp/tmpo3u0iem0.json
[2026-07-17T07:53:51.979+00:00] [INFO] Uploading asset to https://tetrahub-qprod-userdata.s3-accelerate.amazonaws.com/
[2026-07-17T07:53:52.112+00:00] [INFO] Successfully uploaded asset with response status: 204
[2026-07-17T07:53:52.114+00:00] [INFO] Successfully computed visualization graph for mqywe66vn
[2026-07-17T07:53:52.114+00:00] [INFO] Graph name: graph__ezvyb28
[2026-07-17T07:53:52.115+00:00] [INFO] -=- QNN DLC models to QNN Context Binary (qnn-context-binary-generator) -=-
[2026-07-17T07:53:52.116+00:00] [INFO] Contents of HTP Settings: {'context': {'weight_sharing_enabled': False}, 'devices': [{'device_id': 0, 'dsp_arch': 'v81', 'soc_model': 87}], 'graphs': [{'fp16_relaxed_precision': 1, 'vtcm_mb': 0, 'O': 3.0, 'graph_names': ['graph__ezvyb28']}]}
[2026-07-17T07:53:52.116+00:00] [INFO] Contents of HTP Config file used: {'context_configs': {'enable_graphs': ['graph__ezvyb28']}, 'graph_configs': [{'graph_name': 'graph__ezvyb28'}], 'backend_extensions': {'shared_library_path': 'libQnnHtpNetRunExtensions.so', 'config_file_path': '/tmp/tmp6v5ous3x/htp_setting.json'}}
[2026-07-17T07:53:52.116+00:00] [INFO] -=- Generating .json file from .dlc model (qairt-dlc-to-json) -=-
[2026-07-17T07:53:52.116+00:00] [INFO] Running /qairt_sdk/default/2.45.0/bin/x86_64-linux-clang/qairt-dlc-to-json -i /tmp/tmp1cqp0clx.dlc -o /tmp/tmpteaa89pl.json
[2026-07-17T07:53:52.330+00:00] [INFO] Model Json saved at: /tmp/tmpteaa89pl.json
[2026-07-17T07:53:52.392+00:00] [INFO] Running /qairt_sdk/default/2.45.0/bin/x86_64-linux-clang/qnn-context-binary-generator --backend /qairt_sdk/default/2.45.0/lib/x86_64-linux-clang/libQnnHtp.so --dlc_path /tmp/tmp1cqp0clx.dlc --output_dir /tmp/tmp6v5ous3x --binary_file qnn_model --config_file /tmp/tmp6v5ous3x/htp_context.json --profiling_level detailed --profiling_option optrace
[2026-07-17T07:53:52.394+00:00] [INFO] qnn-context-binary-generator pid:33
[2026-07-17T07:53:53.423+00:00] [INFO]  <W> Initializing HtpProvider
[2026-07-17T07:53:53.423+00:00] [INFO] Starting stage: Graph Preparation Initializing
[2026-07-17T07:53:53.423+00:00] [INFO] Completed stage: Graph Preparation Initializing (242 us)
[2026-07-17T07:53:53.424+00:00] [INFO] Starting stage: Graph Optimizations
[2026-07-17T07:53:59.050+00:00] [INFO] Completed stage: Graph Optimizations (5626252 us)
[2026-07-17T07:53:59.050+00:00] [INFO] Starting stage: Post Graph Optimization
[2026-07-17T07:53:59.190+00:00] [INFO] Completed stage: Post Graph Optimization (140158 us)
[2026-07-17T07:54:00.856+00:00] [INFO] Starting stage: Graph Sequencing for Target
[2026-07-17T07:54:17.191+00:00] [INFO] Memory: 10.4GiB / 40.0GiB (26%) | working_set: 7.9GiB | peak: 16.7GiB
[2026-07-17T07:54:23.328+00:00] [INFO] Completed stage: Graph Sequencing for Target (22471879 us)
[2026-07-17T07:54:23.329+00:00] [INFO] Starting stage: VTCM Allocation
[2026-07-17T07:54:23.834+00:00] [INFO] Completed stage: VTCM Allocation (505699 us)
[2026-07-17T07:54:23.834+00:00] [INFO] Starting stage: Parallelization Optimization
[2026-07-17T07:54:28.976+00:00] [INFO] Completed stage: Parallelization Optimization (5142096 us)
[2026-07-17T07:54:29.005+00:00] [INFO] Starting stage: Finalizing Graph Sequence
[2026-07-17T07:54:29.036+00:00] [INFO] ====== DDR bandwidth summary ======
[2026-07-17T07:54:29.037+00:00] [INFO] spill_bytes=2545664
[2026-07-17T07:54:29.037+00:00] [INFO] fill_bytes=3094528
[2026-07-17T07:54:29.037+00:00] [INFO] write_total_bytes=2553856
[2026-07-17T07:54:29.037+00:00] [INFO] read_total_bytes=1140664320
[2026-07-17T07:54:29.647+00:00] [INFO] Completed stage: Finalizing Graph Sequence (641579 us)
[2026-07-17T07:54:29.647+00:00] [INFO] Starting stage: Completion
[2026-07-17T07:54:29.651+00:00] [INFO] Completed stage: Completion (4477 us)
[2026-07-17T07:54:31.056+00:00] [INFO] -=- Getting JSON file for context binary model (qnn-context-binary-utility) -=-
[2026-07-17T07:54:31.057+00:00] [INFO] Running /qairt_sdk/default/2.45.0/bin/x86_64-linux-clang/qnn-context-binary-utility --context_binary /tmp/tmpigrq7a8j/model.bin --json_file /tmp/tmp3zzm6a6k.json
[2026-07-17T07:54:31.260+00:00] [INFO] Saving model
[2026-07-17T07:54:31.509+00:00] [INFO] Uploading asset to https://tetrahub-qprod-userdata.s3.amazonaws.com/models/mngd7wv6n_1CsxvonHWtfJE2ZS.bin?uploadId=X3fwKzSZReITI.VXaxbyfdq8GRijvBM.rO7.zPeLaWkYqUxFJCPmBiP1UsxyIXO1nuw53nzXRoaSfFAw5NmmdzA13EwS6_gG6P3PQLF2W7rOQikKQFSactuMBZ8J92IO&partNumber=1&AWSAccessKeyId=AKIAY25OF7UJ6NPOUTRI&Signature=GBRo0VKhVDZAMfDv
[2026-07-17T07:54:34.201+00:00] [INFO] Successfully uploaded asset with response status: 200
[2026-07-17T07:54:34.538+00:00] [INFO] Uploading qnn schematic: default
[2026-07-17T07:54:36.369+00:00] [INFO] Uploading asset to https://tetrahub-qprod-userdata.s3-accelerate.amazonaws.com/
[2026-07-17T07:54:36.530+00:00] [INFO] Successfully uploaded asset with response status: 204
[2026-07-17T07:54:36.531+00:00] [INFO] Successfully computed visualization graph for mngd7wv6n
[2026-07-17T07:54:36.564+00:00] [INFO] -=- Compilation completed -=-
[2026-07-17T07:54:36.565+00:00] [INFO] [compile-post-compile] Memory: 7.3GiB / 40.0GiB (18%) | working_set: 7.2GiB | peak: 16.7GiB
